[ 2016-04-23T01:22:49+08:00 ] 14.17.37.145 /
INFO: [ app_init ] --START--
INFO: Run Behavior\BuildLiteBehavior [ RunTime:0.000034s ]
INFO: [ app_init ] --END-- [ RunTime:0.000664s ]
INFO: [ app_begin ] --START--
INFO: Run Behavior\ReadHtmlCacheBehavior [ RunTime:0.000840s ]
INFO: [ app_begin ] --END-- [ RunTime:0.000970s ]
SQL: SHOW COLUMNS FROM `p_blog` [ RunTime:0.0228s ]
SQL: SELECT * FROM `p_blog` WHERE `del` = 0 ORDER BY good desc LIMIT 4   [ RunTime:0.0012s ]
SQL: SHOW COLUMNS FROM `p_blog` [ RunTime:0.0048s ]
SQL: SELECT `id`,`title`,`blogpic`,`content`,`time`,`click`,`cid`,`userid`,`saycount`,`username`,`good`,`bad` FROM `p_blog` WHERE `del` = 0 ORDER BY click desc LIMIT 3   [ RunTime:0.0016s ]
SQL: SHOW COLUMNS FROM `p_attr` [ RunTime:0.0106s ]
NOTIC: [8] Undefined index: mapping_order /www/users/H10044002/ThinkPHP/Library/Think/Model/RelationModel.class.php 第 186 行.
NOTIC: [8] Undefined index: mapping_limit /www/users/H10044002/ThinkPHP/Library/Think/Model/RelationModel.class.php 第 187 行.
SQL: SELECT b.* FROM p_blog_attr AS a, p_attr AS b WHERE a.aid = b.id AND a. bid='13' [ RunTime:0.0181s ]
SQL: SHOW COLUMNS FROM `p_cate` [ RunTime:0.0276s ]
SQL: SELECT `name` FROM `p_cate` WHERE ( 1=1 AND id='23' ) LIMIT 1   [ RunTime:0.0027s ]
NOTIC: [8] Undefined index: mapping_order /www/users/H10044002/ThinkPHP/Library/Think/Model/RelationModel.class.php 第 186 行.
NOTIC: [8] Undefined index: mapping_limit /www/users/H10044002/ThinkPHP/Library/Think/Model/RelationModel.class.php 第 187 行.
SQL: SELECT b.* FROM p_blog_attr AS a, p_attr AS b WHERE a.aid = b.id AND a. bid='1' [ RunTime:0.0014s ]
SQL: SELECT `name` FROM `p_cate` WHERE ( 1=1 AND id='23' ) LIMIT 1   [ RunTime:0.0001s ]
NOTIC: [8] Undefined index: mapping_order /www/users/H10044002/ThinkPHP/Library/Think/Model/RelationModel.class.php 第 186 行.
NOTIC: [8] Undefined index: mapping_limit /www/users/H10044002/ThinkPHP/Library/Think/Model/RelationModel.class.php 第 187 行.
SQL: SELECT b.* FROM p_blog_attr AS a, p_attr AS b WHERE a.aid = b.id AND a. bid='7' [ RunTime:0.0014s ]
SQL: SELECT `name` FROM `p_cate` WHERE ( 1=1 AND id='33' ) LIMIT 1   [ RunTime:0.0013s ]
SQL: SHOW COLUMNS FROM `p_exper` [ RunTime:0.0277s ]
SQL: SELECT * FROM `p_exper` WHERE `del` = 0 ORDER BY click desc LIMIT 3   [ RunTime:0.0007s ]
SQL: SHOW COLUMNS FROM `p_share` [ RunTime:0.0227s ]
SQL: SELECT * FROM `p_share` WHERE `sta` = 2 LIMIT 5   [ RunTime:0.0014s ]
INFO: [ view_parse ] --START--
INFO: [ template_filter ] --START--
INFO: Run Behavior\ContentReplaceBehavior [ RunTime:0.000291s ]
INFO: [ template_filter ] --END-- [ RunTime:0.000433s ]
NOTIC: [2] mb_substr() expects at most 4 parameters, 5 given /www/users/H10044002/Application/Runtime/Cache/Home/2a94b8bda04ff446dcedd42276fc99ee.php 第 109 行.
NOTIC: [2] mb_substr() expects at most 4 parameters, 5 given /www/users/H10044002/Application/Runtime/Cache/Home/2a94b8bda04ff446dcedd42276fc99ee.php 第 109 行.
NOTIC: [2] mb_substr() expects at most 4 parameters, 5 given /www/users/H10044002/Application/Runtime/Cache/Home/2a94b8bda04ff446dcedd42276fc99ee.php 第 109 行.
INFO: Run Behavior\ParseTemplateBehavior [ RunTime:0.030577s ]
INFO: [ view_parse ] --END-- [ RunTime:0.030699s ]
INFO: [ view_filter ] --START--
INFO: Run Behavior\WriteHtmlCacheBehavior [ RunTime:0.000449s ]
INFO: Run Behavior\TokenBuildBehavior [ RunTime:0.000905s ]
INFO: [ view_filter ] --END-- [ RunTime:0.001516s ]
INFO: [ app_end ] --START--
INFO: Run Behavior\ShowPageTraceBehavior [ RunTime:0.000873s ]
INFO: [ app_end ] --END-- [ RunTime:0.000985s ]

[ 2016-04-23T01:22:49+08:00 ] 163.177.69.59 /
INFO: [ app_init ] --START--
INFO: Run Behavior\BuildLiteBehavior [ RunTime:0.000034s ]
INFO: [ app_init ] --END-- [ RunTime:0.000702s ]
INFO: [ app_begin ] --START--
INFO: Run Behavior\ReadHtmlCacheBehavior [ RunTime:0.000869s ]
INFO: [ app_begin ] --END-- [ RunTime:0.001004s ]
SQL: SHOW COLUMNS FROM `p_blog` [ RunTime:0.0569s ]
SQL: SELECT * FROM `p_blog` WHERE `del` = 0 ORDER BY good desc LIMIT 4   [ RunTime:0.0003s ]
SQL: SHOW COLUMNS FROM `p_blog` [ RunTime:0.0078s ]
SQL: SELECT `id`,`title`,`blogpic`,`content`,`time`,`click`,`cid`,`userid`,`saycount`,`username`,`good`,`bad` FROM `p_blog` WHERE `del` = 0 ORDER BY click desc LIMIT 3   [ RunTime:0.0002s ]
SQL: SHOW COLUMNS FROM `p_attr` [ RunTime:0.0040s ]
NOTIC: [8] Undefined index: mapping_order /www/users/H10044002/ThinkPHP/Library/Think/Model/RelationModel.class.php 第 186 行.
NOTIC: [8] Undefined index: mapping_limit /www/users/H10044002/ThinkPHP/Library/Think/Model/RelationModel.class.php 第 187 行.
SQL: SELECT b.* FROM p_blog_attr AS a, p_attr AS b WHERE a.aid = b.id AND a. bid='13' [ RunTime:0.0001s ]
SQL: SHOW COLUMNS FROM `p_cate` [ RunTime:0.0048s ]
SQL: SELECT `name` FROM `p_cate` WHERE ( 1=1 AND id='23' ) LIMIT 1   [ RunTime:0.0001s ]
NOTIC: [8] Undefined index: mapping_order /www/users/H10044002/ThinkPHP/Library/Think/Model/RelationModel.class.php 第 186 行.
NOTIC: [8] Undefined index: mapping_limit /www/users/H10044002/ThinkPHP/Library/Think/Model/RelationModel.class.php 第 187 行.
SQL: SELECT b.* FROM p_blog_attr AS a, p_attr AS b WHERE a.aid = b.id AND a. bid='1' [ RunTime:0.0001s ]
SQL: SELECT `name` FROM `p_cate` WHERE ( 1=1 AND id='23' ) LIMIT 1   [ RunTime:0.0001s ]
NOTIC: [8] Undefined index: mapping_order /www/users/H10044002/ThinkPHP/Library/Think/Model/RelationModel.class.php 第 186 行.
NOTIC: [8] Undefined index: mapping_limit /www/users/H10044002/ThinkPHP/Library/Think/Model/RelationModel.class.php 第 187 行.
SQL: SELECT b.* FROM p_blog_attr AS a, p_attr AS b WHERE a.aid = b.id AND a. bid='7' [ RunTime:0.0001s ]
SQL: SELECT `name` FROM `p_cate` WHERE ( 1=1 AND id='33' ) LIMIT 1   [ RunTime:0.0001s ]
SQL: SHOW COLUMNS FROM `p_exper` [ RunTime:0.0055s ]
SQL: SELECT * FROM `p_exper` WHERE `del` = 0 ORDER BY click desc LIMIT 3   [ RunTime:0.0002s ]
SQL: SHOW COLUMNS FROM `p_share` [ RunTime:0.0066s ]
SQL: SELECT * FROM `p_share` WHERE `sta` = 2 LIMIT 5   [ RunTime:0.0001s ]
INFO: [ view_parse ] --START--
INFO: [ template_filter ] --START--
INFO: Run Behavior\ContentReplaceBehavior [ RunTime:0.000285s ]
INFO: [ template_filter ] --END-- [ RunTime:0.000452s ]
NOTIC: [2] mb_substr() expects at most 4 parameters, 5 given /www/users/H10044002/Application/Runtime/Cache/Home/2a94b8bda04ff446dcedd42276fc99ee.php 第 109 行.
NOTIC: [2] mb_substr() expects at most 4 parameters, 5 given /www/users/H10044002/Application/Runtime/Cache/Home/2a94b8bda04ff446dcedd42276fc99ee.php 第 109 行.
NOTIC: [2] mb_substr() expects at most 4 parameters, 5 given /www/users/H10044002/Application/Runtime/Cache/Home/2a94b8bda04ff446dcedd42276fc99ee.php 第 109 行.
INFO: Run Behavior\ParseTemplateBehavior [ RunTime:0.030650s ]
INFO: [ view_parse ] --END-- [ RunTime:0.030782s ]
INFO: [ view_filter ] --START--
INFO: Run Behavior\WriteHtmlCacheBehavior [ RunTime:0.000491s ]
INFO: Run Behavior\TokenBuildBehavior [ RunTime:0.000920s ]
INFO: [ view_filter ] --END-- [ RunTime:0.001572s ]
INFO: [ app_end ] --START--
INFO: Run Behavior\ShowPageTraceBehavior [ RunTime:0.000900s ]
INFO: [ app_end ] --END-- [ RunTime:0.001012s ]

[ 2016-04-23T01:22:49+08:00 ] 183.232.118.16 /
INFO: [ app_init ] --START--
INFO: Run Behavior\BuildLiteBehavior [ RunTime:0.000035s ]
INFO: [ app_init ] --END-- [ RunTime:0.000669s ]
INFO: [ app_begin ] --START--
INFO: Run Behavior\ReadHtmlCacheBehavior [ RunTime:0.000857s ]
INFO: [ app_begin ] --END-- [ RunTime:0.000992s ]
SQL: SHOW COLUMNS FROM `p_blog` [ RunTime:0.0061s ]
SQL: SELECT * FROM `p_blog` WHERE `del` = 0 ORDER BY good desc LIMIT 4   [ RunTime:0.0004s ]
SQL: SHOW COLUMNS FROM `p_blog` [ RunTime:0.0148s ]
SQL: SELECT `id`,`title`,`blogpic`,`content`,`time`,`click`,`cid`,`userid`,`saycount`,`username`,`good`,`bad` FROM `p_blog` WHERE `del` = 0 ORDER BY click desc LIMIT 3   [ RunTime:0.0002s ]
SQL: SHOW COLUMNS FROM `p_attr` [ RunTime:0.0109s ]
NOTIC: [8] Undefined index: mapping_order /www/users/H10044002/ThinkPHP/Library/Think/Model/RelationModel.class.php 第 186 行.
NOTIC: [8] Undefined index: mapping_limit /www/users/H10044002/ThinkPHP/Library/Think/Model/RelationModel.class.php 第 187 行.
SQL: SELECT b.* FROM p_blog_attr AS a, p_attr AS b WHERE a.aid = b.id AND a. bid='13' [ RunTime:0.0018s ]
SQL: SHOW COLUMNS FROM `p_cate` [ RunTime:0.0398s ]
SQL: SELECT `name` FROM `p_cate` WHERE ( 1=1 AND id='23' ) LIMIT 1   [ RunTime:0.0017s ]
NOTIC: [8] Undefined index: mapping_order /www/users/H10044002/ThinkPHP/Library/Think/Model/RelationModel.class.php 第 186 行.
NOTIC: [8] Undefined index: mapping_limit /www/users/H10044002/ThinkPHP/Library/Think/Model/RelationModel.class.php 第 187 行.
SQL: SELECT b.* FROM p_blog_attr AS a, p_attr AS b WHERE a.aid = b.id AND a. bid='1' [ RunTime:0.0002s ]
SQL: SELECT `name` FROM `p_cate` WHERE ( 1=1 AND id='23' ) LIMIT 1   [ RunTime:0.0001s ]
NOTIC: [8] Undefined index: mapping_order /www/users/H10044002/ThinkPHP/Library/Think/Model/RelationModel.class.php 第 186 行.
NOTIC: [8] Undefined index: mapping_limit /www/users/H10044002/ThinkPHP/Library/Think/Model/RelationModel.class.php 第 187 行.
SQL: SELECT b.* FROM p_blog_attr AS a, p_attr AS b WHERE a.aid = b.id AND a. bid='7' [ RunTime:0.0001s ]
SQL: SELECT `name` FROM `p_cate` WHERE ( 1=1 AND id='33' ) LIMIT 1   [ RunTime:0.0001s ]
SQL: SHOW COLUMNS FROM `p_exper` [ RunTime:0.0221s ]
SQL: SELECT * FROM `p_exper` WHERE `del` = 0 ORDER BY click desc LIMIT 3   [ RunTime:0.0001s ]
SQL: SHOW COLUMNS FROM `p_share` [ RunTime:0.0656s ]
SQL: SELECT * FROM `p_share` WHERE `sta` = 2 LIMIT 5   [ RunTime:0.0002s ]
INFO: [ view_parse ] --START--
INFO: [ template_filter ] --START--
INFO: Run Behavior\ContentReplaceBehavior [ RunTime:0.000286s ]
INFO: [ template_filter ] --END-- [ RunTime:0.000438s ]
NOTIC: [2] mb_substr() expects at most 4 parameters, 5 given /www/users/H10044002/Application/Runtime/Cache/Home/2a94b8bda04ff446dcedd42276fc99ee.php 第 109 行.
NOTIC: [2] mb_substr() expects at most 4 parameters, 5 given /www/users/H10044002/Application/Runtime/Cache/Home/2a94b8bda04ff446dcedd42276fc99ee.php 第 109 行.
NOTIC: [2] mb_substr() expects at most 4 parameters, 5 given /www/users/H10044002/Application/Runtime/Cache/Home/2a94b8bda04ff446dcedd42276fc99ee.php 第 109 行.
INFO: Run Behavior\ParseTemplateBehavior [ RunTime:0.030137s ]
INFO: [ view_parse ] --END-- [ RunTime:0.030259s ]
INFO: [ view_filter ] --START--
INFO: Run Behavior\WriteHtmlCacheBehavior [ RunTime:0.000456s ]
INFO: Run Behavior\TokenBuildBehavior [ RunTime:0.000909s ]
INFO: [ view_filter ] --END-- [ RunTime:0.001523s ]
INFO: [ app_end ] --START--
INFO: Run Behavior\ShowPageTraceBehavior [ RunTime:0.000871s ]
INFO: [ app_end ] --END-- [ RunTime:0.000975s ]

[ 2016-04-23T01:22:54+08:00 ] 183.61.51.208 /index.php/Home/Blog/one/id/8?id=8&cid=23
INFO: [ app_init ] --START--
INFO: Run Behavior\BuildLiteBehavior [ RunTime:0.000036s ]
INFO: [ app_init ] --END-- [ RunTime:0.000697s ]
INFO: [ app_begin ] --START--
INFO: Run Behavior\ReadHtmlCacheBehavior [ RunTime:0.000870s ]
INFO: [ app_begin ] --END-- [ RunTime:0.001013s ]
SQL: SHOW COLUMNS FROM `p_blog` [ RunTime:0.0048s ]
SQL: SELECT `id`,`title`,`blogpic`,`content`,`time`,`click`,`cid`,`userid`,`saycount`,`username`,`good`,`bad` FROM `p_blog` WHERE `del` = 0  [ RunTime:0.0268s ]
SQL: SHOW COLUMNS FROM `p_attr` [ RunTime:0.0047s ]
NOTIC: [8] Undefined index: mapping_order /www/users/H10044002/ThinkPHP/Library/Think/Model/RelationModel.class.php 第 186 行.
NOTIC: [8] Undefined index: mapping_limit /www/users/H10044002/ThinkPHP/Library/Think/Model/RelationModel.class.php 第 187 行.
SQL: SELECT b.* FROM p_blog_attr AS a, p_attr AS b WHERE a.aid = b.id AND a. bid='1' [ RunTime:0.0001s ]
SQL: SHOW COLUMNS FROM `p_cate` [ RunTime:0.0040s ]
SQL: SELECT `name` FROM `p_cate` WHERE ( 1=1 AND id='23' ) LIMIT 1   [ RunTime:0.0003s ]
NOTIC: [8] Undefined index: mapping_order /www/users/H10044002/ThinkPHP/Library/Think/Model/RelationModel.class.php 第 186 行.
NOTIC: [8] Undefined index: mapping_limit /www/users/H10044002/ThinkPHP/Library/Think/Model/RelationModel.class.php 第 187 行.
SQL: SELECT b.* FROM p_blog_attr AS a, p_attr AS b WHERE a.aid = b.id AND a. bid='2' [ RunTime:0.0005s ]
SQL: SELECT `name` FROM `p_cate` WHERE ( 1=1 AND id='23' ) LIMIT 1   [ RunTime:0.0002s ]
NOTIC: [8] Undefined index: mapping_order /www/users/H10044002/ThinkPHP/Library/Think/Model/RelationModel.class.php 第 186 行.
NOTIC: [8] Undefined index: mapping_limit /www/users/H10044002/ThinkPHP/Library/Think/Model/RelationModel.class.php 第 187 行.
SQL: SELECT b.* FROM p_blog_attr AS a, p_attr AS b WHERE a.aid = b.id AND a. bid='5' [ RunTime:0.0004s ]
SQL: SELECT `name` FROM `p_cate` WHERE ( 1=1 AND id='26' ) LIMIT 1   [ RunTime:0.0003s ]
NOTIC: [8] Undefined index: mapping_order /www/users/H10044002/ThinkPHP/Library/Think/Model/RelationModel.class.php 第 186 行.
NOTIC: [8] Undefined index: mapping_limit /www/users/H10044002/ThinkPHP/Library/Think/Model/RelationModel.class.php 第 187 行.
SQL: SELECT b.* FROM p_blog_attr AS a, p_attr AS b WHERE a.aid = b.id AND a. bid='6' [ RunTime:0.0004s ]
SQL: SELECT `name` FROM `p_cate` WHERE ( 1=1 AND id='28' ) LIMIT 1   [ RunTime:0.0004s ]
NOTIC: [8] Undefined index: mapping_order /www/users/H10044002/ThinkPHP/Library/Think/Model/RelationModel.class.php 第 186 行.
NOTIC: [8] Undefined index: mapping_limit /www/users/H10044002/ThinkPHP/Library/Think/Model/RelationModel.class.php 第 187 行.
SQL: SELECT b.* FROM p_blog_attr AS a, p_attr AS b WHERE a.aid = b.id AND a. bid='7' [ RunTime:0.0002s ]
SQL: SELECT `name` FROM `p_cate` WHERE ( 1=1 AND id='33' ) LIMIT 1   [ RunTime:0.0001s ]
NOTIC: [8] Undefined index: mapping_order /www/users/H10044002/ThinkPHP/Library/Think/Model/RelationModel.class.php 第 186 行.
NOTIC: [8] Undefined index: mapping_limit /www/users/H10044002/ThinkPHP/Library/Think/Model/RelationModel.class.php 第 187 行.
SQL: SELECT b.* FROM p_blog_attr AS a, p_attr AS b WHERE a.aid = b.id AND a. bid='8' [ RunTime:0.0003s ]
SQL: SELECT `name` FROM `p_cate` WHERE ( 1=1 AND id='23' ) LIMIT 1   [ RunTime:0.0001s ]
NOTIC: [8] Undefined index: mapping_order /www/users/H10044002/ThinkPHP/Library/Think/Model/RelationModel.class.php 第 186 行.
NOTIC: [8] Undefined index: mapping_limit /www/users/H10044002/ThinkPHP/Library/Think/Model/RelationModel.class.php 第 187 行.
SQL: SELECT b.* FROM p_blog_attr AS a, p_attr AS b WHERE a.aid = b.id AND a. bid='10' [ RunTime:0.0003s ]
SQL: SELECT `name` FROM `p_cate` WHERE ( 1=1 AND id='34' ) LIMIT 1   [ RunTime:0.0002s ]
NOTIC: [8] Undefined index: mapping_order /www/users/H10044002/ThinkPHP/Library/Think/Model/RelationModel.class.php 第 186 行.
NOTIC: [8] Undefined index: mapping_limit /www/users/H10044002/ThinkPHP/Library/Think/Model/RelationModel.class.php 第 187 行.
SQL: SELECT b.* FROM p_blog_attr AS a, p_attr AS b WHERE a.aid = b.id AND a. bid='13' [ RunTime:0.0001s ]
SQL: SELECT `name` FROM `p_cate` WHERE ( 1=1 AND id='23' ) LIMIT 1   [ RunTime:0.0002s ]
NOTIC: [8] Undefined index: mapping_order /www/users/H10044002/ThinkPHP/Library/Think/Model/RelationModel.class.php 第 186 行.
NOTIC: [8] Undefined index: mapping_limit /www/users/H10044002/ThinkPHP/Library/Think/Model/RelationModel.class.php 第 187 行.
SQL: SELECT b.* FROM p_blog_attr AS a, p_attr AS b WHERE a.aid = b.id AND a. bid='14' [ RunTime:0.0004s ]
SQL: SELECT `name` FROM `p_cate` WHERE ( 1=1 AND id='25' ) LIMIT 1   [ RunTime:0.0004s ]
NOTIC: [8] Undefined index: mapping_order /www/users/H10044002/ThinkPHP/Library/Think/Model/RelationModel.class.php 第 186 行.
NOTIC: [8] Undefined index: mapping_limit /www/users/H10044002/ThinkPHP/Library/Think/Model/RelationModel.class.php 第 187 行.
SQL: SELECT b.* FROM p_blog_attr AS a, p_attr AS b WHERE a.aid = b.id AND a. bid='15' [ RunTime:0.0006s ]
SQL: SELECT `name` FROM `p_cate` WHERE ( 1=1 AND id='28' ) LIMIT 1   [ RunTime:0.0001s ]
NOTIC: [8] Undefined index: mapping_order /www/users/H10044002/ThinkPHP/Library/Think/Model/RelationModel.class.php 第 186 行.
NOTIC: [8] Undefined index: mapping_limit /www/users/H10044002/ThinkPHP/Library/Think/Model/RelationModel.class.php 第 187 行.
SQL: SELECT b.* FROM p_blog_attr AS a, p_attr AS b WHERE a.aid = b.id AND a. bid='16' [ RunTime:0.0003s ]
SQL: SELECT `name` FROM `p_cate` WHERE ( 1=1 AND id='28' ) LIMIT 1   [ RunTime:0.0001s ]
NOTIC: [8] Undefined index: mapping_order /www/users/H10044002/ThinkPHP/Library/Think/Model/RelationModel.class.php 第 186 行.
NOTIC: [8] Undefined index: mapping_limit /www/users/H10044002/ThinkPHP/Library/Think/Model/RelationModel.class.php 第 187 行.
SQL: SELECT b.* FROM p_blog_attr AS a, p_attr AS b WHERE a.aid = b.id AND a. bid='17' [ RunTime:0.0005s ]
SQL: SELECT `name` FROM `p_cate` WHERE ( 1=1 AND id='23' ) LIMIT 1   [ RunTime:0.0001s ]
NOTIC: [8] Undefined index: mapping_order /www/users/H10044002/ThinkPHP/Library/Think/Model/RelationModel.class.php 第 186 行.
NOTIC: [8] Undefined index: mapping_limit /www/users/H10044002/ThinkPHP/Library/Think/Model/RelationModel.class.php 第 187 行.
SQL: SELECT b.* FROM p_blog_attr AS a, p_attr AS b WHERE a.aid = b.id AND a. bid='18' [ RunTime:0.0004s ]
SQL: SELECT `name` FROM `p_cate` WHERE ( 1=1 AND id='23' ) LIMIT 1   [ RunTime:0.0002s ]
NOTIC: [8] Undefined index: mapping_order /www/users/H10044002/ThinkPHP/Library/Think/Model/RelationModel.class.php 第 186 行.
NOTIC: [8] Undefined index: mapping_limit /www/users/H10044002/ThinkPHP/Library/Think/Model/RelationModel.class.php 第 187 行.
SQL: SELECT b.* FROM p_blog_attr AS a, p_attr AS b WHERE a.aid = b.id AND a. bid='19' [ RunTime:0.0004s ]
SQL: SELECT `name` FROM `p_cate` WHERE ( 1=1 AND id='26' ) LIMIT 1   [ RunTime:0.0002s ]
NOTIC: [8] Undefined index: mapping_order /www/users/H10044002/ThinkPHP/Library/Think/Model/RelationModel.class.php 第 186 行.
NOTIC: [8] Undefined index: mapping_limit /www/users/H10044002/ThinkPHP/Library/Think/Model/RelationModel.class.php 第 187 行.
SQL: SELECT b.* FROM p_blog_attr AS a, p_attr AS b WHERE a.aid = b.id AND a. bid='20' [ RunTime:0.0004s ]
SQL: SELECT `name` FROM `p_cate` WHERE ( 1=1 AND id='26' ) LIMIT 1   [ RunTime:0.0002s ]
NOTIC: [8] Undefined index: mapping_order /www/users/H10044002/ThinkPHP/Library/Think/Model/RelationModel.class.php 第 186 行.
NOTIC: [8] Undefined index: mapping_limit /www/users/H10044002/ThinkPHP/Library/Think/Model/RelationModel.class.php 第 187 行.
SQL: SELECT b.* FROM p_blog_attr AS a, p_attr AS b WHERE a.aid = b.id AND a. bid='21' [ RunTime:0.0009s ]
SQL: SELECT `name` FROM `p_cate` WHERE ( 1=1 AND id='26' ) LIMIT 1   [ RunTime:0.0002s ]
NOTIC: [8] Undefined index: mapping_order /www/users/H10044002/ThinkPHP/Library/Think/Model/RelationModel.class.php 第 186 行.
NOTIC: [8] Undefined index: mapping_limit /www/users/H10044002/ThinkPHP/Library/Think/Model/RelationModel.class.php 第 187 行.
SQL: SELECT b.* FROM p_blog_attr AS a, p_attr AS b WHERE a.aid = b.id AND a. bid='22' [ RunTime:0.0003s ]
SQL: SELECT `name` FROM `p_cate` WHERE ( 1=1 AND id='28' ) LIMIT 1   [ RunTime:0.0002s ]
NOTIC: [8] Undefined index: mapping_order /www/users/H10044002/ThinkPHP/Library/Think/Model/RelationModel.class.php 第 186 行.
NOTIC: [8] Undefined index: mapping_limit /www/users/H10044002/ThinkPHP/Library/Think/Model/RelationModel.class.php 第 187 行.
SQL: SELECT b.* FROM p_blog_attr AS a, p_attr AS b WHERE a.aid = b.id AND a. bid='23' [ RunTime:0.0005s ]
SQL: SELECT `name` FROM `p_cate` WHERE ( 1=1 AND id='31' ) LIMIT 1   [ RunTime:0.0003s ]
NOTIC: [8] Undefined index: mapping_order /www/users/H10044002/ThinkPHP/Library/Think/Model/RelationModel.class.php 第 186 行.
NOTIC: [8] Undefined index: mapping_limit /www/users/H10044002/ThinkPHP/Library/Think/Model/RelationModel.class.php 第 187 行.
SQL: SELECT b.* FROM p_blog_attr AS a, p_attr AS b WHERE a.aid = b.id AND a. bid='24' [ RunTime:0.0009s ]
SQL: SELECT `name` FROM `p_cate` WHERE ( 1=1 AND id='23' ) LIMIT 1   [ RunTime:0.0002s ]
SQL: SELECT `id`,`title`,`blogpic`,`content`,`time`,`click`,`cid`,`userid`,`saycount`,`username`,`good`,`bad` FROM `p_blog` WHERE `id` = 8 AND `del` = 0  [ RunTime:0.0004s ]
NOTIC: [8] Undefined index: mapping_order /www/users/H10044002/ThinkPHP/Library/Think/Model/RelationModel.class.php 第 186 行.
NOTIC: [8] Undefined index: mapping_limit /www/users/H10044002/ThinkPHP/Library/Think/Model/RelationModel.class.php 第 187 行.
SQL: SELECT b.* FROM p_blog_attr AS a, p_attr AS b WHERE a.aid = b.id AND a. bid='8' [ RunTime:0.0002s ]
SQL: SELECT `name` FROM `p_cate` WHERE ( 1=1 AND id='23' ) LIMIT 1   [ RunTime:0.0002s ]
SQL: SHOW COLUMNS FROM `p_blog` [ RunTime:0.0045s ]
SQL: SHOW COLUMNS FROM `p_user` [ RunTime:0.0162s ]
SQL: SELECT blog.id AS id,blog.title AS title,blog.content AS content,blog.time AS time,blog.click AS click,blog.userid AS userid,blog.username AS username,user.avater_path AS avater_path,user.sign AS sign,user.sex AS sex,user.sign AS sign,user.location AS location FROM p_blog blog LEFT JOIN p_user user ON blog.userid = user.id WHERE blog.id = '8'  [ RunTime:0.0006s ]
SQL: SELECT `id`,`title`,`blogpic`,`content`,`time`,`click`,`cid`,`userid`,`saycount`,`username`,`good`,`bad` FROM `p_blog` WHERE `id` = 8 AND `del` = 0  [ RunTime:0.0001s ]
NOTIC: [8] Undefined index: mapping_order /www/users/H10044002/ThinkPHP/Library/Think/Model/RelationModel.class.php 第 186 行.
NOTIC: [8] Undefined index: mapping_limit /www/users/H10044002/ThinkPHP/Library/Think/Model/RelationModel.class.php 第 187 行.
SQL: SELECT b.* FROM p_blog_attr AS a, p_attr AS b WHERE a.aid = b.id AND a. bid='8' [ RunTime:0.0001s ]
SQL: SELECT `name` FROM `p_cate` WHERE ( 1=1 AND id='23' ) LIMIT 1   [ RunTime:0.0001s ]
SQL: SELECT * FROM `p_blog` WHERE `cid` = 23 AND `del` = 0 LIMIT 8   [ RunTime:0.0012s ]
SQL: SHOW COLUMNS FROM `p_say` [ RunTime:0.0211s ]
SQL: SELECT say.id AS id,say.content AS content,say.time AS time,say.uid AS uid,say.bid AS bid,say.eid AS eid,say.youke AS youke,user.username AS username,user.avater_path AS avater_path,user.sign AS sign,user.location AS location FROM p_say say LEFT JOIN p_user user ON say.uid = user.id WHERE say.bid = '8'  [ RunTime:0.0005s ]
SQL: SELECT `id` FROM `p_say` WHERE `uid` = null AND `bid` = 8  [ RunTime:0.0004s ]
INFO: [ view_parse ] --START--
INFO: [ template_filter ] --START--
INFO: Run Behavior\ContentReplaceBehavior [ RunTime:0.000166s ]
INFO: [ template_filter ] --END-- [ RunTime:0.000278s ]
NOTIC: [8] Undefined variable: value /www/users/H10044002/Application/Runtime/Cache/Home/8f3a251b1e5bd9da84dbb3a5e0fbca83.php 第 52 行.
NOTIC: [8] Undefined variable: value /www/users/H10044002/Application/Runtime/Cache/Home/8f3a251b1e5bd9da84dbb3a5e0fbca83.php 第 53 行.
NOTIC: [8] Use of undefined constant blogpic - assumed 'blogpic' /www/users/H10044002/Application/Runtime/Cache/Home/8f3a251b1e5bd9da84dbb3a5e0fbca83.php 第 63 行.
NOTIC: [8] Use of undefined constant id - assumed 'id' /www/users/H10044002/Application/Runtime/Cache/Home/8f3a251b1e5bd9da84dbb3a5e0fbca83.php 第 77 行.
NOTIC: [8] Use of undefined constant blogpic - assumed 'blogpic' /www/users/H10044002/Application/Runtime/Cache/Home/8f3a251b1e5bd9da84dbb3a5e0fbca83.php 第 136 行.
NOTIC: [8] Use of undefined constant blogpic - assumed 'blogpic' /www/users/H10044002/Application/Runtime/Cache/Home/8f3a251b1e5bd9da84dbb3a5e0fbca83.php 第 136 行.
NOTIC: [8] Use of undefined constant blogpic - assumed 'blogpic' /www/users/H10044002/Application/Runtime/Cache/Home/8f3a251b1e5bd9da84dbb3a5e0fbca83.php 第 136 行.
NOTIC: [8] Use of undefined constant blogpic - assumed 'blogpic' /www/users/H10044002/Application/Runtime/Cache/Home/8f3a251b1e5bd9da84dbb3a5e0fbca83.php 第 136 行.
NOTIC: [8] Use of undefined constant blogpic - assumed 'blogpic' /www/users/H10044002/Application/Runtime/Cache/Home/8f3a251b1e5bd9da84dbb3a5e0fbca83.php 第 136 行.
NOTIC: [8] Use of undefined constant blogpic - assumed 'blogpic' /www/users/H10044002/Application/Runtime/Cache/Home/8f3a251b1e5bd9da84dbb3a5e0fbca83.php 第 136 行.
NOTIC: [8] Use of undefined constant blogpic - assumed 'blogpic' /www/users/H10044002/Application/Runtime/Cache/Home/8f3a251b1e5bd9da84dbb3a5e0fbca83.php 第 136 行.
INFO: Run Behavior\ParseTemplateBehavior [ RunTime:0.027482s ]
INFO: [ view_parse ] --END-- [ RunTime:0.027591s ]
INFO: [ view_filter ] --START--
INFO: Run Behavior\WriteHtmlCacheBehavior [ RunTime:0.000412s ]
INFO: Run Behavior\TokenBuildBehavior [ RunTime:0.000952s ]
INFO: [ view_filter ] --END-- [ RunTime:0.001577s ]
INFO: [ app_end ] --START--
INFO: Run Behavior\ShowPageTraceBehavior [ RunTime:0.000806s ]
INFO: [ app_end ] --END-- [ RunTime:0.000912s ]

[ 2016-04-23T01:22:55+08:00 ] 14.17.37.145 /index.php/Home/Blog/clickNum/id/8
INFO: [ app_init ] --START--
INFO: Run Behavior\BuildLiteBehavior [ RunTime:0.000034s ]
INFO: [ app_init ] --END-- [ RunTime:0.000670s ]
INFO: [ app_begin ] --START--
INFO: Run Behavior\ReadHtmlCacheBehavior [ RunTime:0.000860s ]
INFO: [ app_begin ] --END-- [ RunTime:0.000992s ]
SQL: SHOW COLUMNS FROM `p_blog` [ RunTime:0.0049s ]
SQL: SELECT `click` FROM `p_blog` WHERE `id` = 8 LIMIT 1   [ RunTime:0.0004s ]
SQL: UPDATE `p_blog` SET `click`=click+1 WHERE `id` = 8 [ RunTime:0.0512s ]
INFO: [ app_end ] --START--
INFO: Run Behavior\ShowPageTraceBehavior [ RunTime:0.000931s ]
INFO: [ app_end ] --END-- [ RunTime:0.001048s ]

[ 2016-04-23T01:23:07+08:00 ] 101.107.93.99 /index.php/Home/User/getVerifyCode
INFO: [ app_init ] --START--
INFO: Run Behavior\BuildLiteBehavior [ RunTime:0.000034s ]
INFO: [ app_init ] --END-- [ RunTime:0.000730s ]
INFO: [ app_begin ] --START--
INFO: Run Behavior\ReadHtmlCacheBehavior [ RunTime:0.000824s ]
INFO: [ app_begin ] --END-- [ RunTime:0.000958s ]
INFO: [ app_end ] --START--
INFO: Run Behavior\ShowPageTraceBehavior [ RunTime:0.000930s ]
INFO: [ app_end ] --END-- [ RunTime:0.001081s ]

[ 2016-04-23T01:35:17+08:00 ] 111.206.36.4 /index.php/Home/User/getVerifyCode
INFO: [ app_init ] --START--
INFO: Run Behavior\BuildLiteBehavior [ RunTime:0.000034s ]
INFO: [ app_init ] --END-- [ RunTime:0.000668s ]
INFO: [ app_begin ] --START--
INFO: Run Behavior\ReadHtmlCacheBehavior [ RunTime:0.000857s ]
INFO: [ app_begin ] --END-- [ RunTime:0.000990s ]
INFO: [ app_end ] --START--
INFO: Run Behavior\ShowPageTraceBehavior [ RunTime:0.000957s ]
INFO: [ app_end ] --END-- [ RunTime:0.001104s ]

[ 2016-04-23T12:54:27+08:00 ] 27.19.106.194 /
INFO: [ app_init ] --START--
INFO: Run Behavior\BuildLiteBehavior [ RunTime:0.000026s ]
INFO: [ app_init ] --END-- [ RunTime:0.000721s ]
INFO: [ app_begin ] --START--
INFO: Run Behavior\ReadHtmlCacheBehavior [ RunTime:0.000861s ]
INFO: [ app_begin ] --END-- [ RunTime:0.000982s ]
SQL: SHOW COLUMNS FROM `p_blog` [ RunTime:0.0452s ]
SQL: SELECT * FROM `p_blog` WHERE `del` = 0 ORDER BY good desc LIMIT 4   [ RunTime:0.0009s ]
SQL: SHOW COLUMNS FROM `p_blog` [ RunTime:0.0055s ]
SQL: SELECT `id`,`title`,`blogpic`,`content`,`time`,`click`,`cid`,`userid`,`saycount`,`username`,`good`,`bad` FROM `p_blog` WHERE `del` = 0 ORDER BY click desc LIMIT 3   [ RunTime:0.0006s ]
SQL: SHOW COLUMNS FROM `p_attr` [ RunTime:0.0262s ]
NOTIC: [8] Undefined index: mapping_order /www/users/H10044002/ThinkPHP/Library/Think/Model/RelationModel.class.php 第 186 行.
NOTIC: [8] Undefined index: mapping_limit /www/users/H10044002/ThinkPHP/Library/Think/Model/RelationModel.class.php 第 187 行.
SQL: SELECT b.* FROM p_blog_attr AS a, p_attr AS b WHERE a.aid = b.id AND a. bid='13' [ RunTime:0.0067s ]
SQL: SHOW COLUMNS FROM `p_cate` [ RunTime:0.0142s ]
SQL: SELECT `name` FROM `p_cate` WHERE ( 1=1 AND id='23' ) LIMIT 1   [ RunTime:0.0003s ]
NOTIC: [8] Undefined index: mapping_order /www/users/H10044002/ThinkPHP/Library/Think/Model/RelationModel.class.php 第 186 行.
NOTIC: [8] Undefined index: mapping_limit /www/users/H10044002/ThinkPHP/Library/Think/Model/RelationModel.class.php 第 187 行.
SQL: SELECT b.* FROM p_blog_attr AS a, p_attr AS b WHERE a.aid = b.id AND a. bid='1' [ RunTime:0.0003s ]
SQL: SELECT `name` FROM `p_cate` WHERE ( 1=1 AND id='23' ) LIMIT 1   [ RunTime:0.0001s ]
NOTIC: [8] Undefined index: mapping_order /www/users/H10044002/ThinkPHP/Library/Think/Model/RelationModel.class.php 第 186 行.
NOTIC: [8] Undefined index: mapping_limit /www/users/H10044002/ThinkPHP/Library/Think/Model/RelationModel.class.php 第 187 行.
SQL: SELECT b.* FROM p_blog_attr AS a, p_attr AS b WHERE a.aid = b.id AND a. bid='7' [ RunTime:0.0003s ]
SQL: SELECT `name` FROM `p_cate` WHERE ( 1=1 AND id='33' ) LIMIT 1   [ RunTime:0.0002s ]
SQL: SHOW COLUMNS FROM `p_exper` [ RunTime:0.0079s ]
SQL: SELECT * FROM `p_exper` WHERE `del` = 0 ORDER BY click desc LIMIT 3   [ RunTime:0.0007s ]
SQL: SHOW COLUMNS FROM `p_share` [ RunTime:0.0115s ]
SQL: SELECT * FROM `p_share` WHERE `sta` = 2 LIMIT 5   [ RunTime:0.0003s ]
INFO: [ view_parse ] --START--
INFO: [ template_filter ] --START--
INFO: Run Behavior\ContentReplaceBehavior [ RunTime:0.000224s ]
INFO: [ template_filter ] --END-- [ RunTime:0.000341s ]
NOTIC: [2] mb_substr() expects at most 4 parameters, 5 given /www/users/H10044002/Application/Runtime/Cache/Home/2a94b8bda04ff446dcedd42276fc99ee.php 第 109 行.
NOTIC: [2] mb_substr() expects at most 4 parameters, 5 given /www/users/H10044002/Application/Runtime/Cache/Home/2a94b8bda04ff446dcedd42276fc99ee.php 第 109 行.
NOTIC: [2] mb_substr() expects at most 4 parameters, 5 given /www/users/H10044002/Application/Runtime/Cache/Home/2a94b8bda04ff446dcedd42276fc99ee.php 第 109 行.
INFO: Run Behavior\ParseTemplateBehavior [ RunTime:0.115330s ]
INFO: [ view_parse ] --END-- [ RunTime:0.115426s ]
INFO: [ view_filter ] --START--
INFO: Run Behavior\WriteHtmlCacheBehavior [ RunTime:0.000690s ]
INFO: Run Behavior\TokenBuildBehavior [ RunTime:0.018085s ]
INFO: [ view_filter ] --END-- [ RunTime:0.018938s ]
INFO: [ app_end ] --START--
INFO: Run Behavior\ShowPageTraceBehavior [ RunTime:0.038592s ]
INFO: [ app_end ] --END-- [ RunTime:0.038720s ]

[ 2016-04-23T12:54:45+08:00 ] 27.19.106.194 /index.php/Home/User/getVerifyCode
INFO: [ app_init ] --START--
INFO: Run Behavior\BuildLiteBehavior [ RunTime:0.000029s ]
INFO: [ app_init ] --END-- [ RunTime:0.000638s ]
INFO: [ app_begin ] --START--
INFO: Run Behavior\ReadHtmlCacheBehavior [ RunTime:0.000815s ]
INFO: [ app_begin ] --END-- [ RunTime:0.000940s ]
INFO: [ app_end ] --START--
INFO: Run Behavior\ShowPageTraceBehavior [ RunTime:0.000949s ]
INFO: [ app_end ] --END-- [ RunTime:0.001095s ]

