[ 2016-03-29T23:59:30+08:00 ] ::1 /Hit/index.php/Home/Search/sechUser?keyword=%E6%90%9C%E7%B4%A2%E7%8C%BF%E5%8F%8B&__hash__=911a381a9576bb4a6b83fae6f179b31c_f03d6c9dd2d74de6e26587d5adce0fde
INFO: [ app_init ] --START--
INFO: Run Behavior\BuildLiteBehavior [ RunTime:0.000023s ]
INFO: [ app_init ] --END-- [ RunTime:0.000417s ]
INFO: [ app_begin ] --START--
INFO: Run Behavior\ReadHtmlCacheBehavior [ RunTime:0.001283s ]
INFO: [ app_begin ] --END-- [ RunTime:0.001790s ]
SQL: SHOW COLUMNS FROM `p_user` [ RunTime:0.0725s ]
SQL: SELECT COUNT(id) AS tp_count FROM `p_user` WHERE `username` LIKE '%搜索猿友%' AND `id` <> '44' LIMIT 1   [ RunTime:0.0005s ]
SQL: SELECT `id`,`username`,`sex`,`location`,`sign`,`avater_path`,`follow`,`fans` FROM `p_user` WHERE `username` LIKE '%搜索猿友%' AND `id` <> '44' LIMIT 0,10   [ RunTime:0.0004s ]
INFO: [ view_parse ] --START--
INFO: [ template_filter ] --START--
INFO: Run Behavior\ContentReplaceBehavior [ RunTime:0.000115s ]
INFO: [ template_filter ] --END-- [ RunTime:0.000235s ]
NOTIC: [8] Undefined variable: page D:\wamp\www\Hit\Application\Runtime\Cache\Home\5fa0010deefef581f418d2f12f6248b5.php 第 109 行.
SQL: SHOW COLUMNS FROM `p_group` [ RunTime:0.0132s ]
SQL: SELECT * FROM `p_group` WHERE `uid` = 44  [ RunTime:0.0004s ]
INFO: Run Behavior\ParseTemplateBehavior [ RunTime:0.030854s ]
INFO: [ view_parse ] --END-- [ RunTime:0.030946s ]
INFO: [ view_filter ] --START--
INFO: Run Behavior\WriteHtmlCacheBehavior [ RunTime:0.000458s ]
INFO: Run Behavior\TokenBuildBehavior [ RunTime:0.000865s ]
INFO: [ view_filter ] --END-- [ RunTime:0.001450s ]
INFO: [ app_end ] --START--
INFO: Run Behavior\ShowPageTraceBehavior [ RunTime:0.000736s ]
INFO: [ app_end ] --END-- [ RunTime:0.000823s ]

[ 2016-03-29T23:59:32+08:00 ] ::1 /Hit/index.php/Home/Search/sechUser?keyword=test&__hash__=0c16e29b33a6414e9b0619f26122f6b6_00d1148088fbc97da25305af211946aa
INFO: [ app_init ] --START--
INFO: Run Behavior\BuildLiteBehavior [ RunTime:0.000033s ]
INFO: [ app_init ] --END-- [ RunTime:0.000488s ]
INFO: [ app_begin ] --START--
INFO: Run Behavior\ReadHtmlCacheBehavior [ RunTime:0.001026s ]
INFO: [ app_begin ] --END-- [ RunTime:0.001191s ]
SQL: SHOW COLUMNS FROM `p_user` [ RunTime:0.0466s ]
SQL: SELECT COUNT(id) AS tp_count FROM `p_user` WHERE `username` LIKE '%test%' AND `id` <> '44' LIMIT 1   [ RunTime:0.0004s ]
SQL: SELECT `id`,`username`,`sex`,`location`,`sign`,`avater_path`,`follow`,`fans` FROM `p_user` WHERE `username` LIKE '%test%' AND `id` <> '44' LIMIT 0,10   [ RunTime:0.0003s ]
SQL: SHOW COLUMNS FROM `p_follow` [ RunTime:0.0044s ]
SQL: (SELECT `follow` FROM `p_follow` WHERE `follow` = 50 AND `fans` = 44) UNION (SELECT `follow` FROM `p_follow` WHERE `follow` = 44 AND `fans` = 50) [ RunTime:0.0007s ]
SQL: (SELECT `follow` FROM `p_follow` WHERE `follow` = 51 AND `fans` = 44) UNION (SELECT `follow` FROM `p_follow` WHERE `follow` = 44 AND `fans` = 51) [ RunTime:0.0004s ]
SQL: (SELECT `follow` FROM `p_follow` WHERE `follow` = 52 AND `fans` = 44) UNION (SELECT `follow` FROM `p_follow` WHERE `follow` = 44 AND `fans` = 52) [ RunTime:0.0004s ]
SQL: SELECT COUNT(*) AS tp_count FROM `p_follow` WHERE `follow` = 52 AND `fans` = 44 LIMIT 1   [ RunTime:0.0002s ]
SQL: (SELECT `follow` FROM `p_follow` WHERE `follow` = 53 AND `fans` = 44) UNION (SELECT `follow` FROM `p_follow` WHERE `follow` = 44 AND `fans` = 53) [ RunTime:0.0003s ]
SQL: SELECT COUNT(*) AS tp_count FROM `p_follow` WHERE `follow` = 53 AND `fans` = 44 LIMIT 1   [ RunTime:0.0002s ]
INFO: [ view_parse ] --START--
INFO: [ template_filter ] --START--
INFO: Run Behavior\ContentReplaceBehavior [ RunTime:0.000097s ]
INFO: [ template_filter ] --END-- [ RunTime:0.000189s ]
NOTIC: [8] Undefined index: weibo D:\wamp\www\Hit\Application\Runtime\Cache\Home\5fa0010deefef581f418d2f12f6248b5.php 第 94 行.
NOTIC: [8] Undefined index: weibo D:\wamp\www\Hit\Application\Runtime\Cache\Home\5fa0010deefef581f418d2f12f6248b5.php 第 94 行.
NOTIC: [8] Undefined index: weibo D:\wamp\www\Hit\Application\Runtime\Cache\Home\5fa0010deefef581f418d2f12f6248b5.php 第 94 行.
NOTIC: [8] Undefined index: weibo D:\wamp\www\Hit\Application\Runtime\Cache\Home\5fa0010deefef581f418d2f12f6248b5.php 第 94 行.
NOTIC: [8] Undefined variable: page D:\wamp\www\Hit\Application\Runtime\Cache\Home\5fa0010deefef581f418d2f12f6248b5.php 第 109 行.
SQL: SHOW COLUMNS FROM `p_group` [ RunTime:0.0043s ]
SQL: SELECT * FROM `p_group` WHERE `uid` = 44  [ RunTime:0.0003s ]
INFO: Run Behavior\ParseTemplateBehavior [ RunTime:0.025952s ]
INFO: [ view_parse ] --END-- [ RunTime:0.026051s ]
INFO: [ view_filter ] --START--
INFO: Run Behavior\WriteHtmlCacheBehavior [ RunTime:0.000430s ]
INFO: Run Behavior\TokenBuildBehavior [ RunTime:0.000799s ]
INFO: [ view_filter ] --END-- [ RunTime:0.001381s ]
INFO: [ app_end ] --START--
INFO: Run Behavior\ShowPageTraceBehavior [ RunTime:0.000576s ]
INFO: [ app_end ] --END-- [ RunTime:0.000651s ]

[ 2016-03-29T23:59:53+08:00 ] ::1 /Hit/index.php/Home/Search/sechUser?keyword=test&__hash__=0c16e29b33a6414e9b0619f26122f6b6_00d1148088fbc97da25305af211946aa
INFO: [ app_init ] --START--
INFO: Run Behavior\BuildLiteBehavior [ RunTime:0.000042s ]
INFO: [ app_init ] --END-- [ RunTime:0.000712s ]
INFO: [ app_begin ] --START--
INFO: Run Behavior\ReadHtmlCacheBehavior [ RunTime:0.000611s ]
INFO: [ app_begin ] --END-- [ RunTime:0.000735s ]
SQL: SHOW COLUMNS FROM `p_user` [ RunTime:0.0076s ]
SQL: SELECT COUNT(id) AS tp_count FROM `p_user` WHERE `username` LIKE '%test%' AND `id` <> '44' LIMIT 1   [ RunTime:0.0003s ]
SQL: SELECT `id`,`username`,`sex`,`location`,`sign`,`avater_path`,`follow`,`fans` FROM `p_user` WHERE `username` LIKE '%test%' AND `id` <> '44' LIMIT 0,10   [ RunTime:0.0003s ]
SQL: SHOW COLUMNS FROM `p_follow` [ RunTime:0.0032s ]
SQL: (SELECT `follow` FROM `p_follow` WHERE `follow` = 50 AND `fans` = 44) UNION (SELECT `follow` FROM `p_follow` WHERE `follow` = 44 AND `fans` = 50) [ RunTime:0.0004s ]
SQL: (SELECT `follow` FROM `p_follow` WHERE `follow` = 51 AND `fans` = 44) UNION (SELECT `follow` FROM `p_follow` WHERE `follow` = 44 AND `fans` = 51) [ RunTime:0.0003s ]
SQL: (SELECT `follow` FROM `p_follow` WHERE `follow` = 52 AND `fans` = 44) UNION (SELECT `follow` FROM `p_follow` WHERE `follow` = 44 AND `fans` = 52) [ RunTime:0.0003s ]
SQL: SELECT COUNT(*) AS tp_count FROM `p_follow` WHERE `follow` = 52 AND `fans` = 44 LIMIT 1   [ RunTime:0.0002s ]
SQL: (SELECT `follow` FROM `p_follow` WHERE `follow` = 53 AND `fans` = 44) UNION (SELECT `follow` FROM `p_follow` WHERE `follow` = 44 AND `fans` = 53) [ RunTime:0.0003s ]
SQL: SELECT COUNT(*) AS tp_count FROM `p_follow` WHERE `follow` = 53 AND `fans` = 44 LIMIT 1   [ RunTime:0.0002s ]
INFO: [ view_parse ] --START--
INFO: [ template_filter ] --START--
INFO: Run Behavior\ContentReplaceBehavior [ RunTime:0.000173s ]
INFO: [ template_filter ] --END-- [ RunTime:0.000343s ]
NOTIC: [8] Undefined index: weibo D:\wamp\www\Hit\Application\Runtime\Cache\Home\5fa0010deefef581f418d2f12f6248b5.php 第 94 行.
NOTIC: [8] Undefined index: weibo D:\wamp\www\Hit\Application\Runtime\Cache\Home\5fa0010deefef581f418d2f12f6248b5.php 第 94 行.
NOTIC: [8] Undefined index: weibo D:\wamp\www\Hit\Application\Runtime\Cache\Home\5fa0010deefef581f418d2f12f6248b5.php 第 94 行.
NOTIC: [8] Undefined index: weibo D:\wamp\www\Hit\Application\Runtime\Cache\Home\5fa0010deefef581f418d2f12f6248b5.php 第 94 行.
NOTIC: [8] Undefined variable: page D:\wamp\www\Hit\Application\Runtime\Cache\Home\5fa0010deefef581f418d2f12f6248b5.php 第 109 行.
SQL: SHOW COLUMNS FROM `p_group` [ RunTime:0.0034s ]
SQL: SELECT * FROM `p_group` WHERE `uid` = 44  [ RunTime:0.0003s ]
INFO: Run Behavior\ParseTemplateBehavior [ RunTime:0.024432s ]
INFO: [ view_parse ] --END-- [ RunTime:0.024543s ]
INFO: [ view_filter ] --START--
INFO: Run Behavior\WriteHtmlCacheBehavior [ RunTime:0.000372s ]
INFO: Run Behavior\TokenBuildBehavior [ RunTime:0.000747s ]
INFO: [ view_filter ] --END-- [ RunTime:0.001256s ]
INFO: [ app_end ] --START--
INFO: Run Behavior\ShowPageTraceBehavior [ RunTime:0.000533s ]
INFO: [ app_end ] --END-- [ RunTime:0.000619s ]

[ 2016-03-29T23:59:53+08:00 ] ::1 /Hit/index.php/Home/Search/sechUser?keyword=test&__hash__=0c16e29b33a6414e9b0619f26122f6b6_00d1148088fbc97da25305af211946aa
INFO: [ app_init ] --START--
INFO: Run Behavior\BuildLiteBehavior [ RunTime:0.000022s ]
INFO: [ app_init ] --END-- [ RunTime:0.000407s ]
INFO: [ app_begin ] --START--
INFO: Run Behavior\ReadHtmlCacheBehavior [ RunTime:0.000762s ]
INFO: [ app_begin ] --END-- [ RunTime:0.000849s ]
SQL: SHOW COLUMNS FROM `p_user` [ RunTime:0.0658s ]
SQL: SELECT COUNT(id) AS tp_count FROM `p_user` WHERE `username` LIKE '%test%' AND `id` <> '44' LIMIT 1   [ RunTime:0.0004s ]
SQL: SELECT `id`,`username`,`sex`,`location`,`sign`,`avater_path`,`follow`,`fans` FROM `p_user` WHERE `username` LIKE '%test%' AND `id` <> '44' LIMIT 0,10   [ RunTime:0.0004s ]
SQL: SHOW COLUMNS FROM `p_follow` [ RunTime:0.0045s ]
SQL: (SELECT `follow` FROM `p_follow` WHERE `follow` = 50 AND `fans` = 44) UNION (SELECT `follow` FROM `p_follow` WHERE `follow` = 44 AND `fans` = 50) [ RunTime:0.0007s ]
SQL: (SELECT `follow` FROM `p_follow` WHERE `follow` = 51 AND `fans` = 44) UNION (SELECT `follow` FROM `p_follow` WHERE `follow` = 44 AND `fans` = 51) [ RunTime:0.0005s ]
SQL: (SELECT `follow` FROM `p_follow` WHERE `follow` = 52 AND `fans` = 44) UNION (SELECT `follow` FROM `p_follow` WHERE `follow` = 44 AND `fans` = 52) [ RunTime:0.0006s ]
SQL: SELECT COUNT(*) AS tp_count FROM `p_follow` WHERE `follow` = 52 AND `fans` = 44 LIMIT 1   [ RunTime:0.0003s ]
SQL: (SELECT `follow` FROM `p_follow` WHERE `follow` = 53 AND `fans` = 44) UNION (SELECT `follow` FROM `p_follow` WHERE `follow` = 44 AND `fans` = 53) [ RunTime:0.0004s ]
SQL: SELECT COUNT(*) AS tp_count FROM `p_follow` WHERE `follow` = 53 AND `fans` = 44 LIMIT 1   [ RunTime:0.0003s ]
INFO: [ view_parse ] --START--
INFO: [ template_filter ] --START--
INFO: Run Behavior\ContentReplaceBehavior [ RunTime:0.000089s ]
INFO: [ template_filter ] --END-- [ RunTime:0.000173s ]
NOTIC: [8] Undefined index: weibo D:\wamp\www\Hit\Application\Runtime\Cache\Home\5fa0010deefef581f418d2f12f6248b5.php 第 94 行.
NOTIC: [8] Undefined index: weibo D:\wamp\www\Hit\Application\Runtime\Cache\Home\5fa0010deefef581f418d2f12f6248b5.php 第 94 行.
NOTIC: [8] Undefined index: weibo D:\wamp\www\Hit\Application\Runtime\Cache\Home\5fa0010deefef581f418d2f12f6248b5.php 第 94 行.
NOTIC: [8] Undefined index: weibo D:\wamp\www\Hit\Application\Runtime\Cache\Home\5fa0010deefef581f418d2f12f6248b5.php 第 94 行.
NOTIC: [8] Undefined variable: page D:\wamp\www\Hit\Application\Runtime\Cache\Home\5fa0010deefef581f418d2f12f6248b5.php 第 109 行.
SQL: SHOW COLUMNS FROM `p_group` [ RunTime:0.0036s ]
SQL: SELECT * FROM `p_group` WHERE `uid` = 44  [ RunTime:0.0003s ]
INFO: Run Behavior\ParseTemplateBehavior [ RunTime:0.021758s ]
INFO: [ view_parse ] --END-- [ RunTime:0.021859s ]
INFO: [ view_filter ] --START--
INFO: Run Behavior\WriteHtmlCacheBehavior [ RunTime:0.000613s ]
INFO: Run Behavior\TokenBuildBehavior [ RunTime:0.000971s ]
INFO: [ view_filter ] --END-- [ RunTime:0.001721s ]
INFO: [ app_end ] --START--
INFO: Run Behavior\ShowPageTraceBehavior [ RunTime:0.001249s ]
INFO: [ app_end ] --END-- [ RunTime:0.001403s ]

[ 2016-03-29T23:59:53+08:00 ] ::1 /Hit/index.php/Home/Search/sechUser?keyword=test&__hash__=0c16e29b33a6414e9b0619f26122f6b6_00d1148088fbc97da25305af211946aa
INFO: [ app_init ] --START--
INFO: Run Behavior\BuildLiteBehavior [ RunTime:0.000061s ]
INFO: [ app_init ] --END-- [ RunTime:0.001214s ]
INFO: [ app_begin ] --START--
INFO: Run Behavior\ReadHtmlCacheBehavior [ RunTime:0.000894s ]
INFO: [ app_begin ] --END-- [ RunTime:0.001080s ]
SQL: SHOW COLUMNS FROM `p_user` [ RunTime:0.0045s ]
SQL: SELECT COUNT(id) AS tp_count FROM `p_user` WHERE `username` LIKE '%test%' AND `id` <> '44' LIMIT 1   [ RunTime:0.0003s ]
SQL: SELECT `id`,`username`,`sex`,`location`,`sign`,`avater_path`,`follow`,`fans` FROM `p_user` WHERE `username` LIKE '%test%' AND `id` <> '44' LIMIT 0,10   [ RunTime:0.0003s ]
SQL: SHOW COLUMNS FROM `p_follow` [ RunTime:0.0031s ]
SQL: (SELECT `follow` FROM `p_follow` WHERE `follow` = 50 AND `fans` = 44) UNION (SELECT `follow` FROM `p_follow` WHERE `follow` = 44 AND `fans` = 50) [ RunTime:0.0004s ]
SQL: (SELECT `follow` FROM `p_follow` WHERE `follow` = 51 AND `fans` = 44) UNION (SELECT `follow` FROM `p_follow` WHERE `follow` = 44 AND `fans` = 51) [ RunTime:0.0003s ]
SQL: (SELECT `follow` FROM `p_follow` WHERE `follow` = 52 AND `fans` = 44) UNION (SELECT `follow` FROM `p_follow` WHERE `follow` = 44 AND `fans` = 52) [ RunTime:0.0002s ]
SQL: SELECT COUNT(*) AS tp_count FROM `p_follow` WHERE `follow` = 52 AND `fans` = 44 LIMIT 1   [ RunTime:0.0002s ]
SQL: (SELECT `follow` FROM `p_follow` WHERE `follow` = 53 AND `fans` = 44) UNION (SELECT `follow` FROM `p_follow` WHERE `follow` = 44 AND `fans` = 53) [ RunTime:0.0007s ]
SQL: SELECT COUNT(*) AS tp_count FROM `p_follow` WHERE `follow` = 53 AND `fans` = 44 LIMIT 1   [ RunTime:0.0002s ]
INFO: [ view_parse ] --START--
INFO: [ template_filter ] --START--
INFO: Run Behavior\ContentReplaceBehavior [ RunTime:0.000104s ]
INFO: [ template_filter ] --END-- [ RunTime:0.000206s ]
NOTIC: [8] Undefined index: weibo D:\wamp\www\Hit\Application\Runtime\Cache\Home\5fa0010deefef581f418d2f12f6248b5.php 第 94 行.
NOTIC: [8] Undefined index: weibo D:\wamp\www\Hit\Application\Runtime\Cache\Home\5fa0010deefef581f418d2f12f6248b5.php 第 94 行.
NOTIC: [8] Undefined index: weibo D:\wamp\www\Hit\Application\Runtime\Cache\Home\5fa0010deefef581f418d2f12f6248b5.php 第 94 行.
NOTIC: [8] Undefined index: weibo D:\wamp\www\Hit\Application\Runtime\Cache\Home\5fa0010deefef581f418d2f12f6248b5.php 第 94 行.
NOTIC: [8] Undefined variable: page D:\wamp\www\Hit\Application\Runtime\Cache\Home\5fa0010deefef581f418d2f12f6248b5.php 第 109 行.
SQL: SHOW COLUMNS FROM `p_group` [ RunTime:0.0040s ]
SQL: SELECT * FROM `p_group` WHERE `uid` = 44  [ RunTime:0.0003s ]
INFO: Run Behavior\ParseTemplateBehavior [ RunTime:0.023781s ]
INFO: [ view_parse ] --END-- [ RunTime:0.023873s ]
INFO: [ view_filter ] --START--
INFO: Run Behavior\WriteHtmlCacheBehavior [ RunTime:0.000509s ]
INFO: Run Behavior\TokenBuildBehavior [ RunTime:0.001409s ]
INFO: [ view_filter ] --END-- [ RunTime:0.002055s ]
INFO: [ app_end ] --START--
INFO: Run Behavior\ShowPageTraceBehavior [ RunTime:0.000750s ]
INFO: [ app_end ] --END-- [ RunTime:0.000851s ]

[ 2016-03-29T23:59:54+08:00 ] ::1 /Hit/index.php/Home/Search/sechUser?keyword=test&__hash__=0c16e29b33a6414e9b0619f26122f6b6_00d1148088fbc97da25305af211946aa
INFO: [ app_init ] --START--
INFO: Run Behavior\BuildLiteBehavior [ RunTime:0.000027s ]
INFO: [ app_init ] --END-- [ RunTime:0.000502s ]
INFO: [ app_begin ] --START--
INFO: Run Behavior\ReadHtmlCacheBehavior [ RunTime:0.001094s ]
INFO: [ app_begin ] --END-- [ RunTime:0.001295s ]
SQL: SHOW COLUMNS FROM `p_user` [ RunTime:0.0052s ]
SQL: SELECT COUNT(id) AS tp_count FROM `p_user` WHERE `username` LIKE '%test%' AND `id` <> '44' LIMIT 1   [ RunTime:0.0004s ]
SQL: SELECT `id`,`username`,`sex`,`location`,`sign`,`avater_path`,`follow`,`fans` FROM `p_user` WHERE `username` LIKE '%test%' AND `id` <> '44' LIMIT 0,10   [ RunTime:0.0004s ]
SQL: SHOW COLUMNS FROM `p_follow` [ RunTime:0.0042s ]
SQL: (SELECT `follow` FROM `p_follow` WHERE `follow` = 50 AND `fans` = 44) UNION (SELECT `follow` FROM `p_follow` WHERE `follow` = 44 AND `fans` = 50) [ RunTime:0.0005s ]
SQL: (SELECT `follow` FROM `p_follow` WHERE `follow` = 51 AND `fans` = 44) UNION (SELECT `follow` FROM `p_follow` WHERE `follow` = 44 AND `fans` = 51) [ RunTime:0.0004s ]
SQL: (SELECT `follow` FROM `p_follow` WHERE `follow` = 52 AND `fans` = 44) UNION (SELECT `follow` FROM `p_follow` WHERE `follow` = 44 AND `fans` = 52) [ RunTime:0.0003s ]
SQL: SELECT COUNT(*) AS tp_count FROM `p_follow` WHERE `follow` = 52 AND `fans` = 44 LIMIT 1   [ RunTime:0.0002s ]
SQL: (SELECT `follow` FROM `p_follow` WHERE `follow` = 53 AND `fans` = 44) UNION (SELECT `follow` FROM `p_follow` WHERE `follow` = 44 AND `fans` = 53) [ RunTime:0.0004s ]
SQL: SELECT COUNT(*) AS tp_count FROM `p_follow` WHERE `follow` = 53 AND `fans` = 44 LIMIT 1   [ RunTime:0.0002s ]
INFO: [ view_parse ] --START--
INFO: [ template_filter ] --START--
INFO: Run Behavior\ContentReplaceBehavior [ RunTime:0.000103s ]
INFO: [ template_filter ] --END-- [ RunTime:0.000201s ]
NOTIC: [8] Undefined index: weibo D:\wamp\www\Hit\Application\Runtime\Cache\Home\5fa0010deefef581f418d2f12f6248b5.php 第 94 行.
NOTIC: [8] Undefined index: weibo D:\wamp\www\Hit\Application\Runtime\Cache\Home\5fa0010deefef581f418d2f12f6248b5.php 第 94 行.
NOTIC: [8] Undefined index: weibo D:\wamp\www\Hit\Application\Runtime\Cache\Home\5fa0010deefef581f418d2f12f6248b5.php 第 94 行.
NOTIC: [8] Undefined index: weibo D:\wamp\www\Hit\Application\Runtime\Cache\Home\5fa0010deefef581f418d2f12f6248b5.php 第 94 行.
NOTIC: [8] Undefined variable: page D:\wamp\www\Hit\Application\Runtime\Cache\Home\5fa0010deefef581f418d2f12f6248b5.php 第 109 行.
SQL: SHOW COLUMNS FROM `p_group` [ RunTime:0.0044s ]
SQL: SELECT * FROM `p_group` WHERE `uid` = 44  [ RunTime:0.0004s ]
INFO: Run Behavior\ParseTemplateBehavior [ RunTime:0.025527s ]
INFO: [ view_parse ] --END-- [ RunTime:0.025650s ]
INFO: [ view_filter ] --START--
INFO: Run Behavior\WriteHtmlCacheBehavior [ RunTime:0.000660s ]
INFO: Run Behavior\TokenBuildBehavior [ RunTime:0.001003s ]
INFO: [ view_filter ] --END-- [ RunTime:0.001802s ]
INFO: [ app_end ] --START--
INFO: Run Behavior\ShowPageTraceBehavior [ RunTime:0.000919s ]
INFO: [ app_end ] --END-- [ RunTime:0.001007s ]

[ 2016-03-29T23:59:55+08:00 ] ::1 /Hit/index.php/Home/Index/index
INFO: [ app_init ] --START--
INFO: Run Behavior\BuildLiteBehavior [ RunTime:0.000040s ]
INFO: [ app_init ] --END-- [ RunTime:0.000658s ]
INFO: [ app_begin ] --START--
INFO: Run Behavior\ReadHtmlCacheBehavior [ RunTime:0.000866s ]
INFO: [ app_begin ] --END-- [ RunTime:0.001052s ]
INFO: [ view_parse ] --START--
INFO: [ template_filter ] --START--
INFO: Run Behavior\ContentReplaceBehavior [ RunTime:0.000224s ]
INFO: [ template_filter ] --END-- [ RunTime:0.000340s ]
INFO: Run Behavior\ParseTemplateBehavior [ RunTime:0.020847s ]
INFO: [ view_parse ] --END-- [ RunTime:0.020995s ]
INFO: [ view_filter ] --START--
INFO: Run Behavior\WriteHtmlCacheBehavior [ RunTime:0.000397s ]
INFO: Run Behavior\TokenBuildBehavior [ RunTime:0.001229s ]
INFO: [ view_filter ] --END-- [ RunTime:0.001783s ]
INFO: [ app_end ] --START--
INFO: Run Behavior\ShowPageTraceBehavior [ RunTime:0.000863s ]
INFO: [ app_end ] --END-- [ RunTime:0.000971s ]

[ 2016-03-29T23:59:55+08:00 ] ::1 /Hit/index.php/Home/Index/images/button.png
INFO: [ app_init ] --START--
INFO: Run Behavior\BuildLiteBehavior [ RunTime:0.000033s ]
INFO: [ app_init ] --END-- [ RunTime:0.000642s ]

[ 2016-03-29T23:59:56+08:00 ] ::1 /Hit/index.php/Home/Blog/index
INFO: [ app_init ] --START--
INFO: Run Behavior\BuildLiteBehavior [ RunTime:0.000022s ]
INFO: [ app_init ] --END-- [ RunTime:0.000356s ]
INFO: [ app_begin ] --START--
INFO: Run Behavior\ReadHtmlCacheBehavior [ RunTime:0.000487s ]
INFO: [ app_begin ] --END-- [ RunTime:0.000612s ]
SQL: SHOW COLUMNS FROM `p_cate` [ RunTime:0.0085s ]
SQL: SELECT * FROM `p_cate` ORDER BY sort asc  [ RunTime:0.0006s ]
INFO: [ view_parse ] --START--
INFO: [ template_filter ] --START--
INFO: Run Behavior\ContentReplaceBehavior [ RunTime:0.000063s ]
INFO: [ template_filter ] --END-- [ RunTime:0.000153s ]
NOTIC: [8] Undefined variable: blog D:\wamp\www\Hit\Application\Runtime\Cache\Home\6d164f7c2f6ca2370f3ab6859ad5b9d7.php 第 9 行.
INFO: Run Behavior\ParseTemplateBehavior [ RunTime:0.011217s ]
INFO: [ view_parse ] --END-- [ RunTime:0.011336s ]
INFO: [ view_filter ] --START--
INFO: Run Behavior\WriteHtmlCacheBehavior [ RunTime:0.000303s ]
INFO: Run Behavior\TokenBuildBehavior [ RunTime:0.000617s ]
INFO: [ view_filter ] --END-- [ RunTime:0.001037s ]
INFO: [ app_end ] --START--
INFO: Run Behavior\ShowPageTraceBehavior [ RunTime:0.001420s ]
INFO: [ app_end ] --END-- [ RunTime:0.001520s ]

[ 2016-03-29T23:59:56+08:00 ] ::1 /Hit/index.php/Home/Blog/clickNum
INFO: [ app_init ] --START--
INFO: Run Behavior\BuildLiteBehavior [ RunTime:0.000025s ]
INFO: [ app_init ] --END-- [ RunTime:0.000425s ]
INFO: [ app_begin ] --START--
INFO: Run Behavior\ReadHtmlCacheBehavior [ RunTime:0.000569s ]
INFO: [ app_begin ] --END-- [ RunTime:0.000675s ]
SQL: SHOW COLUMNS FROM `p_blog` [ RunTime:0.0037s ]
SQL: SELECT `click` FROM `p_blog` WHERE `id` = 0 LIMIT 1   [ RunTime:0.0004s ]
SQL: UPDATE `p_blog` SET `click`=click+1 WHERE `id` = 0 [ RunTime:0.0008s ]
INFO: [ app_end ] --START--
INFO: Run Behavior\ShowPageTraceBehavior [ RunTime:0.000685s ]
INFO: [ app_end ] --END-- [ RunTime:0.000789s ]

[ 2016-03-29T23:59:57+08:00 ] ::1 /Hit/index.php/Home/Exper/index
INFO: [ app_init ] --START--
INFO: Run Behavior\BuildLiteBehavior [ RunTime:0.000022s ]
INFO: [ app_init ] --END-- [ RunTime:0.000427s ]
INFO: [ app_begin ] --START--
INFO: Run Behavior\ReadHtmlCacheBehavior [ RunTime:0.000553s ]
INFO: [ app_begin ] --END-- [ RunTime:0.000643s ]
SQL: SHOW COLUMNS FROM `p_exper` [ RunTime:0.0082s ]
SQL: SELECT * FROM `p_exper` WHERE `del` = 0  [ RunTime:0.0010s ]
INFO: [ view_parse ] --START--
INFO: [ template_filter ] --START--
INFO: Run Behavior\ContentReplaceBehavior [ RunTime:0.000086s ]
INFO: [ template_filter ] --END-- [ RunTime:0.000170s ]
NOTIC: [8] Undefined index: id D:\wamp\www\Hit\Application\Runtime\Cache\Home\f7c41315f37948de092bd72800eaef1d.php 第 27 行.
INFO: Run Behavior\ParseTemplateBehavior [ RunTime:0.011685s ]
INFO: [ view_parse ] --END-- [ RunTime:0.011798s ]
INFO: [ view_filter ] --START--
INFO: Run Behavior\WriteHtmlCacheBehavior [ RunTime:0.000282s ]
INFO: Run Behavior\TokenBuildBehavior [ RunTime:0.000713s ]
INFO: [ view_filter ] --END-- [ RunTime:0.001113s ]
INFO: [ app_end ] --START--
INFO: Run Behavior\ShowPageTraceBehavior [ RunTime:0.000486s ]
INFO: [ app_end ] --END-- [ RunTime:0.000567s ]

[ 2016-03-29T23:59:57+08:00 ] ::1 /Hit/index.php/Home/Exper/clickNum
INFO: [ app_init ] --START--
INFO: Run Behavior\BuildLiteBehavior [ RunTime:0.000042s ]
INFO: [ app_init ] --END-- [ RunTime:0.000653s ]
INFO: [ app_begin ] --START--
INFO: Run Behavior\ReadHtmlCacheBehavior [ RunTime:0.000665s ]
INFO: [ app_begin ] --END-- [ RunTime:0.000818s ]
SQL: SHOW COLUMNS FROM `p_exper` [ RunTime:0.0052s ]
SQL: SELECT `click` FROM `p_exper` WHERE `id` = 0 LIMIT 1   [ RunTime:0.0005s ]
SQL: UPDATE `p_exper` SET `click`=click+1 WHERE `id` = 0 [ RunTime:0.0004s ]
INFO: [ app_end ] --START--
INFO: Run Behavior\ShowPageTraceBehavior [ RunTime:0.001077s ]
INFO: [ app_end ] --END-- [ RunTime:0.001227s ]

[ 2016-03-29T23:59:58+08:00 ] ::1 /Hit/index.php/Home/Share/index
INFO: [ app_init ] --START--
INFO: Run Behavior\BuildLiteBehavior [ RunTime:0.000044s ]
INFO: [ app_init ] --END-- [ RunTime:0.000748s ]
INFO: [ app_begin ] --START--
INFO: Run Behavior\ReadHtmlCacheBehavior [ RunTime:0.000909s ]
INFO: [ app_begin ] --END-- [ RunTime:0.001098s ]
SQL: SHOW COLUMNS FROM `p_share` [ RunTime:0.0140s ]
SQL: SELECT * FROM `p_share` WHERE `sta` = 2 LIMIT 6   [ RunTime:0.0006s ]
SQL: SELECT * FROM `p_share` WHERE `sta` = 1 LIMIT 6   [ RunTime:0.0004s ]
SQL: SELECT * FROM `p_share` WHERE `sta` = 3 LIMIT 6   [ RunTime:0.0006s ]
INFO: [ view_parse ] --START--
INFO: [ template_filter ] --START--
INFO: Run Behavior\ContentReplaceBehavior [ RunTime:0.000107s ]
INFO: [ template_filter ] --END-- [ RunTime:0.000250s ]
INFO: Run Behavior\ParseTemplateBehavior [ RunTime:0.020498s ]
INFO: [ view_parse ] --END-- [ RunTime:0.020686s ]
INFO: [ view_filter ] --START--
INFO: Run Behavior\WriteHtmlCacheBehavior [ RunTime:0.000335s ]
INFO: Run Behavior\TokenBuildBehavior [ RunTime:0.000903s ]
INFO: [ view_filter ] --END-- [ RunTime:0.001431s ]
INFO: [ app_end ] --START--
INFO: Run Behavior\ShowPageTraceBehavior [ RunTime:0.000885s ]
INFO: [ app_end ] --END-- [ RunTime:0.001049s ]

