[ 2016-03-02T19:05:32+08:00 ] ::1 /Hit/index.php
INFO: [ app_init ] --START--
INFO: Run Behavior\BuildLiteBehavior [ RunTime:0.000029s ]
INFO: [ app_init ] --END-- [ RunTime:0.008069s ]
INFO: [ app_begin ] --START--
INFO: Run Behavior\ReadHtmlCacheBehavior [ RunTime:0.011300s ]
INFO: [ app_begin ] --END-- [ RunTime:0.011433s ]
INFO: [ view_parse ] --START--
INFO: [ template_filter ] --START--
INFO: Run Behavior\ContentReplaceBehavior [ RunTime:0.000157s ]
INFO: [ template_filter ] --END-- [ RunTime:0.000433s ]
INFO: Run Behavior\ParseTemplateBehavior [ RunTime:0.051341s ]
INFO: [ view_parse ] --END-- [ RunTime:0.051541s ]
INFO: [ view_filter ] --START--
INFO: Run Behavior\WriteHtmlCacheBehavior [ RunTime:0.017270s ]
INFO: Run Behavior\TokenBuildBehavior [ RunTime:0.013250s ]
INFO: [ view_filter ] --END-- [ RunTime:0.030823s ]
INFO: [ app_end ] --START--
INFO: Run Behavior\ShowPageTraceBehavior [ RunTime:0.002054s ]
INFO: [ app_end ] --END-- [ RunTime:0.002216s ]

[ 2016-03-02T19:05:34+08:00 ] ::1 /Hit/index.php/Home/User/userReg
INFO: [ app_init ] --START--
INFO: Run Behavior\BuildLiteBehavior [ RunTime:0.000037s ]
INFO: [ app_init ] --END-- [ RunTime:0.000555s ]
INFO: [ app_begin ] --START--
INFO: Run Behavior\ReadHtmlCacheBehavior [ RunTime:0.000694s ]
INFO: [ app_begin ] --END-- [ RunTime:0.000780s ]
INFO: [ view_parse ] --START--
INFO: [ template_filter ] --START--
INFO: Run Behavior\ContentReplaceBehavior [ RunTime:0.000280s ]
INFO: [ template_filter ] --END-- [ RunTime:0.000533s ]
NOTIC: [8] Undefined variable: deps D:\wamp\www\Hit\Application\Runtime\Cache\Home\c5b90fa717d12b9c18a15cdf08eb44c4.php 第 91 行.
INFO: Run Behavior\ParseTemplateBehavior [ RunTime:0.145320s ]
INFO: [ view_parse ] --END-- [ RunTime:0.145500s ]
INFO: [ view_filter ] --START--
INFO: Run Behavior\WriteHtmlCacheBehavior [ RunTime:0.001281s ]
INFO: Run Behavior\TokenBuildBehavior [ RunTime:0.002229s ]
INFO: [ view_filter ] --END-- [ RunTime:0.003858s ]
INFO: [ app_end ] --START--
INFO: Run Behavior\ShowPageTraceBehavior [ RunTime:0.001973s ]
INFO: [ app_end ] --END-- [ RunTime:0.002198s ]

[ 2016-03-02T19:05:35+08:00 ] ::1 /Hit/index.php/Home/User/getVerifyCode
INFO: [ app_init ] --START--
INFO: Run Behavior\BuildLiteBehavior [ RunTime:0.000038s ]
INFO: [ app_init ] --END-- [ RunTime:0.000721s ]
INFO: [ app_begin ] --START--
INFO: Run Behavior\ReadHtmlCacheBehavior [ RunTime:0.001238s ]
INFO: [ app_begin ] --END-- [ RunTime:0.001403s ]
INFO: [ app_end ] --START--
INFO: Run Behavior\ShowPageTraceBehavior [ RunTime:0.000929s ]
INFO: [ app_end ] --END-- [ RunTime:0.001059s ]

[ 2016-03-02T19:05:37+08:00 ] ::1 /Hit/index.php/Home/User/getVerifyCode
INFO: [ app_init ] --START--
INFO: Run Behavior\BuildLiteBehavior [ RunTime:0.000039s ]
INFO: [ app_init ] --END-- [ RunTime:0.000835s ]
INFO: [ app_begin ] --START--
INFO: Run Behavior\ReadHtmlCacheBehavior [ RunTime:0.001821s ]
INFO: [ app_begin ] --END-- [ RunTime:0.002017s ]
INFO: [ app_end ] --START--
INFO: Run Behavior\ShowPageTraceBehavior [ RunTime:0.000895s ]
INFO: [ app_end ] --END-- [ RunTime:0.001043s ]

[ 2016-03-02T19:05:50+08:00 ] ::1 /Hit/index.php/Home/User/getVerifyCode?r=0.7334858403830351
INFO: [ app_init ] --START--
INFO: Run Behavior\BuildLiteBehavior [ RunTime:0.000025s ]
INFO: [ app_init ] --END-- [ RunTime:0.000556s ]
INFO: [ app_begin ] --START--
INFO: Run Behavior\ReadHtmlCacheBehavior [ RunTime:0.000709s ]
INFO: [ app_begin ] --END-- [ RunTime:0.000809s ]
INFO: [ app_end ] --START--
INFO: Run Behavior\ShowPageTraceBehavior [ RunTime:0.000721s ]
INFO: [ app_end ] --END-- [ RunTime:0.000813s ]

[ 2016-03-02T21:46:02+08:00 ] ::1 /Hit/index.php
INFO: [ app_init ] --START--
INFO: Run Behavior\BuildLiteBehavior [ RunTime:0.000181s ]
INFO: [ app_init ] --END-- [ RunTime:0.001311s ]
INFO: [ app_begin ] --START--
INFO: Run Behavior\ReadHtmlCacheBehavior [ RunTime:0.000795s ]
INFO: [ app_begin ] --END-- [ RunTime:0.000901s ]
INFO: [ view_parse ] --START--
INFO: [ template_filter ] --START--
INFO: Run Behavior\ContentReplaceBehavior [ RunTime:0.000055s ]
INFO: [ template_filter ] --END-- [ RunTime:0.000164s ]
NOTIC: [8] Undefined index: group_id D:\wamp\www\Hit\Application\Runtime\Cache\Home\2a94b8bda04ff446dcedd42276fc99ee.php 第 11 行.
INFO: Run Behavior\ParseTemplateBehavior [ RunTime:0.011416s ]
INFO: [ view_parse ] --END-- [ RunTime:0.011509s ]
INFO: [ view_filter ] --START--
INFO: Run Behavior\WriteHtmlCacheBehavior [ RunTime:0.000523s ]
INFO: Run Behavior\TokenBuildBehavior [ RunTime:0.000625s ]
INFO: [ view_filter ] --END-- [ RunTime:0.001268s ]
INFO: [ app_end ] --START--
INFO: Run Behavior\ShowPageTraceBehavior [ RunTime:0.000727s ]
INFO: [ app_end ] --END-- [ RunTime:0.000819s ]

[ 2016-03-02T21:46:04+08:00 ] ::1 /Hit/index.php
INFO: [ app_init ] --START--
INFO: Run Behavior\BuildLiteBehavior [ RunTime:0.000034s ]
INFO: [ app_init ] --END-- [ RunTime:0.000667s ]
INFO: [ app_begin ] --START--
INFO: Run Behavior\ReadHtmlCacheBehavior [ RunTime:0.001206s ]
INFO: [ app_begin ] --END-- [ RunTime:0.001393s ]
INFO: [ view_parse ] --START--
INFO: [ template_filter ] --START--
INFO: Run Behavior\ContentReplaceBehavior [ RunTime:0.000083s ]
INFO: [ template_filter ] --END-- [ RunTime:0.000248s ]
NOTIC: [8] Undefined index: group_id D:\wamp\www\Hit\Application\Runtime\Cache\Home\2a94b8bda04ff446dcedd42276fc99ee.php 第 11 行.
INFO: Run Behavior\ParseTemplateBehavior [ RunTime:0.015471s ]
INFO: [ view_parse ] --END-- [ RunTime:0.015626s ]
INFO: [ view_filter ] --START--
INFO: Run Behavior\WriteHtmlCacheBehavior [ RunTime:0.000826s ]
INFO: Run Behavior\TokenBuildBehavior [ RunTime:0.000945s ]
INFO: [ view_filter ] --END-- [ RunTime:0.001987s ]
INFO: [ app_end ] --START--
INFO: Run Behavior\ShowPageTraceBehavior [ RunTime:0.001200s ]
INFO: [ app_end ] --END-- [ RunTime:0.001339s ]

[ 2016-03-02T21:46:05+08:00 ] ::1 /Hit/index.php/Home/Blog/index
INFO: [ app_init ] --START--
INFO: Run Behavior\BuildLiteBehavior [ RunTime:0.000023s ]
INFO: [ app_init ] --END-- [ RunTime:0.000415s ]
INFO: [ app_begin ] --START--
INFO: Run Behavior\ReadHtmlCacheBehavior [ RunTime:0.000733s ]
INFO: [ app_begin ] --END-- [ RunTime:0.000861s ]
SQL: SHOW COLUMNS FROM `p_blog` [ RunTime:0.0049s ]
SQL: SELECT `id`,`title`,`content`,`time`,`click`,`cid`,`userid`,`username` FROM `p_blog` WHERE `del` = 0  [ RunTime:0.0009s ]
SQL: SHOW COLUMNS FROM `p_attr` [ RunTime:0.0034s ]
NOTIC: [8] Undefined index: mapping_order D:\wamp\www\Hit\ThinkPHP\Library\Think\Model\RelationModel.class.php 第 186 行.
NOTIC: [8] Undefined index: mapping_limit D:\wamp\www\Hit\ThinkPHP\Library\Think\Model\RelationModel.class.php 第 187 行.
SQL: SELECT b.* FROM p_blog_attr AS a, p_attr AS b WHERE a.aid = b.id AND a. bid='57' [ RunTime:0.0004s ]
SQL: SHOW COLUMNS FROM `p_cate` [ RunTime:0.0032s ]
SQL: SELECT `name` FROM `p_cate` WHERE ( 1=1 AND id='24' ) LIMIT 1   [ RunTime:0.0003s ]
NOTIC: [8] Undefined index: mapping_order D:\wamp\www\Hit\ThinkPHP\Library\Think\Model\RelationModel.class.php 第 186 行.
NOTIC: [8] Undefined index: mapping_limit D:\wamp\www\Hit\ThinkPHP\Library\Think\Model\RelationModel.class.php 第 187 行.
SQL: SELECT b.* FROM p_blog_attr AS a, p_attr AS b WHERE a.aid = b.id AND a. bid='58' [ RunTime:0.0003s ]
SQL: SELECT `name` FROM `p_cate` WHERE ( 1=1 AND id='21' ) LIMIT 1   [ RunTime:0.0002s ]
NOTIC: [8] Undefined index: mapping_order D:\wamp\www\Hit\ThinkPHP\Library\Think\Model\RelationModel.class.php 第 186 行.
NOTIC: [8] Undefined index: mapping_limit D:\wamp\www\Hit\ThinkPHP\Library\Think\Model\RelationModel.class.php 第 187 行.
SQL: SELECT b.* FROM p_blog_attr AS a, p_attr AS b WHERE a.aid = b.id AND a. bid='59' [ RunTime:0.0003s ]
SQL: SELECT `name` FROM `p_cate` WHERE ( 1=1 AND id='24' ) LIMIT 1   [ RunTime:0.0002s ]
NOTIC: [8] Undefined index: mapping_order D:\wamp\www\Hit\ThinkPHP\Library\Think\Model\RelationModel.class.php 第 186 行.
NOTIC: [8] Undefined index: mapping_limit D:\wamp\www\Hit\ThinkPHP\Library\Think\Model\RelationModel.class.php 第 187 行.
SQL: SELECT b.* FROM p_blog_attr AS a, p_attr AS b WHERE a.aid = b.id AND a. bid='60' [ RunTime:0.0003s ]
SQL: SELECT `name` FROM `p_cate` WHERE ( 1=1 AND id='19' ) LIMIT 1   [ RunTime:0.0002s ]
NOTIC: [8] Undefined index: mapping_order D:\wamp\www\Hit\ThinkPHP\Library\Think\Model\RelationModel.class.php 第 186 行.
NOTIC: [8] Undefined index: mapping_limit D:\wamp\www\Hit\ThinkPHP\Library\Think\Model\RelationModel.class.php 第 187 行.
SQL: SELECT b.* FROM p_blog_attr AS a, p_attr AS b WHERE a.aid = b.id AND a. bid='63' [ RunTime:0.0002s ]
SQL: SELECT `name` FROM `p_cate` WHERE ( 1=1 AND id='22' ) LIMIT 1   [ RunTime:0.0002s ]
NOTIC: [8] Undefined index: mapping_order D:\wamp\www\Hit\ThinkPHP\Library\Think\Model\RelationModel.class.php 第 186 行.
NOTIC: [8] Undefined index: mapping_limit D:\wamp\www\Hit\ThinkPHP\Library\Think\Model\RelationModel.class.php 第 187 行.
SQL: SELECT b.* FROM p_blog_attr AS a, p_attr AS b WHERE a.aid = b.id AND a. bid='65' [ RunTime:0.0003s ]
SQL: SELECT `name` FROM `p_cate` WHERE ( 1=1 AND id='24' ) LIMIT 1   [ RunTime:0.0011s ]
NOTIC: [8] Undefined index: mapping_order D:\wamp\www\Hit\ThinkPHP\Library\Think\Model\RelationModel.class.php 第 186 行.
NOTIC: [8] Undefined index: mapping_limit D:\wamp\www\Hit\ThinkPHP\Library\Think\Model\RelationModel.class.php 第 187 行.
SQL: SELECT b.* FROM p_blog_attr AS a, p_attr AS b WHERE a.aid = b.id AND a. bid='66' [ RunTime:0.0003s ]
SQL: SELECT `name` FROM `p_cate` WHERE ( 1=1 AND id='0' ) LIMIT 1   [ RunTime:0.0002s ]
NOTIC: [8] Undefined index: mapping_order D:\wamp\www\Hit\ThinkPHP\Library\Think\Model\RelationModel.class.php 第 186 行.
NOTIC: [8] Undefined index: mapping_limit D:\wamp\www\Hit\ThinkPHP\Library\Think\Model\RelationModel.class.php 第 187 行.
SQL: SELECT b.* FROM p_blog_attr AS a, p_attr AS b WHERE a.aid = b.id AND a. bid='67' [ RunTime:0.0002s ]
SQL: SELECT `name` FROM `p_cate` WHERE ( 1=1 AND id='23' ) LIMIT 1   [ RunTime:0.0002s ]
SQL: SELECT `id`,`title`,`content`,`time`,`click`,`cid`,`userid`,`username` FROM `p_blog` WHERE `del` = 0 ORDER BY time desc  [ RunTime:0.0005s ]
NOTIC: [8] Undefined index: mapping_order D:\wamp\www\Hit\ThinkPHP\Library\Think\Model\RelationModel.class.php 第 186 行.
NOTIC: [8] Undefined index: mapping_limit D:\wamp\www\Hit\ThinkPHP\Library\Think\Model\RelationModel.class.php 第 187 行.
SQL: SELECT b.* FROM p_blog_attr AS a, p_attr AS b WHERE a.aid = b.id AND a. bid='67' [ RunTime:0.0003s ]
SQL: SELECT `name` FROM `p_cate` WHERE ( 1=1 AND id='23' ) LIMIT 1   [ RunTime:0.0002s ]
NOTIC: [8] Undefined index: mapping_order D:\wamp\www\Hit\ThinkPHP\Library\Think\Model\RelationModel.class.php 第 186 行.
NOTIC: [8] Undefined index: mapping_limit D:\wamp\www\Hit\ThinkPHP\Library\Think\Model\RelationModel.class.php 第 187 行.
SQL: SELECT b.* FROM p_blog_attr AS a, p_attr AS b WHERE a.aid = b.id AND a. bid='66' [ RunTime:0.0002s ]
SQL: SELECT `name` FROM `p_cate` WHERE ( 1=1 AND id='0' ) LIMIT 1   [ RunTime:0.0002s ]
NOTIC: [8] Undefined index: mapping_order D:\wamp\www\Hit\ThinkPHP\Library\Think\Model\RelationModel.class.php 第 186 行.
NOTIC: [8] Undefined index: mapping_limit D:\wamp\www\Hit\ThinkPHP\Library\Think\Model\RelationModel.class.php 第 187 行.
SQL: SELECT b.* FROM p_blog_attr AS a, p_attr AS b WHERE a.aid = b.id AND a. bid='65' [ RunTime:0.0002s ]
SQL: SELECT `name` FROM `p_cate` WHERE ( 1=1 AND id='24' ) LIMIT 1   [ RunTime:0.0002s ]
NOTIC: [8] Undefined index: mapping_order D:\wamp\www\Hit\ThinkPHP\Library\Think\Model\RelationModel.class.php 第 186 行.
NOTIC: [8] Undefined index: mapping_limit D:\wamp\www\Hit\ThinkPHP\Library\Think\Model\RelationModel.class.php 第 187 行.
SQL: SELECT b.* FROM p_blog_attr AS a, p_attr AS b WHERE a.aid = b.id AND a. bid='63' [ RunTime:0.0002s ]
SQL: SELECT `name` FROM `p_cate` WHERE ( 1=1 AND id='22' ) LIMIT 1   [ RunTime:0.0002s ]
NOTIC: [8] Undefined index: mapping_order D:\wamp\www\Hit\ThinkPHP\Library\Think\Model\RelationModel.class.php 第 186 行.
NOTIC: [8] Undefined index: mapping_limit D:\wamp\www\Hit\ThinkPHP\Library\Think\Model\RelationModel.class.php 第 187 行.
SQL: SELECT b.* FROM p_blog_attr AS a, p_attr AS b WHERE a.aid = b.id AND a. bid='60' [ RunTime:0.0003s ]
SQL: SELECT `name` FROM `p_cate` WHERE ( 1=1 AND id='19' ) LIMIT 1   [ RunTime:0.0002s ]
NOTIC: [8] Undefined index: mapping_order D:\wamp\www\Hit\ThinkPHP\Library\Think\Model\RelationModel.class.php 第 186 行.
NOTIC: [8] Undefined index: mapping_limit D:\wamp\www\Hit\ThinkPHP\Library\Think\Model\RelationModel.class.php 第 187 行.
SQL: SELECT b.* FROM p_blog_attr AS a, p_attr AS b WHERE a.aid = b.id AND a. bid='59' [ RunTime:0.0002s ]
SQL: SELECT `name` FROM `p_cate` WHERE ( 1=1 AND id='24' ) LIMIT 1   [ RunTime:0.0002s ]
NOTIC: [8] Undefined index: mapping_order D:\wamp\www\Hit\ThinkPHP\Library\Think\Model\RelationModel.class.php 第 186 行.
NOTIC: [8] Undefined index: mapping_limit D:\wamp\www\Hit\ThinkPHP\Library\Think\Model\RelationModel.class.php 第 187 行.
SQL: SELECT b.* FROM p_blog_attr AS a, p_attr AS b WHERE a.aid = b.id AND a. bid='58' [ RunTime:0.0003s ]
SQL: SELECT `name` FROM `p_cate` WHERE ( 1=1 AND id='21' ) LIMIT 1   [ RunTime:0.0003s ]
NOTIC: [8] Undefined index: mapping_order D:\wamp\www\Hit\ThinkPHP\Library\Think\Model\RelationModel.class.php 第 186 行.
NOTIC: [8] Undefined index: mapping_limit D:\wamp\www\Hit\ThinkPHP\Library\Think\Model\RelationModel.class.php 第 187 行.
SQL: SELECT b.* FROM p_blog_attr AS a, p_attr AS b WHERE a.aid = b.id AND a. bid='57' [ RunTime:0.0003s ]
SQL: SELECT `name` FROM `p_cate` WHERE ( 1=1 AND id='24' ) LIMIT 1   [ RunTime:0.0002s ]
INFO: [ view_parse ] --START--
INFO: [ template_filter ] --START--
INFO: Run Behavior\ContentReplaceBehavior [ RunTime:0.000075s ]
INFO: [ template_filter ] --END-- [ RunTime:0.000170s ]
NOTIC: [8] Undefined index: id D:\wamp\www\Hit\Application\Runtime\Cache\Home\6d164f7c2f6ca2370f3ab6859ad5b9d7.php 第 6 行.
INFO: Run Behavior\ParseTemplateBehavior [ RunTime:0.018768s ]
INFO: [ view_parse ] --END-- [ RunTime:0.018853s ]
INFO: [ view_filter ] --START--
INFO: Run Behavior\WriteHtmlCacheBehavior [ RunTime:0.000545s ]
INFO: Run Behavior\TokenBuildBehavior [ RunTime:0.000828s ]
INFO: [ view_filter ] --END-- [ RunTime:0.001569s ]
INFO: [ app_end ] --START--
INFO: Run Behavior\ShowPageTraceBehavior [ RunTime:0.000699s ]
INFO: [ app_end ] --END-- [ RunTime:0.000790s ]

[ 2016-03-02T21:46:08+08:00 ] ::1 /Hit/index.php/Home/Blog/Blog
INFO: [ app_init ] --START--
INFO: Run Behavior\BuildLiteBehavior [ RunTime:0.000022s ]
INFO: [ app_init ] --END-- [ RunTime:0.000465s ]
INFO: [ app_begin ] --START--
INFO: Run Behavior\ReadHtmlCacheBehavior [ RunTime:0.000890s ]
INFO: [ app_begin ] --END-- [ RunTime:0.000998s ]
SQL: SHOW COLUMNS FROM `p_cate` [ RunTime:0.0035s ]
SQL: SELECT * FROM `p_cate` ORDER BY sort  [ RunTime:0.0004s ]
SQL: SHOW COLUMNS FROM `p_attr` [ RunTime:0.0037s ]
SQL: SELECT * FROM `p_attr`  [ RunTime:0.0004s ]
INFO: [ view_parse ] --START--
INFO: [ template_filter ] --START--
INFO: Run Behavior\ContentReplaceBehavior [ RunTime:0.000054s ]
INFO: [ template_filter ] --END-- [ RunTime:0.000144s ]
INFO: Run Behavior\ParseTemplateBehavior [ RunTime:0.018761s ]
INFO: [ view_parse ] --END-- [ RunTime:0.018874s ]
INFO: [ view_filter ] --START--
INFO: Run Behavior\WriteHtmlCacheBehavior [ RunTime:0.000501s ]
INFO: Run Behavior\TokenBuildBehavior [ RunTime:0.000702s ]
INFO: [ view_filter ] --END-- [ RunTime:0.001322s ]
INFO: [ app_end ] --START--
INFO: Run Behavior\ShowPageTraceBehavior [ RunTime:0.000735s ]
INFO: [ app_end ] --END-- [ RunTime:0.000828s ]

[ 2016-03-02T21:46:43+08:00 ] ::1 /Hit/index.php/Home/Blog/one/id/67
INFO: [ app_init ] --START--
INFO: Run Behavior\BuildLiteBehavior [ RunTime:0.000023s ]
INFO: [ app_init ] --END-- [ RunTime:0.000456s ]
INFO: [ app_begin ] --START--
INFO: Run Behavior\ReadHtmlCacheBehavior [ RunTime:0.000688s ]
INFO: [ app_begin ] --END-- [ RunTime:0.000774s ]
SQL: SHOW COLUMNS FROM `p_blog` [ RunTime:0.0050s ]
SQL: SELECT `id`,`title`,`content`,`time`,`click`,`cid`,`userid`,`username` FROM `p_blog` WHERE `del` = 0  [ RunTime:0.0005s ]
SQL: SHOW COLUMNS FROM `p_attr` [ RunTime:0.0031s ]
NOTIC: [8] Undefined index: mapping_order D:\wamp\www\Hit\ThinkPHP\Library\Think\Model\RelationModel.class.php 第 186 行.
NOTIC: [8] Undefined index: mapping_limit D:\wamp\www\Hit\ThinkPHP\Library\Think\Model\RelationModel.class.php 第 187 行.
SQL: SELECT b.* FROM p_blog_attr AS a, p_attr AS b WHERE a.aid = b.id AND a. bid='57' [ RunTime:0.0003s ]
SQL: SHOW COLUMNS FROM `p_cate` [ RunTime:0.0037s ]
SQL: SELECT `name` FROM `p_cate` WHERE ( 1=1 AND id='24' ) LIMIT 1   [ RunTime:0.0002s ]
NOTIC: [8] Undefined index: mapping_order D:\wamp\www\Hit\ThinkPHP\Library\Think\Model\RelationModel.class.php 第 186 行.
NOTIC: [8] Undefined index: mapping_limit D:\wamp\www\Hit\ThinkPHP\Library\Think\Model\RelationModel.class.php 第 187 行.
SQL: SELECT b.* FROM p_blog_attr AS a, p_attr AS b WHERE a.aid = b.id AND a. bid='58' [ RunTime:0.0002s ]
SQL: SELECT `name` FROM `p_cate` WHERE ( 1=1 AND id='21' ) LIMIT 1   [ RunTime:0.0002s ]
NOTIC: [8] Undefined index: mapping_order D:\wamp\www\Hit\ThinkPHP\Library\Think\Model\RelationModel.class.php 第 186 行.
NOTIC: [8] Undefined index: mapping_limit D:\wamp\www\Hit\ThinkPHP\Library\Think\Model\RelationModel.class.php 第 187 行.
SQL: SELECT b.* FROM p_blog_attr AS a, p_attr AS b WHERE a.aid = b.id AND a. bid='59' [ RunTime:0.0002s ]
SQL: SELECT `name` FROM `p_cate` WHERE ( 1=1 AND id='24' ) LIMIT 1   [ RunTime:0.0002s ]
NOTIC: [8] Undefined index: mapping_order D:\wamp\www\Hit\ThinkPHP\Library\Think\Model\RelationModel.class.php 第 186 行.
NOTIC: [8] Undefined index: mapping_limit D:\wamp\www\Hit\ThinkPHP\Library\Think\Model\RelationModel.class.php 第 187 行.
SQL: SELECT b.* FROM p_blog_attr AS a, p_attr AS b WHERE a.aid = b.id AND a. bid='60' [ RunTime:0.0002s ]
SQL: SELECT `name` FROM `p_cate` WHERE ( 1=1 AND id='19' ) LIMIT 1   [ RunTime:0.0002s ]
NOTIC: [8] Undefined index: mapping_order D:\wamp\www\Hit\ThinkPHP\Library\Think\Model\RelationModel.class.php 第 186 行.
NOTIC: [8] Undefined index: mapping_limit D:\wamp\www\Hit\ThinkPHP\Library\Think\Model\RelationModel.class.php 第 187 行.
SQL: SELECT b.* FROM p_blog_attr AS a, p_attr AS b WHERE a.aid = b.id AND a. bid='63' [ RunTime:0.0002s ]
SQL: SELECT `name` FROM `p_cate` WHERE ( 1=1 AND id='22' ) LIMIT 1   [ RunTime:0.0002s ]
NOTIC: [8] Undefined index: mapping_order D:\wamp\www\Hit\ThinkPHP\Library\Think\Model\RelationModel.class.php 第 186 行.
NOTIC: [8] Undefined index: mapping_limit D:\wamp\www\Hit\ThinkPHP\Library\Think\Model\RelationModel.class.php 第 187 行.
SQL: SELECT b.* FROM p_blog_attr AS a, p_attr AS b WHERE a.aid = b.id AND a. bid='65' [ RunTime:0.0002s ]
SQL: SELECT `name` FROM `p_cate` WHERE ( 1=1 AND id='24' ) LIMIT 1   [ RunTime:0.0002s ]
NOTIC: [8] Undefined index: mapping_order D:\wamp\www\Hit\ThinkPHP\Library\Think\Model\RelationModel.class.php 第 186 行.
NOTIC: [8] Undefined index: mapping_limit D:\wamp\www\Hit\ThinkPHP\Library\Think\Model\RelationModel.class.php 第 187 行.
SQL: SELECT b.* FROM p_blog_attr AS a, p_attr AS b WHERE a.aid = b.id AND a. bid='66' [ RunTime:0.0002s ]
SQL: SELECT `name` FROM `p_cate` WHERE ( 1=1 AND id='0' ) LIMIT 1   [ RunTime:0.0002s ]
NOTIC: [8] Undefined index: mapping_order D:\wamp\www\Hit\ThinkPHP\Library\Think\Model\RelationModel.class.php 第 186 行.
NOTIC: [8] Undefined index: mapping_limit D:\wamp\www\Hit\ThinkPHP\Library\Think\Model\RelationModel.class.php 第 187 行.
SQL: SELECT b.* FROM p_blog_attr AS a, p_attr AS b WHERE a.aid = b.id AND a. bid='67' [ RunTime:0.0002s ]
SQL: SELECT `name` FROM `p_cate` WHERE ( 1=1 AND id='23' ) LIMIT 1   [ RunTime:0.0002s ]
SQL: SELECT `id`,`title`,`content`,`time`,`click`,`cid`,`userid`,`username` FROM `p_blog` WHERE `id` = 67 AND `del` = 0  [ RunTime:0.0002s ]
NOTIC: [8] Undefined index: mapping_order D:\wamp\www\Hit\ThinkPHP\Library\Think\Model\RelationModel.class.php 第 186 行.
NOTIC: [8] Undefined index: mapping_limit D:\wamp\www\Hit\ThinkPHP\Library\Think\Model\RelationModel.class.php 第 187 行.
SQL: SELECT b.* FROM p_blog_attr AS a, p_attr AS b WHERE a.aid = b.id AND a. bid='67' [ RunTime:0.0003s ]
SQL: SELECT `name` FROM `p_cate` WHERE ( 1=1 AND id='23' ) LIMIT 1   [ RunTime:0.0002s ]
INFO: [ view_parse ] --START--
INFO: [ template_filter ] --START--
INFO: Run Behavior\ContentReplaceBehavior [ RunTime:0.000047s ]
INFO: [ template_filter ] --END-- [ RunTime:0.000135s ]
INFO: Run Behavior\ParseTemplateBehavior [ RunTime:0.008335s ]
INFO: [ view_parse ] --END-- [ RunTime:0.008452s ]
INFO: [ view_filter ] --START--
INFO: Run Behavior\WriteHtmlCacheBehavior [ RunTime:0.000488s ]
INFO: Run Behavior\TokenBuildBehavior [ RunTime:0.000648s ]
INFO: [ view_filter ] --END-- [ RunTime:0.001274s ]
INFO: [ app_end ] --START--
INFO: Run Behavior\ShowPageTraceBehavior [ RunTime:0.000718s ]
INFO: [ app_end ] --END-- [ RunTime:0.000795s ]

[ 2016-03-02T21:46:44+08:00 ] ::1 /Hit/index.php/Home/Blog/clickNum/id/67
INFO: [ app_init ] --START--
INFO: Run Behavior\BuildLiteBehavior [ RunTime:0.000023s ]
INFO: [ app_init ] --END-- [ RunTime:0.000462s ]
INFO: [ app_begin ] --START--
INFO: Run Behavior\ReadHtmlCacheBehavior [ RunTime:0.001215s ]
INFO: [ app_begin ] --END-- [ RunTime:0.001369s ]
SQL: SHOW COLUMNS FROM `p_blog` [ RunTime:0.0066s ]
SQL: SELECT `click` FROM `p_blog` WHERE `id` = 67 LIMIT 1   [ RunTime:0.0003s ]
SQL: UPDATE `p_blog` SET `click`=click+1 WHERE `id` = 67 [ RunTime:0.1735s ]
INFO: [ app_end ] --START--
INFO: Run Behavior\ShowPageTraceBehavior [ RunTime:0.002497s ]
INFO: [ app_end ] --END-- [ RunTime:0.002766s ]

[ 2016-03-02T21:47:50+08:00 ] ::1 /Hit/index.php/Home/Blog/one/id/67
INFO: [ app_init ] --START--
INFO: Run Behavior\BuildLiteBehavior [ RunTime:0.000025s ]
INFO: [ app_init ] --END-- [ RunTime:0.000580s ]
INFO: [ app_begin ] --START--
INFO: Run Behavior\ReadHtmlCacheBehavior [ RunTime:0.000740s ]
INFO: [ app_begin ] --END-- [ RunTime:0.000842s ]
SQL: SHOW COLUMNS FROM `p_blog` [ RunTime:0.0040s ]
SQL: SELECT `id`,`title`,`content`,`time`,`click`,`cid`,`userid`,`username` FROM `p_blog` WHERE `del` = 0  [ RunTime:0.0005s ]
SQL: SHOW COLUMNS FROM `p_attr` [ RunTime:0.0043s ]
NOTIC: [8] Undefined index: mapping_order D:\wamp\www\Hit\ThinkPHP\Library\Think\Model\RelationModel.class.php 第 186 行.
NOTIC: [8] Undefined index: mapping_limit D:\wamp\www\Hit\ThinkPHP\Library\Think\Model\RelationModel.class.php 第 187 行.
SQL: SELECT b.* FROM p_blog_attr AS a, p_attr AS b WHERE a.aid = b.id AND a. bid='57' [ RunTime:0.0007s ]
SQL: SHOW COLUMNS FROM `p_cate` [ RunTime:0.0036s ]
SQL: SELECT `name` FROM `p_cate` WHERE ( 1=1 AND id='24' ) LIMIT 1   [ RunTime:0.0003s ]
NOTIC: [8] Undefined index: mapping_order D:\wamp\www\Hit\ThinkPHP\Library\Think\Model\RelationModel.class.php 第 186 行.
NOTIC: [8] Undefined index: mapping_limit D:\wamp\www\Hit\ThinkPHP\Library\Think\Model\RelationModel.class.php 第 187 行.
SQL: SELECT b.* FROM p_blog_attr AS a, p_attr AS b WHERE a.aid = b.id AND a. bid='58' [ RunTime:0.0003s ]
SQL: SELECT `name` FROM `p_cate` WHERE ( 1=1 AND id='21' ) LIMIT 1   [ RunTime:0.0002s ]
NOTIC: [8] Undefined index: mapping_order D:\wamp\www\Hit\ThinkPHP\Library\Think\Model\RelationModel.class.php 第 186 行.
NOTIC: [8] Undefined index: mapping_limit D:\wamp\www\Hit\ThinkPHP\Library\Think\Model\RelationModel.class.php 第 187 行.
SQL: SELECT b.* FROM p_blog_attr AS a, p_attr AS b WHERE a.aid = b.id AND a. bid='59' [ RunTime:0.0002s ]
SQL: SELECT `name` FROM `p_cate` WHERE ( 1=1 AND id='24' ) LIMIT 1   [ RunTime:0.0002s ]
NOTIC: [8] Undefined index: mapping_order D:\wamp\www\Hit\ThinkPHP\Library\Think\Model\RelationModel.class.php 第 186 行.
NOTIC: [8] Undefined index: mapping_limit D:\wamp\www\Hit\ThinkPHP\Library\Think\Model\RelationModel.class.php 第 187 行.
SQL: SELECT b.* FROM p_blog_attr AS a, p_attr AS b WHERE a.aid = b.id AND a. bid='60' [ RunTime:0.0002s ]
SQL: SELECT `name` FROM `p_cate` WHERE ( 1=1 AND id='19' ) LIMIT 1   [ RunTime:0.0002s ]
NOTIC: [8] Undefined index: mapping_order D:\wamp\www\Hit\ThinkPHP\Library\Think\Model\RelationModel.class.php 第 186 行.
NOTIC: [8] Undefined index: mapping_limit D:\wamp\www\Hit\ThinkPHP\Library\Think\Model\RelationModel.class.php 第 187 行.
SQL: SELECT b.* FROM p_blog_attr AS a, p_attr AS b WHERE a.aid = b.id AND a. bid='63' [ RunTime:0.0002s ]
SQL: SELECT `name` FROM `p_cate` WHERE ( 1=1 AND id='22' ) LIMIT 1   [ RunTime:0.0002s ]
NOTIC: [8] Undefined index: mapping_order D:\wamp\www\Hit\ThinkPHP\Library\Think\Model\RelationModel.class.php 第 186 行.
NOTIC: [8] Undefined index: mapping_limit D:\wamp\www\Hit\ThinkPHP\Library\Think\Model\RelationModel.class.php 第 187 行.
SQL: SELECT b.* FROM p_blog_attr AS a, p_attr AS b WHERE a.aid = b.id AND a. bid='65' [ RunTime:0.0003s ]
SQL: SELECT `name` FROM `p_cate` WHERE ( 1=1 AND id='24' ) LIMIT 1   [ RunTime:0.0002s ]
NOTIC: [8] Undefined index: mapping_order D:\wamp\www\Hit\ThinkPHP\Library\Think\Model\RelationModel.class.php 第 186 行.
NOTIC: [8] Undefined index: mapping_limit D:\wamp\www\Hit\ThinkPHP\Library\Think\Model\RelationModel.class.php 第 187 行.
SQL: SELECT b.* FROM p_blog_attr AS a, p_attr AS b WHERE a.aid = b.id AND a. bid='66' [ RunTime:0.0002s ]
SQL: SELECT `name` FROM `p_cate` WHERE ( 1=1 AND id='0' ) LIMIT 1   [ RunTime:0.0002s ]
NOTIC: [8] Undefined index: mapping_order D:\wamp\www\Hit\ThinkPHP\Library\Think\Model\RelationModel.class.php 第 186 行.
NOTIC: [8] Undefined index: mapping_limit D:\wamp\www\Hit\ThinkPHP\Library\Think\Model\RelationModel.class.php 第 187 行.
SQL: SELECT b.* FROM p_blog_attr AS a, p_attr AS b WHERE a.aid = b.id AND a. bid='67' [ RunTime:0.0002s ]
SQL: SELECT `name` FROM `p_cate` WHERE ( 1=1 AND id='23' ) LIMIT 1   [ RunTime:0.0002s ]
SQL: SELECT `id`,`title`,`content`,`time`,`click`,`cid`,`userid`,`username` FROM `p_blog` WHERE `id` = 67 AND `del` = 0  [ RunTime:0.0002s ]
NOTIC: [8] Undefined index: mapping_order D:\wamp\www\Hit\ThinkPHP\Library\Think\Model\RelationModel.class.php 第 186 行.
NOTIC: [8] Undefined index: mapping_limit D:\wamp\www\Hit\ThinkPHP\Library\Think\Model\RelationModel.class.php 第 187 行.
SQL: SELECT b.* FROM p_blog_attr AS a, p_attr AS b WHERE a.aid = b.id AND a. bid='67' [ RunTime:0.0002s ]
SQL: SELECT `name` FROM `p_cate` WHERE ( 1=1 AND id='23' ) LIMIT 1   [ RunTime:0.0002s ]
INFO: [ view_parse ] --START--
INFO: [ template_filter ] --START--
INFO: Run Behavior\ContentReplaceBehavior [ RunTime:0.000047s ]
INFO: [ template_filter ] --END-- [ RunTime:0.000177s ]
INFO: Run Behavior\ParseTemplateBehavior [ RunTime:0.009211s ]
INFO: [ view_parse ] --END-- [ RunTime:0.009321s ]
INFO: [ view_filter ] --START--
INFO: Run Behavior\WriteHtmlCacheBehavior [ RunTime:0.000504s ]
INFO: Run Behavior\TokenBuildBehavior [ RunTime:0.000634s ]
INFO: [ view_filter ] --END-- [ RunTime:0.001258s ]
INFO: [ app_end ] --START--
INFO: Run Behavior\ShowPageTraceBehavior [ RunTime:0.000787s ]
INFO: [ app_end ] --END-- [ RunTime:0.000875s ]

[ 2016-03-02T21:47:50+08:00 ] ::1 /Hit/index.php/Home/Blog/clickNum/id/67
INFO: [ app_init ] --START--
INFO: Run Behavior\BuildLiteBehavior [ RunTime:0.000025s ]
INFO: [ app_init ] --END-- [ RunTime:0.000456s ]
INFO: [ app_begin ] --START--
INFO: Run Behavior\ReadHtmlCacheBehavior [ RunTime:0.002145s ]
INFO: [ app_begin ] --END-- [ RunTime:0.002364s ]
SQL: SHOW COLUMNS FROM `p_blog` [ RunTime:0.0056s ]
SQL: SELECT `click` FROM `p_blog` WHERE `id` = 67 LIMIT 1   [ RunTime:0.0003s ]
SQL: UPDATE `p_blog` SET `click`=click+1 WHERE `id` = 67 [ RunTime:0.0511s ]
INFO: [ app_end ] --START--
INFO: Run Behavior\ShowPageTraceBehavior [ RunTime:0.001066s ]
INFO: [ app_end ] --END-- [ RunTime:0.001184s ]

[ 2016-03-02T21:51:28+08:00 ] ::1 /Hit/index.php/Home/Blog/one/id/67
INFO: [ app_init ] --START--
INFO: Run Behavior\BuildLiteBehavior [ RunTime:0.000041s ]
INFO: [ app_init ] --END-- [ RunTime:0.000651s ]
INFO: [ app_begin ] --START--
INFO: Run Behavior\ReadHtmlCacheBehavior [ RunTime:0.001109s ]
INFO: [ app_begin ] --END-- [ RunTime:0.001260s ]
SQL: SHOW COLUMNS FROM `p_blog` [ RunTime:0.0094s ]
SQL: SELECT `id`,`title`,`content`,`time`,`click`,`cid`,`userid`,`username` FROM `p_blog` WHERE `del` = 0  [ RunTime:0.0006s ]
SQL: SHOW COLUMNS FROM `p_attr` [ RunTime:0.0037s ]
NOTIC: [8] Undefined index: mapping_order D:\wamp\www\Hit\ThinkPHP\Library\Think\Model\RelationModel.class.php 第 186 行.
NOTIC: [8] Undefined index: mapping_limit D:\wamp\www\Hit\ThinkPHP\Library\Think\Model\RelationModel.class.php 第 187 行.
SQL: SELECT b.* FROM p_blog_attr AS a, p_attr AS b WHERE a.aid = b.id AND a. bid='57' [ RunTime:0.0006s ]
SQL: SHOW COLUMNS FROM `p_cate` [ RunTime:0.0043s ]
SQL: SELECT `name` FROM `p_cate` WHERE ( 1=1 AND id='24' ) LIMIT 1   [ RunTime:0.0005s ]
NOTIC: [8] Undefined index: mapping_order D:\wamp\www\Hit\ThinkPHP\Library\Think\Model\RelationModel.class.php 第 186 行.
NOTIC: [8] Undefined index: mapping_limit D:\wamp\www\Hit\ThinkPHP\Library\Think\Model\RelationModel.class.php 第 187 行.
SQL: SELECT b.* FROM p_blog_attr AS a, p_attr AS b WHERE a.aid = b.id AND a. bid='58' [ RunTime:0.0004s ]
SQL: SELECT `name` FROM `p_cate` WHERE ( 1=1 AND id='21' ) LIMIT 1   [ RunTime:0.0002s ]
NOTIC: [8] Undefined index: mapping_order D:\wamp\www\Hit\ThinkPHP\Library\Think\Model\RelationModel.class.php 第 186 行.
NOTIC: [8] Undefined index: mapping_limit D:\wamp\www\Hit\ThinkPHP\Library\Think\Model\RelationModel.class.php 第 187 行.
SQL: SELECT b.* FROM p_blog_attr AS a, p_attr AS b WHERE a.aid = b.id AND a. bid='59' [ RunTime:0.0003s ]
SQL: SELECT `name` FROM `p_cate` WHERE ( 1=1 AND id='24' ) LIMIT 1   [ RunTime:0.0003s ]
NOTIC: [8] Undefined index: mapping_order D:\wamp\www\Hit\ThinkPHP\Library\Think\Model\RelationModel.class.php 第 186 行.
NOTIC: [8] Undefined index: mapping_limit D:\wamp\www\Hit\ThinkPHP\Library\Think\Model\RelationModel.class.php 第 187 行.
SQL: SELECT b.* FROM p_blog_attr AS a, p_attr AS b WHERE a.aid = b.id AND a. bid='60' [ RunTime:0.0004s ]
SQL: SELECT `name` FROM `p_cate` WHERE ( 1=1 AND id='19' ) LIMIT 1   [ RunTime:0.0003s ]
NOTIC: [8] Undefined index: mapping_order D:\wamp\www\Hit\ThinkPHP\Library\Think\Model\RelationModel.class.php 第 186 行.
NOTIC: [8] Undefined index: mapping_limit D:\wamp\www\Hit\ThinkPHP\Library\Think\Model\RelationModel.class.php 第 187 行.
SQL: SELECT b.* FROM p_blog_attr AS a, p_attr AS b WHERE a.aid = b.id AND a. bid='63' [ RunTime:0.0003s ]
SQL: SELECT `name` FROM `p_cate` WHERE ( 1=1 AND id='22' ) LIMIT 1   [ RunTime:0.0003s ]
NOTIC: [8] Undefined index: mapping_order D:\wamp\www\Hit\ThinkPHP\Library\Think\Model\RelationModel.class.php 第 186 行.
NOTIC: [8] Undefined index: mapping_limit D:\wamp\www\Hit\ThinkPHP\Library\Think\Model\RelationModel.class.php 第 187 行.
SQL: SELECT b.* FROM p_blog_attr AS a, p_attr AS b WHERE a.aid = b.id AND a. bid='65' [ RunTime:0.0003s ]
SQL: SELECT `name` FROM `p_cate` WHERE ( 1=1 AND id='24' ) LIMIT 1   [ RunTime:0.0002s ]
NOTIC: [8] Undefined index: mapping_order D:\wamp\www\Hit\ThinkPHP\Library\Think\Model\RelationModel.class.php 第 186 行.
NOTIC: [8] Undefined index: mapping_limit D:\wamp\www\Hit\ThinkPHP\Library\Think\Model\RelationModel.class.php 第 187 行.
SQL: SELECT b.* FROM p_blog_attr AS a, p_attr AS b WHERE a.aid = b.id AND a. bid='66' [ RunTime:0.0003s ]
SQL: SELECT `name` FROM `p_cate` WHERE ( 1=1 AND id='0' ) LIMIT 1   [ RunTime:0.0002s ]
NOTIC: [8] Undefined index: mapping_order D:\wamp\www\Hit\ThinkPHP\Library\Think\Model\RelationModel.class.php 第 186 行.
NOTIC: [8] Undefined index: mapping_limit D:\wamp\www\Hit\ThinkPHP\Library\Think\Model\RelationModel.class.php 第 187 行.
SQL: SELECT b.* FROM p_blog_attr AS a, p_attr AS b WHERE a.aid = b.id AND a. bid='67' [ RunTime:0.0003s ]
SQL: SELECT `name` FROM `p_cate` WHERE ( 1=1 AND id='23' ) LIMIT 1   [ RunTime:0.0003s ]
SQL: SELECT `id`,`title`,`content`,`time`,`click`,`cid`,`userid`,`username` FROM `p_blog` WHERE `id` = 67 AND `del` = 0  [ RunTime:0.0004s ]
NOTIC: [8] Undefined index: mapping_order D:\wamp\www\Hit\ThinkPHP\Library\Think\Model\RelationModel.class.php 第 186 行.
NOTIC: [8] Undefined index: mapping_limit D:\wamp\www\Hit\ThinkPHP\Library\Think\Model\RelationModel.class.php 第 187 行.
SQL: SELECT b.* FROM p_blog_attr AS a, p_attr AS b WHERE a.aid = b.id AND a. bid='67' [ RunTime:0.0003s ]
SQL: SELECT `name` FROM `p_cate` WHERE ( 1=1 AND id='23' ) LIMIT 1   [ RunTime:0.0003s ]
INFO: [ view_parse ] --START--
INFO: [ template_filter ] --START--
INFO: Run Behavior\ContentReplaceBehavior [ RunTime:0.000067s ]
INFO: [ template_filter ] --END-- [ RunTime:0.000187s ]
INFO: Run Behavior\ParseTemplateBehavior [ RunTime:0.011030s ]
INFO: [ view_parse ] --END-- [ RunTime:0.011158s ]
INFO: [ view_filter ] --START--
INFO: Run Behavior\WriteHtmlCacheBehavior [ RunTime:0.000675s ]
INFO: Run Behavior\TokenBuildBehavior [ RunTime:0.000899s ]
INFO: [ view_filter ] --END-- [ RunTime:0.001749s ]
INFO: [ app_end ] --START--
INFO: Run Behavior\ShowPageTraceBehavior [ RunTime:0.001120s ]
INFO: [ app_end ] --END-- [ RunTime:0.001240s ]

[ 2016-03-02T21:51:28+08:00 ] ::1 /Hit/index.php/Home/Blog/clickNum/id/67
INFO: [ app_init ] --START--
INFO: Run Behavior\BuildLiteBehavior [ RunTime:0.000023s ]
INFO: [ app_init ] --END-- [ RunTime:0.000512s ]
INFO: [ app_begin ] --START--
INFO: Run Behavior\ReadHtmlCacheBehavior [ RunTime:0.000757s ]
INFO: [ app_begin ] --END-- [ RunTime:0.000856s ]
SQL: SHOW COLUMNS FROM `p_blog` [ RunTime:0.0562s ]
SQL: SELECT `click` FROM `p_blog` WHERE `id` = 67 LIMIT 1   [ RunTime:0.0002s ]
SQL: UPDATE `p_blog` SET `click`=click+1 WHERE `id` = 67 [ RunTime:0.0727s ]
INFO: [ app_end ] --START--
INFO: Run Behavior\ShowPageTraceBehavior [ RunTime:0.000963s ]
INFO: [ app_end ] --END-- [ RunTime:0.001070s ]

[ 2016-03-02T21:51:29+08:00 ] ::1 /Hit/index.php/Home/Blog/one/id/67?content=&__hash__=e9ce0024ff6f7b7160d36f11738764f4_4454ab5952060b6b321a9671e8447234
INFO: [ app_init ] --START--
INFO: Run Behavior\BuildLiteBehavior [ RunTime:0.000037s ]
INFO: [ app_init ] --END-- [ RunTime:0.000715s ]
INFO: [ app_begin ] --START--
INFO: Run Behavior\ReadHtmlCacheBehavior [ RunTime:0.001131s ]
INFO: [ app_begin ] --END-- [ RunTime:0.001298s ]
SQL: SHOW COLUMNS FROM `p_blog` [ RunTime:0.0046s ]
SQL: SELECT `id`,`title`,`content`,`time`,`click`,`cid`,`userid`,`username` FROM `p_blog` WHERE `del` = 0  [ RunTime:0.0006s ]
SQL: SHOW COLUMNS FROM `p_attr` [ RunTime:0.0044s ]
NOTIC: [8] Undefined index: mapping_order D:\wamp\www\Hit\ThinkPHP\Library\Think\Model\RelationModel.class.php 第 186 行.
NOTIC: [8] Undefined index: mapping_limit D:\wamp\www\Hit\ThinkPHP\Library\Think\Model\RelationModel.class.php 第 187 行.
SQL: SELECT b.* FROM p_blog_attr AS a, p_attr AS b WHERE a.aid = b.id AND a. bid='57' [ RunTime:0.0004s ]
SQL: SHOW COLUMNS FROM `p_cate` [ RunTime:0.0045s ]
SQL: SELECT `name` FROM `p_cate` WHERE ( 1=1 AND id='24' ) LIMIT 1   [ RunTime:0.0004s ]
NOTIC: [8] Undefined index: mapping_order D:\wamp\www\Hit\ThinkPHP\Library\Think\Model\RelationModel.class.php 第 186 行.
NOTIC: [8] Undefined index: mapping_limit D:\wamp\www\Hit\ThinkPHP\Library\Think\Model\RelationModel.class.php 第 187 行.
SQL: SELECT b.* FROM p_blog_attr AS a, p_attr AS b WHERE a.aid = b.id AND a. bid='58' [ RunTime:0.0007s ]
SQL: SELECT `name` FROM `p_cate` WHERE ( 1=1 AND id='21' ) LIMIT 1   [ RunTime:0.0002s ]
NOTIC: [8] Undefined index: mapping_order D:\wamp\www\Hit\ThinkPHP\Library\Think\Model\RelationModel.class.php 第 186 行.
NOTIC: [8] Undefined index: mapping_limit D:\wamp\www\Hit\ThinkPHP\Library\Think\Model\RelationModel.class.php 第 187 行.
SQL: SELECT b.* FROM p_blog_attr AS a, p_attr AS b WHERE a.aid = b.id AND a. bid='59' [ RunTime:0.0003s ]
SQL: SELECT `name` FROM `p_cate` WHERE ( 1=1 AND id='24' ) LIMIT 1   [ RunTime:0.0002s ]
NOTIC: [8] Undefined index: mapping_order D:\wamp\www\Hit\ThinkPHP\Library\Think\Model\RelationModel.class.php 第 186 行.
NOTIC: [8] Undefined index: mapping_limit D:\wamp\www\Hit\ThinkPHP\Library\Think\Model\RelationModel.class.php 第 187 行.
SQL: SELECT b.* FROM p_blog_attr AS a, p_attr AS b WHERE a.aid = b.id AND a. bid='60' [ RunTime:0.0003s ]
SQL: SELECT `name` FROM `p_cate` WHERE ( 1=1 AND id='19' ) LIMIT 1   [ RunTime:0.0002s ]
NOTIC: [8] Undefined index: mapping_order D:\wamp\www\Hit\ThinkPHP\Library\Think\Model\RelationModel.class.php 第 186 行.
NOTIC: [8] Undefined index: mapping_limit D:\wamp\www\Hit\ThinkPHP\Library\Think\Model\RelationModel.class.php 第 187 行.
SQL: SELECT b.* FROM p_blog_attr AS a, p_attr AS b WHERE a.aid = b.id AND a. bid='63' [ RunTime:0.0003s ]
SQL: SELECT `name` FROM `p_cate` WHERE ( 1=1 AND id='22' ) LIMIT 1   [ RunTime:0.0002s ]
NOTIC: [8] Undefined index: mapping_order D:\wamp\www\Hit\ThinkPHP\Library\Think\Model\RelationModel.class.php 第 186 行.
NOTIC: [8] Undefined index: mapping_limit D:\wamp\www\Hit\ThinkPHP\Library\Think\Model\RelationModel.class.php 第 187 行.
SQL: SELECT b.* FROM p_blog_attr AS a, p_attr AS b WHERE a.aid = b.id AND a. bid='65' [ RunTime:0.0003s ]
SQL: SELECT `name` FROM `p_cate` WHERE ( 1=1 AND id='24' ) LIMIT 1   [ RunTime:0.0002s ]
NOTIC: [8] Undefined index: mapping_order D:\wamp\www\Hit\ThinkPHP\Library\Think\Model\RelationModel.class.php 第 186 行.
NOTIC: [8] Undefined index: mapping_limit D:\wamp\www\Hit\ThinkPHP\Library\Think\Model\RelationModel.class.php 第 187 行.
SQL: SELECT b.* FROM p_blog_attr AS a, p_attr AS b WHERE a.aid = b.id AND a. bid='66' [ RunTime:0.0002s ]
SQL: SELECT `name` FROM `p_cate` WHERE ( 1=1 AND id='0' ) LIMIT 1   [ RunTime:0.0002s ]
NOTIC: [8] Undefined index: mapping_order D:\wamp\www\Hit\ThinkPHP\Library\Think\Model\RelationModel.class.php 第 186 行.
NOTIC: [8] Undefined index: mapping_limit D:\wamp\www\Hit\ThinkPHP\Library\Think\Model\RelationModel.class.php 第 187 行.
SQL: SELECT b.* FROM p_blog_attr AS a, p_attr AS b WHERE a.aid = b.id AND a. bid='67' [ RunTime:0.0002s ]
SQL: SELECT `name` FROM `p_cate` WHERE ( 1=1 AND id='23' ) LIMIT 1   [ RunTime:0.0002s ]
SQL: SELECT `id`,`title`,`content`,`time`,`click`,`cid`,`userid`,`username` FROM `p_blog` WHERE `id` = 67 AND `del` = 0  [ RunTime:0.0002s ]
NOTIC: [8] Undefined index: mapping_order D:\wamp\www\Hit\ThinkPHP\Library\Think\Model\RelationModel.class.php 第 186 行.
NOTIC: [8] Undefined index: mapping_limit D:\wamp\www\Hit\ThinkPHP\Library\Think\Model\RelationModel.class.php 第 187 行.
SQL: SELECT b.* FROM p_blog_attr AS a, p_attr AS b WHERE a.aid = b.id AND a. bid='67' [ RunTime:0.0003s ]
SQL: SELECT `name` FROM `p_cate` WHERE ( 1=1 AND id='23' ) LIMIT 1   [ RunTime:0.0002s ]
INFO: [ view_parse ] --START--
INFO: [ template_filter ] --START--
INFO: Run Behavior\ContentReplaceBehavior [ RunTime:0.000054s ]
INFO: [ template_filter ] --END-- [ RunTime:0.000155s ]
INFO: Run Behavior\ParseTemplateBehavior [ RunTime:0.010709s ]
INFO: [ view_parse ] --END-- [ RunTime:0.010903s ]
INFO: [ view_filter ] --START--
INFO: Run Behavior\WriteHtmlCacheBehavior [ RunTime:0.000886s ]
INFO: Run Behavior\TokenBuildBehavior [ RunTime:0.001034s ]
INFO: [ view_filter ] --END-- [ RunTime:0.002185s ]
INFO: [ app_end ] --START--
INFO: Run Behavior\ShowPageTraceBehavior [ RunTime:0.001183s ]
INFO: [ app_end ] --END-- [ RunTime:0.001327s ]

[ 2016-03-02T21:51:29+08:00 ] ::1 /Hit/index.php/Home/Blog/clickNum/id/67
INFO: [ app_init ] --START--
INFO: Run Behavior\BuildLiteBehavior [ RunTime:0.000028s ]
INFO: [ app_init ] --END-- [ RunTime:0.000506s ]
INFO: [ app_begin ] --START--
INFO: Run Behavior\ReadHtmlCacheBehavior [ RunTime:0.002558s ]
INFO: [ app_begin ] --END-- [ RunTime:0.002770s ]
SQL: SHOW COLUMNS FROM `p_blog` [ RunTime:0.0045s ]
SQL: SELECT `click` FROM `p_blog` WHERE `id` = 67 LIMIT 1   [ RunTime:0.0002s ]
SQL: UPDATE `p_blog` SET `click`=click+1 WHERE `id` = 67 [ RunTime:0.0642s ]
INFO: [ app_end ] --START--
INFO: Run Behavior\ShowPageTraceBehavior [ RunTime:0.001630s ]
INFO: [ app_end ] --END-- [ RunTime:0.001807s ]

[ 2016-03-02T21:54:14+08:00 ] ::1 /Hit/index.php/Home/Blog/one/id/67?content=&__hash__=e9ce0024ff6f7b7160d36f11738764f4_4454ab5952060b6b321a9671e8447234
INFO: [ app_init ] --START--
INFO: Run Behavior\BuildLiteBehavior [ RunTime:0.000035s ]
INFO: [ app_init ] --END-- [ RunTime:0.000662s ]
INFO: [ app_begin ] --START--
INFO: Run Behavior\ReadHtmlCacheBehavior [ RunTime:0.001170s ]
INFO: [ app_begin ] --END-- [ RunTime:0.001312s ]
SQL: SHOW COLUMNS FROM `p_blog` [ RunTime:0.0078s ]
SQL: SELECT `id`,`title`,`content`,`time`,`click`,`cid`,`userid`,`username` FROM `p_blog` WHERE `del` = 0  [ RunTime:0.0006s ]
SQL: SHOW COLUMNS FROM `p_attr` [ RunTime:0.0037s ]
NOTIC: [8] Undefined index: mapping_order D:\wamp\www\Hit\ThinkPHP\Library\Think\Model\RelationModel.class.php 第 186 行.
NOTIC: [8] Undefined index: mapping_limit D:\wamp\www\Hit\ThinkPHP\Library\Think\Model\RelationModel.class.php 第 187 行.
SQL: SELECT b.* FROM p_blog_attr AS a, p_attr AS b WHERE a.aid = b.id AND a. bid='57' [ RunTime:0.0005s ]
SQL: SHOW COLUMNS FROM `p_cate` [ RunTime:0.0036s ]
SQL: SELECT `name` FROM `p_cate` WHERE ( 1=1 AND id='24' ) LIMIT 1   [ RunTime:0.0003s ]
NOTIC: [8] Undefined index: mapping_order D:\wamp\www\Hit\ThinkPHP\Library\Think\Model\RelationModel.class.php 第 186 行.
NOTIC: [8] Undefined index: mapping_limit D:\wamp\www\Hit\ThinkPHP\Library\Think\Model\RelationModel.class.php 第 187 行.
SQL: SELECT b.* FROM p_blog_attr AS a, p_attr AS b WHERE a.aid = b.id AND a. bid='58' [ RunTime:0.0003s ]
SQL: SELECT `name` FROM `p_cate` WHERE ( 1=1 AND id='21' ) LIMIT 1   [ RunTime:0.0002s ]
NOTIC: [8] Undefined index: mapping_order D:\wamp\www\Hit\ThinkPHP\Library\Think\Model\RelationModel.class.php 第 186 行.
NOTIC: [8] Undefined index: mapping_limit D:\wamp\www\Hit\ThinkPHP\Library\Think\Model\RelationModel.class.php 第 187 行.
SQL: SELECT b.* FROM p_blog_attr AS a, p_attr AS b WHERE a.aid = b.id AND a. bid='59' [ RunTime:0.0003s ]
SQL: SELECT `name` FROM `p_cate` WHERE ( 1=1 AND id='24' ) LIMIT 1   [ RunTime:0.0002s ]
NOTIC: [8] Undefined index: mapping_order D:\wamp\www\Hit\ThinkPHP\Library\Think\Model\RelationModel.class.php 第 186 行.
NOTIC: [8] Undefined index: mapping_limit D:\wamp\www\Hit\ThinkPHP\Library\Think\Model\RelationModel.class.php 第 187 行.
SQL: SELECT b.* FROM p_blog_attr AS a, p_attr AS b WHERE a.aid = b.id AND a. bid='60' [ RunTime:0.0005s ]
SQL: SELECT `name` FROM `p_cate` WHERE ( 1=1 AND id='19' ) LIMIT 1   [ RunTime:0.0003s ]
NOTIC: [8] Undefined index: mapping_order D:\wamp\www\Hit\ThinkPHP\Library\Think\Model\RelationModel.class.php 第 186 行.
NOTIC: [8] Undefined index: mapping_limit D:\wamp\www\Hit\ThinkPHP\Library\Think\Model\RelationModel.class.php 第 187 行.
SQL: SELECT b.* FROM p_blog_attr AS a, p_attr AS b WHERE a.aid = b.id AND a. bid='63' [ RunTime:0.0004s ]
SQL: SELECT `name` FROM `p_cate` WHERE ( 1=1 AND id='22' ) LIMIT 1   [ RunTime:0.0003s ]
NOTIC: [8] Undefined index: mapping_order D:\wamp\www\Hit\ThinkPHP\Library\Think\Model\RelationModel.class.php 第 186 行.
NOTIC: [8] Undefined index: mapping_limit D:\wamp\www\Hit\ThinkPHP\Library\Think\Model\RelationModel.class.php 第 187 行.
SQL: SELECT b.* FROM p_blog_attr AS a, p_attr AS b WHERE a.aid = b.id AND a. bid='65' [ RunTime:0.0004s ]
SQL: SELECT `name` FROM `p_cate` WHERE ( 1=1 AND id='24' ) LIMIT 1   [ RunTime:0.0003s ]
NOTIC: [8] Undefined index: mapping_order D:\wamp\www\Hit\ThinkPHP\Library\Think\Model\RelationModel.class.php 第 186 行.
NOTIC: [8] Undefined index: mapping_limit D:\wamp\www\Hit\ThinkPHP\Library\Think\Model\RelationModel.class.php 第 187 行.
SQL: SELECT b.* FROM p_blog_attr AS a, p_attr AS b WHERE a.aid = b.id AND a. bid='66' [ RunTime:0.0003s ]
SQL: SELECT `name` FROM `p_cate` WHERE ( 1=1 AND id='0' ) LIMIT 1   [ RunTime:0.0002s ]
NOTIC: [8] Undefined index: mapping_order D:\wamp\www\Hit\ThinkPHP\Library\Think\Model\RelationModel.class.php 第 186 行.
NOTIC: [8] Undefined index: mapping_limit D:\wamp\www\Hit\ThinkPHP\Library\Think\Model\RelationModel.class.php 第 187 行.
SQL: SELECT b.* FROM p_blog_attr AS a, p_attr AS b WHERE a.aid = b.id AND a. bid='67' [ RunTime:0.0002s ]
SQL: SELECT `name` FROM `p_cate` WHERE ( 1=1 AND id='23' ) LIMIT 1   [ RunTime:0.0002s ]
SQL: SELECT `id`,`title`,`content`,`time`,`click`,`cid`,`userid`,`username` FROM `p_blog` WHERE `id` = 67 AND `del` = 0  [ RunTime:0.0002s ]
NOTIC: [8] Undefined index: mapping_order D:\wamp\www\Hit\ThinkPHP\Library\Think\Model\RelationModel.class.php 第 186 行.
NOTIC: [8] Undefined index: mapping_limit D:\wamp\www\Hit\ThinkPHP\Library\Think\Model\RelationModel.class.php 第 187 行.
SQL: SELECT b.* FROM p_blog_attr AS a, p_attr AS b WHERE a.aid = b.id AND a. bid='67' [ RunTime:0.0003s ]
SQL: SELECT `name` FROM `p_cate` WHERE ( 1=1 AND id='23' ) LIMIT 1   [ RunTime:0.0002s ]
INFO: [ view_parse ] --START--
INFO: [ template_filter ] --START--
INFO: Run Behavior\ContentReplaceBehavior [ RunTime:0.000048s ]
INFO: [ template_filter ] --END-- [ RunTime:0.000133s ]
INFO: Run Behavior\ParseTemplateBehavior [ RunTime:0.008405s ]
INFO: [ view_parse ] --END-- [ RunTime:0.008505s ]
INFO: [ view_filter ] --START--
INFO: Run Behavior\WriteHtmlCacheBehavior [ RunTime:0.000502s ]
INFO: Run Behavior\TokenBuildBehavior [ RunTime:0.000953s ]
INFO: [ view_filter ] --END-- [ RunTime:0.001669s ]
INFO: [ app_end ] --START--
INFO: Run Behavior\ShowPageTraceBehavior [ RunTime:0.000809s ]
INFO: [ app_end ] --END-- [ RunTime:0.000908s ]

[ 2016-03-02T21:54:14+08:00 ] ::1 /Hit/index.php/Home/Blog/clickNum/id/67
INFO: [ app_init ] --START--
INFO: Run Behavior\BuildLiteBehavior [ RunTime:0.000030s ]
INFO: [ app_init ] --END-- [ RunTime:0.000600s ]
INFO: [ app_begin ] --START--
INFO: Run Behavior\ReadHtmlCacheBehavior [ RunTime:0.000774s ]
INFO: [ app_begin ] --END-- [ RunTime:0.000873s ]
SQL: SHOW COLUMNS FROM `p_blog` [ RunTime:0.0039s ]
SQL: SELECT `click` FROM `p_blog` WHERE `id` = 67 LIMIT 1   [ RunTime:0.0003s ]
SQL: UPDATE `p_blog` SET `click`=click+1 WHERE `id` = 67 [ RunTime:0.1143s ]
INFO: [ app_end ] --START--
INFO: Run Behavior\ShowPageTraceBehavior [ RunTime:0.000920s ]
INFO: [ app_end ] --END-- [ RunTime:0.001018s ]

[ 2016-03-02T21:57:08+08:00 ] ::1 /Hit/index.php/Home/Blog/one/id/67?content=&__hash__=f2e86daf1fe3f29236f8c11c7d583be0_b0daa833b25145f14fc67f8425c078df
INFO: [ app_init ] --START--
INFO: Run Behavior\BuildLiteBehavior [ RunTime:0.000027s ]
INFO: [ app_init ] --END-- [ RunTime:0.000795s ]
INFO: [ app_begin ] --START--
INFO: Run Behavior\ReadHtmlCacheBehavior [ RunTime:0.001070s ]
INFO: [ app_begin ] --END-- [ RunTime:0.001172s ]
SQL: SHOW COLUMNS FROM `p_blog` [ RunTime:0.0075s ]
SQL: SELECT `id`,`title`,`content`,`time`,`click`,`cid`,`userid`,`username` FROM `p_blog` WHERE `del` = 0  [ RunTime:0.0006s ]
SQL: SHOW COLUMNS FROM `p_attr` [ RunTime:0.0037s ]
NOTIC: [8] Undefined index: mapping_order D:\wamp\www\Hit\ThinkPHP\Library\Think\Model\RelationModel.class.php 第 186 行.
NOTIC: [8] Undefined index: mapping_limit D:\wamp\www\Hit\ThinkPHP\Library\Think\Model\RelationModel.class.php 第 187 行.
SQL: SELECT b.* FROM p_blog_attr AS a, p_attr AS b WHERE a.aid = b.id AND a. bid='57' [ RunTime:0.0003s ]
SQL: SHOW COLUMNS FROM `p_cate` [ RunTime:0.0034s ]
SQL: SELECT `name` FROM `p_cate` WHERE ( 1=1 AND id='24' ) LIMIT 1   [ RunTime:0.0003s ]
NOTIC: [8] Undefined index: mapping_order D:\wamp\www\Hit\ThinkPHP\Library\Think\Model\RelationModel.class.php 第 186 行.
NOTIC: [8] Undefined index: mapping_limit D:\wamp\www\Hit\ThinkPHP\Library\Think\Model\RelationModel.class.php 第 187 行.
SQL: SELECT b.* FROM p_blog_attr AS a, p_attr AS b WHERE a.aid = b.id AND a. bid='58' [ RunTime:0.0003s ]
SQL: SELECT `name` FROM `p_cate` WHERE ( 1=1 AND id='21' ) LIMIT 1   [ RunTime:0.0002s ]
NOTIC: [8] Undefined index: mapping_order D:\wamp\www\Hit\ThinkPHP\Library\Think\Model\RelationModel.class.php 第 186 行.
NOTIC: [8] Undefined index: mapping_limit D:\wamp\www\Hit\ThinkPHP\Library\Think\Model\RelationModel.class.php 第 187 行.
SQL: SELECT b.* FROM p_blog_attr AS a, p_attr AS b WHERE a.aid = b.id AND a. bid='59' [ RunTime:0.0002s ]
SQL: SELECT `name` FROM `p_cate` WHERE ( 1=1 AND id='24' ) LIMIT 1   [ RunTime:0.0002s ]
NOTIC: [8] Undefined index: mapping_order D:\wamp\www\Hit\ThinkPHP\Library\Think\Model\RelationModel.class.php 第 186 行.
NOTIC: [8] Undefined index: mapping_limit D:\wamp\www\Hit\ThinkPHP\Library\Think\Model\RelationModel.class.php 第 187 行.
SQL: SELECT b.* FROM p_blog_attr AS a, p_attr AS b WHERE a.aid = b.id AND a. bid='60' [ RunTime:0.0003s ]
SQL: SELECT `name` FROM `p_cate` WHERE ( 1=1 AND id='19' ) LIMIT 1   [ RunTime:0.0002s ]
NOTIC: [8] Undefined index: mapping_order D:\wamp\www\Hit\ThinkPHP\Library\Think\Model\RelationModel.class.php 第 186 行.
NOTIC: [8] Undefined index: mapping_limit D:\wamp\www\Hit\ThinkPHP\Library\Think\Model\RelationModel.class.php 第 187 行.
SQL: SELECT b.* FROM p_blog_attr AS a, p_attr AS b WHERE a.aid = b.id AND a. bid='63' [ RunTime:0.0002s ]
SQL: SELECT `name` FROM `p_cate` WHERE ( 1=1 AND id='22' ) LIMIT 1   [ RunTime:0.0002s ]
NOTIC: [8] Undefined index: mapping_order D:\wamp\www\Hit\ThinkPHP\Library\Think\Model\RelationModel.class.php 第 186 行.
NOTIC: [8] Undefined index: mapping_limit D:\wamp\www\Hit\ThinkPHP\Library\Think\Model\RelationModel.class.php 第 187 行.
SQL: SELECT b.* FROM p_blog_attr AS a, p_attr AS b WHERE a.aid = b.id AND a. bid='65' [ RunTime:0.0003s ]
SQL: SELECT `name` FROM `p_cate` WHERE ( 1=1 AND id='24' ) LIMIT 1   [ RunTime:0.0002s ]
NOTIC: [8] Undefined index: mapping_order D:\wamp\www\Hit\ThinkPHP\Library\Think\Model\RelationModel.class.php 第 186 行.
NOTIC: [8] Undefined index: mapping_limit D:\wamp\www\Hit\ThinkPHP\Library\Think\Model\RelationModel.class.php 第 187 行.
SQL: SELECT b.* FROM p_blog_attr AS a, p_attr AS b WHERE a.aid = b.id AND a. bid='66' [ RunTime:0.0003s ]
SQL: SELECT `name` FROM `p_cate` WHERE ( 1=1 AND id='0' ) LIMIT 1   [ RunTime:0.0003s ]
NOTIC: [8] Undefined index: mapping_order D:\wamp\www\Hit\ThinkPHP\Library\Think\Model\RelationModel.class.php 第 186 行.
NOTIC: [8] Undefined index: mapping_limit D:\wamp\www\Hit\ThinkPHP\Library\Think\Model\RelationModel.class.php 第 187 行.
SQL: SELECT b.* FROM p_blog_attr AS a, p_attr AS b WHERE a.aid = b.id AND a. bid='67' [ RunTime:0.0003s ]
SQL: SELECT `name` FROM `p_cate` WHERE ( 1=1 AND id='23' ) LIMIT 1   [ RunTime:0.0002s ]
SQL: SELECT `id`,`title`,`content`,`time`,`click`,`cid`,`userid`,`username` FROM `p_blog` WHERE `id` = 67 AND `del` = 0  [ RunTime:0.0003s ]
NOTIC: [8] Undefined index: mapping_order D:\wamp\www\Hit\ThinkPHP\Library\Think\Model\RelationModel.class.php 第 186 行.
NOTIC: [8] Undefined index: mapping_limit D:\wamp\www\Hit\ThinkPHP\Library\Think\Model\RelationModel.class.php 第 187 行.
SQL: SELECT b.* FROM p_blog_attr AS a, p_attr AS b WHERE a.aid = b.id AND a. bid='67' [ RunTime:0.0003s ]
SQL: SELECT `name` FROM `p_cate` WHERE ( 1=1 AND id='23' ) LIMIT 1   [ RunTime:0.0002s ]
INFO: [ view_parse ] --START--
INFO: [ template_filter ] --START--
INFO: Run Behavior\ContentReplaceBehavior [ RunTime:0.000050s ]
INFO: [ template_filter ] --END-- [ RunTime:0.000170s ]
INFO: Run Behavior\ParseTemplateBehavior [ RunTime:0.008849s ]
INFO: [ view_parse ] --END-- [ RunTime:0.008973s ]
INFO: [ view_filter ] --START--
INFO: Run Behavior\WriteHtmlCacheBehavior [ RunTime:0.000541s ]
INFO: Run Behavior\TokenBuildBehavior [ RunTime:0.001353s ]
INFO: [ view_filter ] --END-- [ RunTime:0.002142s ]
INFO: [ app_end ] --START--
INFO: Run Behavior\ShowPageTraceBehavior [ RunTime:0.001176s ]
INFO: [ app_end ] --END-- [ RunTime:0.001318s ]

[ 2016-03-02T21:57:08+08:00 ] ::1 /Hit/index.php/Home/Blog/clickNum/id/67
INFO: [ app_init ] --START--
INFO: Run Behavior\BuildLiteBehavior [ RunTime:0.000027s ]
INFO: [ app_init ] --END-- [ RunTime:0.000490s ]
INFO: [ app_begin ] --START--
INFO: Run Behavior\ReadHtmlCacheBehavior [ RunTime:0.002016s ]
INFO: [ app_begin ] --END-- [ RunTime:0.002204s ]
SQL: SHOW COLUMNS FROM `p_blog` [ RunTime:0.0036s ]
SQL: SELECT `click` FROM `p_blog` WHERE `id` = 67 LIMIT 1   [ RunTime:0.0009s ]
SQL: UPDATE `p_blog` SET `click`=click+1 WHERE `id` = 67 [ RunTime:0.0937s ]
INFO: [ app_end ] --START--
INFO: Run Behavior\ShowPageTraceBehavior [ RunTime:0.000970s ]
INFO: [ app_end ] --END-- [ RunTime:0.001058s ]

[ 2016-03-02T22:02:54+08:00 ] ::1 /Hit/index.php/Home/Blog/one/id/67?content=&__hash__=f2e86daf1fe3f29236f8c11c7d583be0_b0daa833b25145f14fc67f8425c078df
INFO: [ app_init ] --START--
INFO: Run Behavior\BuildLiteBehavior [ RunTime:0.000026s ]
INFO: [ app_init ] --END-- [ RunTime:0.000478s ]
INFO: [ app_begin ] --START--
INFO: Run Behavior\ReadHtmlCacheBehavior [ RunTime:0.001057s ]
INFO: [ app_begin ] --END-- [ RunTime:0.001185s ]
SQL: SHOW COLUMNS FROM `p_blog` [ RunTime:0.0076s ]
SQL: SELECT `id`,`title`,`content`,`time`,`click`,`cid`,`userid`,`username` FROM `p_blog` WHERE `del` = 0  [ RunTime:0.0005s ]
SQL: SHOW COLUMNS FROM `p_attr` [ RunTime:0.0031s ]
NOTIC: [8] Undefined index: mapping_order D:\wamp\www\Hit\ThinkPHP\Library\Think\Model\RelationModel.class.php 第 186 行.
NOTIC: [8] Undefined index: mapping_limit D:\wamp\www\Hit\ThinkPHP\Library\Think\Model\RelationModel.class.php 第 187 行.
SQL: SELECT b.* FROM p_blog_attr AS a, p_attr AS b WHERE a.aid = b.id AND a. bid='57' [ RunTime:0.0003s ]
SQL: SHOW COLUMNS FROM `p_cate` [ RunTime:0.0030s ]
SQL: SELECT `name` FROM `p_cate` WHERE ( 1=1 AND id='24' ) LIMIT 1   [ RunTime:0.0002s ]
NOTIC: [8] Undefined index: mapping_order D:\wamp\www\Hit\ThinkPHP\Library\Think\Model\RelationModel.class.php 第 186 行.
NOTIC: [8] Undefined index: mapping_limit D:\wamp\www\Hit\ThinkPHP\Library\Think\Model\RelationModel.class.php 第 187 行.
SQL: SELECT b.* FROM p_blog_attr AS a, p_attr AS b WHERE a.aid = b.id AND a. bid='58' [ RunTime:0.0002s ]
SQL: SELECT `name` FROM `p_cate` WHERE ( 1=1 AND id='21' ) LIMIT 1   [ RunTime:0.0001s ]
NOTIC: [8] Undefined index: mapping_order D:\wamp\www\Hit\ThinkPHP\Library\Think\Model\RelationModel.class.php 第 186 行.
NOTIC: [8] Undefined index: mapping_limit D:\wamp\www\Hit\ThinkPHP\Library\Think\Model\RelationModel.class.php 第 187 行.
SQL: SELECT b.* FROM p_blog_attr AS a, p_attr AS b WHERE a.aid = b.id AND a. bid='59' [ RunTime:0.0002s ]
SQL: SELECT `name` FROM `p_cate` WHERE ( 1=1 AND id='24' ) LIMIT 1   [ RunTime:0.0001s ]
NOTIC: [8] Undefined index: mapping_order D:\wamp\www\Hit\ThinkPHP\Library\Think\Model\RelationModel.class.php 第 186 行.
NOTIC: [8] Undefined index: mapping_limit D:\wamp\www\Hit\ThinkPHP\Library\Think\Model\RelationModel.class.php 第 187 行.
SQL: SELECT b.* FROM p_blog_attr AS a, p_attr AS b WHERE a.aid = b.id AND a. bid='60' [ RunTime:0.0002s ]
SQL: SELECT `name` FROM `p_cate` WHERE ( 1=1 AND id='19' ) LIMIT 1   [ RunTime:0.0002s ]
NOTIC: [8] Undefined index: mapping_order D:\wamp\www\Hit\ThinkPHP\Library\Think\Model\RelationModel.class.php 第 186 行.
NOTIC: [8] Undefined index: mapping_limit D:\wamp\www\Hit\ThinkPHP\Library\Think\Model\RelationModel.class.php 第 187 行.
SQL: SELECT b.* FROM p_blog_attr AS a, p_attr AS b WHERE a.aid = b.id AND a. bid='63' [ RunTime:0.0006s ]
SQL: SELECT `name` FROM `p_cate` WHERE ( 1=1 AND id='22' ) LIMIT 1   [ RunTime:0.0002s ]
NOTIC: [8] Undefined index: mapping_order D:\wamp\www\Hit\ThinkPHP\Library\Think\Model\RelationModel.class.php 第 186 行.
NOTIC: [8] Undefined index: mapping_limit D:\wamp\www\Hit\ThinkPHP\Library\Think\Model\RelationModel.class.php 第 187 行.
SQL: SELECT b.* FROM p_blog_attr AS a, p_attr AS b WHERE a.aid = b.id AND a. bid='65' [ RunTime:0.0002s ]
SQL: SELECT `name` FROM `p_cate` WHERE ( 1=1 AND id='24' ) LIMIT 1   [ RunTime:0.0002s ]
NOTIC: [8] Undefined index: mapping_order D:\wamp\www\Hit\ThinkPHP\Library\Think\Model\RelationModel.class.php 第 186 行.
NOTIC: [8] Undefined index: mapping_limit D:\wamp\www\Hit\ThinkPHP\Library\Think\Model\RelationModel.class.php 第 187 行.
SQL: SELECT b.* FROM p_blog_attr AS a, p_attr AS b WHERE a.aid = b.id AND a. bid='66' [ RunTime:0.0002s ]
SQL: SELECT `name` FROM `p_cate` WHERE ( 1=1 AND id='0' ) LIMIT 1   [ RunTime:0.0002s ]
NOTIC: [8] Undefined index: mapping_order D:\wamp\www\Hit\ThinkPHP\Library\Think\Model\RelationModel.class.php 第 186 行.
NOTIC: [8] Undefined index: mapping_limit D:\wamp\www\Hit\ThinkPHP\Library\Think\Model\RelationModel.class.php 第 187 行.
SQL: SELECT b.* FROM p_blog_attr AS a, p_attr AS b WHERE a.aid = b.id AND a. bid='67' [ RunTime:0.0002s ]
SQL: SELECT `name` FROM `p_cate` WHERE ( 1=1 AND id='23' ) LIMIT 1   [ RunTime:0.0002s ]
SQL: SELECT `id`,`title`,`content`,`time`,`click`,`cid`,`userid`,`username` FROM `p_blog` WHERE `id` = 67 AND `del` = 0  [ RunTime:0.0002s ]
NOTIC: [8] Undefined index: mapping_order D:\wamp\www\Hit\ThinkPHP\Library\Think\Model\RelationModel.class.php 第 186 行.
NOTIC: [8] Undefined index: mapping_limit D:\wamp\www\Hit\ThinkPHP\Library\Think\Model\RelationModel.class.php 第 187 行.
SQL: SELECT b.* FROM p_blog_attr AS a, p_attr AS b WHERE a.aid = b.id AND a. bid='67' [ RunTime:0.0002s ]
SQL: SELECT `name` FROM `p_cate` WHERE ( 1=1 AND id='23' ) LIMIT 1   [ RunTime:0.0002s ]
INFO: [ view_parse ] --START--
INFO: [ template_filter ] --START--
INFO: Run Behavior\ContentReplaceBehavior [ RunTime:0.000048s ]
INFO: [ template_filter ] --END-- [ RunTime:0.000145s ]
INFO: Run Behavior\ParseTemplateBehavior [ RunTime:0.009218s ]
INFO: [ view_parse ] --END-- [ RunTime:0.009326s ]
INFO: [ view_filter ] --START--
INFO: Run Behavior\WriteHtmlCacheBehavior [ RunTime:0.000530s ]
INFO: Run Behavior\TokenBuildBehavior [ RunTime:0.001015s ]
INFO: [ view_filter ] --END-- [ RunTime:0.001700s ]
INFO: [ app_end ] --START--
INFO: Run Behavior\ShowPageTraceBehavior [ RunTime:0.000808s ]
INFO: [ app_end ] --END-- [ RunTime:0.000890s ]

[ 2016-03-02T22:02:55+08:00 ] ::1 /Hit/index.php/Home/Blog/clickNum/id/67
INFO: [ app_init ] --START--
INFO: Run Behavior\BuildLiteBehavior [ RunTime:0.000059s ]
INFO: [ app_init ] --END-- [ RunTime:0.001022s ]
INFO: [ app_begin ] --START--
INFO: Run Behavior\ReadHtmlCacheBehavior [ RunTime:0.000789s ]
INFO: [ app_begin ] --END-- [ RunTime:0.000894s ]
SQL: SHOW COLUMNS FROM `p_blog` [ RunTime:0.0038s ]
SQL: SELECT `click` FROM `p_blog` WHERE `id` = 67 LIMIT 1   [ RunTime:0.0002s ]
SQL: UPDATE `p_blog` SET `click`=click+1 WHERE `id` = 67 [ RunTime:0.0920s ]
INFO: [ app_end ] --START--
INFO: Run Behavior\ShowPageTraceBehavior [ RunTime:0.002099s ]
INFO: [ app_end ] --END-- [ RunTime:0.002311s ]

