[ 2016-02-06T20:32:18+08:00 ] ::1 /Hit/index.php
INFO: [ app_init ] --START--
INFO: Run Behavior\BuildLiteBehavior [ RunTime:0.000070s ]
INFO: [ app_init ] --END-- [ RunTime:0.008025s ]
INFO: [ app_begin ] --START--
INFO: Run Behavior\ReadHtmlCacheBehavior [ RunTime:0.001811s ]
INFO: [ app_begin ] --END-- [ RunTime:0.002047s ]
INFO: [ view_parse ] --START--
INFO: [ template_filter ] --START--
INFO: Run Behavior\ContentReplaceBehavior [ RunTime:0.000074s ]
INFO: [ template_filter ] --END-- [ RunTime:0.000286s ]
INFO: Run Behavior\ParseTemplateBehavior [ RunTime:0.049218s ]
INFO: [ view_parse ] --END-- [ RunTime:0.049394s ]
INFO: [ view_filter ] --START--
INFO: Run Behavior\WriteHtmlCacheBehavior [ RunTime:0.001040s ]
INFO: Run Behavior\TokenBuildBehavior [ RunTime:0.001762s ]
INFO: [ view_filter ] --END-- [ RunTime:0.002998s ]
INFO: [ app_end ] --START--
INFO: Run Behavior\ShowPageTraceBehavior [ RunTime:0.001567s ]
INFO: [ app_end ] --END-- [ RunTime:0.001701s ]

[ 2016-02-06T20:32:20+08:00 ] ::1 /Hit/index.php/Home/User/login.html
INFO: [ app_init ] --START--
INFO: Run Behavior\BuildLiteBehavior [ RunTime:0.000023s ]
INFO: [ app_init ] --END-- [ RunTime:0.000457s ]
INFO: [ app_begin ] --START--
INFO: Run Behavior\ReadHtmlCacheBehavior [ RunTime:0.000715s ]
INFO: [ app_begin ] --END-- [ RunTime:0.000828s ]
INFO: [ view_parse ] --START--
INFO: [ template_filter ] --START--
INFO: Run Behavior\ContentReplaceBehavior [ RunTime:0.000100s ]
INFO: [ template_filter ] --END-- [ RunTime:0.000206s ]
INFO: Run Behavior\ParseTemplateBehavior [ RunTime:0.053336s ]
INFO: [ view_parse ] --END-- [ RunTime:0.053482s ]
INFO: [ view_filter ] --START--
INFO: Run Behavior\WriteHtmlCacheBehavior [ RunTime:0.000515s ]
INFO: Run Behavior\TokenBuildBehavior [ RunTime:0.000870s ]
INFO: [ view_filter ] --END-- [ RunTime:0.001507s ]
INFO: [ app_end ] --START--
INFO: Run Behavior\ShowPageTraceBehavior [ RunTime:0.000689s ]
INFO: [ app_end ] --END-- [ RunTime:0.000767s ]

[ 2016-02-06T20:32:22+08:00 ] ::1 /Hit/index.php/Home/User/dologin
INFO: [ app_init ] --START--
INFO: Run Behavior\BuildLiteBehavior [ RunTime:0.000035s ]
INFO: [ app_init ] --END-- [ RunTime:0.000508s ]
INFO: [ app_begin ] --START--
INFO: Run Behavior\ReadHtmlCacheBehavior [ RunTime:0.000762s ]
INFO: [ app_begin ] --END-- [ RunTime:0.000857s ]
SQL: SHOW COLUMNS FROM `p_user` [ RunTime:0.0118s ]
NOTIC: [8] Undefined index: auth D:\wamp\www\Hit\ThinkPHP\Library\Think\Model.class.php 第 1264 行.
SQL: SELECT `id`,`status`,`avater_path`,`truename`,`username` FROM `p_user` WHERE `username` = 'echo' AND `password` = '618d3face2bcc4c583fa3e6548ac0eec' LIMIT 1   [ RunTime:0.0039s ]
SQL: UPDATE `p_user` SET `last_login`='1454761942',`last_ip`='0.0.0.0' WHERE ( id=44 ) [ RunTime:0.0614s ]
SQL: SHOW COLUMNS FROM `p_auth_group_access` [ RunTime:0.0060s ]
SQL: SELECT `group_id` FROM `p_auth_group_access` WHERE `uid` = 44 LIMIT 1   [ RunTime:0.0006s ]

[ 2016-02-06T20:32:22+08:00 ] ::1 /Hit/index.php
INFO: [ app_init ] --START--
INFO: Run Behavior\BuildLiteBehavior [ RunTime:0.000026s ]
INFO: [ app_init ] --END-- [ RunTime:0.000462s ]
INFO: [ app_begin ] --START--
INFO: Run Behavior\ReadHtmlCacheBehavior [ RunTime:0.000818s ]
INFO: [ app_begin ] --END-- [ RunTime:0.000943s ]
INFO: [ view_parse ] --START--
INFO: [ template_filter ] --START--
INFO: Run Behavior\ContentReplaceBehavior [ RunTime:0.000056s ]
INFO: [ template_filter ] --END-- [ RunTime:0.000158s ]
INFO: Run Behavior\ParseTemplateBehavior [ RunTime:0.011792s ]
INFO: [ view_parse ] --END-- [ RunTime:0.011894s ]
INFO: [ view_filter ] --START--
INFO: Run Behavior\WriteHtmlCacheBehavior [ RunTime:0.000521s ]
INFO: Run Behavior\TokenBuildBehavior [ RunTime:0.000658s ]
INFO: [ view_filter ] --END-- [ RunTime:0.001319s ]
INFO: [ app_end ] --START--
INFO: Run Behavior\ShowPageTraceBehavior [ RunTime:0.000764s ]
INFO: [ app_end ] --END-- [ RunTime:0.000851s ]

[ 2016-02-06T20:32:31+08:00 ] ::1 /Hit/index.php/Home/Share/index.html
INFO: [ app_init ] --START--
INFO: Run Behavior\BuildLiteBehavior [ RunTime:0.000038s ]
INFO: [ app_init ] --END-- [ RunTime:0.000681s ]
INFO: [ app_begin ] --START--
INFO: Run Behavior\ReadHtmlCacheBehavior [ RunTime:0.000621s ]
INFO: [ app_begin ] --END-- [ RunTime:0.000730s ]
SQL: SHOW COLUMNS FROM `p_share` [ RunTime:0.0060s ]
SQL: SELECT * FROM `p_share` WHERE `sta` = 2  [ RunTime:0.0006s ]
SQL: SELECT * FROM `p_share` WHERE `sta` = 1  [ RunTime:0.0003s ]
SQL: SELECT * FROM `p_share` WHERE `sta` = 3  [ RunTime:0.0003s ]
INFO: [ view_parse ] --START--
INFO: [ template_filter ] --START--
INFO: Run Behavior\ContentReplaceBehavior [ RunTime:0.000056s ]
INFO: [ template_filter ] --END-- [ RunTime:0.000157s ]
INFO: Run Behavior\ParseTemplateBehavior [ RunTime:0.016956s ]
INFO: [ view_parse ] --END-- [ RunTime:0.017071s ]
INFO: [ view_filter ] --START--
INFO: Run Behavior\WriteHtmlCacheBehavior [ RunTime:0.000388s ]
INFO: Run Behavior\TokenBuildBehavior [ RunTime:0.000639s ]
INFO: [ view_filter ] --END-- [ RunTime:0.001169s ]
INFO: [ app_end ] --START--
INFO: Run Behavior\ShowPageTraceBehavior [ RunTime:0.000616s ]
INFO: [ app_end ] --END-- [ RunTime:0.000693s ]

[ 2016-02-06T21:29:22+08:00 ] ::1 /Hit/index.php/Home/Share/index.html
INFO: [ app_init ] --START--
INFO: Run Behavior\BuildLiteBehavior [ RunTime:0.000036s ]
INFO: [ app_init ] --END-- [ RunTime:0.000692s ]
INFO: [ app_begin ] --START--
INFO: Run Behavior\ReadHtmlCacheBehavior [ RunTime:0.001400s ]
INFO: [ app_begin ] --END-- [ RunTime:0.001593s ]
SQL: SHOW COLUMNS FROM `p_share` [ RunTime:0.0132s ]
SQL: SELECT * FROM `p_share` WHERE `sta` = 2  [ RunTime:0.0012s ]
SQL: SELECT * FROM `p_share` WHERE `sta` = 1  [ RunTime:0.0004s ]
SQL: SELECT * FROM `p_share` WHERE `sta` = 3  [ RunTime:0.0004s ]
INFO: [ view_parse ] --START--
INFO: [ template_filter ] --START--
INFO: Run Behavior\ContentReplaceBehavior [ RunTime:0.000105s ]
INFO: [ template_filter ] --END-- [ RunTime:0.000301s ]
INFO: Run Behavior\ParseTemplateBehavior [ RunTime:0.020569s ]
INFO: [ view_parse ] --END-- [ RunTime:0.020793s ]
INFO: [ view_filter ] --START--
INFO: Run Behavior\WriteHtmlCacheBehavior [ RunTime:0.000810s ]
INFO: Run Behavior\TokenBuildBehavior [ RunTime:0.001255s ]
INFO: [ view_filter ] --END-- [ RunTime:0.002302s ]
INFO: [ app_end ] --START--
INFO: Run Behavior\ShowPageTraceBehavior [ RunTime:0.000999s ]
INFO: [ app_end ] --END-- [ RunTime:0.001107s ]

[ 2016-02-06T21:29:23+08:00 ] ::1 /Hit/index.php/Home/Share/index.html
INFO: [ app_init ] --START--
INFO: Run Behavior\BuildLiteBehavior [ RunTime:0.000035s ]
INFO: [ app_init ] --END-- [ RunTime:0.000627s ]
INFO: [ app_begin ] --START--
INFO: Run Behavior\ReadHtmlCacheBehavior [ RunTime:0.001014s ]
INFO: [ app_begin ] --END-- [ RunTime:0.001153s ]
SQL: SHOW COLUMNS FROM `p_share` [ RunTime:0.0052s ]
SQL: SELECT * FROM `p_share` WHERE `sta` = 2  [ RunTime:0.0003s ]
SQL: SELECT * FROM `p_share` WHERE `sta` = 1  [ RunTime:0.0003s ]
SQL: SELECT * FROM `p_share` WHERE `sta` = 3  [ RunTime:0.0002s ]
INFO: [ view_parse ] --START--
INFO: [ template_filter ] --START--
INFO: Run Behavior\ContentReplaceBehavior [ RunTime:0.000053s ]
INFO: [ template_filter ] --END-- [ RunTime:0.000178s ]
INFO: Run Behavior\ParseTemplateBehavior [ RunTime:0.013329s ]
INFO: [ view_parse ] --END-- [ RunTime:0.013467s ]
INFO: [ view_filter ] --START--
INFO: Run Behavior\WriteHtmlCacheBehavior [ RunTime:0.000572s ]
INFO: Run Behavior\TokenBuildBehavior [ RunTime:0.000600s ]
INFO: [ view_filter ] --END-- [ RunTime:0.001297s ]
INFO: [ app_end ] --START--
INFO: Run Behavior\ShowPageTraceBehavior [ RunTime:0.000697s ]
INFO: [ app_end ] --END-- [ RunTime:0.000774s ]

[ 2016-02-06T21:30:14+08:00 ] ::1 /Hit/index.php/Home/Share/index.html
INFO: [ app_init ] --START--
INFO: Run Behavior\BuildLiteBehavior [ RunTime:0.000179s ]
INFO: [ app_init ] --END-- [ RunTime:0.002191s ]
INFO: [ app_begin ] --START--
INFO: Run Behavior\ReadHtmlCacheBehavior [ RunTime:0.001379s ]
INFO: [ app_begin ] --END-- [ RunTime:0.001547s ]
SQL: SHOW COLUMNS FROM `p_share` [ RunTime:0.0051s ]
SQL: SELECT * FROM `p_share` WHERE `sta` = 2  [ RunTime:0.0003s ]
SQL: SELECT * FROM `p_share` WHERE `sta` = 1  [ RunTime:0.0002s ]
SQL: SELECT * FROM `p_share` WHERE `sta` = 3  [ RunTime:0.0002s ]
INFO: [ view_parse ] --START--
INFO: [ template_filter ] --START--
INFO: Run Behavior\ContentReplaceBehavior [ RunTime:0.000055s ]
INFO: [ template_filter ] --END-- [ RunTime:0.000154s ]
INFO: Run Behavior\ParseTemplateBehavior [ RunTime:0.014368s ]
INFO: [ view_parse ] --END-- [ RunTime:0.014535s ]
INFO: [ view_filter ] --START--
INFO: Run Behavior\WriteHtmlCacheBehavior [ RunTime:0.000711s ]
INFO: Run Behavior\TokenBuildBehavior [ RunTime:0.000782s ]
INFO: [ view_filter ] --END-- [ RunTime:0.001680s ]
INFO: [ app_end ] --START--
INFO: Run Behavior\ShowPageTraceBehavior [ RunTime:0.000706s ]
INFO: [ app_end ] --END-- [ RunTime:0.000784s ]

[ 2016-02-06T21:30:16+08:00 ] ::1 /Hit/index.php/Home/Share/download.html
INFO: [ app_init ] --START--
INFO: Run Behavior\BuildLiteBehavior [ RunTime:0.000047s ]
INFO: [ app_init ] --END-- [ RunTime:0.000501s ]
INFO: [ app_begin ] --START--
INFO: Run Behavior\ReadHtmlCacheBehavior [ RunTime:0.000957s ]
INFO: [ app_begin ] --END-- [ RunTime:0.001087s ]
NOTIC: [8] Undefined index: id D:\wamp\www\Hit\Application\Home\Controller\ShareController.class.php 第 95 行.
INFO: [ view_parse ] --START--
INFO: [ template_filter ] --START--
INFO: Run Behavior\ContentReplaceBehavior [ RunTime:0.000063s ]
INFO: [ template_filter ] --END-- [ RunTime:0.000171s ]
INFO: Run Behavior\ParseTemplateBehavior [ RunTime:0.088535s ]
INFO: [ view_parse ] --END-- [ RunTime:0.088666s ]
INFO: [ view_filter ] --START--
INFO: Run Behavior\WriteHtmlCacheBehavior [ RunTime:0.000496s ]
INFO: Run Behavior\TokenBuildBehavior [ RunTime:0.000672s ]
INFO: [ view_filter ] --END-- [ RunTime:0.001316s ]

[ 2016-02-06T21:31:11+08:00 ] ::1 /Hit/index.php/Home/Share/index.html
INFO: [ app_init ] --START--
INFO: Run Behavior\BuildLiteBehavior [ RunTime:0.000029s ]
INFO: [ app_init ] --END-- [ RunTime:0.000588s ]
INFO: [ app_begin ] --START--
INFO: Run Behavior\ReadHtmlCacheBehavior [ RunTime:0.000705s ]
INFO: [ app_begin ] --END-- [ RunTime:0.000811s ]
SQL: SHOW COLUMNS FROM `p_share` [ RunTime:0.0045s ]
SQL: SELECT * FROM `p_share` WHERE `sta` = 2  [ RunTime:0.0003s ]
SQL: SELECT * FROM `p_share` WHERE `sta` = 1  [ RunTime:0.0002s ]
SQL: SELECT * FROM `p_share` WHERE `sta` = 3  [ RunTime:0.0003s ]
INFO: [ view_parse ] --START--
INFO: [ template_filter ] --START--
INFO: Run Behavior\ContentReplaceBehavior [ RunTime:0.000088s ]
INFO: [ template_filter ] --END-- [ RunTime:0.000182s ]

[ 2016-02-06T21:31:20+08:00 ] ::1 /Hit/index.php/Home/Share/index.html
INFO: [ app_init ] --START--
INFO: Run Behavior\BuildLiteBehavior [ RunTime:0.000027s ]
INFO: [ app_init ] --END-- [ RunTime:0.000652s ]
INFO: [ app_begin ] --START--
INFO: Run Behavior\ReadHtmlCacheBehavior [ RunTime:0.003509s ]
INFO: [ app_begin ] --END-- [ RunTime:0.003690s ]
SQL: SHOW COLUMNS FROM `p_share` [ RunTime:0.0057s ]
SQL: SELECT * FROM `p_share` WHERE `sta` = 2  [ RunTime:0.0003s ]
SQL: SELECT * FROM `p_share` WHERE `sta` = 1  [ RunTime:0.0002s ]
SQL: SELECT * FROM `p_share` WHERE `sta` = 3  [ RunTime:0.0003s ]
INFO: [ view_parse ] --START--
INFO: [ template_filter ] --START--
INFO: Run Behavior\ContentReplaceBehavior [ RunTime:0.000072s ]
INFO: [ template_filter ] --END-- [ RunTime:0.000186s ]
INFO: Run Behavior\ParseTemplateBehavior [ RunTime:0.014102s ]
INFO: [ view_parse ] --END-- [ RunTime:0.014245s ]
INFO: [ view_filter ] --START--
INFO: Run Behavior\WriteHtmlCacheBehavior [ RunTime:0.000511s ]
INFO: Run Behavior\TokenBuildBehavior [ RunTime:0.000667s ]
INFO: [ view_filter ] --END-- [ RunTime:0.001317s ]
INFO: [ app_end ] --START--
INFO: Run Behavior\ShowPageTraceBehavior [ RunTime:0.000757s ]
INFO: [ app_end ] --END-- [ RunTime:0.000846s ]

[ 2016-02-06T21:31:21+08:00 ] ::1 /Hit/index.php/Home/Share/download/id/4.html
INFO: [ app_init ] --START--
INFO: Run Behavior\BuildLiteBehavior [ RunTime:0.000040s ]
INFO: [ app_init ] --END-- [ RunTime:0.000524s ]
INFO: [ app_begin ] --START--
INFO: Run Behavior\ReadHtmlCacheBehavior [ RunTime:0.000722s ]
INFO: [ app_begin ] --END-- [ RunTime:0.000830s ]
ERR: SQLSTATE[42S02]: Base table or view not found: 1146 Table 'pra.p_file' doesn't exist

[ 2016-02-06T21:31:39+08:00 ] ::1 /Hit/index.php/Home/Share/download/id/4.html
INFO: [ app_init ] --START--
INFO: Run Behavior\BuildLiteBehavior [ RunTime:0.000037s ]
INFO: [ app_init ] --END-- [ RunTime:0.000622s ]
INFO: [ app_begin ] --START--
INFO: Run Behavior\ReadHtmlCacheBehavior [ RunTime:0.001135s ]
INFO: [ app_begin ] --END-- [ RunTime:0.001310s ]
SQL: SHOW COLUMNS FROM `p_share` [ RunTime:0.0089s ]
SQL: SELECT * FROM `p_share` WHERE `id` = 4 LIMIT 1   [ RunTime:0.0004s ]

[ 2016-02-06T21:32:09+08:00 ] ::1 /Hit/index.php/Home/Share/download/id/4.html
INFO: [ app_init ] --START--
INFO: Run Behavior\BuildLiteBehavior [ RunTime:0.000024s ]
INFO: [ app_init ] --END-- [ RunTime:0.000460s ]
INFO: [ app_begin ] --START--
INFO: Run Behavior\ReadHtmlCacheBehavior [ RunTime:0.000766s ]
INFO: [ app_begin ] --END-- [ RunTime:0.000864s ]
SQL: SHOW COLUMNS FROM `p_share` [ RunTime:0.0076s ]
SQL: SELECT * FROM `p_share` WHERE `id` = 4 LIMIT 1   [ RunTime:0.0003s ]
INFO: [ app_end ] --START--
INFO: Run Behavior\ShowPageTraceBehavior [ RunTime:0.002285s ]
INFO: [ app_end ] --END-- [ RunTime:0.002436s ]

[ 2016-02-06T21:32:10+08:00 ] ::1 /Hit/index.php/Home/Share/download/id/4.html
INFO: [ app_init ] --START--
INFO: Run Behavior\BuildLiteBehavior [ RunTime:0.000036s ]
INFO: [ app_init ] --END-- [ RunTime:0.001052s ]
INFO: [ app_begin ] --START--
INFO: Run Behavior\ReadHtmlCacheBehavior [ RunTime:0.002007s ]
INFO: [ app_begin ] --END-- [ RunTime:0.002284s ]
SQL: SHOW COLUMNS FROM `p_share` [ RunTime:0.0611s ]
SQL: SELECT * FROM `p_share` WHERE `id` = 4 LIMIT 1   [ RunTime:0.0005s ]
INFO: [ app_end ] --START--
INFO: Run Behavior\ShowPageTraceBehavior [ RunTime:0.001483s ]
INFO: [ app_end ] --END-- [ RunTime:0.001667s ]

[ 2016-02-06T21:32:10+08:00 ] ::1 /Hit/index.php/Home/Share/download/id/4.html
INFO: [ app_init ] --START--
INFO: Run Behavior\BuildLiteBehavior [ RunTime:0.000034s ]
INFO: [ app_init ] --END-- [ RunTime:0.000680s ]
INFO: [ app_begin ] --START--
INFO: Run Behavior\ReadHtmlCacheBehavior [ RunTime:0.001156s ]
INFO: [ app_begin ] --END-- [ RunTime:0.001338s ]
SQL: SHOW COLUMNS FROM `p_share` [ RunTime:0.0045s ]
SQL: SELECT * FROM `p_share` WHERE `id` = 4 LIMIT 1   [ RunTime:0.0003s ]
INFO: [ app_end ] --START--
INFO: Run Behavior\ShowPageTraceBehavior [ RunTime:0.001237s ]
INFO: [ app_end ] --END-- [ RunTime:0.001359s ]

[ 2016-02-06T21:32:13+08:00 ] ::1 /Hit/index.php/Home/Share/index.html
INFO: [ app_init ] --START--
INFO: Run Behavior\BuildLiteBehavior [ RunTime:0.000028s ]
INFO: [ app_init ] --END-- [ RunTime:0.000527s ]
INFO: [ app_begin ] --START--
INFO: Run Behavior\ReadHtmlCacheBehavior [ RunTime:0.000951s ]
INFO: [ app_begin ] --END-- [ RunTime:0.001073s ]
SQL: SHOW COLUMNS FROM `p_share` [ RunTime:0.0048s ]
SQL: SELECT * FROM `p_share` WHERE `sta` = 2  [ RunTime:0.0004s ]
SQL: SELECT * FROM `p_share` WHERE `sta` = 1  [ RunTime:0.0002s ]
SQL: SELECT * FROM `p_share` WHERE `sta` = 3  [ RunTime:0.0003s ]
INFO: [ view_parse ] --START--
INFO: [ template_filter ] --START--
INFO: Run Behavior\ContentReplaceBehavior [ RunTime:0.000063s ]
INFO: [ template_filter ] --END-- [ RunTime:0.000169s ]
INFO: Run Behavior\ParseTemplateBehavior [ RunTime:0.011470s ]
INFO: [ view_parse ] --END-- [ RunTime:0.011562s ]
INFO: [ view_filter ] --START--
INFO: Run Behavior\WriteHtmlCacheBehavior [ RunTime:0.000473s ]
INFO: Run Behavior\TokenBuildBehavior [ RunTime:0.000607s ]
INFO: [ view_filter ] --END-- [ RunTime:0.001213s ]
INFO: [ app_end ] --START--
INFO: Run Behavior\ShowPageTraceBehavior [ RunTime:0.000891s ]
INFO: [ app_end ] --END-- [ RunTime:0.001176s ]

[ 2016-02-06T21:32:13+08:00 ] ::1 /Hit/index.php/Home/Share/download/id/4.html
INFO: [ app_init ] --START--
INFO: Run Behavior\BuildLiteBehavior [ RunTime:0.000033s ]
INFO: [ app_init ] --END-- [ RunTime:0.000426s ]
INFO: [ app_begin ] --START--
INFO: Run Behavior\ReadHtmlCacheBehavior [ RunTime:0.000828s ]
INFO: [ app_begin ] --END-- [ RunTime:0.000960s ]
SQL: SHOW COLUMNS FROM `p_share` [ RunTime:0.0058s ]
SQL: SELECT * FROM `p_share` WHERE `id` = 4 LIMIT 1   [ RunTime:0.0003s ]
INFO: [ app_end ] --START--
INFO: Run Behavior\ShowPageTraceBehavior [ RunTime:0.000940s ]
INFO: [ app_end ] --END-- [ RunTime:0.001036s ]

[ 2016-02-06T21:32:52+08:00 ] ::1 /Hit/index.php/Home/Share/download/id/4.html
INFO: [ app_init ] --START--
INFO: Run Behavior\BuildLiteBehavior [ RunTime:0.000023s ]
INFO: [ app_init ] --END-- [ RunTime:0.000495s ]
INFO: [ app_begin ] --START--
INFO: Run Behavior\ReadHtmlCacheBehavior [ RunTime:0.000718s ]
INFO: [ app_begin ] --END-- [ RunTime:0.000807s ]
SQL: SHOW COLUMNS FROM `p_share` [ RunTime:0.0077s ]
SQL: SELECT * FROM `p_share` WHERE `id` = 4 LIMIT 1   [ RunTime:0.0003s ]

[ 2016-02-06T21:32:53+08:00 ] ::1 /Hit/index.php/Home/Share/download/id/4.html
INFO: [ app_init ] --START--
INFO: Run Behavior\BuildLiteBehavior [ RunTime:0.000030s ]
INFO: [ app_init ] --END-- [ RunTime:0.000576s ]
INFO: [ app_begin ] --START--
INFO: Run Behavior\ReadHtmlCacheBehavior [ RunTime:0.001071s ]
INFO: [ app_begin ] --END-- [ RunTime:0.001215s ]
SQL: SHOW COLUMNS FROM `p_share` [ RunTime:0.0057s ]
SQL: SELECT * FROM `p_share` WHERE `id` = 4 LIMIT 1   [ RunTime:0.0003s ]

[ 2016-02-06T21:32:53+08:00 ] ::1 /Hit/index.php/Home/Share/download/id/4.html
INFO: [ app_init ] --START--
INFO: Run Behavior\BuildLiteBehavior [ RunTime:0.000029s ]
INFO: [ app_init ] --END-- [ RunTime:0.000588s ]
INFO: [ app_begin ] --START--
INFO: Run Behavior\ReadHtmlCacheBehavior [ RunTime:0.000936s ]
INFO: [ app_begin ] --END-- [ RunTime:0.001065s ]
SQL: SHOW COLUMNS FROM `p_share` [ RunTime:0.0489s ]
SQL: SELECT * FROM `p_share` WHERE `id` = 4 LIMIT 1   [ RunTime:0.0003s ]

[ 2016-02-06T21:32:54+08:00 ] ::1 /Hit/index.php/Home/Share/download/id/4.html
INFO: [ app_init ] --START--
INFO: Run Behavior\BuildLiteBehavior [ RunTime:0.000024s ]
INFO: [ app_init ] --END-- [ RunTime:0.000411s ]
INFO: [ app_begin ] --START--
INFO: Run Behavior\ReadHtmlCacheBehavior [ RunTime:0.000717s ]
INFO: [ app_begin ] --END-- [ RunTime:0.000814s ]
SQL: SHOW COLUMNS FROM `p_share` [ RunTime:0.0048s ]
SQL: SELECT * FROM `p_share` WHERE `id` = 4 LIMIT 1   [ RunTime:0.0003s ]

[ 2016-02-06T21:35:33+08:00 ] ::1 /Hit/index.php/Home/Share/download/id/4.html
INFO: [ app_init ] --START--
INFO: Run Behavior\BuildLiteBehavior [ RunTime:0.000039s ]
INFO: [ app_init ] --END-- [ RunTime:0.000696s ]
INFO: [ app_begin ] --START--
INFO: Run Behavior\ReadHtmlCacheBehavior [ RunTime:0.001105s ]
INFO: [ app_begin ] --END-- [ RunTime:0.001260s ]
SQL: SHOW COLUMNS FROM `p_share` [ RunTime:0.0055s ]
SQL: SELECT * FROM `p_share` WHERE `id` = 4 LIMIT 1   [ RunTime:0.0004s ]

[ 2016-02-06T21:35:34+08:00 ] ::1 /Hit/index.php/Home/Share/download/id/4.html
INFO: [ app_init ] --START--
INFO: Run Behavior\BuildLiteBehavior [ RunTime:0.000044s ]
INFO: [ app_init ] --END-- [ RunTime:0.000792s ]
INFO: [ app_begin ] --START--
INFO: Run Behavior\ReadHtmlCacheBehavior [ RunTime:0.000892s ]
INFO: [ app_begin ] --END-- [ RunTime:0.001008s ]
SQL: SHOW COLUMNS FROM `p_share` [ RunTime:0.0050s ]
SQL: SELECT * FROM `p_share` WHERE `id` = 4 LIMIT 1   [ RunTime:0.0003s ]

[ 2016-02-06T21:35:35+08:00 ] ::1 /Hit/index.php/Home/Share/download/id/4.html
INFO: [ app_init ] --START--
INFO: Run Behavior\BuildLiteBehavior [ RunTime:0.000045s ]
INFO: [ app_init ] --END-- [ RunTime:0.000453s ]
INFO: [ app_begin ] --START--
INFO: Run Behavior\ReadHtmlCacheBehavior [ RunTime:0.000735s ]
INFO: [ app_begin ] --END-- [ RunTime:0.000829s ]
SQL: SHOW COLUMNS FROM `p_share` [ RunTime:0.0044s ]
SQL: SELECT * FROM `p_share` WHERE `id` = 4 LIMIT 1   [ RunTime:0.0004s ]

[ 2016-02-06T21:35:35+08:00 ] ::1 /Hit/index.php/Home/Share/download/id/4.html
INFO: [ app_init ] --START--
INFO: Run Behavior\BuildLiteBehavior [ RunTime:0.000024s ]
INFO: [ app_init ] --END-- [ RunTime:0.000541s ]
INFO: [ app_begin ] --START--
INFO: Run Behavior\ReadHtmlCacheBehavior [ RunTime:0.001914s ]
INFO: [ app_begin ] --END-- [ RunTime:0.002177s ]
SQL: SHOW COLUMNS FROM `p_share` [ RunTime:0.0054s ]
SQL: SELECT * FROM `p_share` WHERE `id` = 4 LIMIT 1   [ RunTime:0.0004s ]

[ 2016-02-06T21:35:35+08:00 ] ::1 /Hit/index.php/Home/Share/download/id/4.html
INFO: [ app_init ] --START--
INFO: Run Behavior\BuildLiteBehavior [ RunTime:0.000032s ]
INFO: [ app_init ] --END-- [ RunTime:0.000748s ]
INFO: [ app_begin ] --START--
INFO: Run Behavior\ReadHtmlCacheBehavior [ RunTime:0.000708s ]
INFO: [ app_begin ] --END-- [ RunTime:0.000798s ]
SQL: SHOW COLUMNS FROM `p_share` [ RunTime:0.0048s ]
SQL: SELECT * FROM `p_share` WHERE `id` = 4 LIMIT 1   [ RunTime:0.0003s ]

[ 2016-02-06T21:35:35+08:00 ] ::1 /Hit/index.php/Home/Share/download/id/4.html
INFO: [ app_init ] --START--
INFO: Run Behavior\BuildLiteBehavior [ RunTime:0.000033s ]
INFO: [ app_init ] --END-- [ RunTime:0.000485s ]
INFO: [ app_begin ] --START--
INFO: Run Behavior\ReadHtmlCacheBehavior [ RunTime:0.000690s ]
INFO: [ app_begin ] --END-- [ RunTime:0.000775s ]
SQL: SHOW COLUMNS FROM `p_share` [ RunTime:0.0043s ]
SQL: SELECT * FROM `p_share` WHERE `id` = 4 LIMIT 1   [ RunTime:0.0003s ]

[ 2016-02-06T21:35:36+08:00 ] ::1 /Hit/index.php/Home/Share/download/id/4.html
INFO: [ app_init ] --START--
INFO: Run Behavior\BuildLiteBehavior [ RunTime:0.000034s ]
INFO: [ app_init ] --END-- [ RunTime:0.000655s ]
INFO: [ app_begin ] --START--
INFO: Run Behavior\ReadHtmlCacheBehavior [ RunTime:0.001112s ]
INFO: [ app_begin ] --END-- [ RunTime:0.001260s ]
SQL: SHOW COLUMNS FROM `p_share` [ RunTime:0.0057s ]
SQL: SELECT * FROM `p_share` WHERE `id` = 4 LIMIT 1   [ RunTime:0.0003s ]

[ 2016-02-06T21:36:02+08:00 ] ::1 /Hit/index.php/Home/Share/download/id/4.html
INFO: [ app_init ] --START--
INFO: Run Behavior\BuildLiteBehavior [ RunTime:0.000028s ]
INFO: [ app_init ] --END-- [ RunTime:0.000532s ]
INFO: [ app_begin ] --START--
INFO: Run Behavior\ReadHtmlCacheBehavior [ RunTime:0.000878s ]
INFO: [ app_begin ] --END-- [ RunTime:0.000992s ]
SQL: SHOW COLUMNS FROM `p_share` [ RunTime:0.0060s ]
SQL: SELECT * FROM `p_share` WHERE `id` = 4 LIMIT 1   [ RunTime:0.0003s ]

[ 2016-02-06T21:36:03+08:00 ] ::1 /Hit/index.php/Home/Share/download/id/4.html
INFO: [ app_init ] --START--
INFO: Run Behavior\BuildLiteBehavior [ RunTime:0.000040s ]
INFO: [ app_init ] --END-- [ RunTime:0.000781s ]
INFO: [ app_begin ] --START--
INFO: Run Behavior\ReadHtmlCacheBehavior [ RunTime:0.000817s ]
INFO: [ app_begin ] --END-- [ RunTime:0.000957s ]
SQL: SHOW COLUMNS FROM `p_share` [ RunTime:0.0051s ]
SQL: SELECT * FROM `p_share` WHERE `id` = 4 LIMIT 1   [ RunTime:0.0004s ]

[ 2016-02-06T21:36:03+08:00 ] ::1 /Hit/index.php/Home/Share/download/id/4.html
INFO: [ app_init ] --START--
INFO: Run Behavior\BuildLiteBehavior [ RunTime:0.000041s ]
INFO: [ app_init ] --END-- [ RunTime:0.000646s ]
INFO: [ app_begin ] --START--
INFO: Run Behavior\ReadHtmlCacheBehavior [ RunTime:0.000735s ]
INFO: [ app_begin ] --END-- [ RunTime:0.000824s ]
SQL: SHOW COLUMNS FROM `p_share` [ RunTime:0.0049s ]
SQL: SELECT * FROM `p_share` WHERE `id` = 4 LIMIT 1   [ RunTime:0.0003s ]

[ 2016-02-06T21:36:03+08:00 ] ::1 /Hit/index.php/Home/Share/download/id/4.html
INFO: [ app_init ] --START--
INFO: Run Behavior\BuildLiteBehavior [ RunTime:0.000048s ]
INFO: [ app_init ] --END-- [ RunTime:0.000457s ]
INFO: [ app_begin ] --START--
INFO: Run Behavior\ReadHtmlCacheBehavior [ RunTime:0.000795s ]
INFO: [ app_begin ] --END-- [ RunTime:0.000884s ]
SQL: SHOW COLUMNS FROM `p_share` [ RunTime:0.0042s ]
SQL: SELECT * FROM `p_share` WHERE `id` = 4 LIMIT 1   [ RunTime:0.0004s ]

[ 2016-02-06T21:36:03+08:00 ] ::1 /Hit/index.php/Home/Share/download/id/4.html
INFO: [ app_init ] --START--
INFO: Run Behavior\BuildLiteBehavior [ RunTime:0.000022s ]
INFO: [ app_init ] --END-- [ RunTime:0.000431s ]
INFO: [ app_begin ] --START--
INFO: Run Behavior\ReadHtmlCacheBehavior [ RunTime:0.000705s ]
INFO: [ app_begin ] --END-- [ RunTime:0.000789s ]
SQL: SHOW COLUMNS FROM `p_share` [ RunTime:0.0044s ]
SQL: SELECT * FROM `p_share` WHERE `id` = 4 LIMIT 1   [ RunTime:0.0003s ]

[ 2016-02-06T21:37:27+08:00 ] ::1 /Hit/index.php/Home/Share/download/id/4.html
INFO: [ app_init ] --START--
INFO: Run Behavior\BuildLiteBehavior [ RunTime:0.000022s ]
INFO: [ app_init ] --END-- [ RunTime:0.000432s ]
INFO: [ app_begin ] --START--
INFO: Run Behavior\ReadHtmlCacheBehavior [ RunTime:0.003397s ]
INFO: [ app_begin ] --END-- [ RunTime:0.003534s ]
SQL: SHOW COLUMNS FROM `p_share` [ RunTime:0.0064s ]
SQL: SELECT * FROM `p_share` WHERE `id` = 4 LIMIT 1   [ RunTime:0.0004s ]
INFO: [ app_end ] --START--
INFO: Run Behavior\ShowPageTraceBehavior [ RunTime:0.000955s ]
INFO: [ app_end ] --END-- [ RunTime:0.001101s ]

[ 2016-02-06T21:41:02+08:00 ] ::1 /Hit/index.php/Home/Share/download/id/4.html
INFO: [ app_init ] --START--
INFO: Run Behavior\BuildLiteBehavior [ RunTime:0.000023s ]
INFO: [ app_init ] --END-- [ RunTime:0.000448s ]
INFO: [ app_begin ] --START--
INFO: Run Behavior\ReadHtmlCacheBehavior [ RunTime:0.000831s ]
INFO: [ app_begin ] --END-- [ RunTime:0.000952s ]
ERR: 非法操作:download

[ 2016-02-06T21:41:04+08:00 ] ::1 /Hit/index.php/Home/Share/index.html
INFO: [ app_init ] --START--
INFO: Run Behavior\BuildLiteBehavior [ RunTime:0.000025s ]
INFO: [ app_init ] --END-- [ RunTime:0.000458s ]
INFO: [ app_begin ] --START--
INFO: Run Behavior\ReadHtmlCacheBehavior [ RunTime:0.000809s ]
INFO: [ app_begin ] --END-- [ RunTime:0.000923s ]
SQL: SHOW COLUMNS FROM `p_share` [ RunTime:0.0609s ]
SQL: SELECT * FROM `p_share` WHERE `sta` = 2  [ RunTime:0.0004s ]
SQL: SELECT * FROM `p_share` WHERE `sta` = 1  [ RunTime:0.0002s ]
SQL: SELECT * FROM `p_share` WHERE `sta` = 3  [ RunTime:0.0003s ]
INFO: [ view_parse ] --START--
INFO: [ template_filter ] --START--
INFO: Run Behavior\ContentReplaceBehavior [ RunTime:0.000063s ]
INFO: [ template_filter ] --END-- [ RunTime:0.000171s ]
INFO: Run Behavior\ParseTemplateBehavior [ RunTime:0.014502s ]
INFO: [ view_parse ] --END-- [ RunTime:0.014666s ]
INFO: [ view_filter ] --START--
INFO: Run Behavior\WriteHtmlCacheBehavior [ RunTime:0.000733s ]
INFO: Run Behavior\TokenBuildBehavior [ RunTime:0.000890s ]
INFO: [ view_filter ] --END-- [ RunTime:0.001817s ]
INFO: [ app_end ] --START--
INFO: Run Behavior\ShowPageTraceBehavior [ RunTime:0.000758s ]
INFO: [ app_end ] --END-- [ RunTime:0.000836s ]

[ 2016-02-06T21:41:04+08:00 ] ::1 /Hit/index.php/Home/Share/Public/Uploads/
INFO: [ app_init ] --START--
INFO: Run Behavior\BuildLiteBehavior [ RunTime:0.000022s ]
INFO: [ app_init ] --END-- [ RunTime:0.000427s ]
INFO: [ app_begin ] --START--
INFO: Run Behavior\ReadHtmlCacheBehavior [ RunTime:0.000701s ]
INFO: [ app_begin ] --END-- [ RunTime:0.000811s ]
ERR: 非法操作:Public

[ 2016-02-06T21:41:22+08:00 ] ::1 /Hit/index.php/Home/Share/Public/Uploads/
INFO: [ app_init ] --START--
INFO: Run Behavior\BuildLiteBehavior [ RunTime:0.000024s ]
INFO: [ app_init ] --END-- [ RunTime:0.000462s ]
INFO: [ app_begin ] --START--
INFO: Run Behavior\ReadHtmlCacheBehavior [ RunTime:0.000694s ]
INFO: [ app_begin ] --END-- [ RunTime:0.000781s ]
ERR: 非法操作:Public

[ 2016-02-06T21:41:24+08:00 ] ::1 /Hit/index.php/Home/Share/index.html
INFO: [ app_init ] --START--
INFO: Run Behavior\BuildLiteBehavior [ RunTime:0.000026s ]
INFO: [ app_init ] --END-- [ RunTime:0.000464s ]
INFO: [ app_begin ] --START--
INFO: Run Behavior\ReadHtmlCacheBehavior [ RunTime:0.000796s ]
INFO: [ app_begin ] --END-- [ RunTime:0.000901s ]
SQL: SHOW COLUMNS FROM `p_share` [ RunTime:0.0063s ]
SQL: SELECT * FROM `p_share` WHERE `sta` = 2  [ RunTime:0.0003s ]
SQL: SELECT * FROM `p_share` WHERE `sta` = 1  [ RunTime:0.0002s ]
SQL: SELECT * FROM `p_share` WHERE `sta` = 3  [ RunTime:0.0002s ]
INFO: [ view_parse ] --START--
INFO: [ template_filter ] --START--
INFO: Run Behavior\ContentReplaceBehavior [ RunTime:0.000094s ]
INFO: [ template_filter ] --END-- [ RunTime:0.000536s ]
INFO: Run Behavior\ParseTemplateBehavior [ RunTime:0.014379s ]
INFO: [ view_parse ] --END-- [ RunTime:0.014504s ]
INFO: [ view_filter ] --START--
INFO: Run Behavior\WriteHtmlCacheBehavior [ RunTime:0.000643s ]
INFO: Run Behavior\TokenBuildBehavior [ RunTime:0.000706s ]
INFO: [ view_filter ] --END-- [ RunTime:0.001499s ]
INFO: [ app_end ] --START--
INFO: Run Behavior\ShowPageTraceBehavior [ RunTime:0.000733s ]
INFO: [ app_end ] --END-- [ RunTime:0.000815s ]

[ 2016-02-06T21:42:26+08:00 ] ::1 /Hit/index.php/Home/Share/index.html
INFO: [ app_init ] --START--
INFO: Run Behavior\BuildLiteBehavior [ RunTime:0.000023s ]
INFO: [ app_init ] --END-- [ RunTime:0.000433s ]
INFO: [ app_begin ] --START--
INFO: Run Behavior\ReadHtmlCacheBehavior [ RunTime:0.001273s ]
INFO: [ app_begin ] --END-- [ RunTime:0.001405s ]
SQL: SHOW COLUMNS FROM `p_share` [ RunTime:0.0092s ]
SQL: SELECT * FROM `p_share` WHERE `sta` = 2  [ RunTime:0.0003s ]
SQL: SELECT * FROM `p_share` WHERE `sta` = 1  [ RunTime:0.0002s ]
SQL: SELECT * FROM `p_share` WHERE `sta` = 3  [ RunTime:0.0002s ]
INFO: [ view_parse ] --START--
INFO: [ template_filter ] --START--
INFO: Run Behavior\ContentReplaceBehavior [ RunTime:0.000052s ]
INFO: [ template_filter ] --END-- [ RunTime:0.000139s ]
INFO: Run Behavior\ParseTemplateBehavior [ RunTime:0.012159s ]
INFO: [ view_parse ] --END-- [ RunTime:0.012258s ]
INFO: [ view_filter ] --START--
INFO: Run Behavior\WriteHtmlCacheBehavior [ RunTime:0.000458s ]
INFO: Run Behavior\TokenBuildBehavior [ RunTime:0.000672s ]
INFO: [ view_filter ] --END-- [ RunTime:0.001251s ]
INFO: [ app_end ] --START--
INFO: Run Behavior\ShowPageTraceBehavior [ RunTime:0.000692s ]
INFO: [ app_end ] --END-- [ RunTime:0.000770s ]

[ 2016-02-06T21:43:08+08:00 ] ::1 /Hit/index.php/Home/Share/index.html
INFO: [ app_init ] --START--
INFO: Run Behavior\BuildLiteBehavior [ RunTime:0.000048s ]
INFO: [ app_init ] --END-- [ RunTime:0.001003s ]
INFO: [ app_begin ] --START--
INFO: Run Behavior\ReadHtmlCacheBehavior [ RunTime:0.001179s ]
INFO: [ app_begin ] --END-- [ RunTime:0.001351s ]
SQL: SHOW COLUMNS FROM `p_share` [ RunTime:0.0073s ]
SQL: SELECT * FROM `p_share` WHERE `sta` = 2  [ RunTime:0.0004s ]
SQL: SELECT * FROM `p_share` WHERE `sta` = 1  [ RunTime:0.0003s ]
SQL: SELECT * FROM `p_share` WHERE `sta` = 3  [ RunTime:0.0003s ]
INFO: [ view_parse ] --START--
INFO: [ template_filter ] --START--
INFO: Run Behavior\ContentReplaceBehavior [ RunTime:0.000125s ]
INFO: [ template_filter ] --END-- [ RunTime:0.000260s ]
INFO: Run Behavior\ParseTemplateBehavior [ RunTime:0.014315s ]
INFO: [ view_parse ] --END-- [ RunTime:0.014433s ]
INFO: [ view_filter ] --START--
INFO: Run Behavior\WriteHtmlCacheBehavior [ RunTime:0.000526s ]
INFO: Run Behavior\TokenBuildBehavior [ RunTime:0.000820s ]
INFO: [ view_filter ] --END-- [ RunTime:0.001494s ]
INFO: [ app_end ] --START--
INFO: Run Behavior\ShowPageTraceBehavior [ RunTime:0.001205s ]
INFO: [ app_end ] --END-- [ RunTime:0.001333s ]

[ 2016-02-06T21:44:02+08:00 ] ::1 /Hit/index.php/Home/Share/index.html
INFO: [ app_init ] --START--
INFO: Run Behavior\BuildLiteBehavior [ RunTime:0.000023s ]
INFO: [ app_init ] --END-- [ RunTime:0.000476s ]
INFO: [ app_begin ] --START--
INFO: Run Behavior\ReadHtmlCacheBehavior [ RunTime:0.000736s ]
INFO: [ app_begin ] --END-- [ RunTime:0.000838s ]
SQL: SHOW COLUMNS FROM `p_share` [ RunTime:0.0059s ]
SQL: SELECT * FROM `p_share` WHERE `sta` = 2  [ RunTime:0.0003s ]
SQL: SELECT * FROM `p_share` WHERE `sta` = 1  [ RunTime:0.0002s ]
SQL: SELECT * FROM `p_share` WHERE `sta` = 3  [ RunTime:0.0002s ]
INFO: [ view_parse ] --START--
INFO: [ template_filter ] --START--
INFO: Run Behavior\ContentReplaceBehavior [ RunTime:0.000067s ]
INFO: [ template_filter ] --END-- [ RunTime:0.000169s ]
INFO: Run Behavior\ParseTemplateBehavior [ RunTime:0.011793s ]
INFO: [ view_parse ] --END-- [ RunTime:0.011934s ]
INFO: [ view_filter ] --START--
INFO: Run Behavior\WriteHtmlCacheBehavior [ RunTime:0.000501s ]
INFO: Run Behavior\TokenBuildBehavior [ RunTime:0.000619s ]
INFO: [ view_filter ] --END-- [ RunTime:0.001248s ]
INFO: [ app_end ] --START--
INFO: Run Behavior\ShowPageTraceBehavior [ RunTime:0.000933s ]
INFO: [ app_end ] --END-- [ RunTime:0.001063s ]

[ 2016-02-06T21:44:03+08:00 ] ::1 /Hit/index.php/Home/Share/__Public__/Uploads/
INFO: [ app_init ] --START--
INFO: Run Behavior\BuildLiteBehavior [ RunTime:0.000032s ]
INFO: [ app_init ] --END-- [ RunTime:0.000450s ]
INFO: [ app_begin ] --START--
INFO: Run Behavior\ReadHtmlCacheBehavior [ RunTime:0.000720s ]
INFO: [ app_begin ] --END-- [ RunTime:0.000809s ]
ERR: 非法操作:__Public__

[ 2016-02-06T21:52:14+08:00 ] ::1 /Hit/index.php/Home/Share/index.html
INFO: [ app_init ] --START--
INFO: Run Behavior\BuildLiteBehavior [ RunTime:0.000023s ]
INFO: [ app_init ] --END-- [ RunTime:0.000449s ]
INFO: [ app_begin ] --START--
INFO: Run Behavior\ReadHtmlCacheBehavior [ RunTime:0.000749s ]
INFO: [ app_begin ] --END-- [ RunTime:0.000839s ]
SQL: SHOW COLUMNS FROM `p_share` [ RunTime:0.0045s ]
SQL: SELECT * FROM `p_share` WHERE `sta` = 2  [ RunTime:0.0004s ]
SQL: SELECT * FROM `p_share` WHERE `sta` = 1  [ RunTime:0.0004s ]
SQL: SELECT * FROM `p_share` WHERE `sta` = 3  [ RunTime:0.0004s ]
INFO: [ view_parse ] --START--
INFO: [ template_filter ] --START--
INFO: Run Behavior\ContentReplaceBehavior [ RunTime:0.000065s ]
INFO: [ template_filter ] --END-- [ RunTime:0.000179s ]
INFO: Run Behavior\ParseTemplateBehavior [ RunTime:0.012277s ]
INFO: [ view_parse ] --END-- [ RunTime:0.012436s ]
INFO: [ view_filter ] --START--
INFO: Run Behavior\WriteHtmlCacheBehavior [ RunTime:0.001117s ]
INFO: Run Behavior\TokenBuildBehavior [ RunTime:0.000782s ]
INFO: [ view_filter ] --END-- [ RunTime:0.002127s ]
INFO: [ app_end ] --START--
INFO: Run Behavior\ShowPageTraceBehavior [ RunTime:0.000721s ]
INFO: [ app_end ] --END-- [ RunTime:0.000800s ]

