[ 2016-03-11T08:53:35+08:00 ] ::1 /Hit/
INFO: [ app_init ] --START--
INFO: Run Behavior\BuildLiteBehavior [ RunTime:0.000051s ]
INFO: [ app_init ] --END-- [ RunTime:0.000538s ]
INFO: [ app_begin ] --START--
INFO: Run Behavior\ReadHtmlCacheBehavior [ RunTime:0.000713s ]
INFO: [ app_begin ] --END-- [ RunTime:0.000818s ]
INFO: [ view_parse ] --START--
INFO: [ template_filter ] --START--
INFO: Run Behavior\ContentReplaceBehavior [ RunTime:0.000052s ]
INFO: [ template_filter ] --END-- [ RunTime:0.000146s ]
INFO: Run Behavior\ParseTemplateBehavior [ RunTime:0.027243s ]
INFO: [ view_parse ] --END-- [ RunTime:0.027407s ]
INFO: [ view_filter ] --START--
INFO: Run Behavior\WriteHtmlCacheBehavior [ RunTime:0.000485s ]
INFO: Run Behavior\TokenBuildBehavior [ RunTime:0.000619s ]
INFO: [ view_filter ] --END-- [ RunTime:0.001229s ]
INFO: [ app_end ] --START--
INFO: Run Behavior\ShowPageTraceBehavior [ RunTime:0.000734s ]
INFO: [ app_end ] --END-- [ RunTime:0.000812s ]

[ 2016-03-11T08:54:21+08:00 ] ::1 /Hit/index.php/Home/Search/sechUser?keyword=&__hash__=12e71aa53af385e47d55ae19c7e602ff_22f3fcf1745de2b32cc346f9b1bb1326
INFO: [ app_init ] --START--
INFO: Run Behavior\BuildLiteBehavior [ RunTime:0.000022s ]
INFO: [ app_init ] --END-- [ RunTime:0.000418s ]
INFO: [ app_begin ] --START--
INFO: Run Behavior\ReadHtmlCacheBehavior [ RunTime:0.001392s ]
INFO: [ app_begin ] --END-- [ RunTime:0.001535s ]
INFO: [ view_parse ] --START--
NOTIC: [2] file_get_contents(./Application/Home/View/Common/left.html): failed to open stream: No such file or directory D:\wamp\www\Hit\ThinkPHP\Library\Think\Template.class.php 第 696 行.
INFO: [ template_filter ] --START--
INFO: Run Behavior\ContentReplaceBehavior [ RunTime:0.000136s ]
INFO: [ template_filter ] --END-- [ RunTime:0.000330s ]
SQL: SHOW COLUMNS FROM `p_group` [ RunTime:0.0392s ]
SQL: SELECT * FROM `p_group` WHERE `uid` = null  [ RunTime:0.0004s ]
INFO: Run Behavior\ParseTemplateBehavior [ RunTime:0.103695s ]
INFO: [ view_parse ] --END-- [ RunTime:0.103833s ]
INFO: [ view_filter ] --START--
INFO: Run Behavior\WriteHtmlCacheBehavior [ RunTime:0.000578s ]
INFO: Run Behavior\TokenBuildBehavior [ RunTime:0.000749s ]
INFO: [ view_filter ] --END-- [ RunTime:0.001458s ]
INFO: [ app_end ] --START--
INFO: Run Behavior\ShowPageTraceBehavior [ RunTime:0.000681s ]
INFO: [ app_end ] --END-- [ RunTime:0.000777s ]

[ 2016-03-11T08:54:37+08:00 ] ::1 /Hit/index.php/Home/Search/sechUser?keyword=123&__hash__=b8cc1382340a184a86e2d4f2ab0311e3_c56226ad1932860a87987002004243b5
INFO: [ app_init ] --START--
INFO: Run Behavior\BuildLiteBehavior [ RunTime:0.000033s ]
INFO: [ app_init ] --END-- [ RunTime:0.000590s ]
INFO: [ app_begin ] --START--
INFO: Run Behavior\ReadHtmlCacheBehavior [ RunTime:0.000771s ]
INFO: [ app_begin ] --END-- [ RunTime:0.000880s ]
SQL: SHOW COLUMNS FROM `p_user` [ RunTime:0.0904s ]
SQL: SELECT COUNT(id) AS tp_count FROM `p_user` WHERE `username` LIKE '%123%' AND `id` <> null LIMIT 1   [ RunTime:0.0004s ]
SQL: SELECT `id`,`username`,`sex`,`location`,`sign`,`avater_path`,`follow`,`fans` FROM `p_user` WHERE `username` LIKE '%123%' AND `id` <> null LIMIT 0,2   [ RunTime:0.0004s ]
INFO: [ view_parse ] --START--
NOTIC: [2] file_get_contents(./Application/Home/View/Common/left.html): failed to open stream: No such file or directory D:\wamp\www\Hit\ThinkPHP\Library\Think\Template.class.php 第 696 行.
INFO: [ template_filter ] --START--
INFO: Run Behavior\ContentReplaceBehavior [ RunTime:0.000076s ]
INFO: [ template_filter ] --END-- [ RunTime:0.000197s ]
SQL: SHOW COLUMNS FROM `p_group` [ RunTime:0.0165s ]
SQL: SELECT * FROM `p_group` WHERE `uid` = null  [ RunTime:0.0003s ]
INFO: Run Behavior\ParseTemplateBehavior [ RunTime:0.030216s ]
INFO: [ view_parse ] --END-- [ RunTime:0.030324s ]
INFO: [ view_filter ] --START--
INFO: Run Behavior\WriteHtmlCacheBehavior [ RunTime:0.000663s ]
INFO: Run Behavior\TokenBuildBehavior [ RunTime:0.000830s ]
INFO: [ view_filter ] --END-- [ RunTime:0.001669s ]
INFO: [ app_end ] --START--
INFO: Run Behavior\ShowPageTraceBehavior [ RunTime:0.000675s ]
INFO: [ app_end ] --END-- [ RunTime:0.000753s ]

[ 2016-03-11T08:54:49+08:00 ] ::1 /Hit/index.php/Home/Search/sechUser?keyword=456&__hash__=f7e147b55ae7e9a5f10d67b86d74a14d_a34352bac0d27f020e34211d08578bc4
INFO: [ app_init ] --START--
INFO: Run Behavior\BuildLiteBehavior [ RunTime:0.000022s ]
INFO: [ app_init ] --END-- [ RunTime:0.000457s ]
INFO: [ app_begin ] --START--
INFO: Run Behavior\ReadHtmlCacheBehavior [ RunTime:0.000664s ]
INFO: [ app_begin ] --END-- [ RunTime:0.000760s ]
SQL: SHOW COLUMNS FROM `p_user` [ RunTime:0.0706s ]
SQL: SELECT COUNT(id) AS tp_count FROM `p_user` WHERE `username` LIKE '%456%' AND `id` <> null LIMIT 1   [ RunTime:0.0003s ]
SQL: SELECT `id`,`username`,`sex`,`location`,`sign`,`avater_path`,`follow`,`fans` FROM `p_user` WHERE `username` LIKE '%456%' AND `id` <> null LIMIT 0,2   [ RunTime:0.0003s ]
INFO: [ view_parse ] --START--
NOTIC: [2] file_get_contents(./Application/Home/View/Common/left.html): failed to open stream: No such file or directory D:\wamp\www\Hit\ThinkPHP\Library\Think\Template.class.php 第 696 行.
INFO: [ template_filter ] --START--
INFO: Run Behavior\ContentReplaceBehavior [ RunTime:0.000122s ]
INFO: [ template_filter ] --END-- [ RunTime:0.000300s ]
SQL: SHOW COLUMNS FROM `p_group` [ RunTime:0.0313s ]
SQL: SELECT * FROM `p_group` WHERE `uid` = null  [ RunTime:0.0003s ]
INFO: Run Behavior\ParseTemplateBehavior [ RunTime:0.048894s ]
INFO: [ view_parse ] --END-- [ RunTime:0.048989s ]
INFO: [ view_filter ] --START--
INFO: Run Behavior\WriteHtmlCacheBehavior [ RunTime:0.000613s ]
INFO: Run Behavior\TokenBuildBehavior [ RunTime:0.000859s ]
INFO: [ view_filter ] --END-- [ RunTime:0.001627s ]
INFO: [ app_end ] --START--
INFO: Run Behavior\ShowPageTraceBehavior [ RunTime:0.000780s ]
INFO: [ app_end ] --END-- [ RunTime:0.000882s ]

[ 2016-03-11T08:54:58+08:00 ] ::1 /Hit/index.php/Home/Search/sechUser?keyword=%E9%B9%8F&__hash__=d2b4b50c35d8ccb7a9c53dd4f12021a5_6e251656cb050958a0477e09beae781b
INFO: [ app_init ] --START--
INFO: Run Behavior\BuildLiteBehavior [ RunTime:0.000021s ]
INFO: [ app_init ] --END-- [ RunTime:0.000420s ]
INFO: [ app_begin ] --START--
INFO: Run Behavior\ReadHtmlCacheBehavior [ RunTime:0.000729s ]
INFO: [ app_begin ] --END-- [ RunTime:0.000819s ]
SQL: SHOW COLUMNS FROM `p_user` [ RunTime:0.0489s ]
SQL: SELECT COUNT(id) AS tp_count FROM `p_user` WHERE `username` LIKE '%鹏%' AND `id` <> null LIMIT 1   [ RunTime:0.0003s ]
SQL: SELECT `id`,`username`,`sex`,`location`,`sign`,`avater_path`,`follow`,`fans` FROM `p_user` WHERE `username` LIKE '%鹏%' AND `id` <> null LIMIT 0,2   [ RunTime:0.0003s ]
INFO: [ view_parse ] --START--
NOTIC: [2] file_get_contents(./Application/Home/View/Common/left.html): failed to open stream: No such file or directory D:\wamp\www\Hit\ThinkPHP\Library\Think\Template.class.php 第 696 行.
INFO: [ template_filter ] --START--
INFO: Run Behavior\ContentReplaceBehavior [ RunTime:0.000077s ]
INFO: [ template_filter ] --END-- [ RunTime:0.000171s ]
SQL: SHOW COLUMNS FROM `p_group` [ RunTime:0.0037s ]
SQL: SELECT * FROM `p_group` WHERE `uid` = null  [ RunTime:0.0003s ]
INFO: Run Behavior\ParseTemplateBehavior [ RunTime:0.018601s ]
INFO: [ view_parse ] --END-- [ RunTime:0.018698s ]
INFO: [ view_filter ] --START--
INFO: Run Behavior\WriteHtmlCacheBehavior [ RunTime:0.000726s ]
INFO: Run Behavior\TokenBuildBehavior [ RunTime:0.000659s ]
INFO: [ view_filter ] --END-- [ RunTime:0.001527s ]
INFO: [ app_end ] --START--
INFO: Run Behavior\ShowPageTraceBehavior [ RunTime:0.000698s ]
INFO: [ app_end ] --END-- [ RunTime:0.000773s ]

[ 2016-03-11T08:55:11+08:00 ] ::1 /Hit/index.php
INFO: [ app_init ] --START--
INFO: Run Behavior\BuildLiteBehavior [ RunTime:0.000024s ]
INFO: [ app_init ] --END-- [ RunTime:0.000586s ]
INFO: [ app_begin ] --START--
INFO: Run Behavior\ReadHtmlCacheBehavior [ RunTime:0.000698s ]
INFO: [ app_begin ] --END-- [ RunTime:0.000785s ]
INFO: [ view_parse ] --START--
INFO: [ template_filter ] --START--
INFO: Run Behavior\ContentReplaceBehavior [ RunTime:0.000058s ]
INFO: [ template_filter ] --END-- [ RunTime:0.000158s ]
INFO: Run Behavior\ParseTemplateBehavior [ RunTime:0.009608s ]
INFO: [ view_parse ] --END-- [ RunTime:0.009791s ]
INFO: [ view_filter ] --START--
INFO: Run Behavior\WriteHtmlCacheBehavior [ RunTime:0.000612s ]
INFO: Run Behavior\TokenBuildBehavior [ RunTime:0.000629s ]
INFO: [ view_filter ] --END-- [ RunTime:0.001384s ]
INFO: [ app_end ] --START--
INFO: Run Behavior\ShowPageTraceBehavior [ RunTime:0.000725s ]
INFO: [ app_end ] --END-- [ RunTime:0.000803s ]

[ 2016-03-11T08:55:13+08:00 ] ::1 /Hit/index.php/Home/User/login
INFO: [ app_init ] --START--
INFO: Run Behavior\BuildLiteBehavior [ RunTime:0.000022s ]
INFO: [ app_init ] --END-- [ RunTime:0.000424s ]
INFO: [ app_begin ] --START--
INFO: Run Behavior\ReadHtmlCacheBehavior [ RunTime:0.000683s ]
INFO: [ app_begin ] --END-- [ RunTime:0.000782s ]
INFO: [ view_parse ] --START--
INFO: [ template_filter ] --START--
INFO: Run Behavior\ContentReplaceBehavior [ RunTime:0.000592s ]
INFO: [ template_filter ] --END-- [ RunTime:0.001075s ]
INFO: Run Behavior\ParseTemplateBehavior [ RunTime:0.038740s ]
INFO: [ view_parse ] --END-- [ RunTime:0.038958s ]
INFO: [ view_filter ] --START--
INFO: Run Behavior\WriteHtmlCacheBehavior [ RunTime:0.001240s ]
INFO: Run Behavior\TokenBuildBehavior [ RunTime:0.002239s ]
INFO: [ view_filter ] --END-- [ RunTime:0.003868s ]
INFO: [ app_end ] --START--
INFO: Run Behavior\ShowPageTraceBehavior [ RunTime:0.001922s ]
INFO: [ app_end ] --END-- [ RunTime:0.002146s ]

[ 2016-03-11T08:55:17+08:00 ] ::1 /Hit/index.php/Home/User/dologin
INFO: [ app_init ] --START--
INFO: Run Behavior\BuildLiteBehavior [ RunTime:0.000045s ]
INFO: [ app_init ] --END-- [ RunTime:0.000810s ]
INFO: [ app_begin ] --START--
INFO: Run Behavior\ReadHtmlCacheBehavior [ RunTime:0.001476s ]
INFO: [ app_begin ] --END-- [ RunTime:0.001680s ]
SQL: SHOW COLUMNS FROM `p_user` [ RunTime:0.0196s ]
NOTIC: [8] Undefined index: auth D:\wamp\www\Hit\ThinkPHP\Library\Think\Model.class.php 第 1264 行.
SQL: SELECT `id`,`status`,`avater_path`,`truename`,`username` FROM `p_user` WHERE `username` = 'echo' AND `password` = '618d3face2bcc4c583fa3e6548ac0eec' LIMIT 1   [ RunTime:0.0005s ]
SQL: UPDATE `p_user` SET `last_login`='1457657716',`last_ip`='0.0.0.0' WHERE ( id=44 ) [ RunTime:0.0620s ]
SQL: SHOW COLUMNS FROM `p_auth_group_access` [ RunTime:0.0053s ]
SQL: SELECT `group_id` FROM `p_auth_group_access` WHERE `uid` = 44 LIMIT 1   [ RunTime:0.0004s ]

[ 2016-03-11T08:55:17+08:00 ] ::1 /Hit/index.php
INFO: [ app_init ] --START--
INFO: Run Behavior\BuildLiteBehavior [ RunTime:0.000027s ]
INFO: [ app_init ] --END-- [ RunTime:0.000665s ]
INFO: [ app_begin ] --START--
INFO: Run Behavior\ReadHtmlCacheBehavior [ RunTime:0.001377s ]
INFO: [ app_begin ] --END-- [ RunTime:0.001490s ]
INFO: [ view_parse ] --START--
INFO: [ template_filter ] --START--
INFO: Run Behavior\ContentReplaceBehavior [ RunTime:0.000058s ]
INFO: [ template_filter ] --END-- [ RunTime:0.000157s ]
INFO: Run Behavior\ParseTemplateBehavior [ RunTime:0.010956s ]
INFO: [ view_parse ] --END-- [ RunTime:0.011082s ]
INFO: [ view_filter ] --START--
INFO: Run Behavior\WriteHtmlCacheBehavior [ RunTime:0.000514s ]
INFO: Run Behavior\TokenBuildBehavior [ RunTime:0.000667s ]
INFO: [ view_filter ] --END-- [ RunTime:0.001323s ]
INFO: [ app_end ] --START--
INFO: Run Behavior\ShowPageTraceBehavior [ RunTime:0.000857s ]
INFO: [ app_end ] --END-- [ RunTime:0.001067s ]

[ 2016-03-11T08:55:20+08:00 ] ::1 /Hit/index.php/Home/Search/sechUser?keyword=%E9%B9%8F&__hash__=67da1258dfba05494af2e93699c21dd1_3894282e0d867c3b1ef66fccef862672
INFO: [ app_init ] --START--
INFO: Run Behavior\BuildLiteBehavior [ RunTime:0.000022s ]
INFO: [ app_init ] --END-- [ RunTime:0.000442s ]
INFO: [ app_begin ] --START--
INFO: Run Behavior\ReadHtmlCacheBehavior [ RunTime:0.000666s ]
INFO: [ app_begin ] --END-- [ RunTime:0.000751s ]
SQL: SHOW COLUMNS FROM `p_user` [ RunTime:0.0194s ]
SQL: SELECT COUNT(id) AS tp_count FROM `p_user` WHERE `username` LIKE '%鹏%' AND `id` <> '44' LIMIT 1   [ RunTime:0.0004s ]
SQL: SELECT `id`,`username`,`sex`,`location`,`sign`,`avater_path`,`follow`,`fans` FROM `p_user` WHERE `username` LIKE '%鹏%' AND `id` <> '44' LIMIT 0,2   [ RunTime:0.0003s ]
SQL: SHOW COLUMNS FROM `p_follow` [ RunTime:0.0417s ]
SQL: (SELECT `follow` FROM `p_follow` WHERE `follow` = 50 AND `fans` = 44) UNION (SELECT `follow` FROM `p_follow` WHERE `follow` = 44 AND `fans` = 50) [ RunTime:0.0006s ]
SQL: (SELECT `follow` FROM `p_follow` WHERE `follow` = 51 AND `fans` = 44) UNION (SELECT `follow` FROM `p_follow` WHERE `follow` = 44 AND `fans` = 51) [ RunTime:0.0006s ]
NOTIC: [8] Undefined variable: page D:\wamp\www\Hit\ThinkPHP\Library\Think\Page.class.php 第 134 行.
INFO: [ view_parse ] --START--
NOTIC: [2] file_get_contents(./Application/Home/View/Common/left.html): failed to open stream: No such file or directory D:\wamp\www\Hit\ThinkPHP\Library\Think\Template.class.php 第 696 行.
INFO: [ template_filter ] --START--
INFO: Run Behavior\ContentReplaceBehavior [ RunTime:0.000149s ]
INFO: [ template_filter ] --END-- [ RunTime:0.000302s ]
NOTIC: [8] Undefined index: weibo D:\wamp\www\Hit\Application\Runtime\Cache\Home\5fa0010deefef581f418d2f12f6248b5.php 第 60 行.
NOTIC: [8] Undefined index: weibo D:\wamp\www\Hit\Application\Runtime\Cache\Home\5fa0010deefef581f418d2f12f6248b5.php 第 60 行.
SQL: SHOW COLUMNS FROM `p_group` [ RunTime:0.0051s ]
SQL: SELECT * FROM `p_group` WHERE `uid` = 44  [ RunTime:0.0004s ]
INFO: Run Behavior\ParseTemplateBehavior [ RunTime:0.019977s ]
INFO: [ view_parse ] --END-- [ RunTime:0.020071s ]
INFO: [ view_filter ] --START--
INFO: Run Behavior\WriteHtmlCacheBehavior [ RunTime:0.000555s ]
INFO: Run Behavior\TokenBuildBehavior [ RunTime:0.000790s ]
INFO: [ view_filter ] --END-- [ RunTime:0.001481s ]
INFO: [ app_end ] --START--
INFO: Run Behavior\ShowPageTraceBehavior [ RunTime:0.000927s ]
INFO: [ app_end ] --END-- [ RunTime:0.001017s ]

[ 2016-03-11T08:55:31+08:00 ] ::1 /Hit/index.php/Home/Search/sechUser/keyword/%E9%B9%8F/__hash__/67da1258dfba05494af2e93699c21dd1_3894282e0d867c3b1ef66fccef862672/p/2
INFO: [ app_init ] --START--
INFO: Run Behavior\BuildLiteBehavior [ RunTime:0.000021s ]
INFO: [ app_init ] --END-- [ RunTime:0.000426s ]
INFO: [ app_begin ] --START--
INFO: Run Behavior\ReadHtmlCacheBehavior [ RunTime:0.000694s ]
INFO: [ app_begin ] --END-- [ RunTime:0.000802s ]
SQL: SHOW COLUMNS FROM `p_user` [ RunTime:0.0040s ]
SQL: SELECT COUNT(id) AS tp_count FROM `p_user` WHERE `username` LIKE '%鹏%' AND `id` <> '44' LIMIT 1   [ RunTime:0.0003s ]
SQL: SELECT `id`,`username`,`sex`,`location`,`sign`,`avater_path`,`follow`,`fans` FROM `p_user` WHERE `username` LIKE '%鹏%' AND `id` <> '44' LIMIT 2,2   [ RunTime:0.0003s ]
SQL: SHOW COLUMNS FROM `p_follow` [ RunTime:0.0035s ]
SQL: (SELECT `follow` FROM `p_follow` WHERE `follow` = 52 AND `fans` = 44) UNION (SELECT `follow` FROM `p_follow` WHERE `follow` = 44 AND `fans` = 52) [ RunTime:0.0005s ]
SQL: SELECT COUNT(*) AS tp_count FROM `p_follow` WHERE `follow` = 52 AND `fans` = 44 LIMIT 1   [ RunTime:0.0002s ]
SQL: (SELECT `follow` FROM `p_follow` WHERE `follow` = 53 AND `fans` = 44) UNION (SELECT `follow` FROM `p_follow` WHERE `follow` = 44 AND `fans` = 53) [ RunTime:0.0004s ]
SQL: SELECT COUNT(*) AS tp_count FROM `p_follow` WHERE `follow` = 53 AND `fans` = 44 LIMIT 1   [ RunTime:0.0002s ]
NOTIC: [8] Undefined variable: page D:\wamp\www\Hit\ThinkPHP\Library\Think\Page.class.php 第 134 行.
INFO: [ view_parse ] --START--
NOTIC: [2] file_get_contents(./Application/Home/View/Common/left.html): failed to open stream: No such file or directory D:\wamp\www\Hit\ThinkPHP\Library\Think\Template.class.php 第 696 行.
INFO: [ template_filter ] --START--
INFO: Run Behavior\ContentReplaceBehavior [ RunTime:0.000160s ]
INFO: [ template_filter ] --END-- [ RunTime:0.000321s ]
NOTIC: [8] Undefined index: weibo D:\wamp\www\Hit\Application\Runtime\Cache\Home\5fa0010deefef581f418d2f12f6248b5.php 第 60 行.
NOTIC: [8] Undefined index: weibo D:\wamp\www\Hit\Application\Runtime\Cache\Home\5fa0010deefef581f418d2f12f6248b5.php 第 60 行.
SQL: SHOW COLUMNS FROM `p_group` [ RunTime:0.0039s ]
SQL: SELECT * FROM `p_group` WHERE `uid` = 44  [ RunTime:0.0003s ]
INFO: Run Behavior\ParseTemplateBehavior [ RunTime:0.019855s ]
INFO: [ view_parse ] --END-- [ RunTime:0.019962s ]
INFO: [ view_filter ] --START--
INFO: Run Behavior\WriteHtmlCacheBehavior [ RunTime:0.000581s ]
INFO: Run Behavior\TokenBuildBehavior [ RunTime:0.000815s ]
INFO: [ view_filter ] --END-- [ RunTime:0.001529s ]
INFO: [ app_end ] --START--
INFO: Run Behavior\ShowPageTraceBehavior [ RunTime:0.000720s ]
INFO: [ app_end ] --END-- [ RunTime:0.000806s ]

[ 2016-03-11T08:56:04+08:00 ] ::1 /Hit/index.php/Home/Search/sechUser/keyword/%E9%B9%8F/__hash__/67da1258dfba05494af2e93699c21dd1_3894282e0d867c3b1ef66fccef862672/p/2
INFO: [ app_init ] --START--
INFO: Run Behavior\BuildLiteBehavior [ RunTime:0.000026s ]
INFO: [ app_init ] --END-- [ RunTime:0.000454s ]
INFO: [ app_begin ] --START--
INFO: Run Behavior\ReadHtmlCacheBehavior [ RunTime:0.000897s ]
INFO: [ app_begin ] --END-- [ RunTime:0.000986s ]
SQL: SHOW COLUMNS FROM `p_user` [ RunTime:0.0075s ]
SQL: SELECT COUNT(id) AS tp_count FROM `p_user` WHERE `username` LIKE '%鹏%' AND `id` <> '44' LIMIT 1   [ RunTime:0.0004s ]
SQL: SELECT `id`,`username`,`sex`,`location`,`sign`,`avater_path`,`follow`,`fans` FROM `p_user` WHERE `username` LIKE '%鹏%' AND `id` <> '44' LIMIT 2,2   [ RunTime:0.0004s ]
SQL: SHOW COLUMNS FROM `p_follow` [ RunTime:0.0034s ]
SQL: (SELECT `follow` FROM `p_follow` WHERE `follow` = 52 AND `fans` = 44) UNION (SELECT `follow` FROM `p_follow` WHERE `follow` = 44 AND `fans` = 52) [ RunTime:0.0004s ]
SQL: SELECT COUNT(*) AS tp_count FROM `p_follow` WHERE `follow` = 52 AND `fans` = 44 LIMIT 1   [ RunTime:0.0002s ]
SQL: (SELECT `follow` FROM `p_follow` WHERE `follow` = 53 AND `fans` = 44) UNION (SELECT `follow` FROM `p_follow` WHERE `follow` = 44 AND `fans` = 53) [ RunTime:0.0004s ]
SQL: SELECT COUNT(*) AS tp_count FROM `p_follow` WHERE `follow` = 53 AND `fans` = 44 LIMIT 1   [ RunTime:0.0004s ]
NOTIC: [8] Undefined variable: page D:\wamp\www\Hit\ThinkPHP\Library\Think\Page.class.php 第 134 行.
INFO: [ view_parse ] --START--
NOTIC: [2] file_get_contents(./Application/Home/View/Common/left.html): failed to open stream: No such file or directory D:\wamp\www\Hit\ThinkPHP\Library\Think\Template.class.php 第 696 行.
INFO: [ template_filter ] --START--
INFO: Run Behavior\ContentReplaceBehavior [ RunTime:0.000088s ]
INFO: [ template_filter ] --END-- [ RunTime:0.000224s ]
NOTIC: [8] Undefined index: weibo D:\wamp\www\Hit\Application\Runtime\Cache\Home\5fa0010deefef581f418d2f12f6248b5.php 第 60 行.
NOTIC: [8] Undefined index: weibo D:\wamp\www\Hit\Application\Runtime\Cache\Home\5fa0010deefef581f418d2f12f6248b5.php 第 60 行.
SQL: SHOW COLUMNS FROM `p_group` [ RunTime:0.0036s ]
SQL: SELECT * FROM `p_group` WHERE `uid` = 44  [ RunTime:0.0003s ]
INFO: Run Behavior\ParseTemplateBehavior [ RunTime:0.018471s ]
INFO: [ view_parse ] --END-- [ RunTime:0.018562s ]
INFO: [ view_filter ] --START--
INFO: Run Behavior\WriteHtmlCacheBehavior [ RunTime:0.000575s ]
INFO: Run Behavior\TokenBuildBehavior [ RunTime:0.000762s ]
INFO: [ view_filter ] --END-- [ RunTime:0.001475s ]
INFO: [ app_end ] --START--
INFO: Run Behavior\ShowPageTraceBehavior [ RunTime:0.000751s ]
INFO: [ app_end ] --END-- [ RunTime:0.000828s ]

[ 2016-03-11T08:56:07+08:00 ] ::1 /Hit/index.php/Home/Search/sechUser/keyword/%E9%B9%8F/__hash__/67da1258dfba05494af2e93699c21dd1_3894282e0d867c3b1ef66fccef862672/p/2
INFO: [ app_init ] --START--
INFO: Run Behavior\BuildLiteBehavior [ RunTime:0.000021s ]
INFO: [ app_init ] --END-- [ RunTime:0.000398s ]
INFO: [ app_begin ] --START--
INFO: Run Behavior\ReadHtmlCacheBehavior [ RunTime:0.000658s ]
INFO: [ app_begin ] --END-- [ RunTime:0.000744s ]
SQL: SHOW COLUMNS FROM `p_user` [ RunTime:0.0040s ]
SQL: SELECT COUNT(id) AS tp_count FROM `p_user` WHERE `username` LIKE '%鹏%' AND `id` <> '44' LIMIT 1   [ RunTime:0.0003s ]
SQL: SELECT `id`,`username`,`sex`,`location`,`sign`,`avater_path`,`follow`,`fans` FROM `p_user` WHERE `username` LIKE '%鹏%' AND `id` <> '44' LIMIT 2,2   [ RunTime:0.0003s ]
SQL: SHOW COLUMNS FROM `p_follow` [ RunTime:0.0072s ]
SQL: (SELECT `follow` FROM `p_follow` WHERE `follow` = 52 AND `fans` = 44) UNION (SELECT `follow` FROM `p_follow` WHERE `follow` = 44 AND `fans` = 52) [ RunTime:0.0004s ]
SQL: SELECT COUNT(*) AS tp_count FROM `p_follow` WHERE `follow` = 52 AND `fans` = 44 LIMIT 1   [ RunTime:0.0002s ]
SQL: (SELECT `follow` FROM `p_follow` WHERE `follow` = 53 AND `fans` = 44) UNION (SELECT `follow` FROM `p_follow` WHERE `follow` = 44 AND `fans` = 53) [ RunTime:0.0003s ]
SQL: SELECT COUNT(*) AS tp_count FROM `p_follow` WHERE `follow` = 53 AND `fans` = 44 LIMIT 1   [ RunTime:0.0002s ]
NOTIC: [8] Undefined variable: page D:\wamp\www\Hit\ThinkPHP\Library\Think\Page.class.php 第 134 行.
INFO: [ view_parse ] --START--
NOTIC: [2] file_get_contents(./Application/Home/View/Common/left.html): failed to open stream: No such file or directory D:\wamp\www\Hit\ThinkPHP\Library\Think\Template.class.php 第 696 行.
INFO: [ template_filter ] --START--
INFO: Run Behavior\ContentReplaceBehavior [ RunTime:0.000074s ]
INFO: [ template_filter ] --END-- [ RunTime:0.000184s ]
NOTIC: [8] Undefined index: weibo D:\wamp\www\Hit\Application\Runtime\Cache\Home\5fa0010deefef581f418d2f12f6248b5.php 第 60 行.
NOTIC: [8] Undefined index: weibo D:\wamp\www\Hit\Application\Runtime\Cache\Home\5fa0010deefef581f418d2f12f6248b5.php 第 60 行.
SQL: SHOW COLUMNS FROM `p_group` [ RunTime:0.0037s ]
SQL: SELECT * FROM `p_group` WHERE `uid` = 44  [ RunTime:0.0003s ]
INFO: Run Behavior\ParseTemplateBehavior [ RunTime:0.017652s ]
INFO: [ view_parse ] --END-- [ RunTime:0.017747s ]
INFO: [ view_filter ] --START--
INFO: Run Behavior\WriteHtmlCacheBehavior [ RunTime:0.000565s ]
INFO: Run Behavior\TokenBuildBehavior [ RunTime:0.000752s ]
INFO: [ view_filter ] --END-- [ RunTime:0.001463s ]
INFO: [ app_end ] --START--
INFO: Run Behavior\ShowPageTraceBehavior [ RunTime:0.000709s ]
INFO: [ app_end ] --END-- [ RunTime:0.000802s ]

[ 2016-03-11T08:56:25+08:00 ] ::1 /Hit/index.php/Home/Search/sechUser
INFO: [ app_init ] --START--
INFO: Run Behavior\BuildLiteBehavior [ RunTime:0.000024s ]
INFO: [ app_init ] --END-- [ RunTime:0.000453s ]
INFO: [ app_begin ] --START--
INFO: Run Behavior\ReadHtmlCacheBehavior [ RunTime:0.000692s ]
INFO: [ app_begin ] --END-- [ RunTime:0.000796s ]
NOTIC: [8] Undefined index: keyword D:\wamp\www\Hit\Application\Home\Controller\SearchController.class.php 第 45 行.
NOTIC: [8] Undefined index: keyword D:\wamp\www\Hit\Application\Home\Controller\SearchController.class.php 第 45 行.
INFO: [ view_parse ] --START--
NOTIC: [2] file_get_contents(./Application/Home/View/Common/left.html): failed to open stream: No such file or directory D:\wamp\www\Hit\ThinkPHP\Library\Think\Template.class.php 第 696 行.
INFO: [ template_filter ] --START--
INFO: Run Behavior\ContentReplaceBehavior [ RunTime:0.000072s ]
INFO: [ template_filter ] --END-- [ RunTime:0.000158s ]
SQL: SHOW COLUMNS FROM `p_group` [ RunTime:0.0037s ]
SQL: SELECT * FROM `p_group` WHERE `uid` = 44  [ RunTime:0.0004s ]
INFO: Run Behavior\ParseTemplateBehavior [ RunTime:0.037555s ]
INFO: [ view_parse ] --END-- [ RunTime:0.037653s ]
INFO: [ view_filter ] --START--
INFO: Run Behavior\WriteHtmlCacheBehavior [ RunTime:0.000897s ]
INFO: Run Behavior\TokenBuildBehavior [ RunTime:0.000735s ]
INFO: [ view_filter ] --END-- [ RunTime:0.001771s ]
INFO: [ app_end ] --START--
INFO: Run Behavior\ShowPageTraceBehavior [ RunTime:0.000697s ]
INFO: [ app_end ] --END-- [ RunTime:0.000785s ]

[ 2016-03-11T08:59:49+08:00 ] ::1 /Hit/index.php/Home/Search/sechUser?keyword=&__hash__=911a381a9576bb4a6b83fae6f179b31c_49f329bfc489ffce4ffa77906d809109
INFO: [ app_init ] --START--
INFO: Run Behavior\BuildLiteBehavior [ RunTime:0.000022s ]
INFO: [ app_init ] --END-- [ RunTime:0.000417s ]
INFO: [ app_begin ] --START--
INFO: Run Behavior\ReadHtmlCacheBehavior [ RunTime:0.001542s ]
INFO: [ app_begin ] --END-- [ RunTime:0.001688s ]
INFO: [ view_parse ] --START--
NOTIC: [2] file_get_contents(./Application/Home/View/Common/left.html): failed to open stream: No such file or directory D:\wamp\www\Hit\ThinkPHP\Library\Think\Template.class.php 第 696 行.
INFO: [ template_filter ] --START--
INFO: Run Behavior\ContentReplaceBehavior [ RunTime:0.000076s ]
INFO: [ template_filter ] --END-- [ RunTime:0.000162s ]
SQL: SHOW COLUMNS FROM `p_group` [ RunTime:0.0036s ]
SQL: SELECT * FROM `p_group` WHERE `uid` = 44  [ RunTime:0.0003s ]
INFO: Run Behavior\ParseTemplateBehavior [ RunTime:0.028256s ]
INFO: [ view_parse ] --END-- [ RunTime:0.028355s ]
INFO: [ view_filter ] --START--
INFO: Run Behavior\WriteHtmlCacheBehavior [ RunTime:0.000593s ]
INFO: Run Behavior\TokenBuildBehavior [ RunTime:0.001295s ]
INFO: [ view_filter ] --END-- [ RunTime:0.002082s ]
INFO: [ app_end ] --START--
INFO: Run Behavior\ShowPageTraceBehavior [ RunTime:0.001407s ]
INFO: [ app_end ] --END-- [ RunTime:0.001581s ]

[ 2016-03-11T08:59:55+08:00 ] ::1 /Hit/index.php
INFO: [ app_init ] --START--
INFO: Run Behavior\BuildLiteBehavior [ RunTime:0.000073s ]
INFO: [ app_init ] --END-- [ RunTime:0.000476s ]
INFO: [ app_begin ] --START--
INFO: Run Behavior\ReadHtmlCacheBehavior [ RunTime:0.000675s ]
INFO: [ app_begin ] --END-- [ RunTime:0.000760s ]
INFO: [ view_parse ] --START--
INFO: [ template_filter ] --START--
INFO: Run Behavior\ContentReplaceBehavior [ RunTime:0.000130s ]
INFO: [ template_filter ] --END-- [ RunTime:0.000416s ]
INFO: Run Behavior\ParseTemplateBehavior [ RunTime:0.010765s ]
INFO: [ view_parse ] --END-- [ RunTime:0.010898s ]
INFO: [ view_filter ] --START--
INFO: Run Behavior\WriteHtmlCacheBehavior [ RunTime:0.000459s ]
INFO: Run Behavior\TokenBuildBehavior [ RunTime:0.000586s ]
INFO: [ view_filter ] --END-- [ RunTime:0.001165s ]
INFO: [ app_end ] --START--
INFO: Run Behavior\ShowPageTraceBehavior [ RunTime:0.000702s ]
INFO: [ app_end ] --END-- [ RunTime:0.000777s ]

[ 2016-03-11T10:13:52+08:00 ] ::1 /Hit/index.php
INFO: [ app_init ] --START--
INFO: Run Behavior\BuildLiteBehavior [ RunTime:0.000037s ]
INFO: [ app_init ] --END-- [ RunTime:0.007267s ]
INFO: [ app_begin ] --START--
INFO: Run Behavior\ReadHtmlCacheBehavior [ RunTime:0.007983s ]
INFO: [ app_begin ] --END-- [ RunTime:0.008131s ]
INFO: [ view_parse ] --START--
INFO: [ template_filter ] --START--
INFO: Run Behavior\ContentReplaceBehavior [ RunTime:0.000235s ]
INFO: [ template_filter ] --END-- [ RunTime:0.000766s ]
INFO: Run Behavior\ParseTemplateBehavior [ RunTime:0.046340s ]
INFO: [ view_parse ] --END-- [ RunTime:0.046643s ]
INFO: [ view_filter ] --START--
INFO: Run Behavior\WriteHtmlCacheBehavior [ RunTime:0.012434s ]
INFO: Run Behavior\TokenBuildBehavior [ RunTime:0.004277s ]
INFO: [ view_filter ] --END-- [ RunTime:0.017180s ]
INFO: [ app_end ] --START--
INFO: Run Behavior\ShowPageTraceBehavior [ RunTime:0.011382s ]
INFO: [ app_end ] --END-- [ RunTime:0.011578s ]

