[ 2016-04-19T10:24:27+08:00 ] 219.134.49.121 /
INFO: [ app_init ] --START--
INFO: Run Behavior\BuildLiteBehavior [ RunTime:0.000035s ]
INFO: [ app_init ] --END-- [ RunTime:0.000977s ]
INFO: [ app_begin ] --START--
INFO: Run Behavior\ReadHtmlCacheBehavior [ RunTime:0.001115s ]
INFO: [ app_begin ] --END-- [ RunTime:0.001270s ]
SQL: SHOW COLUMNS FROM `p_blog` [ RunTime:0.0381s ]
SQL: SELECT * FROM `p_blog` WHERE `del` = 0 ORDER BY good desc LIMIT 4   [ RunTime:0.0008s ]
SQL: SHOW COLUMNS FROM `p_blog` [ RunTime:0.0044s ]
SQL: SELECT `id`,`title`,`blogpic`,`content`,`time`,`click`,`cid`,`userid`,`saycount`,`username`,`good`,`bad` FROM `p_blog` WHERE `del` = 0 ORDER BY click desc LIMIT 3   [ RunTime:0.0007s ]
SQL: SHOW COLUMNS FROM `p_attr` [ RunTime:0.0279s ]
NOTIC: [8] Undefined index: mapping_order /www/users/H10044002/ThinkPHP/Library/Think/Model/RelationModel.class.php 第 186 行.
NOTIC: [8] Undefined index: mapping_limit /www/users/H10044002/ThinkPHP/Library/Think/Model/RelationModel.class.php 第 187 行.
SQL: SELECT b.* FROM p_blog_attr AS a, p_attr AS b WHERE a.aid = b.id AND a. bid='13' [ RunTime:0.0046s ]
SQL: SHOW COLUMNS FROM `p_cate` [ RunTime:0.0131s ]
SQL: SELECT `name` FROM `p_cate` WHERE ( 1=1 AND id='23' ) LIMIT 1   [ RunTime:0.0005s ]
NOTIC: [8] Undefined index: mapping_order /www/users/H10044002/ThinkPHP/Library/Think/Model/RelationModel.class.php 第 186 行.
NOTIC: [8] Undefined index: mapping_limit /www/users/H10044002/ThinkPHP/Library/Think/Model/RelationModel.class.php 第 187 行.
SQL: SELECT b.* FROM p_blog_attr AS a, p_attr AS b WHERE a.aid = b.id AND a. bid='1' [ RunTime:0.0036s ]
SQL: SELECT `name` FROM `p_cate` WHERE ( 1=1 AND id='23' ) LIMIT 1   [ RunTime:0.0008s ]
NOTIC: [8] Undefined index: mapping_order /www/users/H10044002/ThinkPHP/Library/Think/Model/RelationModel.class.php 第 186 行.
NOTIC: [8] Undefined index: mapping_limit /www/users/H10044002/ThinkPHP/Library/Think/Model/RelationModel.class.php 第 187 行.
SQL: SELECT b.* FROM p_blog_attr AS a, p_attr AS b WHERE a.aid = b.id AND a. bid='7' [ RunTime:0.0005s ]
SQL: SELECT `name` FROM `p_cate` WHERE ( 1=1 AND id='33' ) LIMIT 1   [ RunTime:0.0004s ]
SQL: SHOW COLUMNS FROM `p_exper` [ RunTime:0.0171s ]
SQL: SELECT * FROM `p_exper` WHERE `del` = 0 ORDER BY click desc LIMIT 3   [ RunTime:0.0009s ]
SQL: SHOW COLUMNS FROM `p_share` [ RunTime:0.0192s ]
SQL: SELECT * FROM `p_share` WHERE `sta` = 2 LIMIT 5   [ RunTime:0.0005s ]
INFO: [ view_parse ] --START--
INFO: [ template_filter ] --START--
INFO: Run Behavior\ContentReplaceBehavior [ RunTime:0.000285s ]
INFO: [ template_filter ] --END-- [ RunTime:0.000414s ]
NOTIC: [2] mb_substr() expects at most 4 parameters, 5 given /www/users/H10044002/Application/Runtime/Cache/Home/2a94b8bda04ff446dcedd42276fc99ee.php 第 109 行.
NOTIC: [2] mb_substr() expects at most 4 parameters, 5 given /www/users/H10044002/Application/Runtime/Cache/Home/2a94b8bda04ff446dcedd42276fc99ee.php 第 109 行.
NOTIC: [2] mb_substr() expects at most 4 parameters, 5 given /www/users/H10044002/Application/Runtime/Cache/Home/2a94b8bda04ff446dcedd42276fc99ee.php 第 109 行.
INFO: Run Behavior\ParseTemplateBehavior [ RunTime:0.108379s ]
INFO: [ view_parse ] --END-- [ RunTime:0.108511s ]
INFO: [ view_filter ] --START--
INFO: Run Behavior\WriteHtmlCacheBehavior [ RunTime:0.000744s ]
INFO: Run Behavior\TokenBuildBehavior [ RunTime:0.001169s ]
INFO: [ view_filter ] --END-- [ RunTime:0.002085s ]
INFO: [ app_end ] --START--
INFO: Run Behavior\ShowPageTraceBehavior [ RunTime:0.001079s ]
INFO: [ app_end ] --END-- [ RunTime:0.001191s ]

[ 2016-04-19T10:51:19+08:00 ] 183.62.38.196 /
INFO: [ app_init ] --START--
INFO: Run Behavior\BuildLiteBehavior [ RunTime:0.000031s ]
INFO: [ app_init ] --END-- [ RunTime:0.000619s ]
INFO: [ app_begin ] --START--
INFO: Run Behavior\ReadHtmlCacheBehavior [ RunTime:0.000775s ]
INFO: [ app_begin ] --END-- [ RunTime:0.000895s ]
SQL: SHOW COLUMNS FROM `p_blog` [ RunTime:0.0049s ]
SQL: SELECT * FROM `p_blog` WHERE `del` = 0 ORDER BY good desc LIMIT 4   [ RunTime:0.0003s ]
SQL: SHOW COLUMNS FROM `p_blog` [ RunTime:0.0046s ]
SQL: SELECT `id`,`title`,`blogpic`,`content`,`time`,`click`,`cid`,`userid`,`saycount`,`username`,`good`,`bad` FROM `p_blog` WHERE `del` = 0 ORDER BY click desc LIMIT 3   [ RunTime:0.0002s ]
SQL: SHOW COLUMNS FROM `p_attr` [ RunTime:0.0044s ]
NOTIC: [8] Undefined index: mapping_order /www/users/H10044002/ThinkPHP/Library/Think/Model/RelationModel.class.php 第 186 行.
NOTIC: [8] Undefined index: mapping_limit /www/users/H10044002/ThinkPHP/Library/Think/Model/RelationModel.class.php 第 187 行.
SQL: SELECT b.* FROM p_blog_attr AS a, p_attr AS b WHERE a.aid = b.id AND a. bid='13' [ RunTime:0.0001s ]
SQL: SHOW COLUMNS FROM `p_cate` [ RunTime:0.0036s ]
SQL: SELECT `name` FROM `p_cate` WHERE ( 1=1 AND id='23' ) LIMIT 1   [ RunTime:0.0001s ]
NOTIC: [8] Undefined index: mapping_order /www/users/H10044002/ThinkPHP/Library/Think/Model/RelationModel.class.php 第 186 行.
NOTIC: [8] Undefined index: mapping_limit /www/users/H10044002/ThinkPHP/Library/Think/Model/RelationModel.class.php 第 187 行.
SQL: SELECT b.* FROM p_blog_attr AS a, p_attr AS b WHERE a.aid = b.id AND a. bid='1' [ RunTime:0.0001s ]
SQL: SELECT `name` FROM `p_cate` WHERE ( 1=1 AND id='23' ) LIMIT 1   [ RunTime:0.0001s ]
NOTIC: [8] Undefined index: mapping_order /www/users/H10044002/ThinkPHP/Library/Think/Model/RelationModel.class.php 第 186 行.
NOTIC: [8] Undefined index: mapping_limit /www/users/H10044002/ThinkPHP/Library/Think/Model/RelationModel.class.php 第 187 行.
SQL: SELECT b.* FROM p_blog_attr AS a, p_attr AS b WHERE a.aid = b.id AND a. bid='7' [ RunTime:0.0001s ]
SQL: SELECT `name` FROM `p_cate` WHERE ( 1=1 AND id='33' ) LIMIT 1   [ RunTime:0.0001s ]
SQL: SHOW COLUMNS FROM `p_exper` [ RunTime:0.0039s ]
SQL: SELECT * FROM `p_exper` WHERE `del` = 0 ORDER BY click desc LIMIT 3   [ RunTime:0.0001s ]
SQL: SHOW COLUMNS FROM `p_share` [ RunTime:0.0034s ]
SQL: SELECT * FROM `p_share` WHERE `sta` = 2 LIMIT 5   [ RunTime:0.0001s ]
INFO: [ view_parse ] --START--
INFO: [ template_filter ] --START--
INFO: Run Behavior\ContentReplaceBehavior [ RunTime:0.000259s ]
INFO: [ template_filter ] --END-- [ RunTime:0.000391s ]
NOTIC: [2] mb_substr() expects at most 4 parameters, 5 given /www/users/H10044002/Application/Runtime/Cache/Home/2a94b8bda04ff446dcedd42276fc99ee.php 第 109 行.
NOTIC: [2] mb_substr() expects at most 4 parameters, 5 given /www/users/H10044002/Application/Runtime/Cache/Home/2a94b8bda04ff446dcedd42276fc99ee.php 第 109 行.
NOTIC: [2] mb_substr() expects at most 4 parameters, 5 given /www/users/H10044002/Application/Runtime/Cache/Home/2a94b8bda04ff446dcedd42276fc99ee.php 第 109 行.
INFO: Run Behavior\ParseTemplateBehavior [ RunTime:0.027106s ]
INFO: [ view_parse ] --END-- [ RunTime:0.027217s ]
INFO: [ view_filter ] --START--
INFO: Run Behavior\WriteHtmlCacheBehavior [ RunTime:0.000412s ]
INFO: Run Behavior\TokenBuildBehavior [ RunTime:0.000814s ]
INFO: [ view_filter ] --END-- [ RunTime:0.001368s ]
INFO: [ app_end ] --START--
INFO: Run Behavior\ShowPageTraceBehavior [ RunTime:0.000791s ]
INFO: [ app_end ] --END-- [ RunTime:0.000889s ]

[ 2016-04-19T10:52:12+08:00 ] 183.62.38.196 /
INFO: [ app_init ] --START--
INFO: Run Behavior\BuildLiteBehavior [ RunTime:0.000043s ]
INFO: [ app_init ] --END-- [ RunTime:0.000718s ]
INFO: [ app_begin ] --START--
INFO: Run Behavior\ReadHtmlCacheBehavior [ RunTime:0.000853s ]
INFO: [ app_begin ] --END-- [ RunTime:0.000983s ]
SQL: SHOW COLUMNS FROM `p_blog` [ RunTime:0.0049s ]
SQL: SELECT * FROM `p_blog` WHERE `del` = 0 ORDER BY good desc LIMIT 4   [ RunTime:0.0135s ]
SQL: SHOW COLUMNS FROM `p_blog` [ RunTime:0.0047s ]
SQL: SELECT `id`,`title`,`blogpic`,`content`,`time`,`click`,`cid`,`userid`,`saycount`,`username`,`good`,`bad` FROM `p_blog` WHERE `del` = 0 ORDER BY click desc LIMIT 3   [ RunTime:0.0002s ]
SQL: SHOW COLUMNS FROM `p_attr` [ RunTime:0.0038s ]
NOTIC: [8] Undefined index: mapping_order /www/users/H10044002/ThinkPHP/Library/Think/Model/RelationModel.class.php 第 186 行.
NOTIC: [8] Undefined index: mapping_limit /www/users/H10044002/ThinkPHP/Library/Think/Model/RelationModel.class.php 第 187 行.
SQL: SELECT b.* FROM p_blog_attr AS a, p_attr AS b WHERE a.aid = b.id AND a. bid='13' [ RunTime:0.0001s ]
SQL: SHOW COLUMNS FROM `p_cate` [ RunTime:0.0035s ]
SQL: SELECT `name` FROM `p_cate` WHERE ( 1=1 AND id='23' ) LIMIT 1   [ RunTime:0.0001s ]
NOTIC: [8] Undefined index: mapping_order /www/users/H10044002/ThinkPHP/Library/Think/Model/RelationModel.class.php 第 186 行.
NOTIC: [8] Undefined index: mapping_limit /www/users/H10044002/ThinkPHP/Library/Think/Model/RelationModel.class.php 第 187 行.
SQL: SELECT b.* FROM p_blog_attr AS a, p_attr AS b WHERE a.aid = b.id AND a. bid='1' [ RunTime:0.0001s ]
SQL: SELECT `name` FROM `p_cate` WHERE ( 1=1 AND id='23' ) LIMIT 1   [ RunTime:0.0001s ]
NOTIC: [8] Undefined index: mapping_order /www/users/H10044002/ThinkPHP/Library/Think/Model/RelationModel.class.php 第 186 行.
NOTIC: [8] Undefined index: mapping_limit /www/users/H10044002/ThinkPHP/Library/Think/Model/RelationModel.class.php 第 187 行.
SQL: SELECT b.* FROM p_blog_attr AS a, p_attr AS b WHERE a.aid = b.id AND a. bid='7' [ RunTime:0.0001s ]
SQL: SELECT `name` FROM `p_cate` WHERE ( 1=1 AND id='33' ) LIMIT 1   [ RunTime:0.0001s ]
SQL: SHOW COLUMNS FROM `p_exper` [ RunTime:0.0045s ]
SQL: SELECT * FROM `p_exper` WHERE `del` = 0 ORDER BY click desc LIMIT 3   [ RunTime:0.0001s ]
SQL: SHOW COLUMNS FROM `p_share` [ RunTime:0.0038s ]
SQL: SELECT * FROM `p_share` WHERE `sta` = 2 LIMIT 5   [ RunTime:0.0001s ]
INFO: [ view_parse ] --START--
INFO: [ template_filter ] --START--
INFO: Run Behavior\ContentReplaceBehavior [ RunTime:0.000291s ]
INFO: [ template_filter ] --END-- [ RunTime:0.000434s ]
NOTIC: [2] mb_substr() expects at most 4 parameters, 5 given /www/users/H10044002/Application/Runtime/Cache/Home/2a94b8bda04ff446dcedd42276fc99ee.php 第 109 行.
NOTIC: [2] mb_substr() expects at most 4 parameters, 5 given /www/users/H10044002/Application/Runtime/Cache/Home/2a94b8bda04ff446dcedd42276fc99ee.php 第 109 行.
NOTIC: [2] mb_substr() expects at most 4 parameters, 5 given /www/users/H10044002/Application/Runtime/Cache/Home/2a94b8bda04ff446dcedd42276fc99ee.php 第 109 行.
INFO: Run Behavior\ParseTemplateBehavior [ RunTime:0.029735s ]
INFO: [ view_parse ] --END-- [ RunTime:0.029857s ]
INFO: [ view_filter ] --START--
INFO: Run Behavior\WriteHtmlCacheBehavior [ RunTime:0.000458s ]
INFO: Run Behavior\TokenBuildBehavior [ RunTime:0.000936s ]
INFO: [ view_filter ] --END-- [ RunTime:0.001555s ]
INFO: [ app_end ] --START--
INFO: Run Behavior\ShowPageTraceBehavior [ RunTime:0.000893s ]
INFO: [ app_end ] --END-- [ RunTime:0.000997s ]

[ 2016-04-19T10:52:26+08:00 ] 183.62.38.196 /
INFO: [ app_init ] --START--
INFO: Run Behavior\BuildLiteBehavior [ RunTime:0.000030s ]
INFO: [ app_init ] --END-- [ RunTime:0.000642s ]
INFO: [ app_begin ] --START--
INFO: Run Behavior\ReadHtmlCacheBehavior [ RunTime:0.000829s ]
INFO: [ app_begin ] --END-- [ RunTime:0.000957s ]
SQL: SHOW COLUMNS FROM `p_blog` [ RunTime:0.0045s ]
SQL: SELECT * FROM `p_blog` WHERE `del` = 0 ORDER BY good desc LIMIT 4   [ RunTime:0.0004s ]
SQL: SHOW COLUMNS FROM `p_blog` [ RunTime:0.0034s ]
SQL: SELECT `id`,`title`,`blogpic`,`content`,`time`,`click`,`cid`,`userid`,`saycount`,`username`,`good`,`bad` FROM `p_blog` WHERE `del` = 0 ORDER BY click desc LIMIT 3   [ RunTime:0.0002s ]
SQL: SHOW COLUMNS FROM `p_attr` [ RunTime:0.0029s ]
NOTIC: [8] Undefined index: mapping_order /www/users/H10044002/ThinkPHP/Library/Think/Model/RelationModel.class.php 第 186 行.
NOTIC: [8] Undefined index: mapping_limit /www/users/H10044002/ThinkPHP/Library/Think/Model/RelationModel.class.php 第 187 行.
SQL: SELECT b.* FROM p_blog_attr AS a, p_attr AS b WHERE a.aid = b.id AND a. bid='13' [ RunTime:0.0001s ]
SQL: SHOW COLUMNS FROM `p_cate` [ RunTime:0.0030s ]
SQL: SELECT `name` FROM `p_cate` WHERE ( 1=1 AND id='23' ) LIMIT 1   [ RunTime:0.0003s ]
NOTIC: [8] Undefined index: mapping_order /www/users/H10044002/ThinkPHP/Library/Think/Model/RelationModel.class.php 第 186 行.
NOTIC: [8] Undefined index: mapping_limit /www/users/H10044002/ThinkPHP/Library/Think/Model/RelationModel.class.php 第 187 行.
SQL: SELECT b.* FROM p_blog_attr AS a, p_attr AS b WHERE a.aid = b.id AND a. bid='1' [ RunTime:0.0001s ]
SQL: SELECT `name` FROM `p_cate` WHERE ( 1=1 AND id='23' ) LIMIT 1   [ RunTime:0.0001s ]
NOTIC: [8] Undefined index: mapping_order /www/users/H10044002/ThinkPHP/Library/Think/Model/RelationModel.class.php 第 186 行.
NOTIC: [8] Undefined index: mapping_limit /www/users/H10044002/ThinkPHP/Library/Think/Model/RelationModel.class.php 第 187 行.
SQL: SELECT b.* FROM p_blog_attr AS a, p_attr AS b WHERE a.aid = b.id AND a. bid='7' [ RunTime:0.0002s ]
SQL: SELECT `name` FROM `p_cate` WHERE ( 1=1 AND id='33' ) LIMIT 1   [ RunTime:0.0002s ]
SQL: SHOW COLUMNS FROM `p_exper` [ RunTime:0.0035s ]
SQL: SELECT * FROM `p_exper` WHERE `del` = 0 ORDER BY click desc LIMIT 3   [ RunTime:0.0002s ]
SQL: SHOW COLUMNS FROM `p_share` [ RunTime:0.0033s ]
SQL: SELECT * FROM `p_share` WHERE `sta` = 2 LIMIT 5   [ RunTime:0.0002s ]
INFO: [ view_parse ] --START--
INFO: [ template_filter ] --START--
INFO: Run Behavior\ContentReplaceBehavior [ RunTime:0.000275s ]
INFO: [ template_filter ] --END-- [ RunTime:0.000380s ]
NOTIC: [2] mb_substr() expects at most 4 parameters, 5 given /www/users/H10044002/Application/Runtime/Cache/Home/2a94b8bda04ff446dcedd42276fc99ee.php 第 109 行.
NOTIC: [2] mb_substr() expects at most 4 parameters, 5 given /www/users/H10044002/Application/Runtime/Cache/Home/2a94b8bda04ff446dcedd42276fc99ee.php 第 109 行.
NOTIC: [2] mb_substr() expects at most 4 parameters, 5 given /www/users/H10044002/Application/Runtime/Cache/Home/2a94b8bda04ff446dcedd42276fc99ee.php 第 109 行.
INFO: Run Behavior\ParseTemplateBehavior [ RunTime:0.029012s ]
INFO: [ view_parse ] --END-- [ RunTime:0.029120s ]
INFO: [ view_filter ] --START--
INFO: Run Behavior\WriteHtmlCacheBehavior [ RunTime:0.000415s ]
INFO: Run Behavior\TokenBuildBehavior [ RunTime:0.000860s ]
INFO: [ view_filter ] --END-- [ RunTime:0.001437s ]
INFO: [ app_end ] --START--
INFO: Run Behavior\ShowPageTraceBehavior [ RunTime:0.000865s ]
INFO: [ app_end ] --END-- [ RunTime:0.000987s ]

[ 2016-04-19T10:52:50+08:00 ] 183.62.38.196 /index.php/Home/Exper/one/id/1?id=1
INFO: [ app_init ] --START--
INFO: Run Behavior\BuildLiteBehavior [ RunTime:0.000029s ]
INFO: [ app_init ] --END-- [ RunTime:0.000746s ]
INFO: [ app_begin ] --START--
INFO: Run Behavior\ReadHtmlCacheBehavior [ RunTime:0.000771s ]
INFO: [ app_begin ] --END-- [ RunTime:0.000887s ]
SQL: SHOW COLUMNS FROM `p_exper` [ RunTime:0.0048s ]
SQL: SELECT * FROM `p_exper` WHERE `id` = 1  [ RunTime:0.0004s ]
SQL: SELECT * FROM `p_exper` ORDER BY click desc LIMIT 8   [ RunTime:0.0005s ]
SQL: SHOW COLUMNS FROM `p_say` [ RunTime:0.0342s ]
SQL: SHOW COLUMNS FROM `p_user` [ RunTime:0.0230s ]
SQL: SELECT say.id AS id,say.content AS content,say.time AS time,say.uid AS uid,say.bid AS bid,say.eid AS eid,say.youke AS youke,user.username AS username,user.avater_path AS avater_path,user.sign AS sign,user.location AS location FROM p_say say LEFT JOIN p_user user ON say.uid = user.id WHERE say.eid = '1'  [ RunTime:0.0041s ]
INFO: [ view_parse ] --START--
INFO: [ template_filter ] --START--
INFO: Run Behavior\ContentReplaceBehavior [ RunTime:0.000182s ]
INFO: [ template_filter ] --END-- [ RunTime:0.000312s ]
NOTIC: [8] Use of undefined constant experpic - assumed 'experpic' /www/users/H10044002/Application/Runtime/Cache/Home/f6cd6e1788782ee84575d142e0beec1e.php 第 58 行.
NOTIC: [8] Use of undefined constant avater_path - assumed 'avater_path' /www/users/H10044002/Application/Runtime/Cache/Home/f6cd6e1788782ee84575d142e0beec1e.php 第 93 行.
NOTIC: [8] Undefined index: avater_path /www/users/H10044002/Application/Runtime/Cache/Home/f6cd6e1788782ee84575d142e0beec1e.php 第 93 行.
NOTIC: [8] Undefined index: youke /www/users/H10044002/Application/Runtime/Cache/Home/f6cd6e1788782ee84575d142e0beec1e.php 第 100 行.
NOTIC: [8] Undefined index: time /www/users/H10044002/Application/Runtime/Cache/Home/f6cd6e1788782ee84575d142e0beec1e.php 第 100 行.
NOTIC: [8] Undefined index: content /www/users/H10044002/Application/Runtime/Cache/Home/f6cd6e1788782ee84575d142e0beec1e.php 第 101 行.
NOTIC: [8] Undefined variable: selfadd /www/users/H10044002/Application/Runtime/Cache/Home/f6cd6e1788782ee84575d142e0beec1e.php 第 106 行.
NOTIC: [8] Use of undefined constant avater_path - assumed 'avater_path' /www/users/H10044002/Application/Runtime/Cache/Home/f6cd6e1788782ee84575d142e0beec1e.php 第 114 行.
NOTIC: [8] Undefined variable: selfadd /www/users/H10044002/Application/Runtime/Cache/Home/f6cd6e1788782ee84575d142e0beec1e.php 第 127 行.
NOTIC: [8] Use of undefined constant avater_path - assumed 'avater_path' /www/users/H10044002/Application/Runtime/Cache/Home/f6cd6e1788782ee84575d142e0beec1e.php 第 114 行.
NOTIC: [8] Undefined variable: selfadd /www/users/H10044002/Application/Runtime/Cache/Home/f6cd6e1788782ee84575d142e0beec1e.php 第 127 行.
NOTIC: [8] Undefined variable: id /www/users/H10044002/Application/Runtime/Cache/Home/f6cd6e1788782ee84575d142e0beec1e.php 第 141 行.
NOTIC: [8] Use of undefined constant experpic - assumed 'experpic' /www/users/H10044002/Application/Runtime/Cache/Home/f6cd6e1788782ee84575d142e0beec1e.php 第 148 行.
NOTIC: [8] Use of undefined constant experpic - assumed 'experpic' /www/users/H10044002/Application/Runtime/Cache/Home/f6cd6e1788782ee84575d142e0beec1e.php 第 148 行.
NOTIC: [8] Use of undefined constant experpic - assumed 'experpic' /www/users/H10044002/Application/Runtime/Cache/Home/f6cd6e1788782ee84575d142e0beec1e.php 第 148 行.
NOTIC: [8] Use of undefined constant experpic - assumed 'experpic' /www/users/H10044002/Application/Runtime/Cache/Home/f6cd6e1788782ee84575d142e0beec1e.php 第 148 行.
NOTIC: [8] Use of undefined constant experpic - assumed 'experpic' /www/users/H10044002/Application/Runtime/Cache/Home/f6cd6e1788782ee84575d142e0beec1e.php 第 148 行.
NOTIC: [8] Use of undefined constant experpic - assumed 'experpic' /www/users/H10044002/Application/Runtime/Cache/Home/f6cd6e1788782ee84575d142e0beec1e.php 第 148 行.
NOTIC: [8] Use of undefined constant experpic - assumed 'experpic' /www/users/H10044002/Application/Runtime/Cache/Home/f6cd6e1788782ee84575d142e0beec1e.php 第 148 行.
NOTIC: [8] Use of undefined constant experpic - assumed 'experpic' /www/users/H10044002/Application/Runtime/Cache/Home/f6cd6e1788782ee84575d142e0beec1e.php 第 148 行.
INFO: Run Behavior\ParseTemplateBehavior [ RunTime:0.149193s ]
INFO: [ view_parse ] --END-- [ RunTime:0.149330s ]
INFO: [ view_filter ] --START--
INFO: Run Behavior\WriteHtmlCacheBehavior [ RunTime:0.000484s ]
INFO: Run Behavior\TokenBuildBehavior [ RunTime:0.000867s ]
INFO: [ view_filter ] --END-- [ RunTime:0.001507s ]
INFO: [ app_end ] --START--
INFO: Run Behavior\ShowPageTraceBehavior [ RunTime:0.000799s ]
INFO: [ app_end ] --END-- [ RunTime:0.000919s ]

[ 2016-04-19T10:52:51+08:00 ] 183.62.38.196 /index.php/Home/Exper/clickNum/id/1
INFO: [ app_init ] --START--
INFO: Run Behavior\BuildLiteBehavior [ RunTime:0.000030s ]
INFO: [ app_init ] --END-- [ RunTime:0.000654s ]
INFO: [ app_begin ] --START--
INFO: Run Behavior\ReadHtmlCacheBehavior [ RunTime:0.000824s ]
INFO: [ app_begin ] --END-- [ RunTime:0.000960s ]
SQL: SHOW COLUMNS FROM `p_exper` [ RunTime:0.0049s ]
SQL: SELECT `click` FROM `p_exper` WHERE `id` = 1 LIMIT 1   [ RunTime:0.0049s ]
SQL: UPDATE `p_exper` SET `click`=click+1 WHERE `id` = 1 [ RunTime:0.0071s ]
INFO: [ app_end ] --START--
INFO: Run Behavior\ShowPageTraceBehavior [ RunTime:0.000964s ]
INFO: [ app_end ] --END-- [ RunTime:0.001083s ]

[ 2016-04-19T10:53:14+08:00 ] 183.62.38.196 /index.php/Home/Index/index
INFO: [ app_init ] --START--
INFO: Run Behavior\BuildLiteBehavior [ RunTime:0.000033s ]
INFO: [ app_init ] --END-- [ RunTime:0.000679s ]
INFO: [ app_begin ] --START--
INFO: Run Behavior\ReadHtmlCacheBehavior [ RunTime:0.000851s ]
INFO: [ app_begin ] --END-- [ RunTime:0.001285s ]
SQL: SHOW COLUMNS FROM `p_blog` [ RunTime:0.0048s ]
SQL: SELECT * FROM `p_blog` WHERE `del` = 0 ORDER BY good desc LIMIT 4   [ RunTime:0.0004s ]
SQL: SHOW COLUMNS FROM `p_blog` [ RunTime:0.0043s ]
SQL: SELECT `id`,`title`,`blogpic`,`content`,`time`,`click`,`cid`,`userid`,`saycount`,`username`,`good`,`bad` FROM `p_blog` WHERE `del` = 0 ORDER BY click desc LIMIT 3   [ RunTime:0.0003s ]
SQL: SHOW COLUMNS FROM `p_attr` [ RunTime:0.0034s ]
NOTIC: [8] Undefined index: mapping_order /www/users/H10044002/ThinkPHP/Library/Think/Model/RelationModel.class.php 第 186 行.
NOTIC: [8] Undefined index: mapping_limit /www/users/H10044002/ThinkPHP/Library/Think/Model/RelationModel.class.php 第 187 行.
SQL: SELECT b.* FROM p_blog_attr AS a, p_attr AS b WHERE a.aid = b.id AND a. bid='13' [ RunTime:0.0001s ]
SQL: SHOW COLUMNS FROM `p_cate` [ RunTime:0.0032s ]
SQL: SELECT `name` FROM `p_cate` WHERE ( 1=1 AND id='23' ) LIMIT 1   [ RunTime:0.0001s ]
NOTIC: [8] Undefined index: mapping_order /www/users/H10044002/ThinkPHP/Library/Think/Model/RelationModel.class.php 第 186 行.
NOTIC: [8] Undefined index: mapping_limit /www/users/H10044002/ThinkPHP/Library/Think/Model/RelationModel.class.php 第 187 行.
SQL: SELECT b.* FROM p_blog_attr AS a, p_attr AS b WHERE a.aid = b.id AND a. bid='1' [ RunTime:0.0001s ]
SQL: SELECT `name` FROM `p_cate` WHERE ( 1=1 AND id='23' ) LIMIT 1   [ RunTime:0.0002s ]
NOTIC: [8] Undefined index: mapping_order /www/users/H10044002/ThinkPHP/Library/Think/Model/RelationModel.class.php 第 186 行.
NOTIC: [8] Undefined index: mapping_limit /www/users/H10044002/ThinkPHP/Library/Think/Model/RelationModel.class.php 第 187 行.
SQL: SELECT b.* FROM p_blog_attr AS a, p_attr AS b WHERE a.aid = b.id AND a. bid='7' [ RunTime:0.0002s ]
SQL: SELECT `name` FROM `p_cate` WHERE ( 1=1 AND id='33' ) LIMIT 1   [ RunTime:0.0002s ]
SQL: SHOW COLUMNS FROM `p_exper` [ RunTime:0.0039s ]
SQL: SELECT * FROM `p_exper` WHERE `del` = 0 ORDER BY click desc LIMIT 3   [ RunTime:0.0005s ]
SQL: SHOW COLUMNS FROM `p_share` [ RunTime:0.0034s ]
SQL: SELECT * FROM `p_share` WHERE `sta` = 2 LIMIT 5   [ RunTime:0.0001s ]
INFO: [ view_parse ] --START--
INFO: [ template_filter ] --START--
INFO: Run Behavior\ContentReplaceBehavior [ RunTime:0.000278s ]
INFO: [ template_filter ] --END-- [ RunTime:0.000411s ]
NOTIC: [2] mb_substr() expects at most 4 parameters, 5 given /www/users/H10044002/Application/Runtime/Cache/Home/2a94b8bda04ff446dcedd42276fc99ee.php 第 109 行.
NOTIC: [2] mb_substr() expects at most 4 parameters, 5 given /www/users/H10044002/Application/Runtime/Cache/Home/2a94b8bda04ff446dcedd42276fc99ee.php 第 109 行.
NOTIC: [2] mb_substr() expects at most 4 parameters, 5 given /www/users/H10044002/Application/Runtime/Cache/Home/2a94b8bda04ff446dcedd42276fc99ee.php 第 109 行.
INFO: Run Behavior\ParseTemplateBehavior [ RunTime:0.029417s ]
INFO: [ view_parse ] --END-- [ RunTime:0.029531s ]
INFO: [ view_filter ] --START--
INFO: Run Behavior\WriteHtmlCacheBehavior [ RunTime:0.000435s ]
INFO: Run Behavior\TokenBuildBehavior [ RunTime:0.000893s ]
INFO: [ view_filter ] --END-- [ RunTime:0.001489s ]
INFO: [ app_end ] --START--
INFO: Run Behavior\ShowPageTraceBehavior [ RunTime:0.000862s ]
INFO: [ app_end ] --END-- [ RunTime:0.000968s ]

[ 2016-04-19T13:05:15+08:00 ] 183.62.38.197 /
INFO: [ app_init ] --START--
INFO: Run Behavior\BuildLiteBehavior [ RunTime:0.000035s ]
INFO: [ app_init ] --END-- [ RunTime:0.000681s ]
INFO: [ app_begin ] --START--
INFO: Run Behavior\ReadHtmlCacheBehavior [ RunTime:0.000851s ]
INFO: [ app_begin ] --END-- [ RunTime:0.000984s ]
SQL: SHOW COLUMNS FROM `p_blog` [ RunTime:0.0083s ]
SQL: SELECT * FROM `p_blog` WHERE `del` = 0 ORDER BY good desc LIMIT 4   [ RunTime:0.0065s ]
SQL: SHOW COLUMNS FROM `p_blog` [ RunTime:0.0071s ]
SQL: SELECT `id`,`title`,`blogpic`,`content`,`time`,`click`,`cid`,`userid`,`saycount`,`username`,`good`,`bad` FROM `p_blog` WHERE `del` = 0 ORDER BY click desc LIMIT 3   [ RunTime:0.0007s ]
SQL: SHOW COLUMNS FROM `p_attr` [ RunTime:0.0056s ]
NOTIC: [8] Undefined index: mapping_order /www/users/H10044002/ThinkPHP/Library/Think/Model/RelationModel.class.php 第 186 行.
NOTIC: [8] Undefined index: mapping_limit /www/users/H10044002/ThinkPHP/Library/Think/Model/RelationModel.class.php 第 187 行.
SQL: SELECT b.* FROM p_blog_attr AS a, p_attr AS b WHERE a.aid = b.id AND a. bid='13' [ RunTime:0.0014s ]
SQL: SHOW COLUMNS FROM `p_cate` [ RunTime:0.0043s ]
SQL: SELECT `name` FROM `p_cate` WHERE ( 1=1 AND id='23' ) LIMIT 1   [ RunTime:0.0005s ]
NOTIC: [8] Undefined index: mapping_order /www/users/H10044002/ThinkPHP/Library/Think/Model/RelationModel.class.php 第 186 行.
NOTIC: [8] Undefined index: mapping_limit /www/users/H10044002/ThinkPHP/Library/Think/Model/RelationModel.class.php 第 187 行.
SQL: SELECT b.* FROM p_blog_attr AS a, p_attr AS b WHERE a.aid = b.id AND a. bid='1' [ RunTime:0.0006s ]
SQL: SELECT `name` FROM `p_cate` WHERE ( 1=1 AND id='23' ) LIMIT 1   [ RunTime:0.0001s ]
NOTIC: [8] Undefined index: mapping_order /www/users/H10044002/ThinkPHP/Library/Think/Model/RelationModel.class.php 第 186 行.
NOTIC: [8] Undefined index: mapping_limit /www/users/H10044002/ThinkPHP/Library/Think/Model/RelationModel.class.php 第 187 行.
SQL: SELECT b.* FROM p_blog_attr AS a, p_attr AS b WHERE a.aid = b.id AND a. bid='7' [ RunTime:0.0004s ]
SQL: SELECT `name` FROM `p_cate` WHERE ( 1=1 AND id='33' ) LIMIT 1   [ RunTime:0.0037s ]
SQL: SHOW COLUMNS FROM `p_exper` [ RunTime:0.0041s ]
SQL: SELECT * FROM `p_exper` WHERE `del` = 0 ORDER BY click desc LIMIT 3   [ RunTime:0.0004s ]
SQL: SHOW COLUMNS FROM `p_share` [ RunTime:0.0056s ]
SQL: SELECT * FROM `p_share` WHERE `sta` = 2 LIMIT 5   [ RunTime:0.0004s ]
INFO: [ view_parse ] --START--
INFO: [ template_filter ] --START--
INFO: Run Behavior\ContentReplaceBehavior [ RunTime:0.000296s ]
INFO: [ template_filter ] --END-- [ RunTime:0.000444s ]
NOTIC: [2] mb_substr() expects at most 4 parameters, 5 given /www/users/H10044002/Application/Runtime/Cache/Home/2a94b8bda04ff446dcedd42276fc99ee.php 第 109 行.
NOTIC: [2] mb_substr() expects at most 4 parameters, 5 given /www/users/H10044002/Application/Runtime/Cache/Home/2a94b8bda04ff446dcedd42276fc99ee.php 第 109 行.
NOTIC: [2] mb_substr() expects at most 4 parameters, 5 given /www/users/H10044002/Application/Runtime/Cache/Home/2a94b8bda04ff446dcedd42276fc99ee.php 第 109 行.
INFO: Run Behavior\ParseTemplateBehavior [ RunTime:0.030285s ]
INFO: [ view_parse ] --END-- [ RunTime:0.030399s ]
INFO: [ view_filter ] --START--
INFO: Run Behavior\WriteHtmlCacheBehavior [ RunTime:0.000442s ]
INFO: Run Behavior\TokenBuildBehavior [ RunTime:0.000901s ]
INFO: [ view_filter ] --END-- [ RunTime:0.001570s ]
INFO: [ app_end ] --START--
INFO: Run Behavior\ShowPageTraceBehavior [ RunTime:0.000859s ]
INFO: [ app_end ] --END-- [ RunTime:0.000964s ]

[ 2016-04-19T13:10:51+08:00 ] 113.104.33.74 /
INFO: [ app_init ] --START--
INFO: Run Behavior\BuildLiteBehavior [ RunTime:0.000031s ]
INFO: [ app_init ] --END-- [ RunTime:0.000625s ]
INFO: [ app_begin ] --START--
INFO: Run Behavior\ReadHtmlCacheBehavior [ RunTime:0.000765s ]
INFO: [ app_begin ] --END-- [ RunTime:0.000884s ]
SQL: SHOW COLUMNS FROM `p_blog` [ RunTime:0.0045s ]
SQL: SELECT * FROM `p_blog` WHERE `del` = 0 ORDER BY good desc LIMIT 4   [ RunTime:0.0003s ]
SQL: SHOW COLUMNS FROM `p_blog` [ RunTime:0.0040s ]
SQL: SELECT `id`,`title`,`blogpic`,`content`,`time`,`click`,`cid`,`userid`,`saycount`,`username`,`good`,`bad` FROM `p_blog` WHERE `del` = 0 ORDER BY click desc LIMIT 3   [ RunTime:0.0002s ]
SQL: SHOW COLUMNS FROM `p_attr` [ RunTime:0.0036s ]
NOTIC: [8] Undefined index: mapping_order /www/users/H10044002/ThinkPHP/Library/Think/Model/RelationModel.class.php 第 186 行.
NOTIC: [8] Undefined index: mapping_limit /www/users/H10044002/ThinkPHP/Library/Think/Model/RelationModel.class.php 第 187 行.
SQL: SELECT b.* FROM p_blog_attr AS a, p_attr AS b WHERE a.aid = b.id AND a. bid='13' [ RunTime:0.0001s ]
SQL: SHOW COLUMNS FROM `p_cate` [ RunTime:0.0031s ]
SQL: SELECT `name` FROM `p_cate` WHERE ( 1=1 AND id='23' ) LIMIT 1   [ RunTime:0.0001s ]
NOTIC: [8] Undefined index: mapping_order /www/users/H10044002/ThinkPHP/Library/Think/Model/RelationModel.class.php 第 186 行.
NOTIC: [8] Undefined index: mapping_limit /www/users/H10044002/ThinkPHP/Library/Think/Model/RelationModel.class.php 第 187 行.
SQL: SELECT b.* FROM p_blog_attr AS a, p_attr AS b WHERE a.aid = b.id AND a. bid='1' [ RunTime:0.0001s ]
SQL: SELECT `name` FROM `p_cate` WHERE ( 1=1 AND id='23' ) LIMIT 1   [ RunTime:0.0001s ]
NOTIC: [8] Undefined index: mapping_order /www/users/H10044002/ThinkPHP/Library/Think/Model/RelationModel.class.php 第 186 行.
NOTIC: [8] Undefined index: mapping_limit /www/users/H10044002/ThinkPHP/Library/Think/Model/RelationModel.class.php 第 187 行.
SQL: SELECT b.* FROM p_blog_attr AS a, p_attr AS b WHERE a.aid = b.id AND a. bid='7' [ RunTime:0.0001s ]
SQL: SELECT `name` FROM `p_cate` WHERE ( 1=1 AND id='33' ) LIMIT 1   [ RunTime:0.0001s ]
SQL: SHOW COLUMNS FROM `p_exper` [ RunTime:0.0037s ]
SQL: SELECT * FROM `p_exper` WHERE `del` = 0 ORDER BY click desc LIMIT 3   [ RunTime:0.0001s ]
SQL: SHOW COLUMNS FROM `p_share` [ RunTime:0.0049s ]
SQL: SELECT * FROM `p_share` WHERE `sta` = 2 LIMIT 5   [ RunTime:0.0001s ]
INFO: [ view_parse ] --START--
INFO: [ template_filter ] --START--
INFO: Run Behavior\ContentReplaceBehavior [ RunTime:0.000270s ]
INFO: [ template_filter ] --END-- [ RunTime:0.000412s ]
NOTIC: [2] mb_substr() expects at most 4 parameters, 5 given /www/users/H10044002/Application/Runtime/Cache/Home/2a94b8bda04ff446dcedd42276fc99ee.php 第 109 行.
NOTIC: [2] mb_substr() expects at most 4 parameters, 5 given /www/users/H10044002/Application/Runtime/Cache/Home/2a94b8bda04ff446dcedd42276fc99ee.php 第 109 行.
NOTIC: [2] mb_substr() expects at most 4 parameters, 5 given /www/users/H10044002/Application/Runtime/Cache/Home/2a94b8bda04ff446dcedd42276fc99ee.php 第 109 行.
INFO: Run Behavior\ParseTemplateBehavior [ RunTime:0.027155s ]
INFO: [ view_parse ] --END-- [ RunTime:0.027262s ]
INFO: [ view_filter ] --START--
INFO: Run Behavior\WriteHtmlCacheBehavior [ RunTime:0.000429s ]
INFO: Run Behavior\TokenBuildBehavior [ RunTime:0.000836s ]
INFO: [ view_filter ] --END-- [ RunTime:0.001410s ]
INFO: [ app_end ] --START--
INFO: Run Behavior\ShowPageTraceBehavior [ RunTime:0.000790s ]
INFO: [ app_end ] --END-- [ RunTime:0.000968s ]

[ 2016-04-19T13:10:56+08:00 ] 113.104.33.74 /index.php/Home/Blog/one/id/13?id=13&cid=23
INFO: [ app_init ] --START--
INFO: Run Behavior\BuildLiteBehavior [ RunTime:0.000035s ]
INFO: [ app_init ] --END-- [ RunTime:0.000680s ]
INFO: [ app_begin ] --START--
INFO: Run Behavior\ReadHtmlCacheBehavior [ RunTime:0.000845s ]
INFO: [ app_begin ] --END-- [ RunTime:0.000971s ]
SQL: SHOW COLUMNS FROM `p_blog` [ RunTime:0.0048s ]
SQL: SELECT `id`,`title`,`blogpic`,`content`,`time`,`click`,`cid`,`userid`,`saycount`,`username`,`good`,`bad` FROM `p_blog` WHERE `del` = 0  [ RunTime:0.0264s ]
SQL: SHOW COLUMNS FROM `p_attr` [ RunTime:0.0045s ]
NOTIC: [8] Undefined index: mapping_order /www/users/H10044002/ThinkPHP/Library/Think/Model/RelationModel.class.php 第 186 行.
NOTIC: [8] Undefined index: mapping_limit /www/users/H10044002/ThinkPHP/Library/Think/Model/RelationModel.class.php 第 187 行.
SQL: SELECT b.* FROM p_blog_attr AS a, p_attr AS b WHERE a.aid = b.id AND a. bid='1' [ RunTime:0.0001s ]
SQL: SHOW COLUMNS FROM `p_cate` [ RunTime:0.0033s ]
SQL: SELECT `name` FROM `p_cate` WHERE ( 1=1 AND id='23' ) LIMIT 1   [ RunTime:0.0002s ]
NOTIC: [8] Undefined index: mapping_order /www/users/H10044002/ThinkPHP/Library/Think/Model/RelationModel.class.php 第 186 行.
NOTIC: [8] Undefined index: mapping_limit /www/users/H10044002/ThinkPHP/Library/Think/Model/RelationModel.class.php 第 187 行.
SQL: SELECT b.* FROM p_blog_attr AS a, p_attr AS b WHERE a.aid = b.id AND a. bid='2' [ RunTime:0.0005s ]
SQL: SELECT `name` FROM `p_cate` WHERE ( 1=1 AND id='23' ) LIMIT 1   [ RunTime:0.0001s ]
NOTIC: [8] Undefined index: mapping_order /www/users/H10044002/ThinkPHP/Library/Think/Model/RelationModel.class.php 第 186 行.
NOTIC: [8] Undefined index: mapping_limit /www/users/H10044002/ThinkPHP/Library/Think/Model/RelationModel.class.php 第 187 行.
SQL: SELECT b.* FROM p_blog_attr AS a, p_attr AS b WHERE a.aid = b.id AND a. bid='5' [ RunTime:0.0003s ]
SQL: SELECT `name` FROM `p_cate` WHERE ( 1=1 AND id='26' ) LIMIT 1   [ RunTime:0.0030s ]
NOTIC: [8] Undefined index: mapping_order /www/users/H10044002/ThinkPHP/Library/Think/Model/RelationModel.class.php 第 186 行.
NOTIC: [8] Undefined index: mapping_limit /www/users/H10044002/ThinkPHP/Library/Think/Model/RelationModel.class.php 第 187 行.
SQL: SELECT b.* FROM p_blog_attr AS a, p_attr AS b WHERE a.aid = b.id AND a. bid='6' [ RunTime:0.0019s ]
SQL: SELECT `name` FROM `p_cate` WHERE ( 1=1 AND id='28' ) LIMIT 1   [ RunTime:0.0004s ]
NOTIC: [8] Undefined index: mapping_order /www/users/H10044002/ThinkPHP/Library/Think/Model/RelationModel.class.php 第 186 行.
NOTIC: [8] Undefined index: mapping_limit /www/users/H10044002/ThinkPHP/Library/Think/Model/RelationModel.class.php 第 187 行.
SQL: SELECT b.* FROM p_blog_attr AS a, p_attr AS b WHERE a.aid = b.id AND a. bid='7' [ RunTime:0.0001s ]
SQL: SELECT `name` FROM `p_cate` WHERE ( 1=1 AND id='33' ) LIMIT 1   [ RunTime:0.0001s ]
NOTIC: [8] Undefined index: mapping_order /www/users/H10044002/ThinkPHP/Library/Think/Model/RelationModel.class.php 第 186 行.
NOTIC: [8] Undefined index: mapping_limit /www/users/H10044002/ThinkPHP/Library/Think/Model/RelationModel.class.php 第 187 行.
SQL: SELECT b.* FROM p_blog_attr AS a, p_attr AS b WHERE a.aid = b.id AND a. bid='8' [ RunTime:0.0003s ]
SQL: SELECT `name` FROM `p_cate` WHERE ( 1=1 AND id='23' ) LIMIT 1   [ RunTime:0.0001s ]
NOTIC: [8] Undefined index: mapping_order /www/users/H10044002/ThinkPHP/Library/Think/Model/RelationModel.class.php 第 186 行.
NOTIC: [8] Undefined index: mapping_limit /www/users/H10044002/ThinkPHP/Library/Think/Model/RelationModel.class.php 第 187 行.
SQL: SELECT b.* FROM p_blog_attr AS a, p_attr AS b WHERE a.aid = b.id AND a. bid='10' [ RunTime:0.0003s ]
SQL: SELECT `name` FROM `p_cate` WHERE ( 1=1 AND id='34' ) LIMIT 1   [ RunTime:0.0016s ]
NOTIC: [8] Undefined index: mapping_order /www/users/H10044002/ThinkPHP/Library/Think/Model/RelationModel.class.php 第 186 行.
NOTIC: [8] Undefined index: mapping_limit /www/users/H10044002/ThinkPHP/Library/Think/Model/RelationModel.class.php 第 187 行.
SQL: SELECT b.* FROM p_blog_attr AS a, p_attr AS b WHERE a.aid = b.id AND a. bid='13' [ RunTime:0.0001s ]
SQL: SELECT `name` FROM `p_cate` WHERE ( 1=1 AND id='23' ) LIMIT 1   [ RunTime:0.0001s ]
NOTIC: [8] Undefined index: mapping_order /www/users/H10044002/ThinkPHP/Library/Think/Model/RelationModel.class.php 第 186 行.
NOTIC: [8] Undefined index: mapping_limit /www/users/H10044002/ThinkPHP/Library/Think/Model/RelationModel.class.php 第 187 行.
SQL: SELECT b.* FROM p_blog_attr AS a, p_attr AS b WHERE a.aid = b.id AND a. bid='14' [ RunTime:0.0004s ]
SQL: SELECT `name` FROM `p_cate` WHERE ( 1=1 AND id='25' ) LIMIT 1   [ RunTime:0.0005s ]
NOTIC: [8] Undefined index: mapping_order /www/users/H10044002/ThinkPHP/Library/Think/Model/RelationModel.class.php 第 186 行.
NOTIC: [8] Undefined index: mapping_limit /www/users/H10044002/ThinkPHP/Library/Think/Model/RelationModel.class.php 第 187 行.
SQL: SELECT b.* FROM p_blog_attr AS a, p_attr AS b WHERE a.aid = b.id AND a. bid='15' [ RunTime:0.0004s ]
SQL: SELECT `name` FROM `p_cate` WHERE ( 1=1 AND id='28' ) LIMIT 1   [ RunTime:0.0001s ]
NOTIC: [8] Undefined index: mapping_order /www/users/H10044002/ThinkPHP/Library/Think/Model/RelationModel.class.php 第 186 行.
NOTIC: [8] Undefined index: mapping_limit /www/users/H10044002/ThinkPHP/Library/Think/Model/RelationModel.class.php 第 187 行.
SQL: SELECT b.* FROM p_blog_attr AS a, p_attr AS b WHERE a.aid = b.id AND a. bid='16' [ RunTime:0.0006s ]
SQL: SELECT `name` FROM `p_cate` WHERE ( 1=1 AND id='28' ) LIMIT 1   [ RunTime:0.0002s ]
NOTIC: [8] Undefined index: mapping_order /www/users/H10044002/ThinkPHP/Library/Think/Model/RelationModel.class.php 第 186 行.
NOTIC: [8] Undefined index: mapping_limit /www/users/H10044002/ThinkPHP/Library/Think/Model/RelationModel.class.php 第 187 行.
SQL: SELECT b.* FROM p_blog_attr AS a, p_attr AS b WHERE a.aid = b.id AND a. bid='17' [ RunTime:0.0004s ]
SQL: SELECT `name` FROM `p_cate` WHERE ( 1=1 AND id='23' ) LIMIT 1   [ RunTime:0.0002s ]
NOTIC: [8] Undefined index: mapping_order /www/users/H10044002/ThinkPHP/Library/Think/Model/RelationModel.class.php 第 186 行.
NOTIC: [8] Undefined index: mapping_limit /www/users/H10044002/ThinkPHP/Library/Think/Model/RelationModel.class.php 第 187 行.
SQL: SELECT b.* FROM p_blog_attr AS a, p_attr AS b WHERE a.aid = b.id AND a. bid='18' [ RunTime:0.0004s ]
SQL: SELECT `name` FROM `p_cate` WHERE ( 1=1 AND id='23' ) LIMIT 1   [ RunTime:0.0013s ]
NOTIC: [8] Undefined index: mapping_order /www/users/H10044002/ThinkPHP/Library/Think/Model/RelationModel.class.php 第 186 行.
NOTIC: [8] Undefined index: mapping_limit /www/users/H10044002/ThinkPHP/Library/Think/Model/RelationModel.class.php 第 187 行.
SQL: SELECT b.* FROM p_blog_attr AS a, p_attr AS b WHERE a.aid = b.id AND a. bid='19' [ RunTime:0.0003s ]
SQL: SELECT `name` FROM `p_cate` WHERE ( 1=1 AND id='26' ) LIMIT 1   [ RunTime:0.0013s ]
NOTIC: [8] Undefined index: mapping_order /www/users/H10044002/ThinkPHP/Library/Think/Model/RelationModel.class.php 第 186 行.
NOTIC: [8] Undefined index: mapping_limit /www/users/H10044002/ThinkPHP/Library/Think/Model/RelationModel.class.php 第 187 行.
SQL: SELECT b.* FROM p_blog_attr AS a, p_attr AS b WHERE a.aid = b.id AND a. bid='20' [ RunTime:0.0003s ]
SQL: SELECT `name` FROM `p_cate` WHERE ( 1=1 AND id='26' ) LIMIT 1   [ RunTime:0.0001s ]
NOTIC: [8] Undefined index: mapping_order /www/users/H10044002/ThinkPHP/Library/Think/Model/RelationModel.class.php 第 186 行.
NOTIC: [8] Undefined index: mapping_limit /www/users/H10044002/ThinkPHP/Library/Think/Model/RelationModel.class.php 第 187 行.
SQL: SELECT b.* FROM p_blog_attr AS a, p_attr AS b WHERE a.aid = b.id AND a. bid='21' [ RunTime:0.0019s ]
SQL: SELECT `name` FROM `p_cate` WHERE ( 1=1 AND id='26' ) LIMIT 1   [ RunTime:0.0006s ]
NOTIC: [8] Undefined index: mapping_order /www/users/H10044002/ThinkPHP/Library/Think/Model/RelationModel.class.php 第 186 行.
NOTIC: [8] Undefined index: mapping_limit /www/users/H10044002/ThinkPHP/Library/Think/Model/RelationModel.class.php 第 187 行.
SQL: SELECT b.* FROM p_blog_attr AS a, p_attr AS b WHERE a.aid = b.id AND a. bid='22' [ RunTime:0.0032s ]
SQL: SELECT `name` FROM `p_cate` WHERE ( 1=1 AND id='28' ) LIMIT 1   [ RunTime:0.0001s ]
NOTIC: [8] Undefined index: mapping_order /www/users/H10044002/ThinkPHP/Library/Think/Model/RelationModel.class.php 第 186 行.
NOTIC: [8] Undefined index: mapping_limit /www/users/H10044002/ThinkPHP/Library/Think/Model/RelationModel.class.php 第 187 行.
SQL: SELECT b.* FROM p_blog_attr AS a, p_attr AS b WHERE a.aid = b.id AND a. bid='23' [ RunTime:0.0007s ]
SQL: SELECT `name` FROM `p_cate` WHERE ( 1=1 AND id='31' ) LIMIT 1   [ RunTime:0.0004s ]
NOTIC: [8] Undefined index: mapping_order /www/users/H10044002/ThinkPHP/Library/Think/Model/RelationModel.class.php 第 186 行.
NOTIC: [8] Undefined index: mapping_limit /www/users/H10044002/ThinkPHP/Library/Think/Model/RelationModel.class.php 第 187 行.
SQL: SELECT b.* FROM p_blog_attr AS a, p_attr AS b WHERE a.aid = b.id AND a. bid='24' [ RunTime:0.0003s ]
SQL: SELECT `name` FROM `p_cate` WHERE ( 1=1 AND id='23' ) LIMIT 1   [ RunTime:0.0001s ]
SQL: SELECT `id`,`title`,`blogpic`,`content`,`time`,`click`,`cid`,`userid`,`saycount`,`username`,`good`,`bad` FROM `p_blog` WHERE `id` = 13 AND `del` = 0  [ RunTime:0.0005s ]
NOTIC: [8] Undefined index: mapping_order /www/users/H10044002/ThinkPHP/Library/Think/Model/RelationModel.class.php 第 186 行.
NOTIC: [8] Undefined index: mapping_limit /www/users/H10044002/ThinkPHP/Library/Think/Model/RelationModel.class.php 第 187 行.
SQL: SELECT b.* FROM p_blog_attr AS a, p_attr AS b WHERE a.aid = b.id AND a. bid='13' [ RunTime:0.0001s ]
SQL: SELECT `name` FROM `p_cate` WHERE ( 1=1 AND id='23' ) LIMIT 1   [ RunTime:0.0001s ]
SQL: SHOW COLUMNS FROM `p_blog` [ RunTime:0.0048s ]
SQL: SHOW COLUMNS FROM `p_user` [ RunTime:0.0040s ]
SQL: SELECT blog.id AS id,blog.title AS title,blog.content AS content,blog.time AS time,blog.click AS click,blog.userid AS userid,blog.username AS username,user.avater_path AS avater_path,user.sign AS sign,user.sex AS sex,user.sign AS sign,user.location AS location FROM p_blog blog LEFT JOIN p_user user ON blog.userid = user.id WHERE blog.id = '13'  [ RunTime:0.0066s ]
SQL: SELECT `id`,`title`,`blogpic`,`content`,`time`,`click`,`cid`,`userid`,`saycount`,`username`,`good`,`bad` FROM `p_blog` WHERE `id` = 13 AND `del` = 0  [ RunTime:0.0004s ]
NOTIC: [8] Undefined index: mapping_order /www/users/H10044002/ThinkPHP/Library/Think/Model/RelationModel.class.php 第 186 行.
NOTIC: [8] Undefined index: mapping_limit /www/users/H10044002/ThinkPHP/Library/Think/Model/RelationModel.class.php 第 187 行.
SQL: SELECT b.* FROM p_blog_attr AS a, p_attr AS b WHERE a.aid = b.id AND a. bid='13' [ RunTime:0.0001s ]
SQL: SELECT `name` FROM `p_cate` WHERE ( 1=1 AND id='23' ) LIMIT 1   [ RunTime:0.0001s ]
SQL: SELECT * FROM `p_blog` WHERE `cid` = 23 AND `del` = 0 LIMIT 8   [ RunTime:0.0009s ]
SQL: SHOW COLUMNS FROM `p_say` [ RunTime:0.0045s ]
SQL: SELECT say.id AS id,say.content AS content,say.time AS time,say.uid AS uid,say.bid AS bid,say.eid AS eid,say.youke AS youke,user.username AS username,user.avater_path AS avater_path,user.sign AS sign,user.location AS location FROM p_say say LEFT JOIN p_user user ON say.uid = user.id WHERE say.bid = '13'  [ RunTime:0.0006s ]
SQL: SELECT `id` FROM `p_say` WHERE `uid` = null AND `bid` = 13  [ RunTime:0.0004s ]
INFO: [ view_parse ] --START--
INFO: [ template_filter ] --START--
INFO: Run Behavior\ContentReplaceBehavior [ RunTime:0.000179s ]
INFO: [ template_filter ] --END-- [ RunTime:0.000314s ]
NOTIC: [8] Undefined variable: value /www/users/H10044002/Application/Runtime/Cache/Home/8f3a251b1e5bd9da84dbb3a5e0fbca83.php 第 52 行.
NOTIC: [8] Undefined variable: value /www/users/H10044002/Application/Runtime/Cache/Home/8f3a251b1e5bd9da84dbb3a5e0fbca83.php 第 53 行.
NOTIC: [8] Use of undefined constant blogpic - assumed 'blogpic' /www/users/H10044002/Application/Runtime/Cache/Home/8f3a251b1e5bd9da84dbb3a5e0fbca83.php 第 63 行.
NOTIC: [8] Use of undefined constant id - assumed 'id' /www/users/H10044002/Application/Runtime/Cache/Home/8f3a251b1e5bd9da84dbb3a5e0fbca83.php 第 77 行.
NOTIC: [8] Use of undefined constant avater_path - assumed 'avater_path' /www/users/H10044002/Application/Runtime/Cache/Home/8f3a251b1e5bd9da84dbb3a5e0fbca83.php 第 102 行.
NOTIC: [8] Undefined variable: selfadd /www/users/H10044002/Application/Runtime/Cache/Home/8f3a251b1e5bd9da84dbb3a5e0fbca83.php 第 115 行.
NOTIC: [8] Use of undefined constant avater_path - assumed 'avater_path' /www/users/H10044002/Application/Runtime/Cache/Home/8f3a251b1e5bd9da84dbb3a5e0fbca83.php 第 102 行.
NOTIC: [8] Undefined variable: selfadd /www/users/H10044002/Application/Runtime/Cache/Home/8f3a251b1e5bd9da84dbb3a5e0fbca83.php 第 115 行.
NOTIC: [8] Use of undefined constant avater_path - assumed 'avater_path' /www/users/H10044002/Application/Runtime/Cache/Home/8f3a251b1e5bd9da84dbb3a5e0fbca83.php 第 102 行.
NOTIC: [8] Undefined variable: selfadd /www/users/H10044002/Application/Runtime/Cache/Home/8f3a251b1e5bd9da84dbb3a5e0fbca83.php 第 115 行.
NOTIC: [8] Use of undefined constant avater_path - assumed 'avater_path' /www/users/H10044002/Application/Runtime/Cache/Home/8f3a251b1e5bd9da84dbb3a5e0fbca83.php 第 102 行.
NOTIC: [8] Undefined variable: selfadd /www/users/H10044002/Application/Runtime/Cache/Home/8f3a251b1e5bd9da84dbb3a5e0fbca83.php 第 115 行.
NOTIC: [8] Use of undefined constant avater_path - assumed 'avater_path' /www/users/H10044002/Application/Runtime/Cache/Home/8f3a251b1e5bd9da84dbb3a5e0fbca83.php 第 102 行.
NOTIC: [8] Undefined variable: selfadd /www/users/H10044002/Application/Runtime/Cache/Home/8f3a251b1e5bd9da84dbb3a5e0fbca83.php 第 115 行.
NOTIC: [8] Use of undefined constant avater_path - assumed 'avater_path' /www/users/H10044002/Application/Runtime/Cache/Home/8f3a251b1e5bd9da84dbb3a5e0fbca83.php 第 102 行.
NOTIC: [8] Undefined variable: selfadd /www/users/H10044002/Application/Runtime/Cache/Home/8f3a251b1e5bd9da84dbb3a5e0fbca83.php 第 115 行.
NOTIC: [8] Use of undefined constant avater_path - assumed 'avater_path' /www/users/H10044002/Application/Runtime/Cache/Home/8f3a251b1e5bd9da84dbb3a5e0fbca83.php 第 102 行.
NOTIC: [8] Undefined variable: selfadd /www/users/H10044002/Application/Runtime/Cache/Home/8f3a251b1e5bd9da84dbb3a5e0fbca83.php 第 115 行.
NOTIC: [8] Use of undefined constant avater_path - assumed 'avater_path' /www/users/H10044002/Application/Runtime/Cache/Home/8f3a251b1e5bd9da84dbb3a5e0fbca83.php 第 102 行.
NOTIC: [8] Undefined variable: selfadd /www/users/H10044002/Application/Runtime/Cache/Home/8f3a251b1e5bd9da84dbb3a5e0fbca83.php 第 115 行.
NOTIC: [8] Use of undefined constant avater_path - assumed 'avater_path' /www/users/H10044002/Application/Runtime/Cache/Home/8f3a251b1e5bd9da84dbb3a5e0fbca83.php 第 102 行.
NOTIC: [8] Undefined variable: selfadd /www/users/H10044002/Application/Runtime/Cache/Home/8f3a251b1e5bd9da84dbb3a5e0fbca83.php 第 115 行.
NOTIC: [8] Use of undefined constant avater_path - assumed 'avater_path' /www/users/H10044002/Application/Runtime/Cache/Home/8f3a251b1e5bd9da84dbb3a5e0fbca83.php 第 102 行.
NOTIC: [8] Undefined variable: selfadd /www/users/H10044002/Application/Runtime/Cache/Home/8f3a251b1e5bd9da84dbb3a5e0fbca83.php 第 115 行.
NOTIC: [8] Use of undefined constant avater_path - assumed 'avater_path' /www/users/H10044002/Application/Runtime/Cache/Home/8f3a251b1e5bd9da84dbb3a5e0fbca83.php 第 102 行.
NOTIC: [8] Undefined variable: selfadd /www/users/H10044002/Application/Runtime/Cache/Home/8f3a251b1e5bd9da84dbb3a5e0fbca83.php 第 115 行.
NOTIC: [8] Use of undefined constant avater_path - assumed 'avater_path' /www/users/H10044002/Application/Runtime/Cache/Home/8f3a251b1e5bd9da84dbb3a5e0fbca83.php 第 102 行.
NOTIC: [8] Undefined variable: selfadd /www/users/H10044002/Application/Runtime/Cache/Home/8f3a251b1e5bd9da84dbb3a5e0fbca83.php 第 115 行.
NOTIC: [8] Use of undefined constant avater_path - assumed 'avater_path' /www/users/H10044002/Application/Runtime/Cache/Home/8f3a251b1e5bd9da84dbb3a5e0fbca83.php 第 102 行.
NOTIC: [8] Undefined variable: selfadd /www/users/H10044002/Application/Runtime/Cache/Home/8f3a251b1e5bd9da84dbb3a5e0fbca83.php 第 115 行.
NOTIC: [8] Use of undefined constant avater_path - assumed 'avater_path' /www/users/H10044002/Application/Runtime/Cache/Home/8f3a251b1e5bd9da84dbb3a5e0fbca83.php 第 102 行.
NOTIC: [8] Undefined variable: selfadd /www/users/H10044002/Application/Runtime/Cache/Home/8f3a251b1e5bd9da84dbb3a5e0fbca83.php 第 115 行.
NOTIC: [8] Use of undefined constant blogpic - assumed 'blogpic' /www/users/H10044002/Application/Runtime/Cache/Home/8f3a251b1e5bd9da84dbb3a5e0fbca83.php 第 136 行.
NOTIC: [8] Use of undefined constant blogpic - assumed 'blogpic' /www/users/H10044002/Application/Runtime/Cache/Home/8f3a251b1e5bd9da84dbb3a5e0fbca83.php 第 136 行.
NOTIC: [8] Use of undefined constant blogpic - assumed 'blogpic' /www/users/H10044002/Application/Runtime/Cache/Home/8f3a251b1e5bd9da84dbb3a5e0fbca83.php 第 136 行.
NOTIC: [8] Use of undefined constant blogpic - assumed 'blogpic' /www/users/H10044002/Application/Runtime/Cache/Home/8f3a251b1e5bd9da84dbb3a5e0fbca83.php 第 136 行.
NOTIC: [8] Use of undefined constant blogpic - assumed 'blogpic' /www/users/H10044002/Application/Runtime/Cache/Home/8f3a251b1e5bd9da84dbb3a5e0fbca83.php 第 136 行.
NOTIC: [8] Use of undefined constant blogpic - assumed 'blogpic' /www/users/H10044002/Application/Runtime/Cache/Home/8f3a251b1e5bd9da84dbb3a5e0fbca83.php 第 136 行.
NOTIC: [8] Use of undefined constant blogpic - assumed 'blogpic' /www/users/H10044002/Application/Runtime/Cache/Home/8f3a251b1e5bd9da84dbb3a5e0fbca83.php 第 136 行.
INFO: Run Behavior\ParseTemplateBehavior [ RunTime:0.044835s ]
INFO: [ view_parse ] --END-- [ RunTime:0.044958s ]
INFO: [ view_filter ] --START--
INFO: Run Behavior\WriteHtmlCacheBehavior [ RunTime:0.000430s ]
INFO: Run Behavior\TokenBuildBehavior [ RunTime:0.001153s ]
INFO: [ view_filter ] --END-- [ RunTime:0.001749s ]
INFO: [ app_end ] --START--
INFO: Run Behavior\ShowPageTraceBehavior [ RunTime:0.000808s ]
INFO: [ app_end ] --END-- [ RunTime:0.000913s ]

[ 2016-04-19T13:10:56+08:00 ] 113.104.33.74 /index.php/Home/Blog/clickNum/id/13
INFO: [ app_init ] --START--
INFO: Run Behavior\BuildLiteBehavior [ RunTime:0.000035s ]
INFO: [ app_init ] --END-- [ RunTime:0.000727s ]
INFO: [ app_begin ] --START--
INFO: Run Behavior\ReadHtmlCacheBehavior [ RunTime:0.000822s ]
INFO: [ app_begin ] --END-- [ RunTime:0.000952s ]
SQL: SHOW COLUMNS FROM `p_blog` [ RunTime:0.0049s ]
SQL: SELECT `click` FROM `p_blog` WHERE `id` = 13 LIMIT 1   [ RunTime:0.0004s ]
SQL: UPDATE `p_blog` SET `click`=click+1 WHERE `id` = 13 [ RunTime:0.0966s ]
INFO: [ app_end ] --START--
INFO: Run Behavior\ShowPageTraceBehavior [ RunTime:0.000888s ]
INFO: [ app_end ] --END-- [ RunTime:0.001003s ]

[ 2016-04-19T13:11:21+08:00 ] 183.62.38.197 /
INFO: [ app_init ] --START--
INFO: Run Behavior\BuildLiteBehavior [ RunTime:0.000020s ]
INFO: [ app_init ] --END-- [ RunTime:0.000403s ]
INFO: [ app_begin ] --START--
INFO: Run Behavior\ReadHtmlCacheBehavior [ RunTime:0.000516s ]
INFO: [ app_begin ] --END-- [ RunTime:0.000594s ]
SQL: SHOW COLUMNS FROM `p_blog` [ RunTime:0.0035s ]
SQL: SELECT * FROM `p_blog` WHERE `del` = 0 ORDER BY good desc LIMIT 4   [ RunTime:0.0005s ]
SQL: SHOW COLUMNS FROM `p_blog` [ RunTime:0.0028s ]
SQL: SELECT `id`,`title`,`blogpic`,`content`,`time`,`click`,`cid`,`userid`,`saycount`,`username`,`good`,`bad` FROM `p_blog` WHERE `del` = 0 ORDER BY click desc LIMIT 3   [ RunTime:0.0007s ]
SQL: SHOW COLUMNS FROM `p_attr` [ RunTime:0.0024s ]
NOTIC: [8] Undefined index: mapping_order /www/users/H10044002/ThinkPHP/Library/Think/Model/RelationModel.class.php 第 186 行.
NOTIC: [8] Undefined index: mapping_limit /www/users/H10044002/ThinkPHP/Library/Think/Model/RelationModel.class.php 第 187 行.
SQL: SELECT b.* FROM p_blog_attr AS a, p_attr AS b WHERE a.aid = b.id AND a. bid='13' [ RunTime:0.0001s ]
SQL: SHOW COLUMNS FROM `p_cate` [ RunTime:0.0025s ]
SQL: SELECT `name` FROM `p_cate` WHERE ( 1=1 AND id='23' ) LIMIT 1   [ RunTime:0.0001s ]
NOTIC: [8] Undefined index: mapping_order /www/users/H10044002/ThinkPHP/Library/Think/Model/RelationModel.class.php 第 186 行.
NOTIC: [8] Undefined index: mapping_limit /www/users/H10044002/ThinkPHP/Library/Think/Model/RelationModel.class.php 第 187 行.
SQL: SELECT b.* FROM p_blog_attr AS a, p_attr AS b WHERE a.aid = b.id AND a. bid='1' [ RunTime:0.0001s ]
SQL: SELECT `name` FROM `p_cate` WHERE ( 1=1 AND id='23' ) LIMIT 1   [ RunTime:0.0001s ]
NOTIC: [8] Undefined index: mapping_order /www/users/H10044002/ThinkPHP/Library/Think/Model/RelationModel.class.php 第 186 行.
NOTIC: [8] Undefined index: mapping_limit /www/users/H10044002/ThinkPHP/Library/Think/Model/RelationModel.class.php 第 187 行.
SQL: SELECT b.* FROM p_blog_attr AS a, p_attr AS b WHERE a.aid = b.id AND a. bid='7' [ RunTime:0.0001s ]
SQL: SELECT `name` FROM `p_cate` WHERE ( 1=1 AND id='33' ) LIMIT 1   [ RunTime:0.0001s ]
SQL: SHOW COLUMNS FROM `p_exper` [ RunTime:0.0037s ]
SQL: SELECT * FROM `p_exper` WHERE `del` = 0 ORDER BY click desc LIMIT 3   [ RunTime:0.0001s ]
SQL: SHOW COLUMNS FROM `p_share` [ RunTime:0.0029s ]
SQL: SELECT * FROM `p_share` WHERE `sta` = 2 LIMIT 5   [ RunTime:0.0001s ]
INFO: [ view_parse ] --START--
INFO: [ template_filter ] --START--
INFO: Run Behavior\ContentReplaceBehavior [ RunTime:0.000161s ]
INFO: [ template_filter ] --END-- [ RunTime:0.000230s ]
NOTIC: [2] mb_substr() expects at most 4 parameters, 5 given /www/users/H10044002/Application/Runtime/Cache/Home/2a94b8bda04ff446dcedd42276fc99ee.php 第 109 行.
NOTIC: [2] mb_substr() expects at most 4 parameters, 5 given /www/users/H10044002/Application/Runtime/Cache/Home/2a94b8bda04ff446dcedd42276fc99ee.php 第 109 行.
NOTIC: [2] mb_substr() expects at most 4 parameters, 5 given /www/users/H10044002/Application/Runtime/Cache/Home/2a94b8bda04ff446dcedd42276fc99ee.php 第 109 行.
INFO: Run Behavior\ParseTemplateBehavior [ RunTime:0.017421s ]
INFO: [ view_parse ] --END-- [ RunTime:0.017488s ]
INFO: [ view_filter ] --START--
INFO: Run Behavior\WriteHtmlCacheBehavior [ RunTime:0.000252s ]
INFO: Run Behavior\TokenBuildBehavior [ RunTime:0.000509s ]
INFO: [ view_filter ] --END-- [ RunTime:0.000855s ]
INFO: [ app_end ] --START--
INFO: Run Behavior\ShowPageTraceBehavior [ RunTime:0.000492s ]
INFO: [ app_end ] --END-- [ RunTime:0.000555s ]

[ 2016-04-19T13:11:55+08:00 ] 183.62.38.197 /
INFO: [ app_init ] --START--
INFO: Run Behavior\BuildLiteBehavior [ RunTime:0.000033s ]
INFO: [ app_init ] --END-- [ RunTime:0.000653s ]
INFO: [ app_begin ] --START--
INFO: Run Behavior\ReadHtmlCacheBehavior [ RunTime:0.000847s ]
INFO: [ app_begin ] --END-- [ RunTime:0.001007s ]
SQL: SHOW COLUMNS FROM `p_blog` [ RunTime:0.0276s ]
SQL: SELECT * FROM `p_blog` WHERE `del` = 0 ORDER BY good desc LIMIT 4   [ RunTime:0.0024s ]
SQL: SHOW COLUMNS FROM `p_blog` [ RunTime:0.0043s ]
SQL: SELECT `id`,`title`,`blogpic`,`content`,`time`,`click`,`cid`,`userid`,`saycount`,`username`,`good`,`bad` FROM `p_blog` WHERE `del` = 0 ORDER BY click desc LIMIT 3   [ RunTime:0.0002s ]
SQL: SHOW COLUMNS FROM `p_attr` [ RunTime:0.0052s ]
NOTIC: [8] Undefined index: mapping_order /www/users/H10044002/ThinkPHP/Library/Think/Model/RelationModel.class.php 第 186 行.
NOTIC: [8] Undefined index: mapping_limit /www/users/H10044002/ThinkPHP/Library/Think/Model/RelationModel.class.php 第 187 行.
SQL: SELECT b.* FROM p_blog_attr AS a, p_attr AS b WHERE a.aid = b.id AND a. bid='13' [ RunTime:0.0001s ]
SQL: SHOW COLUMNS FROM `p_cate` [ RunTime:0.0056s ]
SQL: SELECT `name` FROM `p_cate` WHERE ( 1=1 AND id='23' ) LIMIT 1   [ RunTime:0.0001s ]
NOTIC: [8] Undefined index: mapping_order /www/users/H10044002/ThinkPHP/Library/Think/Model/RelationModel.class.php 第 186 行.
NOTIC: [8] Undefined index: mapping_limit /www/users/H10044002/ThinkPHP/Library/Think/Model/RelationModel.class.php 第 187 行.
SQL: SELECT b.* FROM p_blog_attr AS a, p_attr AS b WHERE a.aid = b.id AND a. bid='1' [ RunTime:0.0001s ]
SQL: SELECT `name` FROM `p_cate` WHERE ( 1=1 AND id='23' ) LIMIT 1   [ RunTime:0.0001s ]
NOTIC: [8] Undefined index: mapping_order /www/users/H10044002/ThinkPHP/Library/Think/Model/RelationModel.class.php 第 186 行.
NOTIC: [8] Undefined index: mapping_limit /www/users/H10044002/ThinkPHP/Library/Think/Model/RelationModel.class.php 第 187 行.
SQL: SELECT b.* FROM p_blog_attr AS a, p_attr AS b WHERE a.aid = b.id AND a. bid='7' [ RunTime:0.0001s ]
SQL: SELECT `name` FROM `p_cate` WHERE ( 1=1 AND id='33' ) LIMIT 1   [ RunTime:0.0001s ]
SQL: SHOW COLUMNS FROM `p_exper` [ RunTime:0.0043s ]
SQL: SELECT * FROM `p_exper` WHERE `del` = 0 ORDER BY click desc LIMIT 3   [ RunTime:0.0001s ]
SQL: SHOW COLUMNS FROM `p_share` [ RunTime:0.0040s ]
SQL: SELECT * FROM `p_share` WHERE `sta` = 2 LIMIT 5   [ RunTime:0.0001s ]
INFO: [ view_parse ] --START--
INFO: [ template_filter ] --START--
INFO: Run Behavior\ContentReplaceBehavior [ RunTime:0.000287s ]
INFO: [ template_filter ] --END-- [ RunTime:0.000416s ]
NOTIC: [2] mb_substr() expects at most 4 parameters, 5 given /www/users/H10044002/Application/Runtime/Cache/Home/2a94b8bda04ff446dcedd42276fc99ee.php 第 109 行.
NOTIC: [2] mb_substr() expects at most 4 parameters, 5 given /www/users/H10044002/Application/Runtime/Cache/Home/2a94b8bda04ff446dcedd42276fc99ee.php 第 109 行.
NOTIC: [2] mb_substr() expects at most 4 parameters, 5 given /www/users/H10044002/Application/Runtime/Cache/Home/2a94b8bda04ff446dcedd42276fc99ee.php 第 109 行.
INFO: Run Behavior\ParseTemplateBehavior [ RunTime:0.043672s ]
INFO: [ view_parse ] --END-- [ RunTime:0.043789s ]
INFO: [ view_filter ] --START--
INFO: Run Behavior\WriteHtmlCacheBehavior [ RunTime:0.000449s ]
INFO: Run Behavior\TokenBuildBehavior [ RunTime:0.000887s ]
INFO: [ view_filter ] --END-- [ RunTime:0.001492s ]
INFO: [ app_end ] --START--
INFO: Run Behavior\ShowPageTraceBehavior [ RunTime:0.000878s ]
INFO: [ app_end ] --END-- [ RunTime:0.000993s ]

[ 2016-04-19T13:13:21+08:00 ] 183.62.38.197 /index.php/Home/Index/index
INFO: [ app_init ] --START--
INFO: Run Behavior\BuildLiteBehavior [ RunTime:0.000034s ]
INFO: [ app_init ] --END-- [ RunTime:0.000666s ]
INFO: [ app_begin ] --START--
INFO: Run Behavior\ReadHtmlCacheBehavior [ RunTime:0.000838s ]
INFO: [ app_begin ] --END-- [ RunTime:0.000965s ]
SQL: SHOW COLUMNS FROM `p_blog` [ RunTime:0.0127s ]
SQL: SELECT * FROM `p_blog` WHERE `del` = 0 ORDER BY good desc LIMIT 4   [ RunTime:0.0003s ]
SQL: SHOW COLUMNS FROM `p_blog` [ RunTime:0.0049s ]
SQL: SELECT `id`,`title`,`blogpic`,`content`,`time`,`click`,`cid`,`userid`,`saycount`,`username`,`good`,`bad` FROM `p_blog` WHERE `del` = 0 ORDER BY click desc LIMIT 3   [ RunTime:0.0002s ]
SQL: SHOW COLUMNS FROM `p_attr` [ RunTime:0.0466s ]
NOTIC: [8] Undefined index: mapping_order /www/users/H10044002/ThinkPHP/Library/Think/Model/RelationModel.class.php 第 186 行.
NOTIC: [8] Undefined index: mapping_limit /www/users/H10044002/ThinkPHP/Library/Think/Model/RelationModel.class.php 第 187 行.
SQL: SELECT b.* FROM p_blog_attr AS a, p_attr AS b WHERE a.aid = b.id AND a. bid='13' [ RunTime:0.0001s ]
SQL: SHOW COLUMNS FROM `p_cate` [ RunTime:0.0780s ]
SQL: SELECT `name` FROM `p_cate` WHERE ( 1=1 AND id='23' ) LIMIT 1   [ RunTime:0.0001s ]
NOTIC: [8] Undefined index: mapping_order /www/users/H10044002/ThinkPHP/Library/Think/Model/RelationModel.class.php 第 186 行.
NOTIC: [8] Undefined index: mapping_limit /www/users/H10044002/ThinkPHP/Library/Think/Model/RelationModel.class.php 第 187 行.
SQL: SELECT b.* FROM p_blog_attr AS a, p_attr AS b WHERE a.aid = b.id AND a. bid='1' [ RunTime:0.0001s ]
SQL: SELECT `name` FROM `p_cate` WHERE ( 1=1 AND id='23' ) LIMIT 1   [ RunTime:0.0001s ]
NOTIC: [8] Undefined index: mapping_order /www/users/H10044002/ThinkPHP/Library/Think/Model/RelationModel.class.php 第 186 行.
NOTIC: [8] Undefined index: mapping_limit /www/users/H10044002/ThinkPHP/Library/Think/Model/RelationModel.class.php 第 187 行.
SQL: SELECT b.* FROM p_blog_attr AS a, p_attr AS b WHERE a.aid = b.id AND a. bid='7' [ RunTime:0.0001s ]
SQL: SELECT `name` FROM `p_cate` WHERE ( 1=1 AND id='33' ) LIMIT 1   [ RunTime:0.0001s ]
SQL: SHOW COLUMNS FROM `p_exper` [ RunTime:0.0049s ]
SQL: SELECT * FROM `p_exper` WHERE `del` = 0 ORDER BY click desc LIMIT 3   [ RunTime:0.0001s ]
SQL: SHOW COLUMNS FROM `p_share` [ RunTime:0.0037s ]
SQL: SELECT * FROM `p_share` WHERE `sta` = 2 LIMIT 5   [ RunTime:0.0001s ]
INFO: [ view_parse ] --START--
INFO: [ template_filter ] --START--
INFO: Run Behavior\ContentReplaceBehavior [ RunTime:0.000280s ]
INFO: [ template_filter ] --END-- [ RunTime:0.000407s ]
NOTIC: [2] mb_substr() expects at most 4 parameters, 5 given /www/users/H10044002/Application/Runtime/Cache/Home/2a94b8bda04ff446dcedd42276fc99ee.php 第 109 行.
NOTIC: [2] mb_substr() expects at most 4 parameters, 5 given /www/users/H10044002/Application/Runtime/Cache/Home/2a94b8bda04ff446dcedd42276fc99ee.php 第 109 行.
NOTIC: [2] mb_substr() expects at most 4 parameters, 5 given /www/users/H10044002/Application/Runtime/Cache/Home/2a94b8bda04ff446dcedd42276fc99ee.php 第 109 行.
INFO: Run Behavior\ParseTemplateBehavior [ RunTime:0.029323s ]
INFO: [ view_parse ] --END-- [ RunTime:0.029433s ]
INFO: [ view_filter ] --START--
INFO: Run Behavior\WriteHtmlCacheBehavior [ RunTime:0.000431s ]
INFO: Run Behavior\TokenBuildBehavior [ RunTime:0.000893s ]
INFO: [ view_filter ] --END-- [ RunTime:0.001480s ]
INFO: [ app_end ] --START--
INFO: Run Behavior\ShowPageTraceBehavior [ RunTime:0.000844s ]
INFO: [ app_end ] --END-- [ RunTime:0.000948s ]

[ 2016-04-19T13:14:13+08:00 ] 183.62.38.197 /index.php/Home/Index/index
INFO: [ app_init ] --START--
INFO: Run Behavior\BuildLiteBehavior [ RunTime:0.000034s ]
INFO: [ app_init ] --END-- [ RunTime:0.000665s ]
INFO: [ app_begin ] --START--
INFO: Run Behavior\ReadHtmlCacheBehavior [ RunTime:0.000825s ]
INFO: [ app_begin ] --END-- [ RunTime:0.000959s ]
SQL: SHOW COLUMNS FROM `p_blog` [ RunTime:0.0047s ]
SQL: SELECT * FROM `p_blog` WHERE `del` = 0 ORDER BY good desc LIMIT 4   [ RunTime:0.0003s ]
SQL: SHOW COLUMNS FROM `p_blog` [ RunTime:0.0048s ]
SQL: SELECT `id`,`title`,`blogpic`,`content`,`time`,`click`,`cid`,`userid`,`saycount`,`username`,`good`,`bad` FROM `p_blog` WHERE `del` = 0 ORDER BY click desc LIMIT 3   [ RunTime:0.0002s ]
SQL: SHOW COLUMNS FROM `p_attr` [ RunTime:0.0044s ]
NOTIC: [8] Undefined index: mapping_order /www/users/H10044002/ThinkPHP/Library/Think/Model/RelationModel.class.php 第 186 行.
NOTIC: [8] Undefined index: mapping_limit /www/users/H10044002/ThinkPHP/Library/Think/Model/RelationModel.class.php 第 187 行.
SQL: SELECT b.* FROM p_blog_attr AS a, p_attr AS b WHERE a.aid = b.id AND a. bid='13' [ RunTime:0.4918s ]
SQL: SHOW COLUMNS FROM `p_cate` [ RunTime:0.0044s ]
SQL: SELECT `name` FROM `p_cate` WHERE ( 1=1 AND id='23' ) LIMIT 1   [ RunTime:0.0001s ]
NOTIC: [8] Undefined index: mapping_order /www/users/H10044002/ThinkPHP/Library/Think/Model/RelationModel.class.php 第 186 行.
NOTIC: [8] Undefined index: mapping_limit /www/users/H10044002/ThinkPHP/Library/Think/Model/RelationModel.class.php 第 187 行.
SQL: SELECT b.* FROM p_blog_attr AS a, p_attr AS b WHERE a.aid = b.id AND a. bid='1' [ RunTime:0.0001s ]
SQL: SELECT `name` FROM `p_cate` WHERE ( 1=1 AND id='23' ) LIMIT 1   [ RunTime:0.0001s ]
NOTIC: [8] Undefined index: mapping_order /www/users/H10044002/ThinkPHP/Library/Think/Model/RelationModel.class.php 第 186 行.
NOTIC: [8] Undefined index: mapping_limit /www/users/H10044002/ThinkPHP/Library/Think/Model/RelationModel.class.php 第 187 行.
SQL: SELECT b.* FROM p_blog_attr AS a, p_attr AS b WHERE a.aid = b.id AND a. bid='7' [ RunTime:0.0001s ]
SQL: SELECT `name` FROM `p_cate` WHERE ( 1=1 AND id='33' ) LIMIT 1   [ RunTime:0.0001s ]
SQL: SHOW COLUMNS FROM `p_exper` [ RunTime:0.0050s ]
SQL: SELECT * FROM `p_exper` WHERE `del` = 0 ORDER BY click desc LIMIT 3   [ RunTime:0.0001s ]
SQL: SHOW COLUMNS FROM `p_share` [ RunTime:0.0049s ]
SQL: SELECT * FROM `p_share` WHERE `sta` = 2 LIMIT 5   [ RunTime:0.0001s ]
INFO: [ view_parse ] --START--
INFO: [ template_filter ] --START--
INFO: Run Behavior\ContentReplaceBehavior [ RunTime:0.000256s ]
INFO: [ template_filter ] --END-- [ RunTime:0.000376s ]
NOTIC: [2] mb_substr() expects at most 4 parameters, 5 given /www/users/H10044002/Application/Runtime/Cache/Home/2a94b8bda04ff446dcedd42276fc99ee.php 第 109 行.
NOTIC: [2] mb_substr() expects at most 4 parameters, 5 given /www/users/H10044002/Application/Runtime/Cache/Home/2a94b8bda04ff446dcedd42276fc99ee.php 第 109 行.
NOTIC: [2] mb_substr() expects at most 4 parameters, 5 given /www/users/H10044002/Application/Runtime/Cache/Home/2a94b8bda04ff446dcedd42276fc99ee.php 第 109 行.
INFO: Run Behavior\ParseTemplateBehavior [ RunTime:0.026821s ]
INFO: [ view_parse ] --END-- [ RunTime:0.026923s ]
INFO: [ view_filter ] --START--
INFO: Run Behavior\WriteHtmlCacheBehavior [ RunTime:0.000398s ]
INFO: Run Behavior\TokenBuildBehavior [ RunTime:0.000797s ]
INFO: [ view_filter ] --END-- [ RunTime:0.001337s ]
INFO: [ app_end ] --START--
INFO: Run Behavior\ShowPageTraceBehavior [ RunTime:0.000771s ]
INFO: [ app_end ] --END-- [ RunTime:0.000870s ]

[ 2016-04-19T13:14:15+08:00 ] 183.62.38.197 /index.php/Home/Blog/index
INFO: [ app_init ] --START--
INFO: Run Behavior\BuildLiteBehavior [ RunTime:0.000022s ]
INFO: [ app_init ] --END-- [ RunTime:0.000432s ]
INFO: [ app_begin ] --START--
INFO: Run Behavior\ReadHtmlCacheBehavior [ RunTime:0.000501s ]
INFO: [ app_begin ] --END-- [ RunTime:0.000579s ]
SQL: SHOW COLUMNS FROM `p_cate` [ RunTime:0.0036s ]
SQL: SELECT * FROM `p_cate` ORDER BY sort asc  [ RunTime:0.0003s ]
INFO: [ view_parse ] --START--
INFO: [ template_filter ] --START--
INFO: Run Behavior\ContentReplaceBehavior [ RunTime:0.000112s ]
INFO: [ template_filter ] --END-- [ RunTime:0.000231s ]
NOTIC: [8] Undefined variable: blog /www/users/H10044002/Application/Runtime/Cache/Home/6d164f7c2f6ca2370f3ab6859ad5b9d7.php 第 10 行.
INFO: Run Behavior\ParseTemplateBehavior [ RunTime:0.020812s ]
INFO: [ view_parse ] --END-- [ RunTime:0.020911s ]
INFO: [ view_filter ] --START--
INFO: Run Behavior\WriteHtmlCacheBehavior [ RunTime:0.000382s ]
INFO: Run Behavior\TokenBuildBehavior [ RunTime:0.000725s ]
INFO: [ view_filter ] --END-- [ RunTime:0.001262s ]
INFO: [ app_end ] --START--
INFO: Run Behavior\ShowPageTraceBehavior [ RunTime:0.000731s ]
INFO: [ app_end ] --END-- [ RunTime:0.000829s ]

[ 2016-04-19T13:14:15+08:00 ] 183.62.38.197 /index.php/Home/Blog/clickNum
INFO: [ app_init ] --START--
INFO: Run Behavior\BuildLiteBehavior [ RunTime:0.000029s ]
INFO: [ app_init ] --END-- [ RunTime:0.000604s ]
INFO: [ app_begin ] --START--
INFO: Run Behavior\ReadHtmlCacheBehavior [ RunTime:0.000746s ]
INFO: [ app_begin ] --END-- [ RunTime:0.000866s ]
SQL: SHOW COLUMNS FROM `p_blog` [ RunTime:0.0044s ]
SQL: SELECT `click` FROM `p_blog` WHERE `id` = 0 LIMIT 1   [ RunTime:0.0003s ]
SQL: UPDATE `p_blog` SET `click`=click+1 WHERE `id` = 0 [ RunTime:0.0002s ]
INFO: [ app_end ] --START--
INFO: Run Behavior\ShowPageTraceBehavior [ RunTime:0.000897s ]
INFO: [ app_end ] --END-- [ RunTime:0.001000s ]

[ 2016-04-19T13:14:25+08:00 ] 183.62.38.197 /index.php/Home/Blog/index
INFO: [ app_init ] --START--
INFO: Run Behavior\BuildLiteBehavior [ RunTime:0.000030s ]
INFO: [ app_init ] --END-- [ RunTime:0.000660s ]
INFO: [ app_begin ] --START--
INFO: Run Behavior\ReadHtmlCacheBehavior [ RunTime:0.000831s ]
INFO: [ app_begin ] --END-- [ RunTime:0.000963s ]
SQL: SHOW COLUMNS FROM `p_cate` [ RunTime:0.0043s ]
SQL: SELECT * FROM `p_cate` ORDER BY sort asc  [ RunTime:0.0002s ]
INFO: [ view_parse ] --START--
INFO: [ template_filter ] --START--
INFO: Run Behavior\ContentReplaceBehavior [ RunTime:0.000135s ]
INFO: [ template_filter ] --END-- [ RunTime:0.000268s ]
NOTIC: [8] Undefined variable: blog /www/users/H10044002/Application/Runtime/Cache/Home/6d164f7c2f6ca2370f3ab6859ad5b9d7.php 第 10 行.
INFO: Run Behavior\ParseTemplateBehavior [ RunTime:0.019463s ]
INFO: [ view_parse ] --END-- [ RunTime:0.019590s ]
INFO: [ view_filter ] --START--
INFO: Run Behavior\WriteHtmlCacheBehavior [ RunTime:0.000428s ]
INFO: Run Behavior\TokenBuildBehavior [ RunTime:0.000790s ]
INFO: [ view_filter ] --END-- [ RunTime:0.001408s ]
INFO: [ app_end ] --START--
INFO: Run Behavior\ShowPageTraceBehavior [ RunTime:0.000815s ]
INFO: [ app_end ] --END-- [ RunTime:0.000923s ]

[ 2016-04-19T13:14:26+08:00 ] 183.62.38.197 /index.php/Home/Blog/clickNum
INFO: [ app_init ] --START--
INFO: Run Behavior\BuildLiteBehavior [ RunTime:0.000032s ]
INFO: [ app_init ] --END-- [ RunTime:0.000681s ]
INFO: [ app_begin ] --START--
INFO: Run Behavior\ReadHtmlCacheBehavior [ RunTime:0.000841s ]
INFO: [ app_begin ] --END-- [ RunTime:0.000970s ]
SQL: SHOW COLUMNS FROM `p_blog` [ RunTime:0.0428s ]
SQL: SELECT `click` FROM `p_blog` WHERE `id` = 0 LIMIT 1   [ RunTime:0.0002s ]
SQL: UPDATE `p_blog` SET `click`=click+1 WHERE `id` = 0 [ RunTime:0.0112s ]
INFO: [ app_end ] --START--
INFO: Run Behavior\ShowPageTraceBehavior [ RunTime:0.000931s ]
INFO: [ app_end ] --END-- [ RunTime:0.001048s ]

[ 2016-04-19T13:14:41+08:00 ] 183.62.38.197 /index.php/Home/Exper/index
INFO: [ app_init ] --START--
INFO: Run Behavior\BuildLiteBehavior [ RunTime:0.000035s ]
INFO: [ app_init ] --END-- [ RunTime:0.000676s ]
INFO: [ app_begin ] --START--
INFO: Run Behavior\ReadHtmlCacheBehavior [ RunTime:0.000837s ]
INFO: [ app_begin ] --END-- [ RunTime:0.000969s ]
SQL: SHOW COLUMNS FROM `p_exper` [ RunTime:0.0041s ]
SQL: SELECT * FROM `p_exper` WHERE `del` = 0  [ RunTime:0.0006s ]
INFO: [ view_parse ] --START--
INFO: [ template_filter ] --START--
INFO: Run Behavior\ContentReplaceBehavior [ RunTime:0.000183s ]
INFO: [ template_filter ] --END-- [ RunTime:0.000323s ]
NOTIC: [8] Undefined index: id /www/users/H10044002/Application/Runtime/Cache/Home/f7c41315f37948de092bd72800eaef1d.php 第 28 行.
INFO: Run Behavior\ParseTemplateBehavior [ RunTime:0.077147s ]
INFO: [ view_parse ] --END-- [ RunTime:0.077281s ]
INFO: [ view_filter ] --START--
INFO: Run Behavior\WriteHtmlCacheBehavior [ RunTime:0.000440s ]
INFO: Run Behavior\TokenBuildBehavior [ RunTime:0.000947s ]
INFO: [ view_filter ] --END-- [ RunTime:0.001551s ]
INFO: [ app_end ] --START--
INFO: Run Behavior\ShowPageTraceBehavior [ RunTime:0.000829s ]
INFO: [ app_end ] --END-- [ RunTime:0.000940s ]

[ 2016-04-19T13:14:42+08:00 ] 183.62.38.197 /index.php/Home/Exper/clickNum
INFO: [ app_init ] --START--
INFO: Run Behavior\BuildLiteBehavior [ RunTime:0.000033s ]
INFO: [ app_init ] --END-- [ RunTime:0.000667s ]
INFO: [ app_begin ] --START--
INFO: Run Behavior\ReadHtmlCacheBehavior [ RunTime:0.000840s ]
INFO: [ app_begin ] --END-- [ RunTime:0.000968s ]
SQL: SHOW COLUMNS FROM `p_exper` [ RunTime:0.0047s ]
SQL: SELECT `click` FROM `p_exper` WHERE `id` = 0 LIMIT 1   [ RunTime:0.0003s ]
SQL: UPDATE `p_exper` SET `click`=click+1 WHERE `id` = 0 [ RunTime:0.0002s ]
INFO: [ app_end ] --START--
INFO: Run Behavior\ShowPageTraceBehavior [ RunTime:0.000954s ]
INFO: [ app_end ] --END-- [ RunTime:0.001067s ]

[ 2016-04-19T13:14:43+08:00 ] 183.62.38.197 /index.php/Home/Blog/index
INFO: [ app_init ] --START--
INFO: Run Behavior\BuildLiteBehavior [ RunTime:0.000036s ]
INFO: [ app_init ] --END-- [ RunTime:0.000685s ]
INFO: [ app_begin ] --START--
INFO: Run Behavior\ReadHtmlCacheBehavior [ RunTime:0.000861s ]
INFO: [ app_begin ] --END-- [ RunTime:0.001009s ]
SQL: SHOW COLUMNS FROM `p_cate` [ RunTime:0.0063s ]
SQL: SELECT * FROM `p_cate` ORDER BY sort asc  [ RunTime:0.0480s ]
INFO: [ view_parse ] --START--
INFO: [ template_filter ] --START--
INFO: Run Behavior\ContentReplaceBehavior [ RunTime:0.000117s ]
INFO: [ template_filter ] --END-- [ RunTime:0.000257s ]
NOTIC: [8] Undefined variable: blog /www/users/H10044002/Application/Runtime/Cache/Home/6d164f7c2f6ca2370f3ab6859ad5b9d7.php 第 10 行.
INFO: Run Behavior\ParseTemplateBehavior [ RunTime:0.027111s ]
INFO: [ view_parse ] --END-- [ RunTime:0.027249s ]
INFO: [ view_filter ] --START--
INFO: Run Behavior\WriteHtmlCacheBehavior [ RunTime:0.000441s ]
INFO: Run Behavior\TokenBuildBehavior [ RunTime:0.000827s ]
INFO: [ view_filter ] --END-- [ RunTime:0.001437s ]
INFO: [ app_end ] --START--
INFO: Run Behavior\ShowPageTraceBehavior [ RunTime:0.000845s ]
INFO: [ app_end ] --END-- [ RunTime:0.000957s ]

[ 2016-04-19T13:14:43+08:00 ] 183.62.38.197 /index.php/Home/Blog/clickNum
INFO: [ app_init ] --START--
INFO: Run Behavior\BuildLiteBehavior [ RunTime:0.000024s ]
INFO: [ app_init ] --END-- [ RunTime:0.000437s ]
INFO: [ app_begin ] --START--
INFO: Run Behavior\ReadHtmlCacheBehavior [ RunTime:0.000528s ]
INFO: [ app_begin ] --END-- [ RunTime:0.000617s ]
SQL: SHOW COLUMNS FROM `p_blog` [ RunTime:0.0043s ]
SQL: SELECT `click` FROM `p_blog` WHERE `id` = 0 LIMIT 1   [ RunTime:0.0001s ]
SQL: UPDATE `p_blog` SET `click`=click+1 WHERE `id` = 0 [ RunTime:0.0002s ]
INFO: [ app_end ] --START--
INFO: Run Behavior\ShowPageTraceBehavior [ RunTime:0.000596s ]
INFO: [ app_end ] --END-- [ RunTime:0.000670s ]

[ 2016-04-19T15:58:37+08:00 ] 219.133.40.13 /
INFO: [ app_init ] --START--
INFO: Run Behavior\BuildLiteBehavior [ RunTime:0.000034s ]
INFO: [ app_init ] --END-- [ RunTime:0.000682s ]
INFO: [ app_begin ] --START--
INFO: Run Behavior\ReadHtmlCacheBehavior [ RunTime:0.000867s ]
INFO: [ app_begin ] --END-- [ RunTime:0.001003s ]
SQL: SHOW COLUMNS FROM `p_blog` [ RunTime:0.0063s ]
SQL: SELECT * FROM `p_blog` WHERE `del` = 0 ORDER BY good desc LIMIT 4   [ RunTime:0.0017s ]
SQL: SHOW COLUMNS FROM `p_blog` [ RunTime:0.0047s ]
SQL: SELECT `id`,`title`,`blogpic`,`content`,`time`,`click`,`cid`,`userid`,`saycount`,`username`,`good`,`bad` FROM `p_blog` WHERE `del` = 0 ORDER BY click desc LIMIT 3   [ RunTime:0.0009s ]
SQL: SHOW COLUMNS FROM `p_attr` [ RunTime:0.0049s ]
NOTIC: [8] Undefined index: mapping_order /www/users/H10044002/ThinkPHP/Library/Think/Model/RelationModel.class.php 第 186 行.
NOTIC: [8] Undefined index: mapping_limit /www/users/H10044002/ThinkPHP/Library/Think/Model/RelationModel.class.php 第 187 行.
SQL: SELECT b.* FROM p_blog_attr AS a, p_attr AS b WHERE a.aid = b.id AND a. bid='13' [ RunTime:0.0006s ]
SQL: SHOW COLUMNS FROM `p_cate` [ RunTime:0.0052s ]
SQL: SELECT `name` FROM `p_cate` WHERE ( 1=1 AND id='23' ) LIMIT 1   [ RunTime:0.0003s ]
NOTIC: [8] Undefined index: mapping_order /www/users/H10044002/ThinkPHP/Library/Think/Model/RelationModel.class.php 第 186 行.
NOTIC: [8] Undefined index: mapping_limit /www/users/H10044002/ThinkPHP/Library/Think/Model/RelationModel.class.php 第 187 行.
SQL: SELECT b.* FROM p_blog_attr AS a, p_attr AS b WHERE a.aid = b.id AND a. bid='1' [ RunTime:0.0003s ]
SQL: SELECT `name` FROM `p_cate` WHERE ( 1=1 AND id='23' ) LIMIT 1   [ RunTime:0.0001s ]
NOTIC: [8] Undefined index: mapping_order /www/users/H10044002/ThinkPHP/Library/Think/Model/RelationModel.class.php 第 186 行.
NOTIC: [8] Undefined index: mapping_limit /www/users/H10044002/ThinkPHP/Library/Think/Model/RelationModel.class.php 第 187 行.
SQL: SELECT b.* FROM p_blog_attr AS a, p_attr AS b WHERE a.aid = b.id AND a. bid='7' [ RunTime:0.0003s ]
SQL: SELECT `name` FROM `p_cate` WHERE ( 1=1 AND id='33' ) LIMIT 1   [ RunTime:0.0003s ]
SQL: SHOW COLUMNS FROM `p_exper` [ RunTime:0.0083s ]
SQL: SELECT * FROM `p_exper` WHERE `del` = 0 ORDER BY click desc LIMIT 3   [ RunTime:0.0005s ]
SQL: SHOW COLUMNS FROM `p_share` [ RunTime:0.0047s ]
SQL: SELECT * FROM `p_share` WHERE `sta` = 2 LIMIT 5   [ RunTime:0.0004s ]
INFO: [ view_parse ] --START--
INFO: [ template_filter ] --START--
INFO: Run Behavior\ContentReplaceBehavior [ RunTime:0.000284s ]
INFO: [ template_filter ] --END-- [ RunTime:0.000418s ]
NOTIC: [2] mb_substr() expects at most 4 parameters, 5 given /www/users/H10044002/Application/Runtime/Cache/Home/2a94b8bda04ff446dcedd42276fc99ee.php 第 109 行.
NOTIC: [2] mb_substr() expects at most 4 parameters, 5 given /www/users/H10044002/Application/Runtime/Cache/Home/2a94b8bda04ff446dcedd42276fc99ee.php 第 109 行.
NOTIC: [2] mb_substr() expects at most 4 parameters, 5 given /www/users/H10044002/Application/Runtime/Cache/Home/2a94b8bda04ff446dcedd42276fc99ee.php 第 109 行.
INFO: Run Behavior\ParseTemplateBehavior [ RunTime:0.029427s ]
INFO: [ view_parse ] --END-- [ RunTime:0.029540s ]
INFO: [ view_filter ] --START--
INFO: Run Behavior\WriteHtmlCacheBehavior [ RunTime:0.000427s ]
INFO: Run Behavior\TokenBuildBehavior [ RunTime:0.000898s ]
INFO: [ view_filter ] --END-- [ RunTime:0.001481s ]
INFO: [ app_end ] --START--
INFO: Run Behavior\ShowPageTraceBehavior [ RunTime:0.000847s ]
INFO: [ app_end ] --END-- [ RunTime:0.000968s ]

[ 2016-04-19T15:58:41+08:00 ] 163.177.69.106 /
INFO: [ app_init ] --START--
INFO: Run Behavior\BuildLiteBehavior [ RunTime:0.000032s ]
INFO: [ app_init ] --END-- [ RunTime:0.000619s ]
INFO: [ app_begin ] --START--
INFO: Run Behavior\ReadHtmlCacheBehavior [ RunTime:0.000826s ]
INFO: [ app_begin ] --END-- [ RunTime:0.000952s ]
SQL: SHOW COLUMNS FROM `p_blog` [ RunTime:0.0044s ]
SQL: SELECT * FROM `p_blog` WHERE `del` = 0 ORDER BY good desc LIMIT 4   [ RunTime:0.0004s ]
SQL: SHOW COLUMNS FROM `p_blog` [ RunTime:0.0042s ]
SQL: SELECT `id`,`title`,`blogpic`,`content`,`time`,`click`,`cid`,`userid`,`saycount`,`username`,`good`,`bad` FROM `p_blog` WHERE `del` = 0 ORDER BY click desc LIMIT 3   [ RunTime:0.0003s ]
SQL: SHOW COLUMNS FROM `p_attr` [ RunTime:0.0036s ]
NOTIC: [8] Undefined index: mapping_order /www/users/H10044002/ThinkPHP/Library/Think/Model/RelationModel.class.php 第 186 行.
NOTIC: [8] Undefined index: mapping_limit /www/users/H10044002/ThinkPHP/Library/Think/Model/RelationModel.class.php 第 187 行.
SQL: SELECT b.* FROM p_blog_attr AS a, p_attr AS b WHERE a.aid = b.id AND a. bid='13' [ RunTime:0.0004s ]
SQL: SHOW COLUMNS FROM `p_cate` [ RunTime:0.0052s ]
SQL: SELECT `name` FROM `p_cate` WHERE ( 1=1 AND id='23' ) LIMIT 1   [ RunTime:0.0021s ]
NOTIC: [8] Undefined index: mapping_order /www/users/H10044002/ThinkPHP/Library/Think/Model/RelationModel.class.php 第 186 行.
NOTIC: [8] Undefined index: mapping_limit /www/users/H10044002/ThinkPHP/Library/Think/Model/RelationModel.class.php 第 187 行.
SQL: SELECT b.* FROM p_blog_attr AS a, p_attr AS b WHERE a.aid = b.id AND a. bid='1' [ RunTime:0.0001s ]
SQL: SELECT `name` FROM `p_cate` WHERE ( 1=1 AND id='23' ) LIMIT 1   [ RunTime:0.0001s ]
NOTIC: [8] Undefined index: mapping_order /www/users/H10044002/ThinkPHP/Library/Think/Model/RelationModel.class.php 第 186 行.
NOTIC: [8] Undefined index: mapping_limit /www/users/H10044002/ThinkPHP/Library/Think/Model/RelationModel.class.php 第 187 行.
SQL: SELECT b.* FROM p_blog_attr AS a, p_attr AS b WHERE a.aid = b.id AND a. bid='7' [ RunTime:0.0001s ]
SQL: SELECT `name` FROM `p_cate` WHERE ( 1=1 AND id='33' ) LIMIT 1   [ RunTime:0.0001s ]
SQL: SHOW COLUMNS FROM `p_exper` [ RunTime:0.0048s ]
SQL: SELECT * FROM `p_exper` WHERE `del` = 0 ORDER BY click desc LIMIT 3   [ RunTime:0.0002s ]
SQL: SHOW COLUMNS FROM `p_share` [ RunTime:0.0065s ]
SQL: SELECT * FROM `p_share` WHERE `sta` = 2 LIMIT 5   [ RunTime:0.0001s ]
INFO: [ view_parse ] --START--
INFO: [ template_filter ] --START--
INFO: Run Behavior\ContentReplaceBehavior [ RunTime:0.000256s ]
INFO: [ template_filter ] --END-- [ RunTime:0.000393s ]
NOTIC: [2] mb_substr() expects at most 4 parameters, 5 given /www/users/H10044002/Application/Runtime/Cache/Home/2a94b8bda04ff446dcedd42276fc99ee.php 第 109 行.
NOTIC: [2] mb_substr() expects at most 4 parameters, 5 given /www/users/H10044002/Application/Runtime/Cache/Home/2a94b8bda04ff446dcedd42276fc99ee.php 第 109 行.
NOTIC: [2] mb_substr() expects at most 4 parameters, 5 given /www/users/H10044002/Application/Runtime/Cache/Home/2a94b8bda04ff446dcedd42276fc99ee.php 第 109 行.
INFO: Run Behavior\ParseTemplateBehavior [ RunTime:0.026563s ]
INFO: [ view_parse ] --END-- [ RunTime:0.026665s ]
INFO: [ view_filter ] --START--
INFO: Run Behavior\WriteHtmlCacheBehavior [ RunTime:0.000395s ]
INFO: Run Behavior\TokenBuildBehavior [ RunTime:0.000810s ]
INFO: [ view_filter ] --END-- [ RunTime:0.001348s ]
INFO: [ app_end ] --START--
INFO: Run Behavior\ShowPageTraceBehavior [ RunTime:0.000783s ]
INFO: [ app_end ] --END-- [ RunTime:0.000883s ]

[ 2016-04-19T15:58:41+08:00 ] 183.232.90.65 /
INFO: [ app_init ] --START--
INFO: Run Behavior\BuildLiteBehavior [ RunTime:0.000032s ]
INFO: [ app_init ] --END-- [ RunTime:0.000598s ]
INFO: [ app_begin ] --START--
INFO: Run Behavior\ReadHtmlCacheBehavior [ RunTime:0.000755s ]
INFO: [ app_begin ] --END-- [ RunTime:0.000871s ]
SQL: SHOW COLUMNS FROM `p_blog` [ RunTime:0.0094s ]
SQL: SELECT * FROM `p_blog` WHERE `del` = 0 ORDER BY good desc LIMIT 4   [ RunTime:0.0003s ]
SQL: SHOW COLUMNS FROM `p_blog` [ RunTime:0.0047s ]
SQL: SELECT `id`,`title`,`blogpic`,`content`,`time`,`click`,`cid`,`userid`,`saycount`,`username`,`good`,`bad` FROM `p_blog` WHERE `del` = 0 ORDER BY click desc LIMIT 3   [ RunTime:0.0192s ]
SQL: SHOW COLUMNS FROM `p_attr` [ RunTime:0.0129s ]
NOTIC: [8] Undefined index: mapping_order /www/users/H10044002/ThinkPHP/Library/Think/Model/RelationModel.class.php 第 186 行.
NOTIC: [8] Undefined index: mapping_limit /www/users/H10044002/ThinkPHP/Library/Think/Model/RelationModel.class.php 第 187 行.
SQL: SELECT b.* FROM p_blog_attr AS a, p_attr AS b WHERE a.aid = b.id AND a. bid='13' [ RunTime:0.0001s ]
SQL: SHOW COLUMNS FROM `p_cate` [ RunTime:0.0138s ]
SQL: SELECT `name` FROM `p_cate` WHERE ( 1=1 AND id='23' ) LIMIT 1   [ RunTime:0.0001s ]
NOTIC: [8] Undefined index: mapping_order /www/users/H10044002/ThinkPHP/Library/Think/Model/RelationModel.class.php 第 186 行.
NOTIC: [8] Undefined index: mapping_limit /www/users/H10044002/ThinkPHP/Library/Think/Model/RelationModel.class.php 第 187 行.
SQL: SELECT b.* FROM p_blog_attr AS a, p_attr AS b WHERE a.aid = b.id AND a. bid='1' [ RunTime:0.0001s ]
SQL: SELECT `name` FROM `p_cate` WHERE ( 1=1 AND id='23' ) LIMIT 1   [ RunTime:0.0001s ]
NOTIC: [8] Undefined index: mapping_order /www/users/H10044002/ThinkPHP/Library/Think/Model/RelationModel.class.php 第 186 行.
NOTIC: [8] Undefined index: mapping_limit /www/users/H10044002/ThinkPHP/Library/Think/Model/RelationModel.class.php 第 187 行.
SQL: SELECT b.* FROM p_blog_attr AS a, p_attr AS b WHERE a.aid = b.id AND a. bid='7' [ RunTime:0.0001s ]
SQL: SELECT `name` FROM `p_cate` WHERE ( 1=1 AND id='33' ) LIMIT 1   [ RunTime:0.0001s ]
SQL: SHOW COLUMNS FROM `p_exper` [ RunTime:0.0045s ]
SQL: SELECT * FROM `p_exper` WHERE `del` = 0 ORDER BY click desc LIMIT 3   [ RunTime:0.0117s ]
SQL: SHOW COLUMNS FROM `p_share` [ RunTime:0.0032s ]
SQL: SELECT * FROM `p_share` WHERE `sta` = 2 LIMIT 5   [ RunTime:0.0134s ]
INFO: [ view_parse ] --START--
INFO: [ template_filter ] --START--
INFO: Run Behavior\ContentReplaceBehavior [ RunTime:0.000165s ]
INFO: [ template_filter ] --END-- [ RunTime:0.000266s ]
NOTIC: [2] mb_substr() expects at most 4 parameters, 5 given /www/users/H10044002/Application/Runtime/Cache/Home/2a94b8bda04ff446dcedd42276fc99ee.php 第 109 行.
NOTIC: [2] mb_substr() expects at most 4 parameters, 5 given /www/users/H10044002/Application/Runtime/Cache/Home/2a94b8bda04ff446dcedd42276fc99ee.php 第 109 行.
NOTIC: [2] mb_substr() expects at most 4 parameters, 5 given /www/users/H10044002/Application/Runtime/Cache/Home/2a94b8bda04ff446dcedd42276fc99ee.php 第 109 行.
INFO: Run Behavior\ParseTemplateBehavior [ RunTime:0.024332s ]
INFO: [ view_parse ] --END-- [ RunTime:0.024417s ]
INFO: [ view_filter ] --START--
INFO: Run Behavior\WriteHtmlCacheBehavior [ RunTime:0.000267s ]
INFO: Run Behavior\TokenBuildBehavior [ RunTime:0.000519s ]
INFO: [ view_filter ] --END-- [ RunTime:0.000880s ]
INFO: [ app_end ] --START--
INFO: Run Behavior\ShowPageTraceBehavior [ RunTime:0.000499s ]
INFO: [ app_end ] --END-- [ RunTime:0.000566s ]

[ 2016-04-19T19:29:09+08:00 ] 14.154.253.67 /
INFO: [ app_init ] --START--
INFO: Run Behavior\BuildLiteBehavior [ RunTime:0.000035s ]
INFO: [ app_init ] --END-- [ RunTime:0.000673s ]
INFO: [ app_begin ] --START--
INFO: Run Behavior\ReadHtmlCacheBehavior [ RunTime:0.000848s ]
INFO: [ app_begin ] --END-- [ RunTime:0.000975s ]
SQL: SHOW COLUMNS FROM `p_blog` [ RunTime:0.1007s ]
SQL: SELECT * FROM `p_blog` WHERE `del` = 0 ORDER BY good desc LIMIT 4   [ RunTime:0.0028s ]
SQL: SHOW COLUMNS FROM `p_blog` [ RunTime:0.0062s ]
SQL: SELECT `id`,`title`,`blogpic`,`content`,`time`,`click`,`cid`,`userid`,`saycount`,`username`,`good`,`bad` FROM `p_blog` WHERE `del` = 0 ORDER BY click desc LIMIT 3   [ RunTime:0.0562s ]
SQL: SHOW COLUMNS FROM `p_attr` [ RunTime:0.0051s ]
NOTIC: [8] Undefined index: mapping_order /www/users/H10044002/ThinkPHP/Library/Think/Model/RelationModel.class.php 第 186 行.
NOTIC: [8] Undefined index: mapping_limit /www/users/H10044002/ThinkPHP/Library/Think/Model/RelationModel.class.php 第 187 行.
SQL: SELECT b.* FROM p_blog_attr AS a, p_attr AS b WHERE a.aid = b.id AND a. bid='13' [ RunTime:0.0173s ]
SQL: SHOW COLUMNS FROM `p_cate` [ RunTime:0.0044s ]
SQL: SELECT `name` FROM `p_cate` WHERE ( 1=1 AND id='23' ) LIMIT 1   [ RunTime:0.0416s ]
NOTIC: [8] Undefined index: mapping_order /www/users/H10044002/ThinkPHP/Library/Think/Model/RelationModel.class.php 第 186 行.
NOTIC: [8] Undefined index: mapping_limit /www/users/H10044002/ThinkPHP/Library/Think/Model/RelationModel.class.php 第 187 行.
SQL: SELECT b.* FROM p_blog_attr AS a, p_attr AS b WHERE a.aid = b.id AND a. bid='1' [ RunTime:0.0614s ]
SQL: SELECT `name` FROM `p_cate` WHERE ( 1=1 AND id='23' ) LIMIT 1   [ RunTime:0.0222s ]
NOTIC: [8] Undefined index: mapping_order /www/users/H10044002/ThinkPHP/Library/Think/Model/RelationModel.class.php 第 186 行.
NOTIC: [8] Undefined index: mapping_limit /www/users/H10044002/ThinkPHP/Library/Think/Model/RelationModel.class.php 第 187 行.
SQL: SELECT b.* FROM p_blog_attr AS a, p_attr AS b WHERE a.aid = b.id AND a. bid='7' [ RunTime:0.0006s ]
SQL: SELECT `name` FROM `p_cate` WHERE ( 1=1 AND id='33' ) LIMIT 1   [ RunTime:0.0290s ]
SQL: SHOW COLUMNS FROM `p_exper` [ RunTime:0.0444s ]
SQL: SELECT * FROM `p_exper` WHERE `del` = 0 ORDER BY click desc LIMIT 3   [ RunTime:0.0076s ]
SQL: SHOW COLUMNS FROM `p_share` [ RunTime:0.0254s ]
SQL: SELECT * FROM `p_share` WHERE `sta` = 2 LIMIT 5   [ RunTime:0.0791s ]
INFO: [ view_parse ] --START--
INFO: [ template_filter ] --START--
INFO: Run Behavior\ContentReplaceBehavior [ RunTime:0.000286s ]
INFO: [ template_filter ] --END-- [ RunTime:0.000429s ]
NOTIC: [2] mb_substr() expects at most 4 parameters, 5 given /www/users/H10044002/Application/Runtime/Cache/Home/2a94b8bda04ff446dcedd42276fc99ee.php 第 109 行.
NOTIC: [2] mb_substr() expects at most 4 parameters, 5 given /www/users/H10044002/Application/Runtime/Cache/Home/2a94b8bda04ff446dcedd42276fc99ee.php 第 109 行.
NOTIC: [2] mb_substr() expects at most 4 parameters, 5 given /www/users/H10044002/Application/Runtime/Cache/Home/2a94b8bda04ff446dcedd42276fc99ee.php 第 109 行.
INFO: Run Behavior\ParseTemplateBehavior [ RunTime:0.029777s ]
INFO: [ view_parse ] --END-- [ RunTime:0.029900s ]
INFO: [ view_filter ] --START--
INFO: Run Behavior\WriteHtmlCacheBehavior [ RunTime:0.000440s ]
INFO: Run Behavior\TokenBuildBehavior [ RunTime:0.000896s ]
INFO: [ view_filter ] --END-- [ RunTime:0.001489s ]
INFO: [ app_end ] --START--
INFO: Run Behavior\ShowPageTraceBehavior [ RunTime:0.000865s ]
INFO: [ app_end ] --END-- [ RunTime:0.000969s ]

