[ 2016-04-16T13:54:42+08:00 ] 27.19.103.246 /
INFO: [ app_init ] --START--
INFO: Run Behavior\BuildLiteBehavior [ RunTime:0.000049s ]
INFO: [ app_init ] --END-- [ RunTime:0.012787s ]
INFO: [ app_begin ] --START--
INFO: Run Behavior\ReadHtmlCacheBehavior [ RunTime:0.000869s ]
INFO: [ app_begin ] --END-- [ RunTime:0.000983s ]
SQL: SHOW COLUMNS FROM `p_blog` [ RunTime:0.0303s ]
SQL: SELECT * FROM `p_blog` WHERE `del` = 0 ORDER BY good desc LIMIT 4   [ RunTime:0.0015s ]
SQL: SHOW COLUMNS FROM `p_blog` [ RunTime:0.0034s ]
SQL: SELECT `id`,`title`,`blogpic`,`content`,`time`,`click`,`cid`,`userid`,`saycount`,`username`,`good`,`bad` FROM `p_blog` WHERE `del` = 0 ORDER BY click desc LIMIT 3   [ RunTime:0.0004s ]
SQL: SHOW COLUMNS FROM `p_attr` [ RunTime:0.0158s ]
NOTIC: [8] Undefined index: mapping_order /www/users/H10044002/ThinkPHP/Library/Think/Model/RelationModel.class.php 第 186 行.
NOTIC: [8] Undefined index: mapping_limit /www/users/H10044002/ThinkPHP/Library/Think/Model/RelationModel.class.php 第 187 行.
SQL: SELECT b.* FROM p_blog_attr AS a, p_attr AS b WHERE a.aid = b.id AND a. bid='13' [ RunTime:0.0096s ]
SQL: SHOW COLUMNS FROM `p_cate` [ RunTime:0.0188s ]
SQL: SELECT `name` FROM `p_cate` WHERE ( 1=1 AND id='23' ) LIMIT 1   [ RunTime:0.0005s ]
NOTIC: [8] Undefined index: mapping_order /www/users/H10044002/ThinkPHP/Library/Think/Model/RelationModel.class.php 第 186 行.
NOTIC: [8] Undefined index: mapping_limit /www/users/H10044002/ThinkPHP/Library/Think/Model/RelationModel.class.php 第 187 行.
SQL: SELECT b.* FROM p_blog_attr AS a, p_attr AS b WHERE a.aid = b.id AND a. bid='1' [ RunTime:0.0005s ]
SQL: SELECT `name` FROM `p_cate` WHERE ( 1=1 AND id='23' ) LIMIT 1   [ RunTime:0.0001s ]
NOTIC: [8] Undefined index: mapping_order /www/users/H10044002/ThinkPHP/Library/Think/Model/RelationModel.class.php 第 186 行.
NOTIC: [8] Undefined index: mapping_limit /www/users/H10044002/ThinkPHP/Library/Think/Model/RelationModel.class.php 第 187 行.
SQL: SELECT b.* FROM p_blog_attr AS a, p_attr AS b WHERE a.aid = b.id AND a. bid='7' [ RunTime:0.0003s ]
SQL: SELECT `name` FROM `p_cate` WHERE ( 1=1 AND id='33' ) LIMIT 1   [ RunTime:0.0047s ]
SQL: SHOW COLUMNS FROM `p_exper` [ RunTime:0.0141s ]
SQL: SELECT * FROM `p_exper` WHERE `del` = 0 ORDER BY click desc LIMIT 3   [ RunTime:0.0007s ]
SQL: SHOW COLUMNS FROM `p_share` [ RunTime:0.0216s ]
SQL: SELECT * FROM `p_share` WHERE `sta` = 2 LIMIT 5   [ RunTime:0.0004s ]
INFO: [ view_parse ] --START--
INFO: [ template_filter ] --START--
INFO: Run Behavior\ContentReplaceBehavior [ RunTime:0.000179s ]
INFO: [ template_filter ] --END-- [ RunTime:0.000280s ]
NOTIC: [2] mb_substr() expects at most 4 parameters, 5 given /www/users/H10044002/Application/Runtime/Cache/Home/2a94b8bda04ff446dcedd42276fc99ee.php 第 109 行.
NOTIC: [2] mb_substr() expects at most 4 parameters, 5 given /www/users/H10044002/Application/Runtime/Cache/Home/2a94b8bda04ff446dcedd42276fc99ee.php 第 109 行.
NOTIC: [2] mb_substr() expects at most 4 parameters, 5 given /www/users/H10044002/Application/Runtime/Cache/Home/2a94b8bda04ff446dcedd42276fc99ee.php 第 109 行.
INFO: Run Behavior\ParseTemplateBehavior [ RunTime:0.098269s ]
INFO: [ view_parse ] --END-- [ RunTime:0.098371s ]
INFO: [ view_filter ] --START--
INFO: Run Behavior\WriteHtmlCacheBehavior [ RunTime:0.000886s ]
INFO: Run Behavior\TokenBuildBehavior [ RunTime:0.000981s ]
INFO: [ view_filter ] --END-- [ RunTime:0.001966s ]
INFO: [ app_end ] --START--
INFO: Run Behavior\ShowPageTraceBehavior [ RunTime:0.000732s ]
INFO: [ app_end ] --END-- [ RunTime:0.000805s ]

[ 2016-04-16T15:33:35+08:00 ] 113.67.158.33 /
INFO: [ app_init ] --START--
INFO: Run Behavior\BuildLiteBehavior [ RunTime:0.000034s ]
INFO: [ app_init ] --END-- [ RunTime:0.000697s ]
INFO: [ app_begin ] --START--
INFO: Run Behavior\ReadHtmlCacheBehavior [ RunTime:0.000857s ]
INFO: [ app_begin ] --END-- [ RunTime:0.000985s ]
SQL: SHOW COLUMNS FROM `p_blog` [ RunTime:0.0045s ]
SQL: SELECT * FROM `p_blog` WHERE `del` = 0 ORDER BY good desc LIMIT 4   [ RunTime:0.0003s ]
SQL: SHOW COLUMNS FROM `p_blog` [ RunTime:0.0095s ]
SQL: SELECT `id`,`title`,`blogpic`,`content`,`time`,`click`,`cid`,`userid`,`saycount`,`username`,`good`,`bad` FROM `p_blog` WHERE `del` = 0 ORDER BY click desc LIMIT 3   [ RunTime:0.0002s ]
SQL: SHOW COLUMNS FROM `p_attr` [ RunTime:0.0034s ]
NOTIC: [8] Undefined index: mapping_order /www/users/H10044002/ThinkPHP/Library/Think/Model/RelationModel.class.php 第 186 行.
NOTIC: [8] Undefined index: mapping_limit /www/users/H10044002/ThinkPHP/Library/Think/Model/RelationModel.class.php 第 187 行.
SQL: SELECT b.* FROM p_blog_attr AS a, p_attr AS b WHERE a.aid = b.id AND a. bid='13' [ RunTime:0.0001s ]
SQL: SHOW COLUMNS FROM `p_cate` [ RunTime:0.0031s ]
SQL: SELECT `name` FROM `p_cate` WHERE ( 1=1 AND id='23' ) LIMIT 1   [ RunTime:0.0001s ]
NOTIC: [8] Undefined index: mapping_order /www/users/H10044002/ThinkPHP/Library/Think/Model/RelationModel.class.php 第 186 行.
NOTIC: [8] Undefined index: mapping_limit /www/users/H10044002/ThinkPHP/Library/Think/Model/RelationModel.class.php 第 187 行.
SQL: SELECT b.* FROM p_blog_attr AS a, p_attr AS b WHERE a.aid = b.id AND a. bid='1' [ RunTime:0.0001s ]
SQL: SELECT `name` FROM `p_cate` WHERE ( 1=1 AND id='23' ) LIMIT 1   [ RunTime:0.0001s ]
NOTIC: [8] Undefined index: mapping_order /www/users/H10044002/ThinkPHP/Library/Think/Model/RelationModel.class.php 第 186 行.
NOTIC: [8] Undefined index: mapping_limit /www/users/H10044002/ThinkPHP/Library/Think/Model/RelationModel.class.php 第 187 行.
SQL: SELECT b.* FROM p_blog_attr AS a, p_attr AS b WHERE a.aid = b.id AND a. bid='7' [ RunTime:0.0001s ]
SQL: SELECT `name` FROM `p_cate` WHERE ( 1=1 AND id='33' ) LIMIT 1   [ RunTime:0.0001s ]
SQL: SHOW COLUMNS FROM `p_exper` [ RunTime:0.0036s ]
SQL: SELECT * FROM `p_exper` WHERE `del` = 0 ORDER BY click desc LIMIT 3   [ RunTime:0.0001s ]
SQL: SHOW COLUMNS FROM `p_share` [ RunTime:0.0032s ]
SQL: SELECT * FROM `p_share` WHERE `sta` = 2 LIMIT 5   [ RunTime:0.0001s ]
INFO: [ view_parse ] --START--
INFO: [ template_filter ] --START--
INFO: Run Behavior\ContentReplaceBehavior [ RunTime:0.000288s ]
INFO: [ template_filter ] --END-- [ RunTime:0.000435s ]
NOTIC: [2] mb_substr() expects at most 4 parameters, 5 given /www/users/H10044002/Application/Runtime/Cache/Home/2a94b8bda04ff446dcedd42276fc99ee.php 第 109 行.
NOTIC: [2] mb_substr() expects at most 4 parameters, 5 given /www/users/H10044002/Application/Runtime/Cache/Home/2a94b8bda04ff446dcedd42276fc99ee.php 第 109 行.
NOTIC: [2] mb_substr() expects at most 4 parameters, 5 given /www/users/H10044002/Application/Runtime/Cache/Home/2a94b8bda04ff446dcedd42276fc99ee.php 第 109 行.
INFO: Run Behavior\ParseTemplateBehavior [ RunTime:0.029463s ]
INFO: [ view_parse ] --END-- [ RunTime:0.029575s ]
INFO: [ view_filter ] --START--
INFO: Run Behavior\WriteHtmlCacheBehavior [ RunTime:0.001150s ]
INFO: Run Behavior\TokenBuildBehavior [ RunTime:0.000892s ]
INFO: [ view_filter ] --END-- [ RunTime:0.002197s ]
INFO: [ app_end ] --START--
INFO: Run Behavior\ShowPageTraceBehavior [ RunTime:0.000845s ]
INFO: [ app_end ] --END-- [ RunTime:0.000948s ]

[ 2016-04-16T15:33:48+08:00 ] 113.67.158.33 /index.php/Home/Blog/index
INFO: [ app_init ] --START--
INFO: Run Behavior\BuildLiteBehavior [ RunTime:0.000034s ]
INFO: [ app_init ] --END-- [ RunTime:0.000669s ]
INFO: [ app_begin ] --START--
INFO: Run Behavior\ReadHtmlCacheBehavior [ RunTime:0.000830s ]
INFO: [ app_begin ] --END-- [ RunTime:0.000957s ]
SQL: SHOW COLUMNS FROM `p_cate` [ RunTime:0.0041s ]
SQL: SELECT * FROM `p_cate` ORDER BY sort asc  [ RunTime:0.0004s ]
INFO: [ view_parse ] --START--
INFO: [ template_filter ] --START--
INFO: Run Behavior\ContentReplaceBehavior [ RunTime:0.000117s ]
INFO: [ template_filter ] --END-- [ RunTime:0.000253s ]
NOTIC: [8] Undefined variable: blog /www/users/H10044002/Application/Runtime/Cache/Home/6d164f7c2f6ca2370f3ab6859ad5b9d7.php 第 10 行.
INFO: Run Behavior\ParseTemplateBehavior [ RunTime:0.041814s ]
INFO: [ view_parse ] --END-- [ RunTime:0.041976s ]
INFO: [ view_filter ] --START--
INFO: Run Behavior\WriteHtmlCacheBehavior [ RunTime:0.000432s ]
INFO: Run Behavior\TokenBuildBehavior [ RunTime:0.000844s ]
INFO: [ view_filter ] --END-- [ RunTime:0.001445s ]
INFO: [ app_end ] --START--
INFO: Run Behavior\ShowPageTraceBehavior [ RunTime:0.000844s ]
INFO: [ app_end ] --END-- [ RunTime:0.000952s ]

[ 2016-04-16T15:33:49+08:00 ] 113.67.158.33 /index.php/Home/Blog/clickNum
INFO: [ app_init ] --START--
INFO: Run Behavior\BuildLiteBehavior [ RunTime:0.000034s ]
INFO: [ app_init ] --END-- [ RunTime:0.000672s ]
INFO: [ app_begin ] --START--
INFO: Run Behavior\ReadHtmlCacheBehavior [ RunTime:0.000846s ]
INFO: [ app_begin ] --END-- [ RunTime:0.000980s ]
SQL: SHOW COLUMNS FROM `p_blog` [ RunTime:0.0443s ]
SQL: SELECT `click` FROM `p_blog` WHERE `id` = 0 LIMIT 1   [ RunTime:0.0004s ]
SQL: UPDATE `p_blog` SET `click`=click+1 WHERE `id` = 0 [ RunTime:0.1244s ]
INFO: [ app_end ] --START--
INFO: Run Behavior\ShowPageTraceBehavior [ RunTime:0.000928s ]
INFO: [ app_end ] --END-- [ RunTime:0.001042s ]

[ 2016-04-16T15:33:57+08:00 ] 113.67.158.33 /index.php/Home/Exper/index
INFO: [ app_init ] --START--
INFO: Run Behavior\BuildLiteBehavior [ RunTime:0.000033s ]
INFO: [ app_init ] --END-- [ RunTime:0.000712s ]
INFO: [ app_begin ] --START--
INFO: Run Behavior\ReadHtmlCacheBehavior [ RunTime:0.000852s ]
INFO: [ app_begin ] --END-- [ RunTime:0.000984s ]
SQL: SHOW COLUMNS FROM `p_exper` [ RunTime:0.0140s ]
SQL: SELECT * FROM `p_exper` WHERE `del` = 0  [ RunTime:0.0005s ]
INFO: [ view_parse ] --START--
INFO: [ template_filter ] --START--
INFO: Run Behavior\ContentReplaceBehavior [ RunTime:0.000183s ]
INFO: [ template_filter ] --END-- [ RunTime:0.000328s ]
NOTIC: [8] Undefined index: id /www/users/H10044002/Application/Runtime/Cache/Home/f7c41315f37948de092bd72800eaef1d.php 第 28 行.
INFO: Run Behavior\ParseTemplateBehavior [ RunTime:0.051948s ]
INFO: [ view_parse ] --END-- [ RunTime:0.052144s ]
INFO: [ view_filter ] --START--
INFO: Run Behavior\WriteHtmlCacheBehavior [ RunTime:0.000456s ]
INFO: Run Behavior\TokenBuildBehavior [ RunTime:0.000969s ]
INFO: [ view_filter ] --END-- [ RunTime:0.001607s ]
INFO: [ app_end ] --START--
INFO: Run Behavior\ShowPageTraceBehavior [ RunTime:0.000878s ]
INFO: [ app_end ] --END-- [ RunTime:0.000992s ]

[ 2016-04-16T15:33:57+08:00 ] 113.67.158.33 /index.php/Home/Exper/clickNum
INFO: [ app_init ] --START--
INFO: Run Behavior\BuildLiteBehavior [ RunTime:0.000033s ]
INFO: [ app_init ] --END-- [ RunTime:0.000681s ]
INFO: [ app_begin ] --START--
INFO: Run Behavior\ReadHtmlCacheBehavior [ RunTime:0.000861s ]
INFO: [ app_begin ] --END-- [ RunTime:0.000996s ]
SQL: SHOW COLUMNS FROM `p_exper` [ RunTime:0.0070s ]
SQL: SELECT `click` FROM `p_exper` WHERE `id` = 0 LIMIT 1   [ RunTime:0.0002s ]
SQL: UPDATE `p_exper` SET `click`=click+1 WHERE `id` = 0 [ RunTime:0.0061s ]
INFO: [ app_end ] --START--
INFO: Run Behavior\ShowPageTraceBehavior [ RunTime:0.000604s ]
INFO: [ app_end ] --END-- [ RunTime:0.000677s ]

[ 2016-04-16T15:34:05+08:00 ] 113.67.158.33 /index.php/Home/Exper/index
INFO: [ app_init ] --START--
INFO: Run Behavior\BuildLiteBehavior [ RunTime:0.000034s ]
INFO: [ app_init ] --END-- [ RunTime:0.000692s ]
INFO: [ app_begin ] --START--
INFO: Run Behavior\ReadHtmlCacheBehavior [ RunTime:0.000851s ]
INFO: [ app_begin ] --END-- [ RunTime:0.000982s ]
SQL: SHOW COLUMNS FROM `p_exper` [ RunTime:0.0046s ]
SQL: SELECT * FROM `p_exper` WHERE `del` = 0  [ RunTime:0.0002s ]
INFO: [ view_parse ] --START--
INFO: [ template_filter ] --START--
INFO: Run Behavior\ContentReplaceBehavior [ RunTime:0.000172s ]
INFO: [ template_filter ] --END-- [ RunTime:0.000286s ]
NOTIC: [8] Undefined index: id /www/users/H10044002/Application/Runtime/Cache/Home/f7c41315f37948de092bd72800eaef1d.php 第 28 行.
INFO: Run Behavior\ParseTemplateBehavior [ RunTime:0.020353s ]
INFO: [ view_parse ] --END-- [ RunTime:0.020482s ]
INFO: [ view_filter ] --START--
INFO: Run Behavior\WriteHtmlCacheBehavior [ RunTime:0.000405s ]
INFO: Run Behavior\TokenBuildBehavior [ RunTime:0.000916s ]
INFO: [ view_filter ] --END-- [ RunTime:0.001482s ]
INFO: [ app_end ] --START--
INFO: Run Behavior\ShowPageTraceBehavior [ RunTime:0.000805s ]
INFO: [ app_end ] --END-- [ RunTime:0.000923s ]

[ 2016-04-16T15:34:05+08:00 ] 113.67.158.33 /index.php/Home/Exper/clickNum
INFO: [ app_init ] --START--
INFO: Run Behavior\BuildLiteBehavior [ RunTime:0.000031s ]
INFO: [ app_init ] --END-- [ RunTime:0.000682s ]
INFO: [ app_begin ] --START--
INFO: Run Behavior\ReadHtmlCacheBehavior [ RunTime:0.000827s ]
INFO: [ app_begin ] --END-- [ RunTime:0.000955s ]
SQL: SHOW COLUMNS FROM `p_exper` [ RunTime:0.0046s ]
SQL: SELECT `click` FROM `p_exper` WHERE `id` = 0 LIMIT 1   [ RunTime:0.0012s ]
SQL: UPDATE `p_exper` SET `click`=click+1 WHERE `id` = 0 [ RunTime:0.0002s ]
INFO: [ app_end ] --START--
INFO: Run Behavior\ShowPageTraceBehavior [ RunTime:0.000929s ]
INFO: [ app_end ] --END-- [ RunTime:0.001040s ]

[ 2016-04-16T15:34:07+08:00 ] 113.67.158.33 /index.php/Home/Share/index
INFO: [ app_init ] --START--
INFO: Run Behavior\BuildLiteBehavior [ RunTime:0.000034s ]
INFO: [ app_init ] --END-- [ RunTime:0.000722s ]
INFO: [ app_begin ] --START--
INFO: Run Behavior\ReadHtmlCacheBehavior [ RunTime:0.000856s ]
INFO: [ app_begin ] --END-- [ RunTime:0.000989s ]
SQL: SHOW COLUMNS FROM `p_share` [ RunTime:0.0055s ]
SQL: SELECT * FROM `p_share` WHERE `sta` = 2 LIMIT 6   [ RunTime:0.0016s ]
SQL: SELECT * FROM `p_share` WHERE `sta` = 1 LIMIT 6   [ RunTime:0.0005s ]
SQL: SELECT * FROM `p_share` WHERE `sta` = 3 LIMIT 6   [ RunTime:0.0059s ]
INFO: [ view_parse ] --START--
INFO: [ template_filter ] --START--
INFO: Run Behavior\ContentReplaceBehavior [ RunTime:0.000142s ]
INFO: [ template_filter ] --END-- [ RunTime:0.000286s ]
INFO: Run Behavior\ParseTemplateBehavior [ RunTime:0.029986s ]
INFO: [ view_parse ] --END-- [ RunTime:0.030126s ]
INFO: [ view_filter ] --START--
INFO: Run Behavior\WriteHtmlCacheBehavior [ RunTime:0.000446s ]
INFO: Run Behavior\TokenBuildBehavior [ RunTime:0.000778s ]
INFO: [ view_filter ] --END-- [ RunTime:0.001420s ]
INFO: [ app_end ] --START--
INFO: Run Behavior\ShowPageTraceBehavior [ RunTime:0.000879s ]
INFO: [ app_end ] --END-- [ RunTime:0.000989s ]

[ 2016-04-16T15:34:12+08:00 ] 113.67.158.33 /index.php/Home/share/learnbook
INFO: [ app_init ] --START--
INFO: Run Behavior\BuildLiteBehavior [ RunTime:0.000034s ]
INFO: [ app_init ] --END-- [ RunTime:0.000826s ]
INFO: [ app_begin ] --START--
INFO: Run Behavior\ReadHtmlCacheBehavior [ RunTime:0.000984s ]
INFO: [ app_begin ] --END-- [ RunTime:0.001170s ]
SQL: SHOW COLUMNS FROM `p_share` [ RunTime:0.0043s ]
SQL: SELECT * FROM `p_share` WHERE `sta` = 3  [ RunTime:0.0012s ]
SQL: SHOW COLUMNS FROM `p_user` [ RunTime:0.6932s ]
NOTIC: [8] Undefined variable: where /www/users/H10044002/Application/Home/Controller/ShareController.class.php 第 148 行.
SQL: SELECT `avater_path` FROM `p_user` LIMIT 1   [ RunTime:0.0031s ]
SQL: SELECT * FROM `p_share` WHERE `userid` = null AND `sta` = 3  [ RunTime:0.0005s ]
INFO: [ view_parse ] --START--
INFO: [ template_filter ] --START--
INFO: Run Behavior\ContentReplaceBehavior [ RunTime:0.000239s ]
INFO: [ template_filter ] --END-- [ RunTime:0.000442s ]
NOTIC: [8] Use of undefined constant avater_path - assumed 'avater_path' /www/users/H10044002/Application/Runtime/Cache/Home/88d346343d07b1918f20352963048876.php 第 62 行.
INFO: Run Behavior\ParseTemplateBehavior [ RunTime:0.031753s ]
INFO: [ view_parse ] --END-- [ RunTime:0.031878s ]
INFO: [ view_filter ] --START--
INFO: Run Behavior\WriteHtmlCacheBehavior [ RunTime:0.000667s ]
INFO: Run Behavior\TokenBuildBehavior [ RunTime:0.001148s ]
INFO: [ view_filter ] --END-- [ RunTime:0.002077s ]
INFO: [ app_end ] --START--
INFO: Run Behavior\ShowPageTraceBehavior [ RunTime:0.001096s ]
INFO: [ app_end ] --END-- [ RunTime:0.001244s ]

[ 2016-04-16T17:21:29+08:00 ] 113.57.179.1 /
INFO: [ app_init ] --START--
INFO: Run Behavior\BuildLiteBehavior [ RunTime:0.000031s ]
INFO: [ app_init ] --END-- [ RunTime:0.000678s ]
INFO: [ app_begin ] --START--
INFO: Run Behavior\ReadHtmlCacheBehavior [ RunTime:0.000826s ]
INFO: [ app_begin ] --END-- [ RunTime:0.000955s ]
SQL: SHOW COLUMNS FROM `p_blog` [ RunTime:0.0043s ]
SQL: SELECT * FROM `p_blog` WHERE `del` = 0 ORDER BY good desc LIMIT 4   [ RunTime:0.0003s ]
SQL: SHOW COLUMNS FROM `p_blog` [ RunTime:0.0032s ]
SQL: SELECT `id`,`title`,`blogpic`,`content`,`time`,`click`,`cid`,`userid`,`saycount`,`username`,`good`,`bad` FROM `p_blog` WHERE `del` = 0 ORDER BY click desc LIMIT 3   [ RunTime:0.0003s ]
SQL: SHOW COLUMNS FROM `p_attr` [ RunTime:0.0027s ]
NOTIC: [8] Undefined index: mapping_order /www/users/H10044002/ThinkPHP/Library/Think/Model/RelationModel.class.php 第 186 行.
NOTIC: [8] Undefined index: mapping_limit /www/users/H10044002/ThinkPHP/Library/Think/Model/RelationModel.class.php 第 187 行.
SQL: SELECT b.* FROM p_blog_attr AS a, p_attr AS b WHERE a.aid = b.id AND a. bid='13' [ RunTime:0.0002s ]
SQL: SHOW COLUMNS FROM `p_cate` [ RunTime:0.0027s ]
SQL: SELECT `name` FROM `p_cate` WHERE ( 1=1 AND id='23' ) LIMIT 1   [ RunTime:0.0001s ]
NOTIC: [8] Undefined index: mapping_order /www/users/H10044002/ThinkPHP/Library/Think/Model/RelationModel.class.php 第 186 行.
NOTIC: [8] Undefined index: mapping_limit /www/users/H10044002/ThinkPHP/Library/Think/Model/RelationModel.class.php 第 187 行.
SQL: SELECT b.* FROM p_blog_attr AS a, p_attr AS b WHERE a.aid = b.id AND a. bid='1' [ RunTime:0.0002s ]
SQL: SELECT `name` FROM `p_cate` WHERE ( 1=1 AND id='23' ) LIMIT 1   [ RunTime:0.0002s ]
NOTIC: [8] Undefined index: mapping_order /www/users/H10044002/ThinkPHP/Library/Think/Model/RelationModel.class.php 第 186 行.
NOTIC: [8] Undefined index: mapping_limit /www/users/H10044002/ThinkPHP/Library/Think/Model/RelationModel.class.php 第 187 行.
SQL: SELECT b.* FROM p_blog_attr AS a, p_attr AS b WHERE a.aid = b.id AND a. bid='7' [ RunTime:0.0002s ]
SQL: SELECT `name` FROM `p_cate` WHERE ( 1=1 AND id='33' ) LIMIT 1   [ RunTime:0.0002s ]
SQL: SHOW COLUMNS FROM `p_exper` [ RunTime:0.0033s ]
SQL: SELECT * FROM `p_exper` WHERE `del` = 0 ORDER BY click desc LIMIT 3   [ RunTime:0.0003s ]
SQL: SHOW COLUMNS FROM `p_share` [ RunTime:0.0030s ]
SQL: SELECT * FROM `p_share` WHERE `sta` = 2 LIMIT 5   [ RunTime:0.0001s ]
INFO: [ view_parse ] --START--
INFO: [ template_filter ] --START--
INFO: Run Behavior\ContentReplaceBehavior [ RunTime:0.000283s ]
INFO: [ template_filter ] --END-- [ RunTime:0.000399s ]
NOTIC: [2] mb_substr() expects at most 4 parameters, 5 given /www/users/H10044002/Application/Runtime/Cache/Home/2a94b8bda04ff446dcedd42276fc99ee.php 第 109 行.
NOTIC: [2] mb_substr() expects at most 4 parameters, 5 given /www/users/H10044002/Application/Runtime/Cache/Home/2a94b8bda04ff446dcedd42276fc99ee.php 第 109 行.
NOTIC: [2] mb_substr() expects at most 4 parameters, 5 given /www/users/H10044002/Application/Runtime/Cache/Home/2a94b8bda04ff446dcedd42276fc99ee.php 第 109 行.
INFO: Run Behavior\ParseTemplateBehavior [ RunTime:0.029063s ]
INFO: [ view_parse ] --END-- [ RunTime:0.029175s ]
INFO: [ view_filter ] --START--
INFO: Run Behavior\WriteHtmlCacheBehavior [ RunTime:0.000421s ]
INFO: Run Behavior\TokenBuildBehavior [ RunTime:0.000883s ]
INFO: [ view_filter ] --END-- [ RunTime:0.001463s ]
INFO: [ app_end ] --START--
INFO: Run Behavior\ShowPageTraceBehavior [ RunTime:0.000828s ]
INFO: [ app_end ] --END-- [ RunTime:0.000933s ]

[ 2016-04-16T17:22:03+08:00 ] 113.57.179.1 /index.php/Home/Index/index
INFO: [ app_init ] --START--
INFO: Run Behavior\BuildLiteBehavior [ RunTime:0.000035s ]
INFO: [ app_init ] --END-- [ RunTime:0.000702s ]
INFO: [ app_begin ] --START--
INFO: Run Behavior\ReadHtmlCacheBehavior [ RunTime:0.000854s ]
INFO: [ app_begin ] --END-- [ RunTime:0.000982s ]
SQL: SHOW COLUMNS FROM `p_blog` [ RunTime:0.0045s ]
SQL: SELECT * FROM `p_blog` WHERE `del` = 0 ORDER BY good desc LIMIT 4   [ RunTime:0.0003s ]
SQL: SHOW COLUMNS FROM `p_blog` [ RunTime:0.0045s ]
SQL: SELECT `id`,`title`,`blogpic`,`content`,`time`,`click`,`cid`,`userid`,`saycount`,`username`,`good`,`bad` FROM `p_blog` WHERE `del` = 0 ORDER BY click desc LIMIT 3   [ RunTime:0.0002s ]
SQL: SHOW COLUMNS FROM `p_attr` [ RunTime:0.0034s ]
NOTIC: [8] Undefined index: mapping_order /www/users/H10044002/ThinkPHP/Library/Think/Model/RelationModel.class.php 第 186 行.
NOTIC: [8] Undefined index: mapping_limit /www/users/H10044002/ThinkPHP/Library/Think/Model/RelationModel.class.php 第 187 行.
SQL: SELECT b.* FROM p_blog_attr AS a, p_attr AS b WHERE a.aid = b.id AND a. bid='13' [ RunTime:0.0010s ]
SQL: SHOW COLUMNS FROM `p_cate` [ RunTime:0.0035s ]
SQL: SELECT `name` FROM `p_cate` WHERE ( 1=1 AND id='23' ) LIMIT 1   [ RunTime:0.0003s ]
NOTIC: [8] Undefined index: mapping_order /www/users/H10044002/ThinkPHP/Library/Think/Model/RelationModel.class.php 第 186 行.
NOTIC: [8] Undefined index: mapping_limit /www/users/H10044002/ThinkPHP/Library/Think/Model/RelationModel.class.php 第 187 行.
SQL: SELECT b.* FROM p_blog_attr AS a, p_attr AS b WHERE a.aid = b.id AND a. bid='1' [ RunTime:0.0002s ]
SQL: SELECT `name` FROM `p_cate` WHERE ( 1=1 AND id='23' ) LIMIT 1   [ RunTime:0.0002s ]
NOTIC: [8] Undefined index: mapping_order /www/users/H10044002/ThinkPHP/Library/Think/Model/RelationModel.class.php 第 186 行.
NOTIC: [8] Undefined index: mapping_limit /www/users/H10044002/ThinkPHP/Library/Think/Model/RelationModel.class.php 第 187 行.
SQL: SELECT b.* FROM p_blog_attr AS a, p_attr AS b WHERE a.aid = b.id AND a. bid='7' [ RunTime:0.0002s ]
SQL: SELECT `name` FROM `p_cate` WHERE ( 1=1 AND id='33' ) LIMIT 1   [ RunTime:0.0001s ]
SQL: SHOW COLUMNS FROM `p_exper` [ RunTime:0.0034s ]
SQL: SELECT * FROM `p_exper` WHERE `del` = 0 ORDER BY click desc LIMIT 3   [ RunTime:0.0002s ]
SQL: SHOW COLUMNS FROM `p_share` [ RunTime:0.0029s ]
SQL: SELECT * FROM `p_share` WHERE `sta` = 2 LIMIT 5   [ RunTime:0.0001s ]
INFO: [ view_parse ] --START--
INFO: [ template_filter ] --START--
INFO: Run Behavior\ContentReplaceBehavior [ RunTime:0.000286s ]
INFO: [ template_filter ] --END-- [ RunTime:0.000412s ]
NOTIC: [2] mb_substr() expects at most 4 parameters, 5 given /www/users/H10044002/Application/Runtime/Cache/Home/2a94b8bda04ff446dcedd42276fc99ee.php 第 109 行.
NOTIC: [2] mb_substr() expects at most 4 parameters, 5 given /www/users/H10044002/Application/Runtime/Cache/Home/2a94b8bda04ff446dcedd42276fc99ee.php 第 109 行.
NOTIC: [2] mb_substr() expects at most 4 parameters, 5 given /www/users/H10044002/Application/Runtime/Cache/Home/2a94b8bda04ff446dcedd42276fc99ee.php 第 109 行.
INFO: Run Behavior\ParseTemplateBehavior [ RunTime:0.029081s ]
INFO: [ view_parse ] --END-- [ RunTime:0.029191s ]
INFO: [ view_filter ] --START--
INFO: Run Behavior\WriteHtmlCacheBehavior [ RunTime:0.000430s ]
INFO: Run Behavior\TokenBuildBehavior [ RunTime:0.000901s ]
INFO: [ view_filter ] --END-- [ RunTime:0.001484s ]
INFO: [ app_end ] --START--
INFO: Run Behavior\ShowPageTraceBehavior [ RunTime:0.000871s ]
INFO: [ app_end ] --END-- [ RunTime:0.000994s ]

[ 2016-04-16T17:22:05+08:00 ] 113.57.179.1 /index.php/Home/Blog/index
INFO: [ app_init ] --START--
INFO: Run Behavior\BuildLiteBehavior [ RunTime:0.000036s ]
INFO: [ app_init ] --END-- [ RunTime:0.000727s ]
INFO: [ app_begin ] --START--
INFO: Run Behavior\ReadHtmlCacheBehavior [ RunTime:0.000871s ]
INFO: [ app_begin ] --END-- [ RunTime:0.001003s ]
SQL: SHOW COLUMNS FROM `p_cate` [ RunTime:0.0088s ]
SQL: SELECT * FROM `p_cate` ORDER BY sort asc  [ RunTime:0.0002s ]
INFO: [ view_parse ] --START--
INFO: [ template_filter ] --START--
INFO: Run Behavior\ContentReplaceBehavior [ RunTime:0.000119s ]
INFO: [ template_filter ] --END-- [ RunTime:0.000254s ]
NOTIC: [8] Undefined variable: blog /www/users/H10044002/Application/Runtime/Cache/Home/6d164f7c2f6ca2370f3ab6859ad5b9d7.php 第 10 行.
INFO: Run Behavior\ParseTemplateBehavior [ RunTime:0.019093s ]
INFO: [ view_parse ] --END-- [ RunTime:0.019228s ]
INFO: [ view_filter ] --START--
INFO: Run Behavior\WriteHtmlCacheBehavior [ RunTime:0.000433s ]
INFO: Run Behavior\TokenBuildBehavior [ RunTime:0.000829s ]
INFO: [ view_filter ] --END-- [ RunTime:0.001431s ]
INFO: [ app_end ] --START--
INFO: Run Behavior\ShowPageTraceBehavior [ RunTime:0.000849s ]
INFO: [ app_end ] --END-- [ RunTime:0.000969s ]

[ 2016-04-16T17:22:05+08:00 ] 113.57.179.1 /index.php/Home/Blog/clickNum
INFO: [ app_init ] --START--
INFO: Run Behavior\BuildLiteBehavior [ RunTime:0.000023s ]
INFO: [ app_init ] --END-- [ RunTime:0.000424s ]
INFO: [ app_begin ] --START--
INFO: Run Behavior\ReadHtmlCacheBehavior [ RunTime:0.000588s ]
INFO: [ app_begin ] --END-- [ RunTime:0.000676s ]
SQL: SHOW COLUMNS FROM `p_blog` [ RunTime:0.0072s ]
SQL: SELECT `click` FROM `p_blog` WHERE `id` = 0 LIMIT 1   [ RunTime:0.0066s ]
SQL: UPDATE `p_blog` SET `click`=click+1 WHERE `id` = 0 [ RunTime:0.0003s ]
INFO: [ app_end ] --START--
INFO: Run Behavior\ShowPageTraceBehavior [ RunTime:0.001140s ]
INFO: [ app_end ] --END-- [ RunTime:0.001226s ]

[ 2016-04-16T17:22:17+08:00 ] 113.57.179.1 /index.php/Home/Share/index
INFO: [ app_init ] --START--
INFO: Run Behavior\BuildLiteBehavior [ RunTime:0.000033s ]
INFO: [ app_init ] --END-- [ RunTime:0.000672s ]
INFO: [ app_begin ] --START--
INFO: Run Behavior\ReadHtmlCacheBehavior [ RunTime:0.000836s ]
INFO: [ app_begin ] --END-- [ RunTime:0.000970s ]
SQL: SHOW COLUMNS FROM `p_share` [ RunTime:0.0043s ]
SQL: SELECT * FROM `p_share` WHERE `sta` = 2 LIMIT 6   [ RunTime:0.0002s ]
SQL: SELECT * FROM `p_share` WHERE `sta` = 1 LIMIT 6   [ RunTime:0.0001s ]
SQL: SELECT * FROM `p_share` WHERE `sta` = 3 LIMIT 6   [ RunTime:0.0001s ]
INFO: [ view_parse ] --START--
INFO: [ template_filter ] --START--
INFO: Run Behavior\ContentReplaceBehavior [ RunTime:0.000128s ]
INFO: [ template_filter ] --END-- [ RunTime:0.000241s ]
INFO: Run Behavior\ParseTemplateBehavior [ RunTime:0.020482s ]
INFO: [ view_parse ] --END-- [ RunTime:0.020601s ]
INFO: [ view_filter ] --START--
INFO: Run Behavior\WriteHtmlCacheBehavior [ RunTime:0.000415s ]
INFO: Run Behavior\TokenBuildBehavior [ RunTime:0.000733s ]
INFO: [ view_filter ] --END-- [ RunTime:0.001307s ]
INFO: [ app_end ] --START--
INFO: Run Behavior\ShowPageTraceBehavior [ RunTime:0.000801s ]
INFO: [ app_end ] --END-- [ RunTime:0.000911s ]

[ 2016-04-16T17:22:22+08:00 ] 113.57.179.1 /index.php/Home/share/learnbook
INFO: [ app_init ] --START--
INFO: Run Behavior\BuildLiteBehavior [ RunTime:0.000036s ]
INFO: [ app_init ] --END-- [ RunTime:0.000684s ]
INFO: [ app_begin ] --START--
INFO: Run Behavior\ReadHtmlCacheBehavior [ RunTime:0.000849s ]
INFO: [ app_begin ] --END-- [ RunTime:0.000984s ]
SQL: SHOW COLUMNS FROM `p_share` [ RunTime:0.0041s ]
SQL: SELECT * FROM `p_share` WHERE `sta` = 3  [ RunTime:0.0001s ]
SQL: SHOW COLUMNS FROM `p_user` [ RunTime:0.0032s ]
NOTIC: [8] Undefined variable: where /www/users/H10044002/Application/Home/Controller/ShareController.class.php 第 148 行.
SQL: SELECT `avater_path` FROM `p_user` LIMIT 1   [ RunTime:0.0002s ]
SQL: SELECT * FROM `p_share` WHERE `userid` = null AND `sta` = 3  [ RunTime:0.0001s ]
INFO: [ view_parse ] --START--
INFO: [ template_filter ] --START--
INFO: Run Behavior\ContentReplaceBehavior [ RunTime:0.000150s ]
INFO: [ template_filter ] --END-- [ RunTime:0.000267s ]
NOTIC: [8] Use of undefined constant avater_path - assumed 'avater_path' /www/users/H10044002/Application/Runtime/Cache/Home/88d346343d07b1918f20352963048876.php 第 62 行.
INFO: Run Behavior\ParseTemplateBehavior [ RunTime:0.019615s ]
INFO: [ view_parse ] --END-- [ RunTime:0.019734s ]
INFO: [ view_filter ] --START--
INFO: Run Behavior\WriteHtmlCacheBehavior [ RunTime:0.000415s ]
INFO: Run Behavior\TokenBuildBehavior [ RunTime:0.000812s ]
INFO: [ view_filter ] --END-- [ RunTime:0.001391s ]
INFO: [ app_end ] --START--
INFO: Run Behavior\ShowPageTraceBehavior [ RunTime:0.000814s ]
INFO: [ app_end ] --END-- [ RunTime:0.000923s ]

[ 2016-04-16T17:22:30+08:00 ] 113.57.179.1 /index.php/Home/Share/index
INFO: [ app_init ] --START--
INFO: Run Behavior\BuildLiteBehavior [ RunTime:0.000033s ]
INFO: [ app_init ] --END-- [ RunTime:0.000663s ]
INFO: [ app_begin ] --START--
INFO: Run Behavior\ReadHtmlCacheBehavior [ RunTime:0.000851s ]
INFO: [ app_begin ] --END-- [ RunTime:0.000997s ]
SQL: SHOW COLUMNS FROM `p_share` [ RunTime:0.0043s ]
SQL: SELECT * FROM `p_share` WHERE `sta` = 2 LIMIT 6   [ RunTime:0.0002s ]
SQL: SELECT * FROM `p_share` WHERE `sta` = 1 LIMIT 6   [ RunTime:0.0001s ]
SQL: SELECT * FROM `p_share` WHERE `sta` = 3 LIMIT 6   [ RunTime:0.0001s ]
INFO: [ view_parse ] --START--
INFO: [ template_filter ] --START--
INFO: Run Behavior\ContentReplaceBehavior [ RunTime:0.000129s ]
INFO: [ template_filter ] --END-- [ RunTime:0.000250s ]
INFO: Run Behavior\ParseTemplateBehavior [ RunTime:0.020714s ]
INFO: [ view_parse ] --END-- [ RunTime:0.020826s ]
INFO: [ view_filter ] --START--
INFO: Run Behavior\WriteHtmlCacheBehavior [ RunTime:0.000414s ]
INFO: Run Behavior\TokenBuildBehavior [ RunTime:0.000741s ]
INFO: [ view_filter ] --END-- [ RunTime:0.001315s ]
INFO: [ app_end ] --START--
INFO: Run Behavior\ShowPageTraceBehavior [ RunTime:0.000819s ]
INFO: [ app_end ] --END-- [ RunTime:0.000927s ]

[ 2016-04-16T17:22:32+08:00 ] 113.57.179.1 /index.php/Home/User/login
INFO: [ app_init ] --START--
INFO: Run Behavior\BuildLiteBehavior [ RunTime:0.000033s ]
INFO: [ app_init ] --END-- [ RunTime:0.000670s ]
INFO: [ app_begin ] --START--
INFO: Run Behavior\ReadHtmlCacheBehavior [ RunTime:0.000844s ]
INFO: [ app_begin ] --END-- [ RunTime:0.000972s ]
INFO: [ view_parse ] --START--
INFO: [ template_filter ] --START--
INFO: Run Behavior\ContentReplaceBehavior [ RunTime:0.000144s ]
INFO: [ template_filter ] --END-- [ RunTime:0.000283s ]
INFO: Run Behavior\ParseTemplateBehavior [ RunTime:0.031181s ]
INFO: [ view_parse ] --END-- [ RunTime:0.031324s ]
INFO: [ view_filter ] --START--
INFO: Run Behavior\WriteHtmlCacheBehavior [ RunTime:0.000439s ]
INFO: Run Behavior\TokenBuildBehavior [ RunTime:0.000789s ]
INFO: [ view_filter ] --END-- [ RunTime:0.001411s ]
INFO: [ app_end ] --START--
INFO: Run Behavior\ShowPageTraceBehavior [ RunTime:0.000851s ]
INFO: [ app_end ] --END-- [ RunTime:0.000960s ]

[ 2016-04-16T22:53:19+08:00 ] 183.24.97.164 /
INFO: [ app_init ] --START--
INFO: Run Behavior\BuildLiteBehavior [ RunTime:0.000034s ]
INFO: [ app_init ] --END-- [ RunTime:0.000671s ]
INFO: [ app_begin ] --START--
INFO: Run Behavior\ReadHtmlCacheBehavior [ RunTime:0.000835s ]
INFO: [ app_begin ] --END-- [ RunTime:0.000966s ]
SQL: SHOW COLUMNS FROM `p_blog` [ RunTime:0.0062s ]
SQL: SELECT * FROM `p_blog` WHERE `del` = 0 ORDER BY good desc LIMIT 4   [ RunTime:0.0063s ]
SQL: SHOW COLUMNS FROM `p_blog` [ RunTime:0.0056s ]
SQL: SELECT `id`,`title`,`blogpic`,`content`,`time`,`click`,`cid`,`userid`,`saycount`,`username`,`good`,`bad` FROM `p_blog` WHERE `del` = 0 ORDER BY click desc LIMIT 3   [ RunTime:0.0042s ]
SQL: SHOW COLUMNS FROM `p_attr` [ RunTime:0.0059s ]
NOTIC: [8] Undefined index: mapping_order /www/users/H10044002/ThinkPHP/Library/Think/Model/RelationModel.class.php 第 186 行.
NOTIC: [8] Undefined index: mapping_limit /www/users/H10044002/ThinkPHP/Library/Think/Model/RelationModel.class.php 第 187 行.
SQL: SELECT b.* FROM p_blog_attr AS a, p_attr AS b WHERE a.aid = b.id AND a. bid='13' [ RunTime:0.0010s ]
SQL: SHOW COLUMNS FROM `p_cate` [ RunTime:0.0049s ]
SQL: SELECT `name` FROM `p_cate` WHERE ( 1=1 AND id='23' ) LIMIT 1   [ RunTime:0.0004s ]
NOTIC: [8] Undefined index: mapping_order /www/users/H10044002/ThinkPHP/Library/Think/Model/RelationModel.class.php 第 186 行.
NOTIC: [8] Undefined index: mapping_limit /www/users/H10044002/ThinkPHP/Library/Think/Model/RelationModel.class.php 第 187 行.
SQL: SELECT b.* FROM p_blog_attr AS a, p_attr AS b WHERE a.aid = b.id AND a. bid='1' [ RunTime:0.0003s ]
SQL: SELECT `name` FROM `p_cate` WHERE ( 1=1 AND id='23' ) LIMIT 1   [ RunTime:0.0001s ]
NOTIC: [8] Undefined index: mapping_order /www/users/H10044002/ThinkPHP/Library/Think/Model/RelationModel.class.php 第 186 行.
NOTIC: [8] Undefined index: mapping_limit /www/users/H10044002/ThinkPHP/Library/Think/Model/RelationModel.class.php 第 187 行.
SQL: SELECT b.* FROM p_blog_attr AS a, p_attr AS b WHERE a.aid = b.id AND a. bid='7' [ RunTime:0.0004s ]
SQL: SELECT `name` FROM `p_cate` WHERE ( 1=1 AND id='33' ) LIMIT 1   [ RunTime:0.0003s ]
SQL: SHOW COLUMNS FROM `p_exper` [ RunTime:0.0057s ]
SQL: SELECT * FROM `p_exper` WHERE `del` = 0 ORDER BY click desc LIMIT 3   [ RunTime:0.0004s ]
SQL: SHOW COLUMNS FROM `p_share` [ RunTime:0.0034s ]
SQL: SELECT * FROM `p_share` WHERE `sta` = 2 LIMIT 5   [ RunTime:0.0007s ]
INFO: [ view_parse ] --START--
INFO: [ template_filter ] --START--
INFO: Run Behavior\ContentReplaceBehavior [ RunTime:0.000288s ]
INFO: [ template_filter ] --END-- [ RunTime:0.000428s ]
NOTIC: [2] mb_substr() expects at most 4 parameters, 5 given /www/users/H10044002/Application/Runtime/Cache/Home/2a94b8bda04ff446dcedd42276fc99ee.php 第 109 行.
NOTIC: [2] mb_substr() expects at most 4 parameters, 5 given /www/users/H10044002/Application/Runtime/Cache/Home/2a94b8bda04ff446dcedd42276fc99ee.php 第 109 行.
NOTIC: [2] mb_substr() expects at most 4 parameters, 5 given /www/users/H10044002/Application/Runtime/Cache/Home/2a94b8bda04ff446dcedd42276fc99ee.php 第 109 行.
INFO: Run Behavior\ParseTemplateBehavior [ RunTime:0.029270s ]
INFO: [ view_parse ] --END-- [ RunTime:0.029389s ]
INFO: [ view_filter ] --START--
INFO: Run Behavior\WriteHtmlCacheBehavior [ RunTime:0.000438s ]
INFO: Run Behavior\TokenBuildBehavior [ RunTime:0.000897s ]
INFO: [ view_filter ] --END-- [ RunTime:0.001490s ]
INFO: [ app_end ] --START--
INFO: Run Behavior\ShowPageTraceBehavior [ RunTime:0.000858s ]
INFO: [ app_end ] --END-- [ RunTime:0.000974s ]

[ 2016-04-16T22:53:27+08:00 ] 183.24.97.164 /
INFO: [ app_init ] --START--
INFO: Run Behavior\BuildLiteBehavior [ RunTime:0.000035s ]
INFO: [ app_init ] --END-- [ RunTime:0.000691s ]
INFO: [ app_begin ] --START--
INFO: Run Behavior\ReadHtmlCacheBehavior [ RunTime:0.000833s ]
INFO: [ app_begin ] --END-- [ RunTime:0.000967s ]
SQL: SHOW COLUMNS FROM `p_blog` [ RunTime:0.0044s ]
SQL: SELECT * FROM `p_blog` WHERE `del` = 0 ORDER BY good desc LIMIT 4   [ RunTime:0.0003s ]
SQL: SHOW COLUMNS FROM `p_blog` [ RunTime:0.0038s ]
SQL: SELECT `id`,`title`,`blogpic`,`content`,`time`,`click`,`cid`,`userid`,`saycount`,`username`,`good`,`bad` FROM `p_blog` WHERE `del` = 0 ORDER BY click desc LIMIT 3   [ RunTime:0.0002s ]
SQL: SHOW COLUMNS FROM `p_attr` [ RunTime:0.0035s ]
NOTIC: [8] Undefined index: mapping_order /www/users/H10044002/ThinkPHP/Library/Think/Model/RelationModel.class.php 第 186 行.
NOTIC: [8] Undefined index: mapping_limit /www/users/H10044002/ThinkPHP/Library/Think/Model/RelationModel.class.php 第 187 行.
SQL: SELECT b.* FROM p_blog_attr AS a, p_attr AS b WHERE a.aid = b.id AND a. bid='13' [ RunTime:0.0001s ]
SQL: SHOW COLUMNS FROM `p_cate` [ RunTime:0.0030s ]
SQL: SELECT `name` FROM `p_cate` WHERE ( 1=1 AND id='23' ) LIMIT 1   [ RunTime:0.0001s ]
NOTIC: [8] Undefined index: mapping_order /www/users/H10044002/ThinkPHP/Library/Think/Model/RelationModel.class.php 第 186 行.
NOTIC: [8] Undefined index: mapping_limit /www/users/H10044002/ThinkPHP/Library/Think/Model/RelationModel.class.php 第 187 行.
SQL: SELECT b.* FROM p_blog_attr AS a, p_attr AS b WHERE a.aid = b.id AND a. bid='1' [ RunTime:0.0001s ]
SQL: SELECT `name` FROM `p_cate` WHERE ( 1=1 AND id='23' ) LIMIT 1   [ RunTime:0.0001s ]
NOTIC: [8] Undefined index: mapping_order /www/users/H10044002/ThinkPHP/Library/Think/Model/RelationModel.class.php 第 186 行.
NOTIC: [8] Undefined index: mapping_limit /www/users/H10044002/ThinkPHP/Library/Think/Model/RelationModel.class.php 第 187 行.
SQL: SELECT b.* FROM p_blog_attr AS a, p_attr AS b WHERE a.aid = b.id AND a. bid='7' [ RunTime:0.0001s ]
SQL: SELECT `name` FROM `p_cate` WHERE ( 1=1 AND id='33' ) LIMIT 1   [ RunTime:0.0001s ]
SQL: SHOW COLUMNS FROM `p_exper` [ RunTime:0.0038s ]
SQL: SELECT * FROM `p_exper` WHERE `del` = 0 ORDER BY click desc LIMIT 3   [ RunTime:0.0001s ]
SQL: SHOW COLUMNS FROM `p_share` [ RunTime:0.0034s ]
SQL: SELECT * FROM `p_share` WHERE `sta` = 2 LIMIT 5   [ RunTime:0.0001s ]
INFO: [ view_parse ] --START--
INFO: [ template_filter ] --START--
INFO: Run Behavior\ContentReplaceBehavior [ RunTime:0.000283s ]
INFO: [ template_filter ] --END-- [ RunTime:0.000413s ]
NOTIC: [2] mb_substr() expects at most 4 parameters, 5 given /www/users/H10044002/Application/Runtime/Cache/Home/2a94b8bda04ff446dcedd42276fc99ee.php 第 109 行.
NOTIC: [2] mb_substr() expects at most 4 parameters, 5 given /www/users/H10044002/Application/Runtime/Cache/Home/2a94b8bda04ff446dcedd42276fc99ee.php 第 109 行.
NOTIC: [2] mb_substr() expects at most 4 parameters, 5 given /www/users/H10044002/Application/Runtime/Cache/Home/2a94b8bda04ff446dcedd42276fc99ee.php 第 109 行.
INFO: Run Behavior\ParseTemplateBehavior [ RunTime:0.029220s ]
INFO: [ view_parse ] --END-- [ RunTime:0.029330s ]
INFO: [ view_filter ] --START--
INFO: Run Behavior\WriteHtmlCacheBehavior [ RunTime:0.000421s ]
INFO: Run Behavior\TokenBuildBehavior [ RunTime:0.000874s ]
INFO: [ view_filter ] --END-- [ RunTime:0.001449s ]
INFO: [ app_end ] --START--
INFO: Run Behavior\ShowPageTraceBehavior [ RunTime:0.000828s ]
INFO: [ app_end ] --END-- [ RunTime:0.000933s ]

[ 2016-04-16T22:53:42+08:00 ] 183.24.97.164 /index.php/Home/Index/index
INFO: [ app_init ] --START--
INFO: Run Behavior\BuildLiteBehavior [ RunTime:0.000025s ]
INFO: [ app_init ] --END-- [ RunTime:0.000478s ]
INFO: [ app_begin ] --START--
INFO: Run Behavior\ReadHtmlCacheBehavior [ RunTime:0.000588s ]
INFO: [ app_begin ] --END-- [ RunTime:0.000681s ]
SQL: SHOW COLUMNS FROM `p_blog` [ RunTime:0.0038s ]
SQL: SELECT * FROM `p_blog` WHERE `del` = 0 ORDER BY good desc LIMIT 4   [ RunTime:0.0003s ]
SQL: SHOW COLUMNS FROM `p_blog` [ RunTime:0.0028s ]
SQL: SELECT `id`,`title`,`blogpic`,`content`,`time`,`click`,`cid`,`userid`,`saycount`,`username`,`good`,`bad` FROM `p_blog` WHERE `del` = 0 ORDER BY click desc LIMIT 3   [ RunTime:0.0001s ]
SQL: SHOW COLUMNS FROM `p_attr` [ RunTime:0.0024s ]
NOTIC: [8] Undefined index: mapping_order /www/users/H10044002/ThinkPHP/Library/Think/Model/RelationModel.class.php 第 186 行.
NOTIC: [8] Undefined index: mapping_limit /www/users/H10044002/ThinkPHP/Library/Think/Model/RelationModel.class.php 第 187 行.
SQL: SELECT b.* FROM p_blog_attr AS a, p_attr AS b WHERE a.aid = b.id AND a. bid='13' [ RunTime:0.0002s ]
SQL: SHOW COLUMNS FROM `p_cate` [ RunTime:0.0022s ]
SQL: SELECT `name` FROM `p_cate` WHERE ( 1=1 AND id='23' ) LIMIT 1   [ RunTime:0.0001s ]
NOTIC: [8] Undefined index: mapping_order /www/users/H10044002/ThinkPHP/Library/Think/Model/RelationModel.class.php 第 186 行.
NOTIC: [8] Undefined index: mapping_limit /www/users/H10044002/ThinkPHP/Library/Think/Model/RelationModel.class.php 第 187 行.
SQL: SELECT b.* FROM p_blog_attr AS a, p_attr AS b WHERE a.aid = b.id AND a. bid='1' [ RunTime:0.0001s ]
SQL: SELECT `name` FROM `p_cate` WHERE ( 1=1 AND id='23' ) LIMIT 1   [ RunTime:0.0001s ]
NOTIC: [8] Undefined index: mapping_order /www/users/H10044002/ThinkPHP/Library/Think/Model/RelationModel.class.php 第 186 行.
NOTIC: [8] Undefined index: mapping_limit /www/users/H10044002/ThinkPHP/Library/Think/Model/RelationModel.class.php 第 187 行.
SQL: SELECT b.* FROM p_blog_attr AS a, p_attr AS b WHERE a.aid = b.id AND a. bid='7' [ RunTime:0.0001s ]
SQL: SELECT `name` FROM `p_cate` WHERE ( 1=1 AND id='33' ) LIMIT 1   [ RunTime:0.0002s ]
SQL: SHOW COLUMNS FROM `p_exper` [ RunTime:0.0035s ]
SQL: SELECT * FROM `p_exper` WHERE `del` = 0 ORDER BY click desc LIMIT 3   [ RunTime:0.0002s ]
SQL: SHOW COLUMNS FROM `p_share` [ RunTime:0.0029s ]
SQL: SELECT * FROM `p_share` WHERE `sta` = 2 LIMIT 5   [ RunTime:0.0001s ]
INFO: [ view_parse ] --START--
INFO: [ template_filter ] --START--
INFO: Run Behavior\ContentReplaceBehavior [ RunTime:0.000203s ]
INFO: [ template_filter ] --END-- [ RunTime:0.000306s ]
NOTIC: [2] mb_substr() expects at most 4 parameters, 5 given /www/users/H10044002/Application/Runtime/Cache/Home/2a94b8bda04ff446dcedd42276fc99ee.php 第 109 行.
NOTIC: [2] mb_substr() expects at most 4 parameters, 5 given /www/users/H10044002/Application/Runtime/Cache/Home/2a94b8bda04ff446dcedd42276fc99ee.php 第 109 行.
NOTIC: [2] mb_substr() expects at most 4 parameters, 5 given /www/users/H10044002/Application/Runtime/Cache/Home/2a94b8bda04ff446dcedd42276fc99ee.php 第 109 行.
INFO: Run Behavior\ParseTemplateBehavior [ RunTime:0.020921s ]
INFO: [ view_parse ] --END-- [ RunTime:0.021002s ]
INFO: [ view_filter ] --START--
INFO: Run Behavior\WriteHtmlCacheBehavior [ RunTime:0.000322s ]
INFO: Run Behavior\TokenBuildBehavior [ RunTime:0.000644s ]
INFO: [ view_filter ] --END-- [ RunTime:0.001080s ]
INFO: [ app_end ] --START--
INFO: Run Behavior\ShowPageTraceBehavior [ RunTime:0.000597s ]
INFO: [ app_end ] --END-- [ RunTime:0.000679s ]

[ 2016-04-16T22:53:42+08:00 ] 183.24.97.164 /index.php/Home/Blog/index
INFO: [ app_init ] --START--
INFO: Run Behavior\BuildLiteBehavior [ RunTime:0.000033s ]
INFO: [ app_init ] --END-- [ RunTime:0.000670s ]
INFO: [ app_begin ] --START--
INFO: Run Behavior\ReadHtmlCacheBehavior [ RunTime:0.000842s ]
INFO: [ app_begin ] --END-- [ RunTime:0.000971s ]
SQL: SHOW COLUMNS FROM `p_cate` [ RunTime:0.0041s ]
SQL: SELECT * FROM `p_cate` ORDER BY sort asc  [ RunTime:0.0013s ]
INFO: [ view_parse ] --START--
INFO: [ template_filter ] --START--
INFO: Run Behavior\ContentReplaceBehavior [ RunTime:0.000115s ]
INFO: [ template_filter ] --END-- [ RunTime:0.000240s ]
NOTIC: [8] Undefined variable: blog /www/users/H10044002/Application/Runtime/Cache/Home/6d164f7c2f6ca2370f3ab6859ad5b9d7.php 第 10 行.
INFO: Run Behavior\ParseTemplateBehavior [ RunTime:0.018454s ]
INFO: [ view_parse ] --END-- [ RunTime:0.018582s ]
INFO: [ view_filter ] --START--
INFO: Run Behavior\WriteHtmlCacheBehavior [ RunTime:0.000416s ]
INFO: Run Behavior\TokenBuildBehavior [ RunTime:0.000855s ]
INFO: [ view_filter ] --END-- [ RunTime:0.001435s ]
INFO: [ app_end ] --START--
INFO: Run Behavior\ShowPageTraceBehavior [ RunTime:0.000813s ]
INFO: [ app_end ] --END-- [ RunTime:0.000922s ]

[ 2016-04-16T22:53:42+08:00 ] 183.24.97.164 /index.php/Home/Blog/clickNum
INFO: [ app_init ] --START--
INFO: Run Behavior\BuildLiteBehavior [ RunTime:0.000031s ]
INFO: [ app_init ] --END-- [ RunTime:0.000649s ]
INFO: [ app_begin ] --START--
INFO: Run Behavior\ReadHtmlCacheBehavior [ RunTime:0.000817s ]
INFO: [ app_begin ] --END-- [ RunTime:0.000948s ]
SQL: SHOW COLUMNS FROM `p_blog` [ RunTime:0.0046s ]
SQL: SELECT `click` FROM `p_blog` WHERE `id` = 0 LIMIT 1   [ RunTime:0.0005s ]
SQL: UPDATE `p_blog` SET `click`=click+1 WHERE `id` = 0 [ RunTime:0.0003s ]
INFO: [ app_end ] --START--
INFO: Run Behavior\ShowPageTraceBehavior [ RunTime:0.000948s ]
INFO: [ app_end ] --END-- [ RunTime:0.001059s ]

[ 2016-04-16T22:53:44+08:00 ] 183.24.97.164 /index.php/Home/Exper/index
INFO: [ app_init ] --START--
INFO: Run Behavior\BuildLiteBehavior [ RunTime:0.000032s ]
INFO: [ app_init ] --END-- [ RunTime:0.000658s ]
INFO: [ app_begin ] --START--
INFO: Run Behavior\ReadHtmlCacheBehavior [ RunTime:0.000838s ]
INFO: [ app_begin ] --END-- [ RunTime:0.000972s ]
SQL: SHOW COLUMNS FROM `p_exper` [ RunTime:0.0046s ]
SQL: SELECT * FROM `p_exper` WHERE `del` = 0  [ RunTime:0.0005s ]
INFO: [ view_parse ] --START--
INFO: [ template_filter ] --START--
INFO: Run Behavior\ContentReplaceBehavior [ RunTime:0.000172s ]
INFO: [ template_filter ] --END-- [ RunTime:0.000287s ]
NOTIC: [8] Undefined index: id /www/users/H10044002/Application/Runtime/Cache/Home/f7c41315f37948de092bd72800eaef1d.php 第 28 行.
INFO: Run Behavior\ParseTemplateBehavior [ RunTime:0.020343s ]
INFO: [ view_parse ] --END-- [ RunTime:0.020470s ]
INFO: [ view_filter ] --START--
INFO: Run Behavior\WriteHtmlCacheBehavior [ RunTime:0.000414s ]
INFO: Run Behavior\TokenBuildBehavior [ RunTime:0.000940s ]
INFO: [ view_filter ] --END-- [ RunTime:0.001513s ]
INFO: [ app_end ] --START--
INFO: Run Behavior\ShowPageTraceBehavior [ RunTime:0.000839s ]
INFO: [ app_end ] --END-- [ RunTime:0.000967s ]

[ 2016-04-16T22:53:44+08:00 ] 183.24.97.164 /index.php/Home/Exper/clickNum
INFO: [ app_init ] --START--
INFO: Run Behavior\BuildLiteBehavior [ RunTime:0.000032s ]
INFO: [ app_init ] --END-- [ RunTime:0.000665s ]
INFO: [ app_begin ] --START--
INFO: Run Behavior\ReadHtmlCacheBehavior [ RunTime:0.000828s ]
INFO: [ app_begin ] --END-- [ RunTime:0.000956s ]
SQL: SHOW COLUMNS FROM `p_exper` [ RunTime:0.0048s ]
SQL: SELECT `click` FROM `p_exper` WHERE `id` = 0 LIMIT 1   [ RunTime:0.0007s ]
SQL: UPDATE `p_exper` SET `click`=click+1 WHERE `id` = 0 [ RunTime:0.0003s ]
INFO: [ app_end ] --START--
INFO: Run Behavior\ShowPageTraceBehavior [ RunTime:0.000924s ]
INFO: [ app_end ] --END-- [ RunTime:0.001034s ]

[ 2016-04-16T22:53:51+08:00 ] 183.24.97.164 /index.php/Home/Exper/index
INFO: [ app_init ] --START--
INFO: Run Behavior\BuildLiteBehavior [ RunTime:0.000034s ]
INFO: [ app_init ] --END-- [ RunTime:0.000670s ]
INFO: [ app_begin ] --START--
INFO: Run Behavior\ReadHtmlCacheBehavior [ RunTime:0.000829s ]
INFO: [ app_begin ] --END-- [ RunTime:0.000957s ]
SQL: SHOW COLUMNS FROM `p_exper` [ RunTime:0.0054s ]
SQL: SELECT * FROM `p_exper` WHERE `del` = 0  [ RunTime:0.0002s ]
INFO: [ view_parse ] --START--
INFO: [ template_filter ] --START--
INFO: Run Behavior\ContentReplaceBehavior [ RunTime:0.000177s ]
INFO: [ template_filter ] --END-- [ RunTime:0.000303s ]
NOTIC: [8] Undefined index: id /www/users/H10044002/Application/Runtime/Cache/Home/f7c41315f37948de092bd72800eaef1d.php 第 28 行.
INFO: Run Behavior\ParseTemplateBehavior [ RunTime:0.020427s ]
INFO: [ view_parse ] --END-- [ RunTime:0.020563s ]
INFO: [ view_filter ] --START--
INFO: Run Behavior\WriteHtmlCacheBehavior [ RunTime:0.000418s ]
INFO: Run Behavior\TokenBuildBehavior [ RunTime:0.000947s ]
INFO: [ view_filter ] --END-- [ RunTime:0.001527s ]
INFO: [ app_end ] --START--
INFO: Run Behavior\ShowPageTraceBehavior [ RunTime:0.000811s ]
INFO: [ app_end ] --END-- [ RunTime:0.000929s ]

[ 2016-04-16T22:53:51+08:00 ] 183.24.97.164 /index.php/Home/Exper/clickNum
INFO: [ app_init ] --START--
INFO: Run Behavior\BuildLiteBehavior [ RunTime:0.000035s ]
INFO: [ app_init ] --END-- [ RunTime:0.000667s ]
INFO: [ app_begin ] --START--
INFO: Run Behavior\ReadHtmlCacheBehavior [ RunTime:0.000843s ]
INFO: [ app_begin ] --END-- [ RunTime:0.000976s ]
SQL: SHOW COLUMNS FROM `p_exper` [ RunTime:0.0047s ]
SQL: SELECT `click` FROM `p_exper` WHERE `id` = 0 LIMIT 1   [ RunTime:0.0001s ]
SQL: UPDATE `p_exper` SET `click`=click+1 WHERE `id` = 0 [ RunTime:0.0002s ]
INFO: [ app_end ] --START--
INFO: Run Behavior\ShowPageTraceBehavior [ RunTime:0.000930s ]
INFO: [ app_end ] --END-- [ RunTime:0.001040s ]

