[ 2016-03-20T00:02:15+08:00 ] ::1 /Hit/index.php/Home/Blog/index
INFO: [ app_init ] --START--
INFO: Run Behavior\BuildLiteBehavior [ RunTime:0.000033s ]
INFO: [ app_init ] --END-- [ RunTime:0.000623s ]
INFO: [ app_begin ] --START--
INFO: Run Behavior\ReadHtmlCacheBehavior [ RunTime:0.000678s ]
INFO: [ app_begin ] --END-- [ RunTime:0.000810s ]
SQL: SHOW COLUMNS FROM `p_cate` [ RunTime:0.0048s ]
SQL: SELECT * FROM `p_cate` ORDER BY sort asc  [ RunTime:0.0007s ]
INFO: [ view_parse ] --START--
INFO: [ template_filter ] --START--
INFO: Run Behavior\ContentReplaceBehavior [ RunTime:0.000131s ]
INFO: [ template_filter ] --END-- [ RunTime:0.000315s ]
NOTIC: [8] Undefined variable: blog D:\wamp\www\Hit\Application\Runtime\Cache\Home\6d164f7c2f6ca2370f3ab6859ad5b9d7.php 第 9 行.
NOTIC: [8] Undefined index: group_id D:\wamp\www\Hit\Application\Runtime\Cache\Home\6d164f7c2f6ca2370f3ab6859ad5b9d7.php 第 36 行.
INFO: Run Behavior\ParseTemplateBehavior [ RunTime:0.024172s ]
INFO: [ view_parse ] --END-- [ RunTime:0.024333s ]
INFO: [ view_filter ] --START--
INFO: Run Behavior\WriteHtmlCacheBehavior [ RunTime:0.000574s ]
INFO: Run Behavior\TokenBuildBehavior [ RunTime:0.000894s ]
INFO: [ view_filter ] --END-- [ RunTime:0.001619s ]
INFO: [ app_end ] --START--
INFO: Run Behavior\ShowPageTraceBehavior [ RunTime:0.000680s ]
INFO: [ app_end ] --END-- [ RunTime:0.000771s ]

[ 2016-03-20T00:02:16+08:00 ] ::1 /Hit/index.php/Home/Blog/clickNum
INFO: [ app_init ] --START--
INFO: Run Behavior\BuildLiteBehavior [ RunTime:0.000043s ]
INFO: [ app_init ] --END-- [ RunTime:0.000700s ]
INFO: [ app_begin ] --START--
INFO: Run Behavior\ReadHtmlCacheBehavior [ RunTime:0.000839s ]
INFO: [ app_begin ] --END-- [ RunTime:0.000954s ]
SQL: SHOW COLUMNS FROM `p_blog` [ RunTime:0.0051s ]
SQL: SELECT `click` FROM `p_blog` WHERE `id` = 0 LIMIT 1   [ RunTime:0.0004s ]
SQL: UPDATE `p_blog` SET `click`=click+1 WHERE `id` = 0 [ RunTime:0.0007s ]
INFO: [ app_end ] --START--
INFO: Run Behavior\ShowPageTraceBehavior [ RunTime:0.000904s ]
INFO: [ app_end ] --END-- [ RunTime:0.000997s ]

[ 2016-03-20T00:02:16+08:00 ] ::1 /Hit/index.php/Home/Exper/index
INFO: [ app_init ] --START--
INFO: Run Behavior\BuildLiteBehavior [ RunTime:0.000024s ]
INFO: [ app_init ] --END-- [ RunTime:0.000457s ]
INFO: [ app_begin ] --START--
INFO: Run Behavior\ReadHtmlCacheBehavior [ RunTime:0.001228s ]
INFO: [ app_begin ] --END-- [ RunTime:0.001433s ]
SQL: SHOW COLUMNS FROM `p_exper` [ RunTime:0.0054s ]
SQL: SELECT * FROM `p_exper` WHERE `del` = 0  [ RunTime:0.0006s ]
INFO: [ view_parse ] --START--
INFO: [ template_filter ] --START--
INFO: Run Behavior\ContentReplaceBehavior [ RunTime:0.000208s ]
INFO: [ template_filter ] --END-- [ RunTime:0.000372s ]
NOTIC: [8] Undefined index: id D:\wamp\www\Hit\Application\Runtime\Cache\Home\f7c41315f37948de092bd72800eaef1d.php 第 26 行.
NOTIC: [8] Undefined index: group_id D:\wamp\www\Hit\Application\Runtime\Cache\Home\f7c41315f37948de092bd72800eaef1d.php 第 55 行.
INFO: Run Behavior\ParseTemplateBehavior [ RunTime:0.017832s ]
INFO: [ view_parse ] --END-- [ RunTime:0.017956s ]
INFO: [ view_filter ] --START--
INFO: Run Behavior\WriteHtmlCacheBehavior [ RunTime:0.000578s ]
INFO: Run Behavior\TokenBuildBehavior [ RunTime:0.001021s ]
INFO: [ view_filter ] --END-- [ RunTime:0.001738s ]
INFO: [ app_end ] --START--
INFO: Run Behavior\ShowPageTraceBehavior [ RunTime:0.000776s ]
INFO: [ app_end ] --END-- [ RunTime:0.000864s ]

[ 2016-03-20T00:02:17+08:00 ] ::1 /Hit/index.php/Home/Exper/clickNum
INFO: [ app_init ] --START--
INFO: Run Behavior\BuildLiteBehavior [ RunTime:0.000039s ]
INFO: [ app_init ] --END-- [ RunTime:0.000694s ]
INFO: [ app_begin ] --START--
INFO: Run Behavior\ReadHtmlCacheBehavior [ RunTime:0.001301s ]
INFO: [ app_begin ] --END-- [ RunTime:0.001491s ]
SQL: SHOW COLUMNS FROM `p_exper` [ RunTime:0.0061s ]
SQL: SELECT `click` FROM `p_exper` WHERE `id` = 0 LIMIT 1   [ RunTime:0.0005s ]
SQL: UPDATE `p_exper` SET `click`=click+1 WHERE `id` = 0 [ RunTime:0.0005s ]
INFO: [ app_end ] --START--
INFO: Run Behavior\ShowPageTraceBehavior [ RunTime:0.001396s ]
INFO: [ app_end ] --END-- [ RunTime:0.001595s ]

[ 2016-03-20T00:02:18+08:00 ] ::1 /Hit/index.php/Home/Share/index
INFO: [ app_init ] --START--
INFO: Run Behavior\BuildLiteBehavior [ RunTime:0.000040s ]
INFO: [ app_init ] --END-- [ RunTime:0.000681s ]
INFO: [ app_begin ] --START--
INFO: Run Behavior\ReadHtmlCacheBehavior [ RunTime:0.001201s ]
INFO: [ app_begin ] --END-- [ RunTime:0.001382s ]
SQL: SHOW COLUMNS FROM `p_share` [ RunTime:0.0063s ]
SQL: SELECT * FROM `p_share` WHERE `sta` = 2  [ RunTime:0.0004s ]
SQL: SELECT * FROM `p_share` WHERE `sta` = 1  [ RunTime:0.0003s ]
SQL: SELECT * FROM `p_share` WHERE `sta` = 3  [ RunTime:0.0004s ]
INFO: [ view_parse ] --START--
INFO: [ template_filter ] --START--
INFO: Run Behavior\ContentReplaceBehavior [ RunTime:0.000157s ]
INFO: [ template_filter ] --END-- [ RunTime:0.000341s ]
NOTIC: [8] Undefined index: group_id D:\wamp\www\Hit\Application\Runtime\Cache\Home\ebf14e25328f70423c0b1406e4559d36.php 第 33 行.
INFO: Run Behavior\ParseTemplateBehavior [ RunTime:0.027789s ]
INFO: [ view_parse ] --END-- [ RunTime:0.027976s ]
INFO: [ view_filter ] --START--
INFO: Run Behavior\WriteHtmlCacheBehavior [ RunTime:0.000974s ]
INFO: Run Behavior\TokenBuildBehavior [ RunTime:0.001454s ]
INFO: [ view_filter ] --END-- [ RunTime:0.002722s ]
INFO: [ app_end ] --START--
INFO: Run Behavior\ShowPageTraceBehavior [ RunTime:0.001326s ]
INFO: [ app_end ] --END-- [ RunTime:0.001493s ]

[ 2016-03-20T00:03:02+08:00 ] ::1 /Hit/index.php/Home/Blog/index
INFO: [ app_init ] --START--
INFO: Run Behavior\BuildLiteBehavior [ RunTime:0.000043s ]
INFO: [ app_init ] --END-- [ RunTime:0.000978s ]
INFO: [ app_begin ] --START--
INFO: Run Behavior\ReadHtmlCacheBehavior [ RunTime:0.000879s ]
INFO: [ app_begin ] --END-- [ RunTime:0.000990s ]
SQL: SHOW COLUMNS FROM `p_cate` [ RunTime:0.0056s ]
SQL: SELECT * FROM `p_cate` ORDER BY sort asc  [ RunTime:0.0004s ]
INFO: [ view_parse ] --START--
INFO: [ template_filter ] --START--
INFO: Run Behavior\ContentReplaceBehavior [ RunTime:0.000097s ]
INFO: [ template_filter ] --END-- [ RunTime:0.000219s ]
NOTIC: [8] Undefined variable: blog D:\wamp\www\Hit\Application\Runtime\Cache\Home\6d164f7c2f6ca2370f3ab6859ad5b9d7.php 第 9 行.
NOTIC: [8] Undefined index: group_id D:\wamp\www\Hit\Application\Runtime\Cache\Home\6d164f7c2f6ca2370f3ab6859ad5b9d7.php 第 36 行.
INFO: Run Behavior\ParseTemplateBehavior [ RunTime:0.018848s ]
INFO: [ view_parse ] --END-- [ RunTime:0.019016s ]
INFO: [ view_filter ] --START--
INFO: Run Behavior\WriteHtmlCacheBehavior [ RunTime:0.000748s ]
INFO: Run Behavior\TokenBuildBehavior [ RunTime:0.001236s ]
INFO: [ view_filter ] --END-- [ RunTime:0.002186s ]
INFO: [ app_end ] --START--
INFO: Run Behavior\ShowPageTraceBehavior [ RunTime:0.001048s ]
INFO: [ app_end ] --END-- [ RunTime:0.001177s ]

[ 2016-03-20T00:03:02+08:00 ] ::1 /Hit/index.php/Home/Blog/clickNum
INFO: [ app_init ] --START--
INFO: Run Behavior\BuildLiteBehavior [ RunTime:0.000036s ]
INFO: [ app_init ] --END-- [ RunTime:0.000666s ]
INFO: [ app_begin ] --START--
INFO: Run Behavior\ReadHtmlCacheBehavior [ RunTime:0.001730s ]
INFO: [ app_begin ] --END-- [ RunTime:0.002057s ]
SQL: SHOW COLUMNS FROM `p_blog` [ RunTime:0.0058s ]
SQL: SELECT `click` FROM `p_blog` WHERE `id` = 0 LIMIT 1   [ RunTime:0.0002s ]
SQL: UPDATE `p_blog` SET `click`=click+1 WHERE `id` = 0 [ RunTime:0.0003s ]
INFO: [ app_end ] --START--
INFO: Run Behavior\ShowPageTraceBehavior [ RunTime:0.000901s ]
INFO: [ app_end ] --END-- [ RunTime:0.000998s ]

[ 2016-03-20T00:03:06+08:00 ] ::1 /Hit/index.php/Home/Exper/index
INFO: [ app_init ] --START--
INFO: Run Behavior\BuildLiteBehavior [ RunTime:0.000035s ]
INFO: [ app_init ] --END-- [ RunTime:0.000685s ]
INFO: [ app_begin ] --START--
INFO: Run Behavior\ReadHtmlCacheBehavior [ RunTime:0.001156s ]
INFO: [ app_begin ] --END-- [ RunTime:0.001356s ]
SQL: SHOW COLUMNS FROM `p_exper` [ RunTime:0.0056s ]
SQL: SELECT * FROM `p_exper` WHERE `del` = 0  [ RunTime:0.0005s ]
INFO: [ view_parse ] --START--
INFO: [ template_filter ] --START--
INFO: Run Behavior\ContentReplaceBehavior [ RunTime:0.000102s ]
INFO: [ template_filter ] --END-- [ RunTime:0.000201s ]
NOTIC: [8] Undefined index: id D:\wamp\www\Hit\Application\Runtime\Cache\Home\f7c41315f37948de092bd72800eaef1d.php 第 26 行.
NOTIC: [8] Undefined index: group_id D:\wamp\www\Hit\Application\Runtime\Cache\Home\f7c41315f37948de092bd72800eaef1d.php 第 55 行.
INFO: Run Behavior\ParseTemplateBehavior [ RunTime:0.014652s ]
INFO: [ view_parse ] --END-- [ RunTime:0.014792s ]
INFO: [ view_filter ] --START--
INFO: Run Behavior\WriteHtmlCacheBehavior [ RunTime:0.000858s ]
INFO: Run Behavior\TokenBuildBehavior [ RunTime:0.001573s ]
INFO: [ view_filter ] --END-- [ RunTime:0.002678s ]
INFO: [ app_end ] --START--
INFO: Run Behavior\ShowPageTraceBehavior [ RunTime:0.000965s ]
INFO: [ app_end ] --END-- [ RunTime:0.001097s ]

[ 2016-03-20T00:03:06+08:00 ] ::1 /Hit/index.php/Home/Exper/clickNum
INFO: [ app_init ] --START--
INFO: Run Behavior\BuildLiteBehavior [ RunTime:0.000039s ]
INFO: [ app_init ] --END-- [ RunTime:0.000702s ]
INFO: [ app_begin ] --START--
INFO: Run Behavior\ReadHtmlCacheBehavior [ RunTime:0.001165s ]
INFO: [ app_begin ] --END-- [ RunTime:0.001338s ]
SQL: SHOW COLUMNS FROM `p_exper` [ RunTime:0.0056s ]
SQL: SELECT `click` FROM `p_exper` WHERE `id` = 0 LIMIT 1   [ RunTime:0.0004s ]
SQL: UPDATE `p_exper` SET `click`=click+1 WHERE `id` = 0 [ RunTime:0.0003s ]
INFO: [ app_end ] --START--
INFO: Run Behavior\ShowPageTraceBehavior [ RunTime:0.000981s ]
INFO: [ app_end ] --END-- [ RunTime:0.001084s ]

[ 2016-03-20T00:03:08+08:00 ] ::1 /Hit/index.php/Home/Exper/one/id/2?id=2
INFO: [ app_init ] --START--
INFO: Run Behavior\BuildLiteBehavior [ RunTime:0.000027s ]
INFO: [ app_init ] --END-- [ RunTime:0.000481s ]
INFO: [ app_begin ] --START--
INFO: Run Behavior\ReadHtmlCacheBehavior [ RunTime:0.001665s ]
INFO: [ app_begin ] --END-- [ RunTime:0.001806s ]
SQL: SHOW COLUMNS FROM `p_exper` [ RunTime:0.0098s ]
SQL: SELECT * FROM `p_exper` WHERE `id` = 2  [ RunTime:0.0004s ]
SQL: SELECT * FROM `p_exper` ORDER BY click desc LIMIT 8   [ RunTime:0.0008s ]
SQL: SHOW COLUMNS FROM `p_say` [ RunTime:0.0061s ]
SQL: SHOW COLUMNS FROM `p_user` [ RunTime:0.0064s ]
SQL: SELECT say.id AS id,say.content AS content,say.time AS time,say.uid AS uid,say.bid AS bid,say.eid AS eid,say.youke AS youke,user.username AS username,user.avater_path AS avater_path,user.sign AS sign,user.location AS location FROM p_say say LEFT JOIN p_user user ON say.uid = user.id WHERE say.eid = '2'  [ RunTime:0.0005s ]
INFO: [ view_parse ] --START--
INFO: [ template_filter ] --START--
INFO: Run Behavior\ContentReplaceBehavior [ RunTime:0.000116s ]
INFO: [ template_filter ] --END-- [ RunTime:0.000235s ]
NOTIC: [8] Undefined index: group_id D:\wamp\www\Hit\Application\Runtime\Cache\Home\f6cd6e1788782ee84575d142e0beec1e.php 第 37 行.
NOTIC: [8] Use of undefined constant experpic - assumed 'experpic' D:\wamp\www\Hit\Application\Runtime\Cache\Home\f6cd6e1788782ee84575d142e0beec1e.php 第 63 行.
NOTIC: [8] Use of undefined constant avater_path - assumed 'avater_path' D:\wamp\www\Hit\Application\Runtime\Cache\Home\f6cd6e1788782ee84575d142e0beec1e.php 第 96 行.
NOTIC: [8] Undefined variable: vo D:\wamp\www\Hit\Application\Runtime\Cache\Home\f6cd6e1788782ee84575d142e0beec1e.php 第 96 行.
NOTIC: [8] Undefined variable: vo D:\wamp\www\Hit\Application\Runtime\Cache\Home\f6cd6e1788782ee84575d142e0beec1e.php 第 103 行.
NOTIC: [8] Undefined variable: vo D:\wamp\www\Hit\Application\Runtime\Cache\Home\f6cd6e1788782ee84575d142e0beec1e.php 第 103 行.
NOTIC: [8] Undefined variable: vo D:\wamp\www\Hit\Application\Runtime\Cache\Home\f6cd6e1788782ee84575d142e0beec1e.php 第 103 行.
NOTIC: [8] Undefined variable: vo D:\wamp\www\Hit\Application\Runtime\Cache\Home\f6cd6e1788782ee84575d142e0beec1e.php 第 104 行.
NOTIC: [8] Undefined variable: selfadd D:\wamp\www\Hit\Application\Runtime\Cache\Home\f6cd6e1788782ee84575d142e0beec1e.php 第 109 行.
NOTIC: [8] Undefined variable: id D:\wamp\www\Hit\Application\Runtime\Cache\Home\f6cd6e1788782ee84575d142e0beec1e.php 第 151 行.
NOTIC: [8] Use of undefined constant experpic - assumed 'experpic' D:\wamp\www\Hit\Application\Runtime\Cache\Home\f6cd6e1788782ee84575d142e0beec1e.php 第 158 行.
NOTIC: [8] Use of undefined constant experpic - assumed 'experpic' D:\wamp\www\Hit\Application\Runtime\Cache\Home\f6cd6e1788782ee84575d142e0beec1e.php 第 158 行.
NOTIC: [8] Use of undefined constant experpic - assumed 'experpic' D:\wamp\www\Hit\Application\Runtime\Cache\Home\f6cd6e1788782ee84575d142e0beec1e.php 第 158 行.
NOTIC: [8] Use of undefined constant experpic - assumed 'experpic' D:\wamp\www\Hit\Application\Runtime\Cache\Home\f6cd6e1788782ee84575d142e0beec1e.php 第 158 行.
NOTIC: [8] Use of undefined constant experpic - assumed 'experpic' D:\wamp\www\Hit\Application\Runtime\Cache\Home\f6cd6e1788782ee84575d142e0beec1e.php 第 158 行.
NOTIC: [8] Use of undefined constant experpic - assumed 'experpic' D:\wamp\www\Hit\Application\Runtime\Cache\Home\f6cd6e1788782ee84575d142e0beec1e.php 第 158 行.
NOTIC: [8] Use of undefined constant experpic - assumed 'experpic' D:\wamp\www\Hit\Application\Runtime\Cache\Home\f6cd6e1788782ee84575d142e0beec1e.php 第 158 行.
NOTIC: [8] Use of undefined constant experpic - assumed 'experpic' D:\wamp\www\Hit\Application\Runtime\Cache\Home\f6cd6e1788782ee84575d142e0beec1e.php 第 158 行.
INFO: Run Behavior\ParseTemplateBehavior [ RunTime:0.028027s ]
INFO: [ view_parse ] --END-- [ RunTime:0.028153s ]
INFO: [ view_filter ] --START--
INFO: Run Behavior\WriteHtmlCacheBehavior [ RunTime:0.000645s ]
INFO: Run Behavior\TokenBuildBehavior [ RunTime:0.001173s ]
INFO: [ view_filter ] --END-- [ RunTime:0.001997s ]
INFO: [ app_end ] --START--
INFO: Run Behavior\ShowPageTraceBehavior [ RunTime:0.000810s ]
INFO: [ app_end ] --END-- [ RunTime:0.000903s ]

[ 2016-03-20T00:03:08+08:00 ] ::1 /Hit/index.php/Home/Exper/clickNum/id/2
INFO: [ app_init ] --START--
INFO: Run Behavior\BuildLiteBehavior [ RunTime:0.000023s ]
INFO: [ app_init ] --END-- [ RunTime:0.000458s ]
INFO: [ app_begin ] --START--
INFO: Run Behavior\ReadHtmlCacheBehavior [ RunTime:0.001119s ]
INFO: [ app_begin ] --END-- [ RunTime:0.001304s ]
SQL: SHOW COLUMNS FROM `p_exper` [ RunTime:0.0043s ]
SQL: SELECT `click` FROM `p_exper` WHERE `id` = 2 LIMIT 1   [ RunTime:0.0004s ]
SQL: UPDATE `p_exper` SET `click`=click+1 WHERE `id` = 2 [ RunTime:0.0005s ]
INFO: [ app_end ] --START--
INFO: Run Behavior\ShowPageTraceBehavior [ RunTime:0.001231s ]
INFO: [ app_end ] --END-- [ RunTime:0.001473s ]

[ 2016-03-20T00:03:16+08:00 ] ::1 /Hit/index.php/Home/Exper/index
INFO: [ app_init ] --START--
INFO: Run Behavior\BuildLiteBehavior [ RunTime:0.000025s ]
INFO: [ app_init ] --END-- [ RunTime:0.000425s ]
INFO: [ app_begin ] --START--
INFO: Run Behavior\ReadHtmlCacheBehavior [ RunTime:0.000526s ]
INFO: [ app_begin ] --END-- [ RunTime:0.000626s ]
SQL: SHOW COLUMNS FROM `p_exper` [ RunTime:0.0052s ]
SQL: SELECT * FROM `p_exper` WHERE `del` = 0  [ RunTime:0.0006s ]
INFO: [ view_parse ] --START--
INFO: [ template_filter ] --START--
INFO: Run Behavior\ContentReplaceBehavior [ RunTime:0.000099s ]
INFO: [ template_filter ] --END-- [ RunTime:0.000197s ]
NOTIC: [8] Undefined index: id D:\wamp\www\Hit\Application\Runtime\Cache\Home\f7c41315f37948de092bd72800eaef1d.php 第 26 行.
NOTIC: [8] Undefined index: group_id D:\wamp\www\Hit\Application\Runtime\Cache\Home\f7c41315f37948de092bd72800eaef1d.php 第 55 行.
INFO: Run Behavior\ParseTemplateBehavior [ RunTime:0.015450s ]
INFO: [ view_parse ] --END-- [ RunTime:0.015587s ]
INFO: [ view_filter ] --START--
INFO: Run Behavior\WriteHtmlCacheBehavior [ RunTime:0.000339s ]
INFO: Run Behavior\TokenBuildBehavior [ RunTime:0.001258s ]
INFO: [ view_filter ] --END-- [ RunTime:0.001814s ]
INFO: [ app_end ] --START--
INFO: Run Behavior\ShowPageTraceBehavior [ RunTime:0.000920s ]
INFO: [ app_end ] --END-- [ RunTime:0.001027s ]

[ 2016-03-20T00:03:16+08:00 ] ::1 /Hit/index.php/Home/Exper/clickNum
INFO: [ app_init ] --START--
INFO: Run Behavior\BuildLiteBehavior [ RunTime:0.000040s ]
INFO: [ app_init ] --END-- [ RunTime:0.000658s ]
INFO: [ app_begin ] --START--
INFO: Run Behavior\ReadHtmlCacheBehavior [ RunTime:0.001096s ]
INFO: [ app_begin ] --END-- [ RunTime:0.001285s ]
SQL: SHOW COLUMNS FROM `p_exper` [ RunTime:0.0052s ]
SQL: SELECT `click` FROM `p_exper` WHERE `id` = 0 LIMIT 1   [ RunTime:0.0002s ]
SQL: UPDATE `p_exper` SET `click`=click+1 WHERE `id` = 0 [ RunTime:0.0002s ]
INFO: [ app_end ] --START--
INFO: Run Behavior\ShowPageTraceBehavior [ RunTime:0.001178s ]
INFO: [ app_end ] --END-- [ RunTime:0.001333s ]

[ 2016-03-20T00:03:17+08:00 ] ::1 /Hit/index.php/Home/Exper/one/id/16?id=16
INFO: [ app_init ] --START--
INFO: Run Behavior\BuildLiteBehavior [ RunTime:0.000166s ]
INFO: [ app_init ] --END-- [ RunTime:0.001572s ]
INFO: [ app_begin ] --START--
INFO: Run Behavior\ReadHtmlCacheBehavior [ RunTime:0.000818s ]
INFO: [ app_begin ] --END-- [ RunTime:0.000984s ]
SQL: SHOW COLUMNS FROM `p_exper` [ RunTime:0.0062s ]
SQL: SELECT * FROM `p_exper` WHERE `id` = 16  [ RunTime:0.0006s ]
SQL: SELECT * FROM `p_exper` ORDER BY click desc LIMIT 8   [ RunTime:0.0006s ]
SQL: SHOW COLUMNS FROM `p_say` [ RunTime:0.0075s ]
SQL: SHOW COLUMNS FROM `p_user` [ RunTime:0.0059s ]
SQL: SELECT say.id AS id,say.content AS content,say.time AS time,say.uid AS uid,say.bid AS bid,say.eid AS eid,say.youke AS youke,user.username AS username,user.avater_path AS avater_path,user.sign AS sign,user.location AS location FROM p_say say LEFT JOIN p_user user ON say.uid = user.id WHERE say.eid = '16'  [ RunTime:0.0006s ]
INFO: [ view_parse ] --START--
INFO: [ template_filter ] --START--
INFO: Run Behavior\ContentReplaceBehavior [ RunTime:0.000184s ]
INFO: [ template_filter ] --END-- [ RunTime:0.000353s ]
NOTIC: [8] Undefined index: group_id D:\wamp\www\Hit\Application\Runtime\Cache\Home\f6cd6e1788782ee84575d142e0beec1e.php 第 37 行.
NOTIC: [8] Use of undefined constant experpic - assumed 'experpic' D:\wamp\www\Hit\Application\Runtime\Cache\Home\f6cd6e1788782ee84575d142e0beec1e.php 第 63 行.
NOTIC: [8] Use of undefined constant avater_path - assumed 'avater_path' D:\wamp\www\Hit\Application\Runtime\Cache\Home\f6cd6e1788782ee84575d142e0beec1e.php 第 96 行.
NOTIC: [8] Undefined variable: vo D:\wamp\www\Hit\Application\Runtime\Cache\Home\f6cd6e1788782ee84575d142e0beec1e.php 第 96 行.
NOTIC: [8] Undefined variable: vo D:\wamp\www\Hit\Application\Runtime\Cache\Home\f6cd6e1788782ee84575d142e0beec1e.php 第 103 行.
NOTIC: [8] Undefined variable: vo D:\wamp\www\Hit\Application\Runtime\Cache\Home\f6cd6e1788782ee84575d142e0beec1e.php 第 103 行.
NOTIC: [8] Undefined variable: vo D:\wamp\www\Hit\Application\Runtime\Cache\Home\f6cd6e1788782ee84575d142e0beec1e.php 第 103 行.
NOTIC: [8] Undefined variable: vo D:\wamp\www\Hit\Application\Runtime\Cache\Home\f6cd6e1788782ee84575d142e0beec1e.php 第 104 行.
NOTIC: [8] Undefined variable: selfadd D:\wamp\www\Hit\Application\Runtime\Cache\Home\f6cd6e1788782ee84575d142e0beec1e.php 第 109 行.
NOTIC: [8] Use of undefined constant avater_path - assumed 'avater_path' D:\wamp\www\Hit\Application\Runtime\Cache\Home\f6cd6e1788782ee84575d142e0beec1e.php 第 124 行.
NOTIC: [8] Undefined variable: selfadd D:\wamp\www\Hit\Application\Runtime\Cache\Home\f6cd6e1788782ee84575d142e0beec1e.php 第 137 行.
NOTIC: [8] Undefined variable: id D:\wamp\www\Hit\Application\Runtime\Cache\Home\f6cd6e1788782ee84575d142e0beec1e.php 第 151 行.
NOTIC: [8] Use of undefined constant experpic - assumed 'experpic' D:\wamp\www\Hit\Application\Runtime\Cache\Home\f6cd6e1788782ee84575d142e0beec1e.php 第 158 行.
NOTIC: [8] Use of undefined constant experpic - assumed 'experpic' D:\wamp\www\Hit\Application\Runtime\Cache\Home\f6cd6e1788782ee84575d142e0beec1e.php 第 158 行.
NOTIC: [8] Use of undefined constant experpic - assumed 'experpic' D:\wamp\www\Hit\Application\Runtime\Cache\Home\f6cd6e1788782ee84575d142e0beec1e.php 第 158 行.
NOTIC: [8] Use of undefined constant experpic - assumed 'experpic' D:\wamp\www\Hit\Application\Runtime\Cache\Home\f6cd6e1788782ee84575d142e0beec1e.php 第 158 行.
NOTIC: [8] Use of undefined constant experpic - assumed 'experpic' D:\wamp\www\Hit\Application\Runtime\Cache\Home\f6cd6e1788782ee84575d142e0beec1e.php 第 158 行.
NOTIC: [8] Use of undefined constant experpic - assumed 'experpic' D:\wamp\www\Hit\Application\Runtime\Cache\Home\f6cd6e1788782ee84575d142e0beec1e.php 第 158 行.
NOTIC: [8] Use of undefined constant experpic - assumed 'experpic' D:\wamp\www\Hit\Application\Runtime\Cache\Home\f6cd6e1788782ee84575d142e0beec1e.php 第 158 行.
NOTIC: [8] Use of undefined constant experpic - assumed 'experpic' D:\wamp\www\Hit\Application\Runtime\Cache\Home\f6cd6e1788782ee84575d142e0beec1e.php 第 158 行.
INFO: Run Behavior\ParseTemplateBehavior [ RunTime:0.029401s ]
INFO: [ view_parse ] --END-- [ RunTime:0.029528s ]
INFO: [ view_filter ] --START--
INFO: Run Behavior\WriteHtmlCacheBehavior [ RunTime:0.000348s ]
INFO: Run Behavior\TokenBuildBehavior [ RunTime:0.001506s ]
INFO: [ view_filter ] --END-- [ RunTime:0.002048s ]
INFO: [ app_end ] --START--
INFO: Run Behavior\ShowPageTraceBehavior [ RunTime:0.001043s ]
INFO: [ app_end ] --END-- [ RunTime:0.001195s ]

[ 2016-03-20T00:03:17+08:00 ] ::1 /Hit/index.php/Home/Exper/clickNum/id/16
INFO: [ app_init ] --START--
INFO: Run Behavior\BuildLiteBehavior [ RunTime:0.000035s ]
INFO: [ app_init ] --END-- [ RunTime:0.000665s ]
INFO: [ app_begin ] --START--
INFO: Run Behavior\ReadHtmlCacheBehavior [ RunTime:0.003014s ]
INFO: [ app_begin ] --END-- [ RunTime:0.003342s ]
SQL: SHOW COLUMNS FROM `p_exper` [ RunTime:0.0059s ]
SQL: SELECT `click` FROM `p_exper` WHERE `id` = 16 LIMIT 1   [ RunTime:0.0003s ]
SQL: UPDATE `p_exper` SET `click`=click+1 WHERE `id` = 16 [ RunTime:0.0003s ]
INFO: [ app_end ] --START--
INFO: Run Behavior\ShowPageTraceBehavior [ RunTime:0.001314s ]
INFO: [ app_end ] --END-- [ RunTime:0.001470s ]

[ 2016-03-20T00:04:54+08:00 ] ::1 /Hit/index.php/Home/Share/index
INFO: [ app_init ] --START--
INFO: Run Behavior\BuildLiteBehavior [ RunTime:0.000024s ]
INFO: [ app_init ] --END-- [ RunTime:0.000467s ]
INFO: [ app_begin ] --START--
INFO: Run Behavior\ReadHtmlCacheBehavior [ RunTime:0.000890s ]
INFO: [ app_begin ] --END-- [ RunTime:0.001017s ]
SQL: SHOW COLUMNS FROM `p_share` [ RunTime:0.0051s ]
SQL: SELECT * FROM `p_share` WHERE `sta` = 2  [ RunTime:0.0004s ]
SQL: SELECT * FROM `p_share` WHERE `sta` = 1  [ RunTime:0.0002s ]
SQL: SELECT * FROM `p_share` WHERE `sta` = 3  [ RunTime:0.0002s ]
INFO: [ view_parse ] --START--
INFO: [ template_filter ] --START--
INFO: Run Behavior\ContentReplaceBehavior [ RunTime:0.000088s ]
INFO: [ template_filter ] --END-- [ RunTime:0.000185s ]
NOTIC: [8] Undefined index: group_id D:\wamp\www\Hit\Application\Runtime\Cache\Home\ebf14e25328f70423c0b1406e4559d36.php 第 33 行.
INFO: Run Behavior\ParseTemplateBehavior [ RunTime:0.020388s ]
INFO: [ view_parse ] --END-- [ RunTime:0.020515s ]
INFO: [ view_filter ] --START--
INFO: Run Behavior\WriteHtmlCacheBehavior [ RunTime:0.000684s ]
INFO: Run Behavior\TokenBuildBehavior [ RunTime:0.000917s ]
INFO: [ view_filter ] --END-- [ RunTime:0.001762s ]
INFO: [ app_end ] --START--
INFO: Run Behavior\ShowPageTraceBehavior [ RunTime:0.000747s ]
INFO: [ app_end ] --END-- [ RunTime:0.000836s ]

[ 2016-03-20T00:04:58+08:00 ] ::1 /Hit/index.php/Home/Exper/index
INFO: [ app_init ] --START--
INFO: Run Behavior\BuildLiteBehavior [ RunTime:0.000036s ]
INFO: [ app_init ] --END-- [ RunTime:0.000666s ]
INFO: [ app_begin ] --START--
INFO: Run Behavior\ReadHtmlCacheBehavior [ RunTime:0.000755s ]
INFO: [ app_begin ] --END-- [ RunTime:0.000872s ]
SQL: SHOW COLUMNS FROM `p_exper` [ RunTime:0.0079s ]
SQL: SELECT * FROM `p_exper` WHERE `del` = 0  [ RunTime:0.0004s ]
INFO: [ view_parse ] --START--
INFO: [ template_filter ] --START--
INFO: Run Behavior\ContentReplaceBehavior [ RunTime:0.000191s ]
INFO: [ template_filter ] --END-- [ RunTime:0.000374s ]
NOTIC: [8] Undefined index: id D:\wamp\www\Hit\Application\Runtime\Cache\Home\f7c41315f37948de092bd72800eaef1d.php 第 26 行.
NOTIC: [8] Undefined index: group_id D:\wamp\www\Hit\Application\Runtime\Cache\Home\f7c41315f37948de092bd72800eaef1d.php 第 55 行.
INFO: Run Behavior\ParseTemplateBehavior [ RunTime:0.016215s ]
INFO: [ view_parse ] --END-- [ RunTime:0.016361s ]
INFO: [ view_filter ] --START--
INFO: Run Behavior\WriteHtmlCacheBehavior [ RunTime:0.000756s ]
INFO: Run Behavior\TokenBuildBehavior [ RunTime:0.001455s ]
INFO: [ view_filter ] --END-- [ RunTime:0.002437s ]
INFO: [ app_end ] --START--
INFO: Run Behavior\ShowPageTraceBehavior [ RunTime:0.001177s ]
INFO: [ app_end ] --END-- [ RunTime:0.001329s ]

[ 2016-03-20T00:04:58+08:00 ] ::1 /Hit/index.php/Home/Exper/clickNum
INFO: [ app_init ] --START--
INFO: Run Behavior\BuildLiteBehavior [ RunTime:0.000048s ]
INFO: [ app_init ] --END-- [ RunTime:0.000754s ]
INFO: [ app_begin ] --START--
INFO: Run Behavior\ReadHtmlCacheBehavior [ RunTime:0.001242s ]
INFO: [ app_begin ] --END-- [ RunTime:0.001429s ]
SQL: SHOW COLUMNS FROM `p_exper` [ RunTime:0.0043s ]
SQL: SELECT `click` FROM `p_exper` WHERE `id` = 0 LIMIT 1   [ RunTime:0.0005s ]
SQL: UPDATE `p_exper` SET `click`=click+1 WHERE `id` = 0 [ RunTime:0.0003s ]
INFO: [ app_end ] --START--
INFO: Run Behavior\ShowPageTraceBehavior [ RunTime:0.001225s ]
INFO: [ app_end ] --END-- [ RunTime:0.001357s ]

[ 2016-03-20T00:05:00+08:00 ] ::1 /Hit/index.php/Home/Blog/index
INFO: [ app_init ] --START--
INFO: Run Behavior\BuildLiteBehavior [ RunTime:0.000040s ]
INFO: [ app_init ] --END-- [ RunTime:0.000699s ]
INFO: [ app_begin ] --START--
INFO: Run Behavior\ReadHtmlCacheBehavior [ RunTime:0.001160s ]
INFO: [ app_begin ] --END-- [ RunTime:0.001330s ]
SQL: SHOW COLUMNS FROM `p_cate` [ RunTime:0.0042s ]
SQL: SELECT * FROM `p_cate` ORDER BY sort asc  [ RunTime:0.0004s ]
INFO: [ view_parse ] --START--
INFO: [ template_filter ] --START--
INFO: Run Behavior\ContentReplaceBehavior [ RunTime:0.000072s ]
INFO: [ template_filter ] --END-- [ RunTime:0.000175s ]
NOTIC: [8] Undefined variable: blog D:\wamp\www\Hit\Application\Runtime\Cache\Home\6d164f7c2f6ca2370f3ab6859ad5b9d7.php 第 9 行.
NOTIC: [8] Undefined index: group_id D:\wamp\www\Hit\Application\Runtime\Cache\Home\6d164f7c2f6ca2370f3ab6859ad5b9d7.php 第 36 行.
INFO: Run Behavior\ParseTemplateBehavior [ RunTime:0.018968s ]
INFO: [ view_parse ] --END-- [ RunTime:0.019167s ]
INFO: [ view_filter ] --START--
INFO: Run Behavior\WriteHtmlCacheBehavior [ RunTime:0.000950s ]
INFO: Run Behavior\TokenBuildBehavior [ RunTime:0.001734s ]
INFO: [ view_filter ] --END-- [ RunTime:0.002997s ]
INFO: [ app_end ] --START--
INFO: Run Behavior\ShowPageTraceBehavior [ RunTime:0.001190s ]
INFO: [ app_end ] --END-- [ RunTime:0.001363s ]

[ 2016-03-20T00:05:00+08:00 ] ::1 /Hit/index.php/Home/Blog/clickNum
INFO: [ app_init ] --START--
INFO: Run Behavior\BuildLiteBehavior [ RunTime:0.000038s ]
INFO: [ app_init ] --END-- [ RunTime:0.000729s ]
INFO: [ app_begin ] --START--
INFO: Run Behavior\ReadHtmlCacheBehavior [ RunTime:0.001577s ]
INFO: [ app_begin ] --END-- [ RunTime:0.001816s ]
SQL: SHOW COLUMNS FROM `p_blog` [ RunTime:0.0046s ]
SQL: SELECT `click` FROM `p_blog` WHERE `id` = 0 LIMIT 1   [ RunTime:0.0004s ]
SQL: UPDATE `p_blog` SET `click`=click+1 WHERE `id` = 0 [ RunTime:0.0005s ]
INFO: [ app_end ] --START--
INFO: Run Behavior\ShowPageTraceBehavior [ RunTime:0.000935s ]
INFO: [ app_end ] --END-- [ RunTime:0.001036s ]

[ 2016-03-20T00:05:21+08:00 ] ::1 /Hit/index.php/Home/Exper/index
INFO: [ app_init ] --START--
INFO: Run Behavior\BuildLiteBehavior [ RunTime:0.000025s ]
INFO: [ app_init ] --END-- [ RunTime:0.000448s ]
INFO: [ app_begin ] --START--
INFO: Run Behavior\ReadHtmlCacheBehavior [ RunTime:0.000892s ]
INFO: [ app_begin ] --END-- [ RunTime:0.001054s ]
SQL: SHOW COLUMNS FROM `p_exper` [ RunTime:0.0052s ]
SQL: SELECT * FROM `p_exper` WHERE `del` = 0  [ RunTime:0.0004s ]
INFO: [ view_parse ] --START--
INFO: [ template_filter ] --START--
INFO: Run Behavior\ContentReplaceBehavior [ RunTime:0.000103s ]
INFO: [ template_filter ] --END-- [ RunTime:0.000212s ]
NOTIC: [8] Undefined index: id D:\wamp\www\Hit\Application\Runtime\Cache\Home\f7c41315f37948de092bd72800eaef1d.php 第 26 行.
NOTIC: [8] Undefined index: group_id D:\wamp\www\Hit\Application\Runtime\Cache\Home\f7c41315f37948de092bd72800eaef1d.php 第 55 行.
INFO: Run Behavior\ParseTemplateBehavior [ RunTime:0.015336s ]
INFO: [ view_parse ] --END-- [ RunTime:0.015471s ]
INFO: [ view_filter ] --START--
INFO: Run Behavior\WriteHtmlCacheBehavior [ RunTime:0.000557s ]
INFO: Run Behavior\TokenBuildBehavior [ RunTime:0.001021s ]
INFO: [ view_filter ] --END-- [ RunTime:0.001718s ]
INFO: [ app_end ] --START--
INFO: Run Behavior\ShowPageTraceBehavior [ RunTime:0.000774s ]
INFO: [ app_end ] --END-- [ RunTime:0.000865s ]

[ 2016-03-20T00:05:21+08:00 ] ::1 /Hit/index.php/Home/Exper/clickNum
INFO: [ app_init ] --START--
INFO: Run Behavior\BuildLiteBehavior [ RunTime:0.000042s ]
INFO: [ app_init ] --END-- [ RunTime:0.000698s ]
INFO: [ app_begin ] --START--
INFO: Run Behavior\ReadHtmlCacheBehavior [ RunTime:0.001407s ]
INFO: [ app_begin ] --END-- [ RunTime:0.001669s ]
SQL: SHOW COLUMNS FROM `p_exper` [ RunTime:0.0062s ]
SQL: SELECT `click` FROM `p_exper` WHERE `id` = 0 LIMIT 1   [ RunTime:0.0003s ]
SQL: UPDATE `p_exper` SET `click`=click+1 WHERE `id` = 0 [ RunTime:0.0004s ]
INFO: [ app_end ] --START--
INFO: Run Behavior\ShowPageTraceBehavior [ RunTime:0.001029s ]
INFO: [ app_end ] --END-- [ RunTime:0.001137s ]

[ 2016-03-20T00:05:22+08:00 ] ::1 /Hit/index.php/Home/Share/index
INFO: [ app_init ] --START--
INFO: Run Behavior\BuildLiteBehavior [ RunTime:0.000040s ]
INFO: [ app_init ] --END-- [ RunTime:0.000695s ]
INFO: [ app_begin ] --START--
INFO: Run Behavior\ReadHtmlCacheBehavior [ RunTime:0.001512s ]
INFO: [ app_begin ] --END-- [ RunTime:0.001706s ]
SQL: SHOW COLUMNS FROM `p_share` [ RunTime:0.0098s ]
SQL: SELECT * FROM `p_share` WHERE `sta` = 2  [ RunTime:0.0004s ]
SQL: SELECT * FROM `p_share` WHERE `sta` = 1  [ RunTime:0.0002s ]
SQL: SELECT * FROM `p_share` WHERE `sta` = 3  [ RunTime:0.0002s ]
INFO: [ view_parse ] --START--
INFO: [ template_filter ] --START--
INFO: Run Behavior\ContentReplaceBehavior [ RunTime:0.000094s ]
INFO: [ template_filter ] --END-- [ RunTime:0.000204s ]
NOTIC: [8] Undefined index: group_id D:\wamp\www\Hit\Application\Runtime\Cache\Home\ebf14e25328f70423c0b1406e4559d36.php 第 33 行.
INFO: Run Behavior\ParseTemplateBehavior [ RunTime:0.022747s ]
INFO: [ view_parse ] --END-- [ RunTime:0.022891s ]
INFO: [ view_filter ] --START--
INFO: Run Behavior\WriteHtmlCacheBehavior [ RunTime:0.000952s ]
INFO: Run Behavior\TokenBuildBehavior [ RunTime:0.000992s ]
INFO: [ view_filter ] --END-- [ RunTime:0.002153s ]
INFO: [ app_end ] --START--
INFO: Run Behavior\ShowPageTraceBehavior [ RunTime:0.000805s ]
INFO: [ app_end ] --END-- [ RunTime:0.000918s ]

[ 2016-03-20T00:05:23+08:00 ] ::1 /Hit/index.php/Home/Search/index
INFO: [ app_init ] --START--
INFO: Run Behavior\BuildLiteBehavior [ RunTime:0.000035s ]
INFO: [ app_init ] --END-- [ RunTime:0.000669s ]
INFO: [ app_begin ] --START--
INFO: Run Behavior\ReadHtmlCacheBehavior [ RunTime:0.001052s ]
INFO: [ app_begin ] --END-- [ RunTime:0.001214s ]
ERR: 非法操作:index

[ 2016-03-20T00:07:21+08:00 ] ::1 /Hit/index.php/Home/Share/index
INFO: [ app_init ] --START--
INFO: Run Behavior\BuildLiteBehavior [ RunTime:0.000041s ]
INFO: [ app_init ] --END-- [ RunTime:0.000531s ]
INFO: [ app_begin ] --START--
INFO: Run Behavior\ReadHtmlCacheBehavior [ RunTime:0.001130s ]
INFO: [ app_begin ] --END-- [ RunTime:0.001295s ]
SQL: SHOW COLUMNS FROM `p_share` [ RunTime:0.0044s ]
SQL: SELECT * FROM `p_share` WHERE `sta` = 2  [ RunTime:0.0004s ]
SQL: SELECT * FROM `p_share` WHERE `sta` = 1  [ RunTime:0.0003s ]
SQL: SELECT * FROM `p_share` WHERE `sta` = 3  [ RunTime:0.0003s ]
INFO: [ view_parse ] --START--
INFO: [ template_filter ] --START--
INFO: Run Behavior\ContentReplaceBehavior [ RunTime:0.000091s ]
INFO: [ template_filter ] --END-- [ RunTime:0.000216s ]
NOTIC: [8] Undefined index: group_id D:\wamp\www\Hit\Application\Runtime\Cache\Home\ebf14e25328f70423c0b1406e4559d36.php 第 33 行.
INFO: Run Behavior\ParseTemplateBehavior [ RunTime:0.023003s ]
INFO: [ view_parse ] --END-- [ RunTime:0.023132s ]
INFO: [ view_filter ] --START--
INFO: Run Behavior\WriteHtmlCacheBehavior [ RunTime:0.000563s ]
INFO: Run Behavior\TokenBuildBehavior [ RunTime:0.000869s ]
INFO: [ view_filter ] --END-- [ RunTime:0.001568s ]
INFO: [ app_end ] --START--
INFO: Run Behavior\ShowPageTraceBehavior [ RunTime:0.001009s ]
INFO: [ app_end ] --END-- [ RunTime:0.001139s ]

[ 2016-03-20T00:07:22+08:00 ] ::1 /Hit/index.php/Home/Search/sechUser
INFO: [ app_init ] --START--
INFO: Run Behavior\BuildLiteBehavior [ RunTime:0.000025s ]
INFO: [ app_init ] --END-- [ RunTime:0.000455s ]
INFO: [ app_begin ] --START--
INFO: Run Behavior\ReadHtmlCacheBehavior [ RunTime:0.000816s ]
INFO: [ app_begin ] --END-- [ RunTime:0.000928s ]
NOTIC: [8] Undefined index: keyword D:\wamp\www\Hit\Application\Home\Controller\SearchController.class.php 第 45 行.
NOTIC: [8] Undefined index: keyword D:\wamp\www\Hit\Application\Home\Controller\SearchController.class.php 第 45 行.
INFO: [ view_parse ] --START--
NOTIC: [2] file_get_contents(./Application/Home/View/Common/left.html): failed to open stream: No such file or directory D:\wamp\www\Hit\ThinkPHP\Library\Think\Template.class.php 第 696 行.
INFO: [ template_filter ] --START--
INFO: Run Behavior\ContentReplaceBehavior [ RunTime:0.000085s ]
INFO: [ template_filter ] --END-- [ RunTime:0.000185s ]
SQL: SHOW COLUMNS FROM `p_group` [ RunTime:0.0079s ]
SQL: SELECT * FROM `p_group` WHERE `uid` = 52  [ RunTime:0.0643s ]
INFO: Run Behavior\ParseTemplateBehavior [ RunTime:0.100675s ]
INFO: [ view_parse ] --END-- [ RunTime:0.100794s ]
INFO: [ view_filter ] --START--
INFO: Run Behavior\WriteHtmlCacheBehavior [ RunTime:0.000825s ]
INFO: Run Behavior\TokenBuildBehavior [ RunTime:0.001057s ]
INFO: [ view_filter ] --END-- [ RunTime:0.002135s ]
INFO: [ app_end ] --START--
INFO: Run Behavior\ShowPageTraceBehavior [ RunTime:0.001237s ]
INFO: [ app_end ] --END-- [ RunTime:0.001431s ]

[ 2016-03-20T00:07:28+08:00 ] ::1 /Hit/index.php/Home/Search/sechUser?keyword=%E9%B9%8F&__hash__=911a381a9576bb4a6b83fae6f179b31c_262d40ccb6262563b99a2f4419cde7e5
INFO: [ app_init ] --START--
INFO: Run Behavior\BuildLiteBehavior [ RunTime:0.000025s ]
INFO: [ app_init ] --END-- [ RunTime:0.000458s ]
INFO: [ app_begin ] --START--
INFO: Run Behavior\ReadHtmlCacheBehavior [ RunTime:0.000685s ]
INFO: [ app_begin ] --END-- [ RunTime:0.000788s ]
SQL: SHOW COLUMNS FROM `p_user` [ RunTime:0.0159s ]
SQL: SELECT COUNT(id) AS tp_count FROM `p_user` WHERE `username` LIKE '%鹏%' AND `id` <> '52' LIMIT 1   [ RunTime:0.0005s ]
SQL: SELECT `id`,`username`,`sex`,`location`,`sign`,`avater_path`,`follow`,`fans` FROM `p_user` WHERE `username` LIKE '%鹏%' AND `id` <> '52' LIMIT 0,2   [ RunTime:0.0005s ]
INFO: [ view_parse ] --START--
NOTIC: [2] file_get_contents(./Application/Home/View/Common/left.html): failed to open stream: No such file or directory D:\wamp\www\Hit\ThinkPHP\Library\Think\Template.class.php 第 696 行.
INFO: [ template_filter ] --START--
INFO: Run Behavior\ContentReplaceBehavior [ RunTime:0.000090s ]
INFO: [ template_filter ] --END-- [ RunTime:0.000228s ]
SQL: SHOW COLUMNS FROM `p_group` [ RunTime:0.0039s ]
SQL: SELECT * FROM `p_group` WHERE `uid` = 52  [ RunTime:0.0004s ]
INFO: Run Behavior\ParseTemplateBehavior [ RunTime:0.028149s ]
INFO: [ view_parse ] --END-- [ RunTime:0.028322s ]
INFO: [ view_filter ] --START--
INFO: Run Behavior\WriteHtmlCacheBehavior [ RunTime:0.000854s ]
INFO: Run Behavior\TokenBuildBehavior [ RunTime:0.001108s ]
INFO: [ view_filter ] --END-- [ RunTime:0.002222s ]
INFO: [ app_end ] --START--
INFO: Run Behavior\ShowPageTraceBehavior [ RunTime:0.001053s ]
INFO: [ app_end ] --END-- [ RunTime:0.001207s ]

[ 2016-03-20T00:07:33+08:00 ] ::1 /Hit/index.php/Home/Search/sechUser?keyword=test&__hash__=32d646006a1bf468b81ededfb5dc0cd9_269c35db2565e8c1a5350eed32438f8b
INFO: [ app_init ] --START--
INFO: Run Behavior\BuildLiteBehavior [ RunTime:0.000024s ]
INFO: [ app_init ] --END-- [ RunTime:0.000421s ]
INFO: [ app_begin ] --START--
INFO: Run Behavior\ReadHtmlCacheBehavior [ RunTime:0.000550s ]
INFO: [ app_begin ] --END-- [ RunTime:0.000649s ]
SQL: SHOW COLUMNS FROM `p_user` [ RunTime:0.0620s ]
SQL: SELECT COUNT(id) AS tp_count FROM `p_user` WHERE `username` LIKE '%test%' AND `id` <> '52' LIMIT 1   [ RunTime:0.0004s ]
SQL: SELECT `id`,`username`,`sex`,`location`,`sign`,`avater_path`,`follow`,`fans` FROM `p_user` WHERE `username` LIKE '%test%' AND `id` <> '52' LIMIT 0,2   [ RunTime:0.0003s ]
SQL: SHOW COLUMNS FROM `p_follow` [ RunTime:0.0367s ]
SQL: (SELECT `follow` FROM `p_follow` WHERE `follow` = 50 AND `fans` = 52) UNION (SELECT `follow` FROM `p_follow` WHERE `follow` = 52 AND `fans` = 50) [ RunTime:0.0547s ]
SQL: SELECT COUNT(*) AS tp_count FROM `p_follow` WHERE `follow` = 50 AND `fans` = 52 LIMIT 1   [ RunTime:0.0003s ]
SQL: (SELECT `follow` FROM `p_follow` WHERE `follow` = 51 AND `fans` = 52) UNION (SELECT `follow` FROM `p_follow` WHERE `follow` = 52 AND `fans` = 51) [ RunTime:0.0004s ]
SQL: SELECT COUNT(*) AS tp_count FROM `p_follow` WHERE `follow` = 51 AND `fans` = 52 LIMIT 1   [ RunTime:0.0002s ]
NOTIC: [8] Undefined variable: page D:\wamp\www\Hit\ThinkPHP\Library\Think\Page.class.php 第 134 行.
INFO: [ view_parse ] --START--
NOTIC: [2] file_get_contents(./Application/Home/View/Common/left.html): failed to open stream: No such file or directory D:\wamp\www\Hit\ThinkPHP\Library\Think\Template.class.php 第 696 行.
INFO: [ template_filter ] --START--
INFO: Run Behavior\ContentReplaceBehavior [ RunTime:0.000090s ]
INFO: [ template_filter ] --END-- [ RunTime:0.000206s ]
NOTIC: [8] Undefined index: weibo D:\wamp\www\Hit\Application\Runtime\Cache\Home\5fa0010deefef581f418d2f12f6248b5.php 第 60 行.
NOTIC: [8] Undefined index: uid D:\wamp\www\Hit\Application\Runtime\Cache\Home\5fa0010deefef581f418d2f12f6248b5.php 第 71 行.
NOTIC: [8] Undefined index: weibo D:\wamp\www\Hit\Application\Runtime\Cache\Home\5fa0010deefef581f418d2f12f6248b5.php 第 60 行.
NOTIC: [8] Undefined index: uid D:\wamp\www\Hit\Application\Runtime\Cache\Home\5fa0010deefef581f418d2f12f6248b5.php 第 71 行.
SQL: SHOW COLUMNS FROM `p_group` [ RunTime:0.0042s ]
SQL: SELECT * FROM `p_group` WHERE `uid` = 52  [ RunTime:0.0003s ]
INFO: Run Behavior\ParseTemplateBehavior [ RunTime:0.025266s ]
INFO: [ view_parse ] --END-- [ RunTime:0.025389s ]
INFO: [ view_filter ] --START--
INFO: Run Behavior\WriteHtmlCacheBehavior [ RunTime:0.000462s ]
INFO: Run Behavior\TokenBuildBehavior [ RunTime:0.001014s ]
INFO: [ view_filter ] --END-- [ RunTime:0.001675s ]
INFO: [ app_end ] --START--
INFO: Run Behavior\ShowPageTraceBehavior [ RunTime:0.000721s ]
INFO: [ app_end ] --END-- [ RunTime:0.000811s ]

[ 2016-03-20T00:07:37+08:00 ] ::1 /Hit/index.php/Home/Search/sechUser/keyword/test/__hash__/32d646006a1bf468b81ededfb5dc0cd9_269c35db2565e8c1a5350eed32438f8b/p/2
INFO: [ app_init ] --START--
INFO: Run Behavior\BuildLiteBehavior [ RunTime:0.000039s ]
INFO: [ app_init ] --END-- [ RunTime:0.000646s ]
INFO: [ app_begin ] --START--
INFO: Run Behavior\ReadHtmlCacheBehavior [ RunTime:0.000791s ]
INFO: [ app_begin ] --END-- [ RunTime:0.000950s ]
SQL: SHOW COLUMNS FROM `p_user` [ RunTime:0.0052s ]
SQL: SELECT COUNT(id) AS tp_count FROM `p_user` WHERE `username` LIKE '%test%' AND `id` <> '52' LIMIT 1   [ RunTime:0.0004s ]
SQL: SELECT `id`,`username`,`sex`,`location`,`sign`,`avater_path`,`follow`,`fans` FROM `p_user` WHERE `username` LIKE '%test%' AND `id` <> '52' LIMIT 2,2   [ RunTime:0.0003s ]
SQL: SHOW COLUMNS FROM `p_follow` [ RunTime:0.0044s ]
SQL: (SELECT `follow` FROM `p_follow` WHERE `follow` = 53 AND `fans` = 52) UNION (SELECT `follow` FROM `p_follow` WHERE `follow` = 52 AND `fans` = 53) [ RunTime:0.0004s ]
SQL: SELECT COUNT(*) AS tp_count FROM `p_follow` WHERE `follow` = 53 AND `fans` = 52 LIMIT 1   [ RunTime:0.0002s ]
NOTIC: [8] Undefined variable: page D:\wamp\www\Hit\ThinkPHP\Library\Think\Page.class.php 第 134 行.
INFO: [ view_parse ] --START--
NOTIC: [2] file_get_contents(./Application/Home/View/Common/left.html): failed to open stream: No such file or directory D:\wamp\www\Hit\ThinkPHP\Library\Think\Template.class.php 第 696 行.
INFO: [ template_filter ] --START--
INFO: Run Behavior\ContentReplaceBehavior [ RunTime:0.000091s ]
INFO: [ template_filter ] --END-- [ RunTime:0.000201s ]
NOTIC: [8] Undefined index: weibo D:\wamp\www\Hit\Application\Runtime\Cache\Home\5fa0010deefef581f418d2f12f6248b5.php 第 60 行.
NOTIC: [8] Undefined index: uid D:\wamp\www\Hit\Application\Runtime\Cache\Home\5fa0010deefef581f418d2f12f6248b5.php 第 71 行.
SQL: SHOW COLUMNS FROM `p_group` [ RunTime:0.0061s ]
SQL: SELECT * FROM `p_group` WHERE `uid` = 52  [ RunTime:0.0003s ]
INFO: Run Behavior\ParseTemplateBehavior [ RunTime:0.024862s ]
INFO: [ view_parse ] --END-- [ RunTime:0.025008s ]
INFO: [ view_filter ] --START--
INFO: Run Behavior\WriteHtmlCacheBehavior [ RunTime:0.000406s ]
INFO: Run Behavior\TokenBuildBehavior [ RunTime:0.000736s ]
INFO: [ view_filter ] --END-- [ RunTime:0.001294s ]
INFO: [ app_end ] --START--
INFO: Run Behavior\ShowPageTraceBehavior [ RunTime:0.000905s ]
INFO: [ app_end ] --END-- [ RunTime:0.001022s ]

[ 2016-03-20T00:23:47+08:00 ] ::1 /Hit/index.php/Home
INFO: [ app_init ] --START--
INFO: Run Behavior\BuildLiteBehavior [ RunTime:0.000025s ]
INFO: [ app_init ] --END-- [ RunTime:0.000491s ]
INFO: [ app_begin ] --START--
INFO: Run Behavior\ReadHtmlCacheBehavior [ RunTime:0.000804s ]
INFO: [ app_begin ] --END-- [ RunTime:0.000921s ]
INFO: [ view_parse ] --START--
INFO: [ template_filter ] --START--
INFO: Run Behavior\ContentReplaceBehavior [ RunTime:0.000174s ]
INFO: [ template_filter ] --END-- [ RunTime:0.000275s ]
NOTIC: [8] Undefined index: group_id D:\wamp\www\Hit\Application\Runtime\Cache\Home\2a94b8bda04ff446dcedd42276fc99ee.php 第 56 行.
INFO: Run Behavior\ParseTemplateBehavior [ RunTime:0.018279s ]
INFO: [ view_parse ] --END-- [ RunTime:0.018426s ]
INFO: [ view_filter ] --START--
INFO: Run Behavior\WriteHtmlCacheBehavior [ RunTime:0.000532s ]
INFO: Run Behavior\TokenBuildBehavior [ RunTime:0.001693s ]
INFO: [ view_filter ] --END-- [ RunTime:0.002442s ]
INFO: [ app_end ] --START--
INFO: Run Behavior\ShowPageTraceBehavior [ RunTime:0.001101s ]
INFO: [ app_end ] --END-- [ RunTime:0.001240s ]

[ 2016-03-20T00:23:49+08:00 ] ::1 /Hit/index.php/Home/Share/index
INFO: [ app_init ] --START--
INFO: Run Behavior\BuildLiteBehavior [ RunTime:0.000024s ]
INFO: [ app_init ] --END-- [ RunTime:0.000414s ]
INFO: [ app_begin ] --START--
INFO: Run Behavior\ReadHtmlCacheBehavior [ RunTime:0.000522s ]
INFO: [ app_begin ] --END-- [ RunTime:0.000619s ]
SQL: SHOW COLUMNS FROM `p_share` [ RunTime:0.0103s ]
SQL: SELECT * FROM `p_share` WHERE `sta` = 2  [ RunTime:0.0007s ]
SQL: SELECT * FROM `p_share` WHERE `sta` = 1  [ RunTime:0.0003s ]
SQL: SELECT * FROM `p_share` WHERE `sta` = 3  [ RunTime:0.0004s ]
INFO: [ view_parse ] --START--
INFO: [ template_filter ] --START--
INFO: Run Behavior\ContentReplaceBehavior [ RunTime:0.000098s ]
INFO: [ template_filter ] --END-- [ RunTime:0.000198s ]
NOTIC: [8] Undefined index: group_id D:\wamp\www\Hit\Application\Runtime\Cache\Home\ebf14e25328f70423c0b1406e4559d36.php 第 33 行.
INFO: Run Behavior\ParseTemplateBehavior [ RunTime:0.018081s ]
INFO: [ view_parse ] --END-- [ RunTime:0.018233s ]
INFO: [ view_filter ] --START--
INFO: Run Behavior\WriteHtmlCacheBehavior [ RunTime:0.000543s ]
INFO: Run Behavior\TokenBuildBehavior [ RunTime:0.001171s ]
INFO: [ view_filter ] --END-- [ RunTime:0.001953s ]
INFO: [ app_end ] --START--
INFO: Run Behavior\ShowPageTraceBehavior [ RunTime:0.001058s ]
INFO: [ app_end ] --END-- [ RunTime:0.001211s ]

[ 2016-03-20T00:23:51+08:00 ] ::1 /Hit/index.php/Home/Search/sechUser
INFO: [ app_init ] --START--
INFO: Run Behavior\BuildLiteBehavior [ RunTime:0.000035s ]
INFO: [ app_init ] --END-- [ RunTime:0.000671s ]
INFO: [ app_begin ] --START--
INFO: Run Behavior\ReadHtmlCacheBehavior [ RunTime:0.001234s ]
INFO: [ app_begin ] --END-- [ RunTime:0.001383s ]
NOTIC: [8] Undefined index: keyword D:\wamp\www\Hit\Application\Home\Controller\SearchController.class.php 第 45 行.
NOTIC: [8] Undefined index: keyword D:\wamp\www\Hit\Application\Home\Controller\SearchController.class.php 第 45 行.
INFO: [ view_parse ] --START--
NOTIC: [2] file_get_contents(./Application/Home/View/Common/left.html): failed to open stream: No such file or directory D:\wamp\www\Hit\ThinkPHP\Library\Think\Template.class.php 第 696 行.
INFO: [ template_filter ] --START--
INFO: Run Behavior\ContentReplaceBehavior [ RunTime:0.000177s ]
INFO: [ template_filter ] --END-- [ RunTime:0.000338s ]
SQL: SHOW COLUMNS FROM `p_group` [ RunTime:0.0084s ]
SQL: SELECT * FROM `p_group` WHERE `uid` = 52  [ RunTime:0.0005s ]
INFO: Run Behavior\ParseTemplateBehavior [ RunTime:0.042648s ]
INFO: [ view_parse ] --END-- [ RunTime:0.042794s ]
INFO: [ view_filter ] --START--
INFO: Run Behavior\WriteHtmlCacheBehavior [ RunTime:0.000612s ]
INFO: Run Behavior\TokenBuildBehavior [ RunTime:0.000780s ]
INFO: [ view_filter ] --END-- [ RunTime:0.001533s ]
INFO: [ app_end ] --START--
INFO: Run Behavior\ShowPageTraceBehavior [ RunTime:0.001306s ]
INFO: [ app_end ] --END-- [ RunTime:0.001438s ]

[ 2016-03-20T00:23:54+08:00 ] ::1 /Hit/index.php/Home/PersonalCenter/index
INFO: [ app_init ] --START--
INFO: Run Behavior\BuildLiteBehavior [ RunTime:0.000025s ]
INFO: [ app_init ] --END-- [ RunTime:0.000452s ]
INFO: [ app_begin ] --START--
INFO: Run Behavior\ReadHtmlCacheBehavior [ RunTime:0.000979s ]
INFO: [ app_begin ] --END-- [ RunTime:0.001112s ]
SQL: SHOW COLUMNS FROM `p_blog` [ RunTime:0.0051s ]
SQL: SELECT `id`,`title`,`blogpic`,`content`,`time`,`click`,`cid`,`userid`,`saycount`,`username`,`good`,`bad` FROM `p_blog` WHERE `del` = 0  [ RunTime:0.0011s ]
SQL: SHOW COLUMNS FROM `p_attr` [ RunTime:0.0040s ]
NOTIC: [8] Undefined index: mapping_order D:\wamp\www\Hit\ThinkPHP\Library\Think\Model\RelationModel.class.php 第 186 行.
NOTIC: [8] Undefined index: mapping_limit D:\wamp\www\Hit\ThinkPHP\Library\Think\Model\RelationModel.class.php 第 187 行.
SQL: SELECT b.* FROM p_blog_attr AS a, p_attr AS b WHERE a.aid = b.id AND a. bid='1' [ RunTime:0.0072s ]
SQL: SHOW COLUMNS FROM `p_cate` [ RunTime:0.0683s ]
SQL: SELECT `name` FROM `p_cate` WHERE ( 1=1 AND id='23' ) LIMIT 1   [ RunTime:0.0005s ]
NOTIC: [8] Undefined index: mapping_order D:\wamp\www\Hit\ThinkPHP\Library\Think\Model\RelationModel.class.php 第 186 行.
NOTIC: [8] Undefined index: mapping_limit D:\wamp\www\Hit\ThinkPHP\Library\Think\Model\RelationModel.class.php 第 187 行.
SQL: SELECT b.* FROM p_blog_attr AS a, p_attr AS b WHERE a.aid = b.id AND a. bid='2' [ RunTime:0.0003s ]
SQL: SELECT `name` FROM `p_cate` WHERE ( 1=1 AND id='23' ) LIMIT 1   [ RunTime:0.0002s ]
SQL: SELECT `id`,`title`,`blogpic`,`content`,`time`,`click`,`cid`,`userid`,`saycount`,`username`,`good`,`bad` FROM `p_blog` WHERE `del` = 0 AND `userid` = 52  [ RunTime:0.0004s ]
NOTIC: [8] Undefined index: mapping_order D:\wamp\www\Hit\ThinkPHP\Library\Think\Model\RelationModel.class.php 第 186 行.
NOTIC: [8] Undefined index: mapping_limit D:\wamp\www\Hit\ThinkPHP\Library\Think\Model\RelationModel.class.php 第 187 行.
SQL: SELECT b.* FROM p_blog_attr AS a, p_attr AS b WHERE a.aid = b.id AND a. bid='2' [ RunTime:0.0004s ]
SQL: SELECT `name` FROM `p_cate` WHERE ( 1=1 AND id='23' ) LIMIT 1   [ RunTime:0.0002s ]
SQL: SHOW COLUMNS FROM `p_exper` [ RunTime:0.0054s ]
SQL: SELECT * FROM `p_exper` WHERE `del` = 0 AND `userid` = 52  [ RunTime:0.0005s ]
SQL: SHOW COLUMNS FROM `p_user` [ RunTime:0.0042s ]
SQL: SELECT * FROM `p_user` WHERE `id` = 52  [ RunTime:0.0004s ]
SQL: SELECT `avater_path` FROM `p_user` LIMIT 1   [ RunTime:0.0002s ]
INFO: [ view_parse ] --START--
INFO: [ template_filter ] --START--
INFO: Run Behavior\ContentReplaceBehavior [ RunTime:0.000067s ]
INFO: [ template_filter ] --END-- [ RunTime:0.000168s ]
INFO: Run Behavior\ParseTemplateBehavior [ RunTime:0.032482s ]
INFO: [ view_parse ] --END-- [ RunTime:0.032659s ]
INFO: [ view_filter ] --START--
INFO: Run Behavior\WriteHtmlCacheBehavior [ RunTime:0.000655s ]
INFO: Run Behavior\TokenBuildBehavior [ RunTime:0.000966s ]
INFO: [ view_filter ] --END-- [ RunTime:0.001815s ]
INFO: [ app_end ] --START--
INFO: Run Behavior\ShowPageTraceBehavior [ RunTime:0.001065s ]
INFO: [ app_end ] --END-- [ RunTime:0.001205s ]

[ 2016-03-20T01:35:15+08:00 ] ::1 /Hit/index.php/Home/Share/index
INFO: [ app_init ] --START--
INFO: Run Behavior\BuildLiteBehavior [ RunTime:0.000029s ]
INFO: [ app_init ] --END-- [ RunTime:0.000569s ]
INFO: [ app_begin ] --START--
INFO: Run Behavior\ReadHtmlCacheBehavior [ RunTime:0.001217s ]
INFO: [ app_begin ] --END-- [ RunTime:0.001353s ]
SQL: SHOW COLUMNS FROM `p_share` [ RunTime:0.0120s ]
SQL: SELECT * FROM `p_share` WHERE `sta` = 2  [ RunTime:0.0007s ]
SQL: SELECT * FROM `p_share` WHERE `sta` = 1  [ RunTime:0.0003s ]
SQL: SELECT * FROM `p_share` WHERE `sta` = 3  [ RunTime:0.0004s ]
INFO: [ view_parse ] --START--
INFO: [ template_filter ] --START--
INFO: Run Behavior\ContentReplaceBehavior [ RunTime:0.000113s ]
INFO: [ template_filter ] --END-- [ RunTime:0.000215s ]
INFO: Run Behavior\ParseTemplateBehavior [ RunTime:0.019470s ]
INFO: [ view_parse ] --END-- [ RunTime:0.019584s ]
INFO: [ view_filter ] --START--
INFO: Run Behavior\WriteHtmlCacheBehavior [ RunTime:0.000539s ]
INFO: Run Behavior\TokenBuildBehavior [ RunTime:0.000883s ]
INFO: [ view_filter ] --END-- [ RunTime:0.001562s ]
INFO: [ app_end ] --START--
INFO: Run Behavior\ShowPageTraceBehavior [ RunTime:0.000765s ]
INFO: [ app_end ] --END-- [ RunTime:0.000855s ]

[ 2016-03-20T01:35:15+08:00 ] ::1 /Hit/index.php/Home/Exper/index
INFO: [ app_init ] --START--
INFO: Run Behavior\BuildLiteBehavior [ RunTime:0.000036s ]
INFO: [ app_init ] --END-- [ RunTime:0.000466s ]
INFO: [ app_begin ] --START--
INFO: Run Behavior\ReadHtmlCacheBehavior [ RunTime:0.000895s ]
INFO: [ app_begin ] --END-- [ RunTime:0.000999s ]
SQL: SHOW COLUMNS FROM `p_exper` [ RunTime:0.0052s ]
SQL: SELECT * FROM `p_exper` WHERE `del` = 0  [ RunTime:0.0007s ]
INFO: [ view_parse ] --START--
INFO: [ template_filter ] --START--
INFO: Run Behavior\ContentReplaceBehavior [ RunTime:0.000098s ]
INFO: [ template_filter ] --END-- [ RunTime:0.000196s ]
NOTIC: [8] Undefined index: id D:\wamp\www\Hit\Application\Runtime\Cache\Home\f7c41315f37948de092bd72800eaef1d.php 第 26 行.
INFO: Run Behavior\ParseTemplateBehavior [ RunTime:0.015975s ]
INFO: [ view_parse ] --END-- [ RunTime:0.016095s ]
INFO: [ view_filter ] --START--
INFO: Run Behavior\WriteHtmlCacheBehavior [ RunTime:0.000531s ]
INFO: Run Behavior\TokenBuildBehavior [ RunTime:0.001127s ]
INFO: [ view_filter ] --END-- [ RunTime:0.001831s ]
INFO: [ app_end ] --START--
INFO: Run Behavior\ShowPageTraceBehavior [ RunTime:0.000893s ]
INFO: [ app_end ] --END-- [ RunTime:0.001011s ]

[ 2016-03-20T01:35:15+08:00 ] ::1 /Hit/index.php/Home/Exper/clickNum
INFO: [ app_init ] --START--
INFO: Run Behavior\BuildLiteBehavior [ RunTime:0.000041s ]
INFO: [ app_init ] --END-- [ RunTime:0.000685s ]
INFO: [ app_begin ] --START--
INFO: Run Behavior\ReadHtmlCacheBehavior [ RunTime:0.001204s ]
INFO: [ app_begin ] --END-- [ RunTime:0.001390s ]
SQL: SHOW COLUMNS FROM `p_exper` [ RunTime:0.0058s ]
SQL: SELECT `click` FROM `p_exper` WHERE `id` = 0 LIMIT 1   [ RunTime:0.0004s ]
SQL: UPDATE `p_exper` SET `click`=click+1 WHERE `id` = 0 [ RunTime:0.0007s ]
INFO: [ app_end ] --START--
INFO: Run Behavior\ShowPageTraceBehavior [ RunTime:0.001374s ]
INFO: [ app_end ] --END-- [ RunTime:0.001537s ]

[ 2016-03-20T01:35:16+08:00 ] ::1 /Hit/index.php/Home/Blog/index
INFO: [ app_init ] --START--
INFO: Run Behavior\BuildLiteBehavior [ RunTime:0.000026s ]
INFO: [ app_init ] --END-- [ RunTime:0.000543s ]
INFO: [ app_begin ] --START--
INFO: Run Behavior\ReadHtmlCacheBehavior [ RunTime:0.001310s ]
INFO: [ app_begin ] --END-- [ RunTime:0.001706s ]
SQL: SHOW COLUMNS FROM `p_cate` [ RunTime:0.0066s ]
SQL: SELECT * FROM `p_cate` ORDER BY sort asc  [ RunTime:0.0006s ]
INFO: [ view_parse ] --START--
INFO: [ template_filter ] --START--
INFO: Run Behavior\ContentReplaceBehavior [ RunTime:0.000143s ]
INFO: [ template_filter ] --END-- [ RunTime:0.000322s ]
NOTIC: [8] Undefined variable: blog D:\wamp\www\Hit\Application\Runtime\Cache\Home\6d164f7c2f6ca2370f3ab6859ad5b9d7.php 第 9 行.
INFO: Run Behavior\ParseTemplateBehavior [ RunTime:0.017429s ]
INFO: [ view_parse ] --END-- [ RunTime:0.017584s ]
INFO: [ view_filter ] --START--
INFO: Run Behavior\WriteHtmlCacheBehavior [ RunTime:0.000464s ]
INFO: Run Behavior\TokenBuildBehavior [ RunTime:0.000844s ]
INFO: [ view_filter ] --END-- [ RunTime:0.001447s ]
INFO: [ app_end ] --START--
INFO: Run Behavior\ShowPageTraceBehavior [ RunTime:0.000669s ]
INFO: [ app_end ] --END-- [ RunTime:0.000758s ]

[ 2016-03-20T01:35:16+08:00 ] ::1 /Hit/index.php/Home/Blog/clickNum
INFO: [ app_init ] --START--
INFO: Run Behavior\BuildLiteBehavior [ RunTime:0.000041s ]
INFO: [ app_init ] --END-- [ RunTime:0.000780s ]
INFO: [ app_begin ] --START--
INFO: Run Behavior\ReadHtmlCacheBehavior [ RunTime:0.003188s ]
INFO: [ app_begin ] --END-- [ RunTime:0.003445s ]
SQL: SHOW COLUMNS FROM `p_blog` [ RunTime:0.0057s ]
SQL: SELECT `click` FROM `p_blog` WHERE `id` = 0 LIMIT 1   [ RunTime:0.0004s ]
SQL: UPDATE `p_blog` SET `click`=click+1 WHERE `id` = 0 [ RunTime:0.0003s ]
INFO: [ app_end ] --START--
INFO: Run Behavior\ShowPageTraceBehavior [ RunTime:0.000947s ]
INFO: [ app_end ] --END-- [ RunTime:0.001100s ]

[ 2016-03-20T23:28:33+08:00 ] ::1 /Hit/index.php
INFO: [ app_init ] --START--
INFO: Run Behavior\BuildLiteBehavior [ RunTime:0.000032s ]
INFO: [ app_init ] --END-- [ RunTime:0.000723s ]
INFO: [ app_begin ] --START--
INFO: Run Behavior\ReadHtmlCacheBehavior [ RunTime:0.000956s ]
INFO: [ app_begin ] --END-- [ RunTime:0.001137s ]
INFO: [ view_parse ] --START--
INFO: [ template_filter ] --START--
INFO: Run Behavior\ContentReplaceBehavior [ RunTime:0.000194s ]
INFO: [ template_filter ] --END-- [ RunTime:0.000304s ]
INFO: Run Behavior\ParseTemplateBehavior [ RunTime:0.026887s ]
INFO: [ view_parse ] --END-- [ RunTime:0.027000s ]
INFO: [ view_filter ] --START--
INFO: Run Behavior\WriteHtmlCacheBehavior [ RunTime:0.000589s ]
INFO: Run Behavior\TokenBuildBehavior [ RunTime:0.001366s ]
INFO: [ view_filter ] --END-- [ RunTime:0.002095s ]
INFO: [ app_end ] --START--
INFO: Run Behavior\ShowPageTraceBehavior [ RunTime:0.000800s ]
INFO: [ app_end ] --END-- [ RunTime:0.000887s ]

[ 2016-03-20T23:28:39+08:00 ] ::1 /Hit/index.php/Home/Blog/index
INFO: [ app_init ] --START--
INFO: Run Behavior\BuildLiteBehavior [ RunTime:0.000021s ]
INFO: [ app_init ] --END-- [ RunTime:0.000420s ]
INFO: [ app_begin ] --START--
INFO: Run Behavior\ReadHtmlCacheBehavior [ RunTime:0.000748s ]
INFO: [ app_begin ] --END-- [ RunTime:0.000859s ]
SQL: SHOW COLUMNS FROM `p_cate` [ RunTime:0.0076s ]
SQL: SELECT * FROM `p_cate` ORDER BY sort asc  [ RunTime:0.0010s ]
INFO: [ view_parse ] --START--
INFO: [ template_filter ] --START--
INFO: Run Behavior\ContentReplaceBehavior [ RunTime:0.000110s ]
INFO: [ template_filter ] --END-- [ RunTime:0.000279s ]
NOTIC: [8] Undefined variable: blog D:\wamp\www\Hit\Application\Runtime\Cache\Home\6d164f7c2f6ca2370f3ab6859ad5b9d7.php 第 9 行.
INFO: Run Behavior\ParseTemplateBehavior [ RunTime:0.017582s ]
INFO: [ view_parse ] --END-- [ RunTime:0.017768s ]
INFO: [ view_filter ] --START--
INFO: Run Behavior\WriteHtmlCacheBehavior [ RunTime:0.000772s ]
INFO: Run Behavior\TokenBuildBehavior [ RunTime:0.001261s ]
INFO: [ view_filter ] --END-- [ RunTime:0.002249s ]
INFO: [ app_end ] --START--
INFO: Run Behavior\ShowPageTraceBehavior [ RunTime:0.001076s ]
INFO: [ app_end ] --END-- [ RunTime:0.001209s ]

[ 2016-03-20T23:28:39+08:00 ] ::1 /Hit/index.php/Home/Blog/clickNum
INFO: [ app_init ] --START--
INFO: Run Behavior\BuildLiteBehavior [ RunTime:0.000043s ]
INFO: [ app_init ] --END-- [ RunTime:0.000760s ]
INFO: [ app_begin ] --START--
INFO: Run Behavior\ReadHtmlCacheBehavior [ RunTime:0.001293s ]
INFO: [ app_begin ] --END-- [ RunTime:0.001469s ]
SQL: SHOW COLUMNS FROM `p_blog` [ RunTime:0.0045s ]
SQL: SELECT `click` FROM `p_blog` WHERE `id` = 0 LIMIT 1   [ RunTime:0.0005s ]
SQL: UPDATE `p_blog` SET `click`=click+1 WHERE `id` = 0 [ RunTime:0.0005s ]
INFO: [ app_end ] --START--
INFO: Run Behavior\ShowPageTraceBehavior [ RunTime:0.001077s ]
INFO: [ app_end ] --END-- [ RunTime:0.001190s ]

[ 2016-03-20T23:28:40+08:00 ] ::1 /Hit/index.php/Home/Exper/index
INFO: [ app_init ] --START--
INFO: Run Behavior\BuildLiteBehavior [ RunTime:0.000038s ]
INFO: [ app_init ] --END-- [ RunTime:0.000631s ]
INFO: [ app_begin ] --START--
INFO: Run Behavior\ReadHtmlCacheBehavior [ RunTime:0.000992s ]
INFO: [ app_begin ] --END-- [ RunTime:0.001155s ]
SQL: SHOW COLUMNS FROM `p_exper` [ RunTime:0.0047s ]
SQL: SELECT * FROM `p_exper` WHERE `del` = 0  [ RunTime:0.0020s ]
INFO: [ view_parse ] --START--
INFO: [ template_filter ] --START--
INFO: Run Behavior\ContentReplaceBehavior [ RunTime:0.000162s ]
INFO: [ template_filter ] --END-- [ RunTime:0.000335s ]
NOTIC: [8] Undefined index: id D:\wamp\www\Hit\Application\Runtime\Cache\Home\f7c41315f37948de092bd72800eaef1d.php 第 26 行.
INFO: Run Behavior\ParseTemplateBehavior [ RunTime:0.023586s ]
INFO: [ view_parse ] --END-- [ RunTime:0.023764s ]
INFO: [ view_filter ] --START--
INFO: Run Behavior\WriteHtmlCacheBehavior [ RunTime:0.001614s ]
INFO: Run Behavior\TokenBuildBehavior [ RunTime:0.003255s ]
INFO: [ view_filter ] --END-- [ RunTime:0.005581s ]
INFO: [ app_end ] --START--
INFO: Run Behavior\ShowPageTraceBehavior [ RunTime:0.001390s ]
INFO: [ app_end ] --END-- [ RunTime:0.001617s ]

[ 2016-03-20T23:28:40+08:00 ] ::1 /Hit/index.php/Home/Exper/clickNum
INFO: [ app_init ] --START--
INFO: Run Behavior\BuildLiteBehavior [ RunTime:0.000047s ]
INFO: [ app_init ] --END-- [ RunTime:0.000831s ]
INFO: [ app_begin ] --START--
INFO: Run Behavior\ReadHtmlCacheBehavior [ RunTime:0.000963s ]
INFO: [ app_begin ] --END-- [ RunTime:0.001089s ]
SQL: SHOW COLUMNS FROM `p_exper` [ RunTime:0.0054s ]
SQL: SELECT `click` FROM `p_exper` WHERE `id` = 0 LIMIT 1   [ RunTime:0.0003s ]
SQL: UPDATE `p_exper` SET `click`=click+1 WHERE `id` = 0 [ RunTime:0.0003s ]
INFO: [ app_end ] --START--
INFO: Run Behavior\ShowPageTraceBehavior [ RunTime:0.000990s ]
INFO: [ app_end ] --END-- [ RunTime:0.001100s ]

[ 2016-03-20T23:28:41+08:00 ] ::1 /Hit/index.php/Home/Share/index
INFO: [ app_init ] --START--
INFO: Run Behavior\BuildLiteBehavior [ RunTime:0.000026s ]
INFO: [ app_init ] --END-- [ RunTime:0.000501s ]
INFO: [ app_begin ] --START--
INFO: Run Behavior\ReadHtmlCacheBehavior [ RunTime:0.001415s ]
INFO: [ app_begin ] --END-- [ RunTime:0.001554s ]
SQL: SHOW COLUMNS FROM `p_share` [ RunTime:0.0067s ]
SQL: SELECT * FROM `p_share` WHERE `sta` = 2  [ RunTime:0.0005s ]
SQL: SELECT * FROM `p_share` WHERE `sta` = 1  [ RunTime:0.0002s ]
SQL: SELECT * FROM `p_share` WHERE `sta` = 3  [ RunTime:0.0004s ]
INFO: [ view_parse ] --START--
INFO: [ template_filter ] --START--
INFO: Run Behavior\ContentReplaceBehavior [ RunTime:0.000078s ]
INFO: [ template_filter ] --END-- [ RunTime:0.000166s ]
INFO: Run Behavior\ParseTemplateBehavior [ RunTime:0.021330s ]
INFO: [ view_parse ] --END-- [ RunTime:0.021456s ]
INFO: [ view_filter ] --START--
INFO: Run Behavior\WriteHtmlCacheBehavior [ RunTime:0.000547s ]
INFO: Run Behavior\TokenBuildBehavior [ RunTime:0.000867s ]
INFO: [ view_filter ] --END-- [ RunTime:0.001552s ]
INFO: [ app_end ] --START--
INFO: Run Behavior\ShowPageTraceBehavior [ RunTime:0.000761s ]
INFO: [ app_end ] --END-- [ RunTime:0.000858s ]

[ 2016-03-20T23:28:42+08:00 ] ::1 /Hit/index.php/Home/Exper/index
INFO: [ app_init ] --START--
INFO: Run Behavior\BuildLiteBehavior [ RunTime:0.000035s ]
INFO: [ app_init ] --END-- [ RunTime:0.000411s ]
INFO: [ app_begin ] --START--
INFO: Run Behavior\ReadHtmlCacheBehavior [ RunTime:0.000710s ]
INFO: [ app_begin ] --END-- [ RunTime:0.000800s ]
SQL: SHOW COLUMNS FROM `p_exper` [ RunTime:0.0045s ]
SQL: SELECT * FROM `p_exper` WHERE `del` = 0  [ RunTime:0.0005s ]
INFO: [ view_parse ] --START--
INFO: [ template_filter ] --START--
INFO: Run Behavior\ContentReplaceBehavior [ RunTime:0.000090s ]
INFO: [ template_filter ] --END-- [ RunTime:0.000180s ]
NOTIC: [8] Undefined index: id D:\wamp\www\Hit\Application\Runtime\Cache\Home\f7c41315f37948de092bd72800eaef1d.php 第 26 行.
INFO: Run Behavior\ParseTemplateBehavior [ RunTime:0.014197s ]
INFO: [ view_parse ] --END-- [ RunTime:0.014354s ]
INFO: [ view_filter ] --START--
INFO: Run Behavior\WriteHtmlCacheBehavior [ RunTime:0.000534s ]
INFO: Run Behavior\TokenBuildBehavior [ RunTime:0.000949s ]
INFO: [ view_filter ] --END-- [ RunTime:0.001629s ]
INFO: [ app_end ] --START--
INFO: Run Behavior\ShowPageTraceBehavior [ RunTime:0.000686s ]
INFO: [ app_end ] --END-- [ RunTime:0.000763s ]

[ 2016-03-20T23:28:43+08:00 ] ::1 /Hit/index.php/Home/Exper/clickNum
INFO: [ app_init ] --START--
INFO: Run Behavior\BuildLiteBehavior [ RunTime:0.000040s ]
INFO: [ app_init ] --END-- [ RunTime:0.000751s ]
INFO: [ app_begin ] --START--
INFO: Run Behavior\ReadHtmlCacheBehavior [ RunTime:0.001489s ]
INFO: [ app_begin ] --END-- [ RunTime:0.001638s ]
SQL: SHOW COLUMNS FROM `p_exper` [ RunTime:0.0058s ]
SQL: SELECT `click` FROM `p_exper` WHERE `id` = 0 LIMIT 1   [ RunTime:0.0002s ]
SQL: UPDATE `p_exper` SET `click`=click+1 WHERE `id` = 0 [ RunTime:0.0003s ]
INFO: [ app_end ] --START--
INFO: Run Behavior\ShowPageTraceBehavior [ RunTime:0.000919s ]
INFO: [ app_end ] --END-- [ RunTime:0.001015s ]

[ 2016-03-20T23:28:44+08:00 ] ::1 /Hit/index.php/Home/Blog/index
INFO: [ app_init ] --START--
INFO: Run Behavior\BuildLiteBehavior [ RunTime:0.000025s ]
INFO: [ app_init ] --END-- [ RunTime:0.000456s ]
INFO: [ app_begin ] --START--
INFO: Run Behavior\ReadHtmlCacheBehavior [ RunTime:0.000781s ]
INFO: [ app_begin ] --END-- [ RunTime:0.000905s ]
SQL: SHOW COLUMNS FROM `p_cate` [ RunTime:0.0043s ]
SQL: SELECT * FROM `p_cate` ORDER BY sort asc  [ RunTime:0.0003s ]
INFO: [ view_parse ] --START--
INFO: [ template_filter ] --START--
INFO: Run Behavior\ContentReplaceBehavior [ RunTime:0.000129s ]
INFO: [ template_filter ] --END-- [ RunTime:0.000319s ]
NOTIC: [8] Undefined variable: blog D:\wamp\www\Hit\Application\Runtime\Cache\Home\6d164f7c2f6ca2370f3ab6859ad5b9d7.php 第 9 行.
INFO: Run Behavior\ParseTemplateBehavior [ RunTime:0.016308s ]
INFO: [ view_parse ] --END-- [ RunTime:0.016414s ]
INFO: [ view_filter ] --START--
INFO: Run Behavior\WriteHtmlCacheBehavior [ RunTime:0.000508s ]
INFO: Run Behavior\TokenBuildBehavior [ RunTime:0.000878s ]
INFO: [ view_filter ] --END-- [ RunTime:0.001527s ]
INFO: [ app_end ] --START--
INFO: Run Behavior\ShowPageTraceBehavior [ RunTime:0.000719s ]
INFO: [ app_end ] --END-- [ RunTime:0.000809s ]

[ 2016-03-20T23:28:44+08:00 ] ::1 /Hit/index.php/Home/Blog/clickNum
INFO: [ app_init ] --START--
INFO: Run Behavior\BuildLiteBehavior [ RunTime:0.000025s ]
INFO: [ app_init ] --END-- [ RunTime:0.000458s ]
INFO: [ app_begin ] --START--
INFO: Run Behavior\ReadHtmlCacheBehavior [ RunTime:0.001336s ]
INFO: [ app_begin ] --END-- [ RunTime:0.001535s ]
SQL: SHOW COLUMNS FROM `p_blog` [ RunTime:0.0059s ]
SQL: SELECT `click` FROM `p_blog` WHERE `id` = 0 LIMIT 1   [ RunTime:0.0004s ]
SQL: UPDATE `p_blog` SET `click`=click+1 WHERE `id` = 0 [ RunTime:0.0005s ]
INFO: [ app_end ] --START--
INFO: Run Behavior\ShowPageTraceBehavior [ RunTime:0.000990s ]
INFO: [ app_end ] --END-- [ RunTime:0.001096s ]

[ 2016-03-20T23:28:46+08:00 ] ::1 /Hit/index.php/Home/Exper/index
INFO: [ app_init ] --START--
INFO: Run Behavior\BuildLiteBehavior [ RunTime:0.000025s ]
INFO: [ app_init ] --END-- [ RunTime:0.000498s ]
INFO: [ app_begin ] --START--
INFO: Run Behavior\ReadHtmlCacheBehavior [ RunTime:0.000775s ]
INFO: [ app_begin ] --END-- [ RunTime:0.000885s ]
SQL: SHOW COLUMNS FROM `p_exper` [ RunTime:0.0047s ]
SQL: SELECT * FROM `p_exper` WHERE `del` = 0  [ RunTime:0.0006s ]
INFO: [ view_parse ] --START--
INFO: [ template_filter ] --START--
INFO: Run Behavior\ContentReplaceBehavior [ RunTime:0.000121s ]
INFO: [ template_filter ] --END-- [ RunTime:0.000222s ]
NOTIC: [8] Undefined index: id D:\wamp\www\Hit\Application\Runtime\Cache\Home\f7c41315f37948de092bd72800eaef1d.php 第 26 行.
INFO: Run Behavior\ParseTemplateBehavior [ RunTime:0.014201s ]
INFO: [ view_parse ] --END-- [ RunTime:0.014357s ]
INFO: [ view_filter ] --START--
INFO: Run Behavior\WriteHtmlCacheBehavior [ RunTime:0.000804s ]
INFO: Run Behavior\TokenBuildBehavior [ RunTime:0.001086s ]
INFO: [ view_filter ] --END-- [ RunTime:0.002114s ]
INFO: [ app_end ] --START--
INFO: Run Behavior\ShowPageTraceBehavior [ RunTime:0.000887s ]
INFO: [ app_end ] --END-- [ RunTime:0.001009s ]

[ 2016-03-20T23:28:46+08:00 ] ::1 /Hit/index.php/Home/Exper/clickNum
INFO: [ app_init ] --START--
INFO: Run Behavior\BuildLiteBehavior [ RunTime:0.000026s ]
INFO: [ app_init ] --END-- [ RunTime:0.000475s ]
INFO: [ app_begin ] --START--
INFO: Run Behavior\ReadHtmlCacheBehavior [ RunTime:0.001207s ]
INFO: [ app_begin ] --END-- [ RunTime:0.001362s ]
SQL: SHOW COLUMNS FROM `p_exper` [ RunTime:0.0056s ]
SQL: SELECT `click` FROM `p_exper` WHERE `id` = 0 LIMIT 1   [ RunTime:0.0002s ]
SQL: UPDATE `p_exper` SET `click`=click+1 WHERE `id` = 0 [ RunTime:0.0003s ]
INFO: [ app_end ] --START--
INFO: Run Behavior\ShowPageTraceBehavior [ RunTime:0.000926s ]
INFO: [ app_end ] --END-- [ RunTime:0.001023s ]

[ 2016-03-20T23:28:47+08:00 ] ::1 /Hit/index.php/Home/Exper/index
INFO: [ app_init ] --START--
INFO: Run Behavior\BuildLiteBehavior [ RunTime:0.000030s ]
INFO: [ app_init ] --END-- [ RunTime:0.000956s ]
INFO: [ app_begin ] --START--
INFO: Run Behavior\ReadHtmlCacheBehavior [ RunTime:0.000781s ]
INFO: [ app_begin ] --END-- [ RunTime:0.000920s ]
SQL: SHOW COLUMNS FROM `p_exper` [ RunTime:0.0054s ]
SQL: SELECT * FROM `p_exper` WHERE `del` = 0  [ RunTime:0.0005s ]
INFO: [ view_parse ] --START--
INFO: [ template_filter ] --START--
INFO: Run Behavior\ContentReplaceBehavior [ RunTime:0.000106s ]
INFO: [ template_filter ] --END-- [ RunTime:0.000215s ]
NOTIC: [8] Undefined index: id D:\wamp\www\Hit\Application\Runtime\Cache\Home\f7c41315f37948de092bd72800eaef1d.php 第 26 行.
INFO: Run Behavior\ParseTemplateBehavior [ RunTime:0.015389s ]
INFO: [ view_parse ] --END-- [ RunTime:0.015539s ]
INFO: [ view_filter ] --START--
INFO: Run Behavior\WriteHtmlCacheBehavior [ RunTime:0.000516s ]
INFO: Run Behavior\TokenBuildBehavior [ RunTime:0.000941s ]
INFO: [ view_filter ] --END-- [ RunTime:0.001578s ]
INFO: [ app_end ] --START--
INFO: Run Behavior\ShowPageTraceBehavior [ RunTime:0.001107s ]
INFO: [ app_end ] --END-- [ RunTime:0.001217s ]

[ 2016-03-20T23:28:47+08:00 ] ::1 /Hit/index.php/Home/Exper/clickNum
INFO: [ app_init ] --START--
INFO: Run Behavior\BuildLiteBehavior [ RunTime:0.000028s ]
INFO: [ app_init ] --END-- [ RunTime:0.000653s ]
INFO: [ app_begin ] --START--
INFO: Run Behavior\ReadHtmlCacheBehavior [ RunTime:0.000989s ]
INFO: [ app_begin ] --END-- [ RunTime:0.001113s ]
SQL: SHOW COLUMNS FROM `p_exper` [ RunTime:0.0041s ]
SQL: SELECT `click` FROM `p_exper` WHERE `id` = 0 LIMIT 1   [ RunTime:0.0002s ]
SQL: UPDATE `p_exper` SET `click`=click+1 WHERE `id` = 0 [ RunTime:0.0002s ]
INFO: [ app_end ] --START--
INFO: Run Behavior\ShowPageTraceBehavior [ RunTime:0.000900s ]
INFO: [ app_end ] --END-- [ RunTime:0.000995s ]

[ 2016-03-20T23:28:53+08:00 ] ::1 /Hit/index.php/Home/Exper/one/id/1?id=1
INFO: [ app_init ] --START--
INFO: Run Behavior\BuildLiteBehavior [ RunTime:0.000023s ]
INFO: [ app_init ] --END-- [ RunTime:0.000433s ]
INFO: [ app_begin ] --START--
INFO: Run Behavior\ReadHtmlCacheBehavior [ RunTime:0.001104s ]
INFO: [ app_begin ] --END-- [ RunTime:0.001264s ]
SQL: SHOW COLUMNS FROM `p_exper` [ RunTime:0.0041s ]
SQL: SELECT * FROM `p_exper` WHERE `id` = 1  [ RunTime:0.0004s ]
SQL: SELECT * FROM `p_exper` ORDER BY click desc LIMIT 8   [ RunTime:0.0004s ]
SQL: SHOW COLUMNS FROM `p_say` [ RunTime:0.0045s ]
SQL: SHOW COLUMNS FROM `p_user` [ RunTime:0.0054s ]
SQL: SELECT say.id AS id,say.content AS content,say.time AS time,say.uid AS uid,say.bid AS bid,say.eid AS eid,say.youke AS youke,user.username AS username,user.avater_path AS avater_path,user.sign AS sign,user.location AS location FROM p_say say LEFT JOIN p_user user ON say.uid = user.id WHERE say.eid = '1'  [ RunTime:0.0006s ]
INFO: [ view_parse ] --START--
INFO: [ template_filter ] --START--
INFO: Run Behavior\ContentReplaceBehavior [ RunTime:0.000112s ]
INFO: [ template_filter ] --END-- [ RunTime:0.000213s ]
NOTIC: [8] Use of undefined constant experpic - assumed 'experpic' D:\wamp\www\Hit\Application\Runtime\Cache\Home\f6cd6e1788782ee84575d142e0beec1e.php 第 63 行.
NOTIC: [8] Use of undefined constant avater_path - assumed 'avater_path' D:\wamp\www\Hit\Application\Runtime\Cache\Home\f6cd6e1788782ee84575d142e0beec1e.php 第 96 行.
NOTIC: [8] Undefined variable: vo D:\wamp\www\Hit\Application\Runtime\Cache\Home\f6cd6e1788782ee84575d142e0beec1e.php 第 96 行.
NOTIC: [8] Undefined variable: vo D:\wamp\www\Hit\Application\Runtime\Cache\Home\f6cd6e1788782ee84575d142e0beec1e.php 第 103 行.
NOTIC: [8] Undefined variable: vo D:\wamp\www\Hit\Application\Runtime\Cache\Home\f6cd6e1788782ee84575d142e0beec1e.php 第 103 行.
NOTIC: [8] Undefined variable: vo D:\wamp\www\Hit\Application\Runtime\Cache\Home\f6cd6e1788782ee84575d142e0beec1e.php 第 103 行.
NOTIC: [8] Undefined variable: vo D:\wamp\www\Hit\Application\Runtime\Cache\Home\f6cd6e1788782ee84575d142e0beec1e.php 第 104 行.
NOTIC: [8] Undefined variable: selfadd D:\wamp\www\Hit\Application\Runtime\Cache\Home\f6cd6e1788782ee84575d142e0beec1e.php 第 109 行.
NOTIC: [8] Use of undefined constant avater_path - assumed 'avater_path' D:\wamp\www\Hit\Application\Runtime\Cache\Home\f6cd6e1788782ee84575d142e0beec1e.php 第 124 行.
NOTIC: [8] Undefined variable: selfadd D:\wamp\www\Hit\Application\Runtime\Cache\Home\f6cd6e1788782ee84575d142e0beec1e.php 第 137 行.
NOTIC: [8] Undefined variable: id D:\wamp\www\Hit\Application\Runtime\Cache\Home\f6cd6e1788782ee84575d142e0beec1e.php 第 151 行.
NOTIC: [8] Use of undefined constant experpic - assumed 'experpic' D:\wamp\www\Hit\Application\Runtime\Cache\Home\f6cd6e1788782ee84575d142e0beec1e.php 第 158 行.
NOTIC: [8] Use of undefined constant experpic - assumed 'experpic' D:\wamp\www\Hit\Application\Runtime\Cache\Home\f6cd6e1788782ee84575d142e0beec1e.php 第 158 行.
NOTIC: [8] Use of undefined constant experpic - assumed 'experpic' D:\wamp\www\Hit\Application\Runtime\Cache\Home\f6cd6e1788782ee84575d142e0beec1e.php 第 158 行.
NOTIC: [8] Use of undefined constant experpic - assumed 'experpic' D:\wamp\www\Hit\Application\Runtime\Cache\Home\f6cd6e1788782ee84575d142e0beec1e.php 第 158 行.
NOTIC: [8] Use of undefined constant experpic - assumed 'experpic' D:\wamp\www\Hit\Application\Runtime\Cache\Home\f6cd6e1788782ee84575d142e0beec1e.php 第 158 行.
NOTIC: [8] Use of undefined constant experpic - assumed 'experpic' D:\wamp\www\Hit\Application\Runtime\Cache\Home\f6cd6e1788782ee84575d142e0beec1e.php 第 158 行.
NOTIC: [8] Use of undefined constant experpic - assumed 'experpic' D:\wamp\www\Hit\Application\Runtime\Cache\Home\f6cd6e1788782ee84575d142e0beec1e.php 第 158 行.
NOTIC: [8] Use of undefined constant experpic - assumed 'experpic' D:\wamp\www\Hit\Application\Runtime\Cache\Home\f6cd6e1788782ee84575d142e0beec1e.php 第 158 行.
INFO: Run Behavior\ParseTemplateBehavior [ RunTime:0.027761s ]
INFO: [ view_parse ] --END-- [ RunTime:0.027881s ]
INFO: [ view_filter ] --START--
INFO: Run Behavior\WriteHtmlCacheBehavior [ RunTime:0.000776s ]
INFO: Run Behavior\TokenBuildBehavior [ RunTime:0.000981s ]
INFO: [ view_filter ] --END-- [ RunTime:0.001958s ]
INFO: [ app_end ] --START--
INFO: Run Behavior\ShowPageTraceBehavior [ RunTime:0.000781s ]
INFO: [ app_end ] --END-- [ RunTime:0.000894s ]

[ 2016-03-20T23:28:53+08:00 ] ::1 /Hit/index.php/Home/Exper/clickNum/id/1
INFO: [ app_init ] --START--
INFO: Run Behavior\BuildLiteBehavior [ RunTime:0.000046s ]
INFO: [ app_init ] --END-- [ RunTime:0.000830s ]
INFO: [ app_begin ] --START--
INFO: Run Behavior\ReadHtmlCacheBehavior [ RunTime:0.002224s ]
INFO: [ app_begin ] --END-- [ RunTime:0.002448s ]
SQL: SHOW COLUMNS FROM `p_exper` [ RunTime:0.0048s ]
SQL: SELECT `click` FROM `p_exper` WHERE `id` = 1 LIMIT 1   [ RunTime:0.0002s ]
SQL: UPDATE `p_exper` SET `click`=click+1 WHERE `id` = 1 [ RunTime:0.0003s ]
INFO: [ app_end ] --START--
INFO: Run Behavior\ShowPageTraceBehavior [ RunTime:0.001006s ]
INFO: [ app_end ] --END-- [ RunTime:0.001104s ]

[ 2016-03-20T23:28:58+08:00 ] ::1 /Hit/index.php/Home/Exper/clickgood/id/1
INFO: [ app_init ] --START--
INFO: Run Behavior\BuildLiteBehavior [ RunTime:0.000022s ]
INFO: [ app_init ] --END-- [ RunTime:0.000413s ]
INFO: [ app_begin ] --START--
INFO: Run Behavior\ReadHtmlCacheBehavior [ RunTime:0.000776s ]
INFO: [ app_begin ] --END-- [ RunTime:0.000891s ]
SQL: SHOW COLUMNS FROM `p_exper` [ RunTime:0.0099s ]
SQL: SELECT `good` FROM `p_exper` WHERE `id` = 1 LIMIT 1   [ RunTime:0.0003s ]
SQL: UPDATE `p_exper` SET `good`=good+1 WHERE `id` = 1 [ RunTime:0.0004s ]
INFO: [ app_end ] --START--
INFO: Run Behavior\ShowPageTraceBehavior [ RunTime:0.000939s ]
INFO: [ app_end ] --END-- [ RunTime:0.001029s ]

[ 2016-03-20T23:28:58+08:00 ] ::1 /Hit/index.php/Home/Exper/one/id/1?id=1
INFO: [ app_init ] --START--
INFO: Run Behavior\BuildLiteBehavior [ RunTime:0.000022s ]
INFO: [ app_init ] --END-- [ RunTime:0.000433s ]
INFO: [ app_begin ] --START--
INFO: Run Behavior\ReadHtmlCacheBehavior [ RunTime:0.001218s ]
INFO: [ app_begin ] --END-- [ RunTime:0.001381s ]
SQL: SHOW COLUMNS FROM `p_exper` [ RunTime:0.0045s ]
SQL: SELECT * FROM `p_exper` WHERE `id` = 1  [ RunTime:0.0003s ]
SQL: SELECT * FROM `p_exper` ORDER BY click desc LIMIT 8   [ RunTime:0.0004s ]
SQL: SHOW COLUMNS FROM `p_say` [ RunTime:0.0045s ]
SQL: SHOW COLUMNS FROM `p_user` [ RunTime:0.0042s ]
SQL: SELECT say.id AS id,say.content AS content,say.time AS time,say.uid AS uid,say.bid AS bid,say.eid AS eid,say.youke AS youke,user.username AS username,user.avater_path AS avater_path,user.sign AS sign,user.location AS location FROM p_say say LEFT JOIN p_user user ON say.uid = user.id WHERE say.eid = '1'  [ RunTime:0.0004s ]
INFO: [ view_parse ] --START--
INFO: [ template_filter ] --START--
INFO: Run Behavior\ContentReplaceBehavior [ RunTime:0.000124s ]
INFO: [ template_filter ] --END-- [ RunTime:0.000251s ]
NOTIC: [8] Use of undefined constant experpic - assumed 'experpic' D:\wamp\www\Hit\Application\Runtime\Cache\Home\f6cd6e1788782ee84575d142e0beec1e.php 第 63 行.
NOTIC: [8] Use of undefined constant avater_path - assumed 'avater_path' D:\wamp\www\Hit\Application\Runtime\Cache\Home\f6cd6e1788782ee84575d142e0beec1e.php 第 96 行.
NOTIC: [8] Undefined variable: vo D:\wamp\www\Hit\Application\Runtime\Cache\Home\f6cd6e1788782ee84575d142e0beec1e.php 第 96 行.
NOTIC: [8] Undefined variable: vo D:\wamp\www\Hit\Application\Runtime\Cache\Home\f6cd6e1788782ee84575d142e0beec1e.php 第 103 行.
NOTIC: [8] Undefined variable: vo D:\wamp\www\Hit\Application\Runtime\Cache\Home\f6cd6e1788782ee84575d142e0beec1e.php 第 103 行.
NOTIC: [8] Undefined variable: vo D:\wamp\www\Hit\Application\Runtime\Cache\Home\f6cd6e1788782ee84575d142e0beec1e.php 第 103 行.
NOTIC: [8] Undefined variable: vo D:\wamp\www\Hit\Application\Runtime\Cache\Home\f6cd6e1788782ee84575d142e0beec1e.php 第 104 行.
NOTIC: [8] Undefined variable: selfadd D:\wamp\www\Hit\Application\Runtime\Cache\Home\f6cd6e1788782ee84575d142e0beec1e.php 第 109 行.
NOTIC: [8] Use of undefined constant avater_path - assumed 'avater_path' D:\wamp\www\Hit\Application\Runtime\Cache\Home\f6cd6e1788782ee84575d142e0beec1e.php 第 124 行.
NOTIC: [8] Undefined variable: selfadd D:\wamp\www\Hit\Application\Runtime\Cache\Home\f6cd6e1788782ee84575d142e0beec1e.php 第 137 行.
NOTIC: [8] Undefined variable: id D:\wamp\www\Hit\Application\Runtime\Cache\Home\f6cd6e1788782ee84575d142e0beec1e.php 第 151 行.
NOTIC: [8] Use of undefined constant experpic - assumed 'experpic' D:\wamp\www\Hit\Application\Runtime\Cache\Home\f6cd6e1788782ee84575d142e0beec1e.php 第 158 行.
NOTIC: [8] Use of undefined constant experpic - assumed 'experpic' D:\wamp\www\Hit\Application\Runtime\Cache\Home\f6cd6e1788782ee84575d142e0beec1e.php 第 158 行.
NOTIC: [8] Use of undefined constant experpic - assumed 'experpic' D:\wamp\www\Hit\Application\Runtime\Cache\Home\f6cd6e1788782ee84575d142e0beec1e.php 第 158 行.
NOTIC: [8] Use of undefined constant experpic - assumed 'experpic' D:\wamp\www\Hit\Application\Runtime\Cache\Home\f6cd6e1788782ee84575d142e0beec1e.php 第 158 行.
NOTIC: [8] Use of undefined constant experpic - assumed 'experpic' D:\wamp\www\Hit\Application\Runtime\Cache\Home\f6cd6e1788782ee84575d142e0beec1e.php 第 158 行.
NOTIC: [8] Use of undefined constant experpic - assumed 'experpic' D:\wamp\www\Hit\Application\Runtime\Cache\Home\f6cd6e1788782ee84575d142e0beec1e.php 第 158 行.
NOTIC: [8] Use of undefined constant experpic - assumed 'experpic' D:\wamp\www\Hit\Application\Runtime\Cache\Home\f6cd6e1788782ee84575d142e0beec1e.php 第 158 行.
NOTIC: [8] Use of undefined constant experpic - assumed 'experpic' D:\wamp\www\Hit\Application\Runtime\Cache\Home\f6cd6e1788782ee84575d142e0beec1e.php 第 158 行.
INFO: Run Behavior\ParseTemplateBehavior [ RunTime:0.021346s ]
INFO: [ view_parse ] --END-- [ RunTime:0.021450s ]
INFO: [ view_filter ] --START--
INFO: Run Behavior\WriteHtmlCacheBehavior [ RunTime:0.000546s ]
INFO: Run Behavior\TokenBuildBehavior [ RunTime:0.000901s ]
INFO: [ view_filter ] --END-- [ RunTime:0.001581s ]
INFO: [ app_end ] --START--
INFO: Run Behavior\ShowPageTraceBehavior [ RunTime:0.000730s ]
INFO: [ app_end ] --END-- [ RunTime:0.000838s ]

[ 2016-03-20T23:28:58+08:00 ] ::1 /Hit/index.php/Home/Exper/clickNum/id/1
INFO: [ app_init ] --START--
INFO: Run Behavior\BuildLiteBehavior [ RunTime:0.000026s ]
INFO: [ app_init ] --END-- [ RunTime:0.000478s ]
INFO: [ app_begin ] --START--
INFO: Run Behavior\ReadHtmlCacheBehavior [ RunTime:0.001197s ]
INFO: [ app_begin ] --END-- [ RunTime:0.001366s ]
SQL: SHOW COLUMNS FROM `p_exper` [ RunTime:0.0038s ]
SQL: SELECT `click` FROM `p_exper` WHERE `id` = 1 LIMIT 1   [ RunTime:0.0014s ]
SQL: UPDATE `p_exper` SET `click`=click+1 WHERE `id` = 1 [ RunTime:0.0003s ]
INFO: [ app_end ] --START--
INFO: Run Behavior\ShowPageTraceBehavior [ RunTime:0.000916s ]
INFO: [ app_end ] --END-- [ RunTime:0.001008s ]

[ 2016-03-20T23:29:13+08:00 ] ::1 /Hit/index.php/Home/Share/index
INFO: [ app_init ] --START--
INFO: Run Behavior\BuildLiteBehavior [ RunTime:0.000022s ]
INFO: [ app_init ] --END-- [ RunTime:0.000399s ]
INFO: [ app_begin ] --START--
INFO: Run Behavior\ReadHtmlCacheBehavior [ RunTime:0.002527s ]
INFO: [ app_begin ] --END-- [ RunTime:0.002721s ]
SQL: SHOW COLUMNS FROM `p_share` [ RunTime:0.0079s ]
SQL: SELECT * FROM `p_share` WHERE `sta` = 2  [ RunTime:0.0004s ]
SQL: SELECT * FROM `p_share` WHERE `sta` = 1  [ RunTime:0.0002s ]
SQL: SELECT * FROM `p_share` WHERE `sta` = 3  [ RunTime:0.0002s ]
INFO: [ view_parse ] --START--
INFO: [ template_filter ] --START--
INFO: Run Behavior\ContentReplaceBehavior [ RunTime:0.000078s ]
INFO: [ template_filter ] --END-- [ RunTime:0.000168s ]
INFO: Run Behavior\ParseTemplateBehavior [ RunTime:0.017130s ]
INFO: [ view_parse ] --END-- [ RunTime:0.017226s ]
INFO: [ view_filter ] --START--
INFO: Run Behavior\WriteHtmlCacheBehavior [ RunTime:0.000499s ]
INFO: Run Behavior\TokenBuildBehavior [ RunTime:0.000775s ]
INFO: [ view_filter ] --END-- [ RunTime:0.001414s ]
INFO: [ app_end ] --START--
INFO: Run Behavior\ShowPageTraceBehavior [ RunTime:0.000826s ]
INFO: [ app_end ] --END-- [ RunTime:0.000910s ]

[ 2016-03-20T23:29:23+08:00 ] ::1 /Hit/index.php/Home/User/login
INFO: [ app_init ] --START--
INFO: Run Behavior\BuildLiteBehavior [ RunTime:0.000024s ]
INFO: [ app_init ] --END-- [ RunTime:0.000671s ]
INFO: [ app_begin ] --START--
INFO: Run Behavior\ReadHtmlCacheBehavior [ RunTime:0.000801s ]
INFO: [ app_begin ] --END-- [ RunTime:0.000905s ]
INFO: [ view_parse ] --START--
INFO: [ template_filter ] --START--
INFO: Run Behavior\ContentReplaceBehavior [ RunTime:0.000122s ]
INFO: [ template_filter ] --END-- [ RunTime:0.000230s ]
INFO: Run Behavior\ParseTemplateBehavior [ RunTime:0.034370s ]
INFO: [ view_parse ] --END-- [ RunTime:0.034488s ]
INFO: [ view_filter ] --START--
INFO: Run Behavior\WriteHtmlCacheBehavior [ RunTime:0.000760s ]
INFO: Run Behavior\TokenBuildBehavior [ RunTime:0.001013s ]
INFO: [ view_filter ] --END-- [ RunTime:0.001932s ]
INFO: [ app_end ] --START--
INFO: Run Behavior\ShowPageTraceBehavior [ RunTime:0.000939s ]
INFO: [ app_end ] --END-- [ RunTime:0.001022s ]

[ 2016-03-20T23:29:30+08:00 ] ::1 /Hit/index.php/Home/Blog/index
INFO: [ app_init ] --START--
INFO: Run Behavior\BuildLiteBehavior [ RunTime:0.000026s ]
INFO: [ app_init ] --END-- [ RunTime:0.000456s ]
INFO: [ app_begin ] --START--
INFO: Run Behavior\ReadHtmlCacheBehavior [ RunTime:0.000745s ]
INFO: [ app_begin ] --END-- [ RunTime:0.000845s ]
SQL: SHOW COLUMNS FROM `p_cate` [ RunTime:0.0069s ]
SQL: SELECT * FROM `p_cate` ORDER BY sort asc  [ RunTime:0.0003s ]
INFO: [ view_parse ] --START--
INFO: [ template_filter ] --START--
INFO: Run Behavior\ContentReplaceBehavior [ RunTime:0.000075s ]
INFO: [ template_filter ] --END-- [ RunTime:0.000202s ]
NOTIC: [8] Undefined variable: blog D:\wamp\www\Hit\Application\Runtime\Cache\Home\6d164f7c2f6ca2370f3ab6859ad5b9d7.php 第 9 行.
INFO: Run Behavior\ParseTemplateBehavior [ RunTime:0.015332s ]
INFO: [ view_parse ] --END-- [ RunTime:0.015451s ]
INFO: [ view_filter ] --START--
INFO: Run Behavior\WriteHtmlCacheBehavior [ RunTime:0.000541s ]
INFO: Run Behavior\TokenBuildBehavior [ RunTime:0.000920s ]
INFO: [ view_filter ] --END-- [ RunTime:0.001602s ]
INFO: [ app_end ] --START--
INFO: Run Behavior\ShowPageTraceBehavior [ RunTime:0.000806s ]
INFO: [ app_end ] --END-- [ RunTime:0.000928s ]

[ 2016-03-20T23:29:31+08:00 ] ::1 /Hit/index.php/Home/Blog/clickNum
INFO: [ app_init ] --START--
INFO: Run Behavior\BuildLiteBehavior [ RunTime:0.000054s ]
INFO: [ app_init ] --END-- [ RunTime:0.000755s ]
INFO: [ app_begin ] --START--
INFO: Run Behavior\ReadHtmlCacheBehavior [ RunTime:0.003172s ]
INFO: [ app_begin ] --END-- [ RunTime:0.003516s ]
SQL: SHOW COLUMNS FROM `p_blog` [ RunTime:0.0041s ]
SQL: SELECT `click` FROM `p_blog` WHERE `id` = 0 LIMIT 1   [ RunTime:0.0002s ]
SQL: UPDATE `p_blog` SET `click`=click+1 WHERE `id` = 0 [ RunTime:0.0002s ]
INFO: [ app_end ] --START--
INFO: Run Behavior\ShowPageTraceBehavior [ RunTime:0.001141s ]
INFO: [ app_end ] --END-- [ RunTime:0.001252s ]

[ 2016-03-20T23:29:31+08:00 ] ::1 /Hit/index.php/Home/Exper/index
INFO: [ app_init ] --START--
INFO: Run Behavior\BuildLiteBehavior [ RunTime:0.000032s ]
INFO: [ app_init ] --END-- [ RunTime:0.000599s ]
INFO: [ app_begin ] --START--
INFO: Run Behavior\ReadHtmlCacheBehavior [ RunTime:0.001066s ]
INFO: [ app_begin ] --END-- [ RunTime:0.001212s ]
SQL: SHOW COLUMNS FROM `p_exper` [ RunTime:0.0047s ]
SQL: SELECT * FROM `p_exper` WHERE `del` = 0  [ RunTime:0.0006s ]
INFO: [ view_parse ] --START--
INFO: [ template_filter ] --START--
INFO: Run Behavior\ContentReplaceBehavior [ RunTime:0.000089s ]
INFO: [ template_filter ] --END-- [ RunTime:0.000175s ]
NOTIC: [8] Undefined index: id D:\wamp\www\Hit\Application\Runtime\Cache\Home\f7c41315f37948de092bd72800eaef1d.php 第 26 行.
INFO: Run Behavior\ParseTemplateBehavior [ RunTime:0.012547s ]
INFO: [ view_parse ] --END-- [ RunTime:0.012688s ]
INFO: [ view_filter ] --START--
INFO: Run Behavior\WriteHtmlCacheBehavior [ RunTime:0.000470s ]
INFO: Run Behavior\TokenBuildBehavior [ RunTime:0.000928s ]
INFO: [ view_filter ] --END-- [ RunTime:0.001525s ]
INFO: [ app_end ] --START--
INFO: Run Behavior\ShowPageTraceBehavior [ RunTime:0.000975s ]
INFO: [ app_end ] --END-- [ RunTime:0.001100s ]

[ 2016-03-20T23:29:31+08:00 ] ::1 /Hit/index.php/Home/Exper/clickNum
INFO: [ app_init ] --START--
INFO: Run Behavior\BuildLiteBehavior [ RunTime:0.000029s ]
INFO: [ app_init ] --END-- [ RunTime:0.000557s ]
INFO: [ app_begin ] --START--
INFO: Run Behavior\ReadHtmlCacheBehavior [ RunTime:0.000812s ]
INFO: [ app_begin ] --END-- [ RunTime:0.000933s ]
SQL: SHOW COLUMNS FROM `p_exper` [ RunTime:0.0062s ]
SQL: SELECT `click` FROM `p_exper` WHERE `id` = 0 LIMIT 1   [ RunTime:0.0003s ]
SQL: UPDATE `p_exper` SET `click`=click+1 WHERE `id` = 0 [ RunTime:0.0008s ]
INFO: [ app_end ] --START--
INFO: Run Behavior\ShowPageTraceBehavior [ RunTime:0.000952s ]
INFO: [ app_end ] --END-- [ RunTime:0.001054s ]

[ 2016-03-20T23:33:02+08:00 ] ::1 /Hit/index.php/Home/Exper/one/id/14?id=14
INFO: [ app_init ] --START--
INFO: Run Behavior\BuildLiteBehavior [ RunTime:0.000043s ]
INFO: [ app_init ] --END-- [ RunTime:0.000711s ]
INFO: [ app_begin ] --START--
INFO: Run Behavior\ReadHtmlCacheBehavior [ RunTime:0.000782s ]
INFO: [ app_begin ] --END-- [ RunTime:0.000875s ]
SQL: SHOW COLUMNS FROM `p_exper` [ RunTime:0.0754s ]
SQL: SELECT * FROM `p_exper` WHERE `id` = 14  [ RunTime:0.0006s ]
SQL: SELECT * FROM `p_exper` ORDER BY click desc LIMIT 8   [ RunTime:0.0004s ]
SQL: SHOW COLUMNS FROM `p_say` [ RunTime:0.0043s ]
SQL: SHOW COLUMNS FROM `p_user` [ RunTime:0.0047s ]
SQL: SELECT say.id AS id,say.content AS content,say.time AS time,say.uid AS uid,say.bid AS bid,say.eid AS eid,say.youke AS youke,user.username AS username,user.avater_path AS avater_path,user.sign AS sign,user.location AS location FROM p_say say LEFT JOIN p_user user ON say.uid = user.id WHERE say.eid = '14'  [ RunTime:0.0003s ]
INFO: [ view_parse ] --START--
INFO: [ template_filter ] --START--
INFO: Run Behavior\ContentReplaceBehavior [ RunTime:0.000160s ]
INFO: [ template_filter ] --END-- [ RunTime:0.000280s ]
NOTIC: [8] Use of undefined constant experpic - assumed 'experpic' D:\wamp\www\Hit\Application\Runtime\Cache\Home\f6cd6e1788782ee84575d142e0beec1e.php 第 63 行.
NOTIC: [8] Use of undefined constant avater_path - assumed 'avater_path' D:\wamp\www\Hit\Application\Runtime\Cache\Home\f6cd6e1788782ee84575d142e0beec1e.php 第 96 行.
NOTIC: [8] Undefined variable: vo D:\wamp\www\Hit\Application\Runtime\Cache\Home\f6cd6e1788782ee84575d142e0beec1e.php 第 96 行.
NOTIC: [8] Undefined variable: vo D:\wamp\www\Hit\Application\Runtime\Cache\Home\f6cd6e1788782ee84575d142e0beec1e.php 第 103 行.
NOTIC: [8] Undefined variable: vo D:\wamp\www\Hit\Application\Runtime\Cache\Home\f6cd6e1788782ee84575d142e0beec1e.php 第 103 行.
NOTIC: [8] Undefined variable: vo D:\wamp\www\Hit\Application\Runtime\Cache\Home\f6cd6e1788782ee84575d142e0beec1e.php 第 103 行.
NOTIC: [8] Undefined variable: vo D:\wamp\www\Hit\Application\Runtime\Cache\Home\f6cd6e1788782ee84575d142e0beec1e.php 第 104 行.
NOTIC: [8] Undefined variable: selfadd D:\wamp\www\Hit\Application\Runtime\Cache\Home\f6cd6e1788782ee84575d142e0beec1e.php 第 109 行.
NOTIC: [8] Undefined variable: id D:\wamp\www\Hit\Application\Runtime\Cache\Home\f6cd6e1788782ee84575d142e0beec1e.php 第 151 行.
NOTIC: [8] Use of undefined constant experpic - assumed 'experpic' D:\wamp\www\Hit\Application\Runtime\Cache\Home\f6cd6e1788782ee84575d142e0beec1e.php 第 158 行.
NOTIC: [8] Use of undefined constant experpic - assumed 'experpic' D:\wamp\www\Hit\Application\Runtime\Cache\Home\f6cd6e1788782ee84575d142e0beec1e.php 第 158 行.
NOTIC: [8] Use of undefined constant experpic - assumed 'experpic' D:\wamp\www\Hit\Application\Runtime\Cache\Home\f6cd6e1788782ee84575d142e0beec1e.php 第 158 行.
NOTIC: [8] Use of undefined constant experpic - assumed 'experpic' D:\wamp\www\Hit\Application\Runtime\Cache\Home\f6cd6e1788782ee84575d142e0beec1e.php 第 158 行.
NOTIC: [8] Use of undefined constant experpic - assumed 'experpic' D:\wamp\www\Hit\Application\Runtime\Cache\Home\f6cd6e1788782ee84575d142e0beec1e.php 第 158 行.
NOTIC: [8] Use of undefined constant experpic - assumed 'experpic' D:\wamp\www\Hit\Application\Runtime\Cache\Home\f6cd6e1788782ee84575d142e0beec1e.php 第 158 行.
NOTIC: [8] Use of undefined constant experpic - assumed 'experpic' D:\wamp\www\Hit\Application\Runtime\Cache\Home\f6cd6e1788782ee84575d142e0beec1e.php 第 158 行.
NOTIC: [8] Use of undefined constant experpic - assumed 'experpic' D:\wamp\www\Hit\Application\Runtime\Cache\Home\f6cd6e1788782ee84575d142e0beec1e.php 第 158 行.
INFO: Run Behavior\ParseTemplateBehavior [ RunTime:0.024333s ]
INFO: [ view_parse ] --END-- [ RunTime:0.024437s ]
INFO: [ view_filter ] --START--
INFO: Run Behavior\WriteHtmlCacheBehavior [ RunTime:0.000542s ]
INFO: Run Behavior\TokenBuildBehavior [ RunTime:0.000993s ]
INFO: [ view_filter ] --END-- [ RunTime:0.001672s ]
INFO: [ app_end ] --START--
INFO: Run Behavior\ShowPageTraceBehavior [ RunTime:0.000827s ]
INFO: [ app_end ] --END-- [ RunTime:0.000938s ]

[ 2016-03-20T23:33:02+08:00 ] ::1 /Hit/index.php/Home/Exper/clickNum/id/14
INFO: [ app_init ] --START--
INFO: Run Behavior\BuildLiteBehavior [ RunTime:0.000043s ]
INFO: [ app_init ] --END-- [ RunTime:0.000665s ]
INFO: [ app_begin ] --START--
INFO: Run Behavior\ReadHtmlCacheBehavior [ RunTime:0.000821s ]
INFO: [ app_begin ] --END-- [ RunTime:0.000940s ]
SQL: SHOW COLUMNS FROM `p_exper` [ RunTime:0.0051s ]
SQL: SELECT `click` FROM `p_exper` WHERE `id` = 14 LIMIT 1   [ RunTime:0.0003s ]
SQL: UPDATE `p_exper` SET `click`=click+1 WHERE `id` = 14 [ RunTime:0.0003s ]
INFO: [ app_end ] --START--
INFO: Run Behavior\ShowPageTraceBehavior [ RunTime:0.000934s ]
INFO: [ app_end ] --END-- [ RunTime:0.001032s ]

[ 2016-03-20T23:33:06+08:00 ] ::1 /Hit/index.php/Home/Share/index
INFO: [ app_init ] --START--
INFO: Run Behavior\BuildLiteBehavior [ RunTime:0.000022s ]
INFO: [ app_init ] --END-- [ RunTime:0.000407s ]
INFO: [ app_begin ] --START--
INFO: Run Behavior\ReadHtmlCacheBehavior [ RunTime:0.000663s ]
INFO: [ app_begin ] --END-- [ RunTime:0.000753s ]
SQL: SHOW COLUMNS FROM `p_share` [ RunTime:0.0058s ]
SQL: SELECT * FROM `p_share` WHERE `sta` = 2  [ RunTime:0.0003s ]
SQL: SELECT * FROM `p_share` WHERE `sta` = 1  [ RunTime:0.0002s ]
SQL: SELECT * FROM `p_share` WHERE `sta` = 3  [ RunTime:0.0002s ]
INFO: [ view_parse ] --START--
INFO: [ template_filter ] --START--
INFO: Run Behavior\ContentReplaceBehavior [ RunTime:0.000079s ]
INFO: [ template_filter ] --END-- [ RunTime:0.000170s ]
INFO: Run Behavior\ParseTemplateBehavior [ RunTime:0.016707s ]
INFO: [ view_parse ] --END-- [ RunTime:0.016830s ]
INFO: [ view_filter ] --START--
INFO: Run Behavior\WriteHtmlCacheBehavior [ RunTime:0.000480s ]
INFO: Run Behavior\TokenBuildBehavior [ RunTime:0.000801s ]
INFO: [ view_filter ] --END-- [ RunTime:0.001401s ]
INFO: [ app_end ] --START--
INFO: Run Behavior\ShowPageTraceBehavior [ RunTime:0.000699s ]
INFO: [ app_end ] --END-- [ RunTime:0.000791s ]

[ 2016-03-20T23:40:55+08:00 ] ::1 /Hit/index.php/Home/User/login
INFO: [ app_init ] --START--
INFO: Run Behavior\BuildLiteBehavior [ RunTime:0.000033s ]
INFO: [ app_init ] --END-- [ RunTime:0.000480s ]
INFO: [ app_begin ] --START--
INFO: Run Behavior\ReadHtmlCacheBehavior [ RunTime:0.001926s ]
INFO: [ app_begin ] --END-- [ RunTime:0.002052s ]
INFO: [ view_parse ] --START--
INFO: [ template_filter ] --START--
INFO: Run Behavior\ContentReplaceBehavior [ RunTime:0.000145s ]
INFO: [ template_filter ] --END-- [ RunTime:0.000252s ]
INFO: Run Behavior\ParseTemplateBehavior [ RunTime:0.015928s ]
INFO: [ view_parse ] --END-- [ RunTime:0.016084s ]
INFO: [ view_filter ] --START--
INFO: Run Behavior\WriteHtmlCacheBehavior [ RunTime:0.000566s ]
INFO: Run Behavior\TokenBuildBehavior [ RunTime:0.000898s ]
INFO: [ view_filter ] --END-- [ RunTime:0.001597s ]
INFO: [ app_end ] --START--
INFO: Run Behavior\ShowPageTraceBehavior [ RunTime:0.000795s ]
INFO: [ app_end ] --END-- [ RunTime:0.000879s ]

