[ 2016-04-15T07:44:30+08:00 ] 27.47.157.115 /
INFO: [ app_init ] --START--
INFO: Run Behavior\BuildLiteBehavior [ RunTime:0.000030s ]
INFO: [ app_init ] --END-- [ RunTime:0.000644s ]
INFO: [ app_begin ] --START--
INFO: Run Behavior\ReadHtmlCacheBehavior [ RunTime:0.000854s ]
INFO: [ app_begin ] --END-- [ RunTime:0.000983s ]
SQL: SHOW COLUMNS FROM `p_blog` [ RunTime:0.0442s ]
SQL: SELECT * FROM `p_blog` WHERE `del` = 0 ORDER BY good desc LIMIT 4   [ RunTime:0.0008s ]
SQL: SHOW COLUMNS FROM `p_blog` [ RunTime:0.0040s ]
SQL: SELECT `id`,`title`,`blogpic`,`content`,`time`,`click`,`cid`,`userid`,`saycount`,`username`,`good`,`bad` FROM `p_blog` WHERE `del` = 0 ORDER BY click desc LIMIT 3   [ RunTime:0.0008s ]
SQL: SHOW COLUMNS FROM `p_attr` [ RunTime:0.0160s ]
NOTIC: [8] Undefined index: mapping_order /www/users/H10044002/ThinkPHP/Library/Think/Model/RelationModel.class.php 第 186 行.
NOTIC: [8] Undefined index: mapping_limit /www/users/H10044002/ThinkPHP/Library/Think/Model/RelationModel.class.php 第 187 行.
SQL: SELECT b.* FROM p_blog_attr AS a, p_attr AS b WHERE a.aid = b.id AND a. bid='13' [ RunTime:0.0128s ]
SQL: SHOW COLUMNS FROM `p_cate` [ RunTime:0.0225s ]
SQL: SELECT `name` FROM `p_cate` WHERE ( 1=1 AND id='23' ) LIMIT 1   [ RunTime:0.0004s ]
NOTIC: [8] Undefined index: mapping_order /www/users/H10044002/ThinkPHP/Library/Think/Model/RelationModel.class.php 第 186 行.
NOTIC: [8] Undefined index: mapping_limit /www/users/H10044002/ThinkPHP/Library/Think/Model/RelationModel.class.php 第 187 行.
SQL: SELECT b.* FROM p_blog_attr AS a, p_attr AS b WHERE a.aid = b.id AND a. bid='1' [ RunTime:0.0004s ]
SQL: SELECT `name` FROM `p_cate` WHERE ( 1=1 AND id='23' ) LIMIT 1   [ RunTime:0.0001s ]
NOTIC: [8] Undefined index: mapping_order /www/users/H10044002/ThinkPHP/Library/Think/Model/RelationModel.class.php 第 186 行.
NOTIC: [8] Undefined index: mapping_limit /www/users/H10044002/ThinkPHP/Library/Think/Model/RelationModel.class.php 第 187 行.
SQL: SELECT b.* FROM p_blog_attr AS a, p_attr AS b WHERE a.aid = b.id AND a. bid='7' [ RunTime:0.0004s ]
SQL: SELECT `name` FROM `p_cate` WHERE ( 1=1 AND id='33' ) LIMIT 1   [ RunTime:0.0004s ]
SQL: SHOW COLUMNS FROM `p_exper` [ RunTime:0.0181s ]
SQL: SELECT * FROM `p_exper` WHERE `del` = 0 ORDER BY click desc LIMIT 3   [ RunTime:0.0009s ]
SQL: SHOW COLUMNS FROM `p_share` [ RunTime:0.0162s ]
SQL: SELECT * FROM `p_share` WHERE `sta` = 2 LIMIT 5   [ RunTime:0.0004s ]
INFO: [ view_parse ] --START--
INFO: [ template_filter ] --START--
INFO: Run Behavior\ContentReplaceBehavior [ RunTime:0.000288s ]
INFO: [ template_filter ] --END-- [ RunTime:0.000428s ]
NOTIC: [2] mb_substr() expects at most 4 parameters, 5 given /www/users/H10044002/Application/Runtime/Cache/Home/2a94b8bda04ff446dcedd42276fc99ee.php 第 109 行.
NOTIC: [2] mb_substr() expects at most 4 parameters, 5 given /www/users/H10044002/Application/Runtime/Cache/Home/2a94b8bda04ff446dcedd42276fc99ee.php 第 109 行.
NOTIC: [2] mb_substr() expects at most 4 parameters, 5 given /www/users/H10044002/Application/Runtime/Cache/Home/2a94b8bda04ff446dcedd42276fc99ee.php 第 109 行.
INFO: Run Behavior\ParseTemplateBehavior [ RunTime:0.081613s ]
INFO: [ view_parse ] --END-- [ RunTime:0.081726s ]
INFO: [ view_filter ] --START--
INFO: Run Behavior\WriteHtmlCacheBehavior [ RunTime:0.000424s ]
INFO: Run Behavior\TokenBuildBehavior [ RunTime:0.000891s ]
INFO: [ view_filter ] --END-- [ RunTime:0.001471s ]
INFO: [ app_end ] --START--
INFO: Run Behavior\ShowPageTraceBehavior [ RunTime:0.000846s ]
INFO: [ app_end ] --END-- [ RunTime:0.000949s ]

[ 2016-04-15T07:44:37+08:00 ] 27.47.157.115 /
INFO: [ app_init ] --START--
INFO: Run Behavior\BuildLiteBehavior [ RunTime:0.000031s ]
INFO: [ app_init ] --END-- [ RunTime:0.000620s ]
INFO: [ app_begin ] --START--
INFO: Run Behavior\ReadHtmlCacheBehavior [ RunTime:0.000829s ]
INFO: [ app_begin ] --END-- [ RunTime:0.000952s ]
SQL: SHOW COLUMNS FROM `p_blog` [ RunTime:0.0041s ]
SQL: SELECT * FROM `p_blog` WHERE `del` = 0 ORDER BY good desc LIMIT 4   [ RunTime:0.0003s ]
SQL: SHOW COLUMNS FROM `p_blog` [ RunTime:0.0040s ]
SQL: SELECT `id`,`title`,`blogpic`,`content`,`time`,`click`,`cid`,`userid`,`saycount`,`username`,`good`,`bad` FROM `p_blog` WHERE `del` = 0 ORDER BY click desc LIMIT 3   [ RunTime:0.0002s ]
SQL: SHOW COLUMNS FROM `p_attr` [ RunTime:0.0041s ]
NOTIC: [8] Undefined index: mapping_order /www/users/H10044002/ThinkPHP/Library/Think/Model/RelationModel.class.php 第 186 行.
NOTIC: [8] Undefined index: mapping_limit /www/users/H10044002/ThinkPHP/Library/Think/Model/RelationModel.class.php 第 187 行.
SQL: SELECT b.* FROM p_blog_attr AS a, p_attr AS b WHERE a.aid = b.id AND a. bid='13' [ RunTime:0.0001s ]
SQL: SHOW COLUMNS FROM `p_cate` [ RunTime:0.0036s ]
SQL: SELECT `name` FROM `p_cate` WHERE ( 1=1 AND id='23' ) LIMIT 1   [ RunTime:0.0001s ]
NOTIC: [8] Undefined index: mapping_order /www/users/H10044002/ThinkPHP/Library/Think/Model/RelationModel.class.php 第 186 行.
NOTIC: [8] Undefined index: mapping_limit /www/users/H10044002/ThinkPHP/Library/Think/Model/RelationModel.class.php 第 187 行.
SQL: SELECT b.* FROM p_blog_attr AS a, p_attr AS b WHERE a.aid = b.id AND a. bid='1' [ RunTime:0.0001s ]
SQL: SELECT `name` FROM `p_cate` WHERE ( 1=1 AND id='23' ) LIMIT 1   [ RunTime:0.0001s ]
NOTIC: [8] Undefined index: mapping_order /www/users/H10044002/ThinkPHP/Library/Think/Model/RelationModel.class.php 第 186 行.
NOTIC: [8] Undefined index: mapping_limit /www/users/H10044002/ThinkPHP/Library/Think/Model/RelationModel.class.php 第 187 行.
SQL: SELECT b.* FROM p_blog_attr AS a, p_attr AS b WHERE a.aid = b.id AND a. bid='7' [ RunTime:0.0001s ]
SQL: SELECT `name` FROM `p_cate` WHERE ( 1=1 AND id='33' ) LIMIT 1   [ RunTime:0.0001s ]
SQL: SHOW COLUMNS FROM `p_exper` [ RunTime:0.0049s ]
SQL: SELECT * FROM `p_exper` WHERE `del` = 0 ORDER BY click desc LIMIT 3   [ RunTime:0.0001s ]
SQL: SHOW COLUMNS FROM `p_share` [ RunTime:0.0032s ]
SQL: SELECT * FROM `p_share` WHERE `sta` = 2 LIMIT 5   [ RunTime:0.0001s ]
INFO: [ view_parse ] --START--
INFO: [ template_filter ] --START--
INFO: Run Behavior\ContentReplaceBehavior [ RunTime:0.000281s ]
INFO: [ template_filter ] --END-- [ RunTime:0.000418s ]
NOTIC: [2] mb_substr() expects at most 4 parameters, 5 given /www/users/H10044002/Application/Runtime/Cache/Home/2a94b8bda04ff446dcedd42276fc99ee.php 第 109 行.
NOTIC: [2] mb_substr() expects at most 4 parameters, 5 given /www/users/H10044002/Application/Runtime/Cache/Home/2a94b8bda04ff446dcedd42276fc99ee.php 第 109 行.
NOTIC: [2] mb_substr() expects at most 4 parameters, 5 given /www/users/H10044002/Application/Runtime/Cache/Home/2a94b8bda04ff446dcedd42276fc99ee.php 第 109 行.
INFO: Run Behavior\ParseTemplateBehavior [ RunTime:0.027407s ]
INFO: [ view_parse ] --END-- [ RunTime:0.027517s ]
INFO: [ view_filter ] --START--
INFO: Run Behavior\WriteHtmlCacheBehavior [ RunTime:0.000406s ]
INFO: Run Behavior\TokenBuildBehavior [ RunTime:0.000954s ]
INFO: [ view_filter ] --END-- [ RunTime:0.001508s ]
INFO: [ app_end ] --START--
INFO: Run Behavior\ShowPageTraceBehavior [ RunTime:0.000779s ]
INFO: [ app_end ] --END-- [ RunTime:0.000884s ]

[ 2016-04-15T08:40:47+08:00 ] 183.24.97.37 /
INFO: [ app_init ] --START--
INFO: Run Behavior\BuildLiteBehavior [ RunTime:0.000032s ]
INFO: [ app_init ] --END-- [ RunTime:0.000616s ]
INFO: [ app_begin ] --START--
INFO: Run Behavior\ReadHtmlCacheBehavior [ RunTime:0.000811s ]
INFO: [ app_begin ] --END-- [ RunTime:0.000937s ]
SQL: SHOW COLUMNS FROM `p_blog` [ RunTime:0.0053s ]
SQL: SELECT * FROM `p_blog` WHERE `del` = 0 ORDER BY good desc LIMIT 4   [ RunTime:0.0003s ]
SQL: SHOW COLUMNS FROM `p_blog` [ RunTime:0.0075s ]
SQL: SELECT `id`,`title`,`blogpic`,`content`,`time`,`click`,`cid`,`userid`,`saycount`,`username`,`good`,`bad` FROM `p_blog` WHERE `del` = 0 ORDER BY click desc LIMIT 3   [ RunTime:0.0019s ]
SQL: SHOW COLUMNS FROM `p_attr` [ RunTime:0.0041s ]
NOTIC: [8] Undefined index: mapping_order /www/users/H10044002/ThinkPHP/Library/Think/Model/RelationModel.class.php 第 186 行.
NOTIC: [8] Undefined index: mapping_limit /www/users/H10044002/ThinkPHP/Library/Think/Model/RelationModel.class.php 第 187 行.
SQL: SELECT b.* FROM p_blog_attr AS a, p_attr AS b WHERE a.aid = b.id AND a. bid='13' [ RunTime:0.0001s ]
SQL: SHOW COLUMNS FROM `p_cate` [ RunTime:0.0027s ]
SQL: SELECT `name` FROM `p_cate` WHERE ( 1=1 AND id='23' ) LIMIT 1   [ RunTime:0.0015s ]
NOTIC: [8] Undefined index: mapping_order /www/users/H10044002/ThinkPHP/Library/Think/Model/RelationModel.class.php 第 186 行.
NOTIC: [8] Undefined index: mapping_limit /www/users/H10044002/ThinkPHP/Library/Think/Model/RelationModel.class.php 第 187 行.
SQL: SELECT b.* FROM p_blog_attr AS a, p_attr AS b WHERE a.aid = b.id AND a. bid='1' [ RunTime:0.0001s ]
SQL: SELECT `name` FROM `p_cate` WHERE ( 1=1 AND id='23' ) LIMIT 1   [ RunTime:0.0001s ]
NOTIC: [8] Undefined index: mapping_order /www/users/H10044002/ThinkPHP/Library/Think/Model/RelationModel.class.php 第 186 行.
NOTIC: [8] Undefined index: mapping_limit /www/users/H10044002/ThinkPHP/Library/Think/Model/RelationModel.class.php 第 187 行.
SQL: SELECT b.* FROM p_blog_attr AS a, p_attr AS b WHERE a.aid = b.id AND a. bid='7' [ RunTime:0.0001s ]
SQL: SELECT `name` FROM `p_cate` WHERE ( 1=1 AND id='33' ) LIMIT 1   [ RunTime:0.0001s ]
SQL: SHOW COLUMNS FROM `p_exper` [ RunTime:0.0039s ]
SQL: SELECT * FROM `p_exper` WHERE `del` = 0 ORDER BY click desc LIMIT 3   [ RunTime:0.0001s ]
SQL: SHOW COLUMNS FROM `p_share` [ RunTime:0.0069s ]
SQL: SELECT * FROM `p_share` WHERE `sta` = 2 LIMIT 5   [ RunTime:0.0001s ]
INFO: [ view_parse ] --START--
INFO: [ template_filter ] --START--
INFO: Run Behavior\ContentReplaceBehavior [ RunTime:0.000254s ]
INFO: [ template_filter ] --END-- [ RunTime:0.000394s ]
NOTIC: [2] mb_substr() expects at most 4 parameters, 5 given /www/users/H10044002/Application/Runtime/Cache/Home/2a94b8bda04ff446dcedd42276fc99ee.php 第 109 行.
NOTIC: [2] mb_substr() expects at most 4 parameters, 5 given /www/users/H10044002/Application/Runtime/Cache/Home/2a94b8bda04ff446dcedd42276fc99ee.php 第 109 行.
NOTIC: [2] mb_substr() expects at most 4 parameters, 5 given /www/users/H10044002/Application/Runtime/Cache/Home/2a94b8bda04ff446dcedd42276fc99ee.php 第 109 行.
INFO: Run Behavior\ParseTemplateBehavior [ RunTime:0.027376s ]
INFO: [ view_parse ] --END-- [ RunTime:0.027478s ]
INFO: [ view_filter ] --START--
INFO: Run Behavior\WriteHtmlCacheBehavior [ RunTime:0.000384s ]
INFO: Run Behavior\TokenBuildBehavior [ RunTime:0.000799s ]
INFO: [ view_filter ] --END-- [ RunTime:0.001328s ]
INFO: [ app_end ] --START--
INFO: Run Behavior\ShowPageTraceBehavior [ RunTime:0.000755s ]
INFO: [ app_end ] --END-- [ RunTime:0.000849s ]

[ 2016-04-15T08:40:54+08:00 ] 183.24.97.37 /
INFO: [ app_init ] --START--
INFO: Run Behavior\BuildLiteBehavior [ RunTime:0.000040s ]
INFO: [ app_init ] --END-- [ RunTime:0.000693s ]
INFO: [ app_begin ] --START--
INFO: Run Behavior\ReadHtmlCacheBehavior [ RunTime:0.000867s ]
INFO: [ app_begin ] --END-- [ RunTime:0.001000s ]
SQL: SHOW COLUMNS FROM `p_blog` [ RunTime:0.0064s ]
SQL: SELECT * FROM `p_blog` WHERE `del` = 0 ORDER BY good desc LIMIT 4   [ RunTime:0.0009s ]
SQL: SHOW COLUMNS FROM `p_blog` [ RunTime:0.0061s ]
SQL: SELECT `id`,`title`,`blogpic`,`content`,`time`,`click`,`cid`,`userid`,`saycount`,`username`,`good`,`bad` FROM `p_blog` WHERE `del` = 0 ORDER BY click desc LIMIT 3   [ RunTime:0.0006s ]
SQL: SHOW COLUMNS FROM `p_attr` [ RunTime:0.0055s ]
NOTIC: [8] Undefined index: mapping_order /www/users/H10044002/ThinkPHP/Library/Think/Model/RelationModel.class.php 第 186 行.
NOTIC: [8] Undefined index: mapping_limit /www/users/H10044002/ThinkPHP/Library/Think/Model/RelationModel.class.php 第 187 行.
SQL: SELECT b.* FROM p_blog_attr AS a, p_attr AS b WHERE a.aid = b.id AND a. bid='13' [ RunTime:0.0001s ]
SQL: SHOW COLUMNS FROM `p_cate` [ RunTime:0.0043s ]
SQL: SELECT `name` FROM `p_cate` WHERE ( 1=1 AND id='23' ) LIMIT 1   [ RunTime:0.0001s ]
NOTIC: [8] Undefined index: mapping_order /www/users/H10044002/ThinkPHP/Library/Think/Model/RelationModel.class.php 第 186 行.
NOTIC: [8] Undefined index: mapping_limit /www/users/H10044002/ThinkPHP/Library/Think/Model/RelationModel.class.php 第 187 行.
SQL: SELECT b.* FROM p_blog_attr AS a, p_attr AS b WHERE a.aid = b.id AND a. bid='1' [ RunTime:0.0001s ]
SQL: SELECT `name` FROM `p_cate` WHERE ( 1=1 AND id='23' ) LIMIT 1   [ RunTime:0.0001s ]
NOTIC: [8] Undefined index: mapping_order /www/users/H10044002/ThinkPHP/Library/Think/Model/RelationModel.class.php 第 186 行.
NOTIC: [8] Undefined index: mapping_limit /www/users/H10044002/ThinkPHP/Library/Think/Model/RelationModel.class.php 第 187 行.
SQL: SELECT b.* FROM p_blog_attr AS a, p_attr AS b WHERE a.aid = b.id AND a. bid='7' [ RunTime:0.0001s ]
SQL: SELECT `name` FROM `p_cate` WHERE ( 1=1 AND id='33' ) LIMIT 1   [ RunTime:0.0001s ]
SQL: SHOW COLUMNS FROM `p_exper` [ RunTime:0.0057s ]
SQL: SELECT * FROM `p_exper` WHERE `del` = 0 ORDER BY click desc LIMIT 3   [ RunTime:0.0001s ]
SQL: SHOW COLUMNS FROM `p_share` [ RunTime:0.0038s ]
SQL: SELECT * FROM `p_share` WHERE `sta` = 2 LIMIT 5   [ RunTime:0.0002s ]
INFO: [ view_parse ] --START--
INFO: [ template_filter ] --START--
INFO: Run Behavior\ContentReplaceBehavior [ RunTime:0.000287s ]
INFO: [ template_filter ] --END-- [ RunTime:0.000415s ]
NOTIC: [2] mb_substr() expects at most 4 parameters, 5 given /www/users/H10044002/Application/Runtime/Cache/Home/2a94b8bda04ff446dcedd42276fc99ee.php 第 109 行.
NOTIC: [2] mb_substr() expects at most 4 parameters, 5 given /www/users/H10044002/Application/Runtime/Cache/Home/2a94b8bda04ff446dcedd42276fc99ee.php 第 109 行.
NOTIC: [2] mb_substr() expects at most 4 parameters, 5 given /www/users/H10044002/Application/Runtime/Cache/Home/2a94b8bda04ff446dcedd42276fc99ee.php 第 109 行.
INFO: Run Behavior\ParseTemplateBehavior [ RunTime:0.029780s ]
INFO: [ view_parse ] --END-- [ RunTime:0.029901s ]
INFO: [ view_filter ] --START--
INFO: Run Behavior\WriteHtmlCacheBehavior [ RunTime:0.000442s ]
INFO: Run Behavior\TokenBuildBehavior [ RunTime:0.000909s ]
INFO: [ view_filter ] --END-- [ RunTime:0.001507s ]
INFO: [ app_end ] --START--
INFO: Run Behavior\ShowPageTraceBehavior [ RunTime:0.000881s ]
INFO: [ app_end ] --END-- [ RunTime:0.001004s ]

[ 2016-04-15T08:40:57+08:00 ] 183.24.97.37 /index.php/Home/Blog/one/id/13?id=13&cid=23
INFO: [ app_init ] --START--
INFO: Run Behavior\BuildLiteBehavior [ RunTime:0.000034s ]
INFO: [ app_init ] --END-- [ RunTime:0.000676s ]
INFO: [ app_begin ] --START--
INFO: Run Behavior\ReadHtmlCacheBehavior [ RunTime:0.001583s ]
INFO: [ app_begin ] --END-- [ RunTime:0.001731s ]
SQL: SHOW COLUMNS FROM `p_blog` [ RunTime:0.0061s ]
SQL: SELECT `id`,`title`,`blogpic`,`content`,`time`,`click`,`cid`,`userid`,`saycount`,`username`,`good`,`bad` FROM `p_blog` WHERE `del` = 0  [ RunTime:0.0742s ]
SQL: SHOW COLUMNS FROM `p_attr` [ RunTime:0.0029s ]
NOTIC: [8] Undefined index: mapping_order /www/users/H10044002/ThinkPHP/Library/Think/Model/RelationModel.class.php 第 186 行.
NOTIC: [8] Undefined index: mapping_limit /www/users/H10044002/ThinkPHP/Library/Think/Model/RelationModel.class.php 第 187 行.
SQL: SELECT b.* FROM p_blog_attr AS a, p_attr AS b WHERE a.aid = b.id AND a. bid='1' [ RunTime:0.0001s ]
SQL: SHOW COLUMNS FROM `p_cate` [ RunTime:0.0042s ]
SQL: SELECT `name` FROM `p_cate` WHERE ( 1=1 AND id='23' ) LIMIT 1   [ RunTime:0.0001s ]
NOTIC: [8] Undefined index: mapping_order /www/users/H10044002/ThinkPHP/Library/Think/Model/RelationModel.class.php 第 186 行.
NOTIC: [8] Undefined index: mapping_limit /www/users/H10044002/ThinkPHP/Library/Think/Model/RelationModel.class.php 第 187 行.
SQL: SELECT b.* FROM p_blog_attr AS a, p_attr AS b WHERE a.aid = b.id AND a. bid='2' [ RunTime:0.0009s ]
SQL: SELECT `name` FROM `p_cate` WHERE ( 1=1 AND id='23' ) LIMIT 1   [ RunTime:0.0001s ]
NOTIC: [8] Undefined index: mapping_order /www/users/H10044002/ThinkPHP/Library/Think/Model/RelationModel.class.php 第 186 行.
NOTIC: [8] Undefined index: mapping_limit /www/users/H10044002/ThinkPHP/Library/Think/Model/RelationModel.class.php 第 187 行.
SQL: SELECT b.* FROM p_blog_attr AS a, p_attr AS b WHERE a.aid = b.id AND a. bid='5' [ RunTime:0.0005s ]
SQL: SELECT `name` FROM `p_cate` WHERE ( 1=1 AND id='26' ) LIMIT 1   [ RunTime:0.0005s ]
NOTIC: [8] Undefined index: mapping_order /www/users/H10044002/ThinkPHP/Library/Think/Model/RelationModel.class.php 第 186 行.
NOTIC: [8] Undefined index: mapping_limit /www/users/H10044002/ThinkPHP/Library/Think/Model/RelationModel.class.php 第 187 行.
SQL: SELECT b.* FROM p_blog_attr AS a, p_attr AS b WHERE a.aid = b.id AND a. bid='6' [ RunTime:0.0005s ]
SQL: SELECT `name` FROM `p_cate` WHERE ( 1=1 AND id='28' ) LIMIT 1   [ RunTime:0.0004s ]
NOTIC: [8] Undefined index: mapping_order /www/users/H10044002/ThinkPHP/Library/Think/Model/RelationModel.class.php 第 186 行.
NOTIC: [8] Undefined index: mapping_limit /www/users/H10044002/ThinkPHP/Library/Think/Model/RelationModel.class.php 第 187 行.
SQL: SELECT b.* FROM p_blog_attr AS a, p_attr AS b WHERE a.aid = b.id AND a. bid='7' [ RunTime:0.0001s ]
SQL: SELECT `name` FROM `p_cate` WHERE ( 1=1 AND id='33' ) LIMIT 1   [ RunTime:0.0001s ]
NOTIC: [8] Undefined index: mapping_order /www/users/H10044002/ThinkPHP/Library/Think/Model/RelationModel.class.php 第 186 行.
NOTIC: [8] Undefined index: mapping_limit /www/users/H10044002/ThinkPHP/Library/Think/Model/RelationModel.class.php 第 187 行.
SQL: SELECT b.* FROM p_blog_attr AS a, p_attr AS b WHERE a.aid = b.id AND a. bid='8' [ RunTime:0.0006s ]
SQL: SELECT `name` FROM `p_cate` WHERE ( 1=1 AND id='23' ) LIMIT 1   [ RunTime:0.0001s ]
NOTIC: [8] Undefined index: mapping_order /www/users/H10044002/ThinkPHP/Library/Think/Model/RelationModel.class.php 第 186 行.
NOTIC: [8] Undefined index: mapping_limit /www/users/H10044002/ThinkPHP/Library/Think/Model/RelationModel.class.php 第 187 行.
SQL: SELECT b.* FROM p_blog_attr AS a, p_attr AS b WHERE a.aid = b.id AND a. bid='10' [ RunTime:0.0005s ]
SQL: SELECT `name` FROM `p_cate` WHERE ( 1=1 AND id='34' ) LIMIT 1   [ RunTime:0.0004s ]
NOTIC: [8] Undefined index: mapping_order /www/users/H10044002/ThinkPHP/Library/Think/Model/RelationModel.class.php 第 186 行.
NOTIC: [8] Undefined index: mapping_limit /www/users/H10044002/ThinkPHP/Library/Think/Model/RelationModel.class.php 第 187 行.
SQL: SELECT b.* FROM p_blog_attr AS a, p_attr AS b WHERE a.aid = b.id AND a. bid='13' [ RunTime:0.0001s ]
SQL: SELECT `name` FROM `p_cate` WHERE ( 1=1 AND id='23' ) LIMIT 1   [ RunTime:0.0001s ]
NOTIC: [8] Undefined index: mapping_order /www/users/H10044002/ThinkPHP/Library/Think/Model/RelationModel.class.php 第 186 行.
NOTIC: [8] Undefined index: mapping_limit /www/users/H10044002/ThinkPHP/Library/Think/Model/RelationModel.class.php 第 187 行.
SQL: SELECT b.* FROM p_blog_attr AS a, p_attr AS b WHERE a.aid = b.id AND a. bid='14' [ RunTime:0.0005s ]
SQL: SELECT `name` FROM `p_cate` WHERE ( 1=1 AND id='25' ) LIMIT 1   [ RunTime:0.0004s ]
NOTIC: [8] Undefined index: mapping_order /www/users/H10044002/ThinkPHP/Library/Think/Model/RelationModel.class.php 第 186 行.
NOTIC: [8] Undefined index: mapping_limit /www/users/H10044002/ThinkPHP/Library/Think/Model/RelationModel.class.php 第 187 行.
SQL: SELECT b.* FROM p_blog_attr AS a, p_attr AS b WHERE a.aid = b.id AND a. bid='15' [ RunTime:0.0005s ]
SQL: SELECT `name` FROM `p_cate` WHERE ( 1=1 AND id='28' ) LIMIT 1   [ RunTime:0.0001s ]
NOTIC: [8] Undefined index: mapping_order /www/users/H10044002/ThinkPHP/Library/Think/Model/RelationModel.class.php 第 186 行.
NOTIC: [8] Undefined index: mapping_limit /www/users/H10044002/ThinkPHP/Library/Think/Model/RelationModel.class.php 第 187 行.
SQL: SELECT b.* FROM p_blog_attr AS a, p_attr AS b WHERE a.aid = b.id AND a. bid='16' [ RunTime:0.0005s ]
SQL: SELECT `name` FROM `p_cate` WHERE ( 1=1 AND id='28' ) LIMIT 1   [ RunTime:0.0001s ]
NOTIC: [8] Undefined index: mapping_order /www/users/H10044002/ThinkPHP/Library/Think/Model/RelationModel.class.php 第 186 行.
NOTIC: [8] Undefined index: mapping_limit /www/users/H10044002/ThinkPHP/Library/Think/Model/RelationModel.class.php 第 187 行.
SQL: SELECT b.* FROM p_blog_attr AS a, p_attr AS b WHERE a.aid = b.id AND a. bid='17' [ RunTime:0.0005s ]
SQL: SELECT `name` FROM `p_cate` WHERE ( 1=1 AND id='23' ) LIMIT 1   [ RunTime:0.0001s ]
NOTIC: [8] Undefined index: mapping_order /www/users/H10044002/ThinkPHP/Library/Think/Model/RelationModel.class.php 第 186 行.
NOTIC: [8] Undefined index: mapping_limit /www/users/H10044002/ThinkPHP/Library/Think/Model/RelationModel.class.php 第 187 行.
SQL: SELECT b.* FROM p_blog_attr AS a, p_attr AS b WHERE a.aid = b.id AND a. bid='18' [ RunTime:0.0005s ]
SQL: SELECT `name` FROM `p_cate` WHERE ( 1=1 AND id='23' ) LIMIT 1   [ RunTime:0.0001s ]
NOTIC: [8] Undefined index: mapping_order /www/users/H10044002/ThinkPHP/Library/Think/Model/RelationModel.class.php 第 186 行.
NOTIC: [8] Undefined index: mapping_limit /www/users/H10044002/ThinkPHP/Library/Think/Model/RelationModel.class.php 第 187 行.
SQL: SELECT b.* FROM p_blog_attr AS a, p_attr AS b WHERE a.aid = b.id AND a. bid='19' [ RunTime:0.0005s ]
SQL: SELECT `name` FROM `p_cate` WHERE ( 1=1 AND id='26' ) LIMIT 1   [ RunTime:0.0001s ]
NOTIC: [8] Undefined index: mapping_order /www/users/H10044002/ThinkPHP/Library/Think/Model/RelationModel.class.php 第 186 行.
NOTIC: [8] Undefined index: mapping_limit /www/users/H10044002/ThinkPHP/Library/Think/Model/RelationModel.class.php 第 187 行.
SQL: SELECT b.* FROM p_blog_attr AS a, p_attr AS b WHERE a.aid = b.id AND a. bid='20' [ RunTime:0.0005s ]
SQL: SELECT `name` FROM `p_cate` WHERE ( 1=1 AND id='26' ) LIMIT 1   [ RunTime:0.0001s ]
NOTIC: [8] Undefined index: mapping_order /www/users/H10044002/ThinkPHP/Library/Think/Model/RelationModel.class.php 第 186 行.
NOTIC: [8] Undefined index: mapping_limit /www/users/H10044002/ThinkPHP/Library/Think/Model/RelationModel.class.php 第 187 行.
SQL: SELECT b.* FROM p_blog_attr AS a, p_attr AS b WHERE a.aid = b.id AND a. bid='21' [ RunTime:0.0006s ]
SQL: SELECT `name` FROM `p_cate` WHERE ( 1=1 AND id='26' ) LIMIT 1   [ RunTime:0.0001s ]
NOTIC: [8] Undefined index: mapping_order /www/users/H10044002/ThinkPHP/Library/Think/Model/RelationModel.class.php 第 186 行.
NOTIC: [8] Undefined index: mapping_limit /www/users/H10044002/ThinkPHP/Library/Think/Model/RelationModel.class.php 第 187 行.
SQL: SELECT b.* FROM p_blog_attr AS a, p_attr AS b WHERE a.aid = b.id AND a. bid='22' [ RunTime:0.0005s ]
SQL: SELECT `name` FROM `p_cate` WHERE ( 1=1 AND id='28' ) LIMIT 1   [ RunTime:0.0001s ]
NOTIC: [8] Undefined index: mapping_order /www/users/H10044002/ThinkPHP/Library/Think/Model/RelationModel.class.php 第 186 行.
NOTIC: [8] Undefined index: mapping_limit /www/users/H10044002/ThinkPHP/Library/Think/Model/RelationModel.class.php 第 187 行.
SQL: SELECT b.* FROM p_blog_attr AS a, p_attr AS b WHERE a.aid = b.id AND a. bid='23' [ RunTime:0.0005s ]
SQL: SELECT `name` FROM `p_cate` WHERE ( 1=1 AND id='31' ) LIMIT 1   [ RunTime:0.0006s ]
NOTIC: [8] Undefined index: mapping_order /www/users/H10044002/ThinkPHP/Library/Think/Model/RelationModel.class.php 第 186 行.
NOTIC: [8] Undefined index: mapping_limit /www/users/H10044002/ThinkPHP/Library/Think/Model/RelationModel.class.php 第 187 行.
SQL: SELECT b.* FROM p_blog_attr AS a, p_attr AS b WHERE a.aid = b.id AND a. bid='24' [ RunTime:0.0005s ]
SQL: SELECT `name` FROM `p_cate` WHERE ( 1=1 AND id='23' ) LIMIT 1   [ RunTime:0.0001s ]
SQL: SELECT `id`,`title`,`blogpic`,`content`,`time`,`click`,`cid`,`userid`,`saycount`,`username`,`good`,`bad` FROM `p_blog` WHERE `id` = 13 AND `del` = 0  [ RunTime:0.0004s ]
NOTIC: [8] Undefined index: mapping_order /www/users/H10044002/ThinkPHP/Library/Think/Model/RelationModel.class.php 第 186 行.
NOTIC: [8] Undefined index: mapping_limit /www/users/H10044002/ThinkPHP/Library/Think/Model/RelationModel.class.php 第 187 行.
SQL: SELECT b.* FROM p_blog_attr AS a, p_attr AS b WHERE a.aid = b.id AND a. bid='13' [ RunTime:0.0001s ]
SQL: SELECT `name` FROM `p_cate` WHERE ( 1=1 AND id='23' ) LIMIT 1   [ RunTime:0.0001s ]
SQL: SHOW COLUMNS FROM `p_blog` [ RunTime:0.0053s ]
SQL: SHOW COLUMNS FROM `p_user` [ RunTime:0.0085s ]
SQL: SELECT blog.id AS id,blog.title AS title,blog.content AS content,blog.time AS time,blog.click AS click,blog.userid AS userid,blog.username AS username,user.avater_path AS avater_path,user.sign AS sign,user.sex AS sex,user.sign AS sign,user.location AS location FROM p_blog blog LEFT JOIN p_user user ON blog.userid = user.id WHERE blog.id = '13'  [ RunTime:0.0031s ]
SQL: SELECT `id`,`title`,`blogpic`,`content`,`time`,`click`,`cid`,`userid`,`saycount`,`username`,`good`,`bad` FROM `p_blog` WHERE `id` = 13 AND `del` = 0  [ RunTime:0.0001s ]
NOTIC: [8] Undefined index: mapping_order /www/users/H10044002/ThinkPHP/Library/Think/Model/RelationModel.class.php 第 186 行.
NOTIC: [8] Undefined index: mapping_limit /www/users/H10044002/ThinkPHP/Library/Think/Model/RelationModel.class.php 第 187 行.
SQL: SELECT b.* FROM p_blog_attr AS a, p_attr AS b WHERE a.aid = b.id AND a. bid='13' [ RunTime:0.0001s ]
SQL: SELECT `name` FROM `p_cate` WHERE ( 1=1 AND id='23' ) LIMIT 1   [ RunTime:0.0001s ]
SQL: SELECT * FROM `p_blog` WHERE `cid` = 23 AND `del` = 0 LIMIT 8   [ RunTime:0.0011s ]
SQL: SHOW COLUMNS FROM `p_say` [ RunTime:0.0113s ]
SQL: SELECT say.id AS id,say.content AS content,say.time AS time,say.uid AS uid,say.bid AS bid,say.eid AS eid,say.youke AS youke,user.username AS username,user.avater_path AS avater_path,user.sign AS sign,user.location AS location FROM p_say say LEFT JOIN p_user user ON say.uid = user.id WHERE say.bid = '13'  [ RunTime:0.0009s ]
SQL: SELECT `id` FROM `p_say` WHERE `uid` = null AND `bid` = 13  [ RunTime:0.0002s ]
INFO: [ view_parse ] --START--
INFO: [ template_filter ] --START--
INFO: Run Behavior\ContentReplaceBehavior [ RunTime:0.000181s ]
INFO: [ template_filter ] --END-- [ RunTime:0.000324s ]
NOTIC: [8] Undefined variable: value /www/users/H10044002/Application/Runtime/Cache/Home/8f3a251b1e5bd9da84dbb3a5e0fbca83.php 第 52 行.
NOTIC: [8] Undefined variable: value /www/users/H10044002/Application/Runtime/Cache/Home/8f3a251b1e5bd9da84dbb3a5e0fbca83.php 第 53 行.
NOTIC: [8] Use of undefined constant blogpic - assumed 'blogpic' /www/users/H10044002/Application/Runtime/Cache/Home/8f3a251b1e5bd9da84dbb3a5e0fbca83.php 第 63 行.
NOTIC: [8] Use of undefined constant id - assumed 'id' /www/users/H10044002/Application/Runtime/Cache/Home/8f3a251b1e5bd9da84dbb3a5e0fbca83.php 第 77 行.
NOTIC: [8] Use of undefined constant avater_path - assumed 'avater_path' /www/users/H10044002/Application/Runtime/Cache/Home/8f3a251b1e5bd9da84dbb3a5e0fbca83.php 第 102 行.
NOTIC: [8] Undefined variable: selfadd /www/users/H10044002/Application/Runtime/Cache/Home/8f3a251b1e5bd9da84dbb3a5e0fbca83.php 第 115 行.
NOTIC: [8] Use of undefined constant avater_path - assumed 'avater_path' /www/users/H10044002/Application/Runtime/Cache/Home/8f3a251b1e5bd9da84dbb3a5e0fbca83.php 第 102 行.
NOTIC: [8] Undefined variable: selfadd /www/users/H10044002/Application/Runtime/Cache/Home/8f3a251b1e5bd9da84dbb3a5e0fbca83.php 第 115 行.
NOTIC: [8] Use of undefined constant avater_path - assumed 'avater_path' /www/users/H10044002/Application/Runtime/Cache/Home/8f3a251b1e5bd9da84dbb3a5e0fbca83.php 第 102 行.
NOTIC: [8] Undefined variable: selfadd /www/users/H10044002/Application/Runtime/Cache/Home/8f3a251b1e5bd9da84dbb3a5e0fbca83.php 第 115 行.
NOTIC: [8] Use of undefined constant avater_path - assumed 'avater_path' /www/users/H10044002/Application/Runtime/Cache/Home/8f3a251b1e5bd9da84dbb3a5e0fbca83.php 第 102 行.
NOTIC: [8] Undefined variable: selfadd /www/users/H10044002/Application/Runtime/Cache/Home/8f3a251b1e5bd9da84dbb3a5e0fbca83.php 第 115 行.
NOTIC: [8] Use of undefined constant avater_path - assumed 'avater_path' /www/users/H10044002/Application/Runtime/Cache/Home/8f3a251b1e5bd9da84dbb3a5e0fbca83.php 第 102 行.
NOTIC: [8] Undefined variable: selfadd /www/users/H10044002/Application/Runtime/Cache/Home/8f3a251b1e5bd9da84dbb3a5e0fbca83.php 第 115 行.
NOTIC: [8] Use of undefined constant avater_path - assumed 'avater_path' /www/users/H10044002/Application/Runtime/Cache/Home/8f3a251b1e5bd9da84dbb3a5e0fbca83.php 第 102 行.
NOTIC: [8] Undefined variable: selfadd /www/users/H10044002/Application/Runtime/Cache/Home/8f3a251b1e5bd9da84dbb3a5e0fbca83.php 第 115 行.
NOTIC: [8] Use of undefined constant avater_path - assumed 'avater_path' /www/users/H10044002/Application/Runtime/Cache/Home/8f3a251b1e5bd9da84dbb3a5e0fbca83.php 第 102 行.
NOTIC: [8] Undefined variable: selfadd /www/users/H10044002/Application/Runtime/Cache/Home/8f3a251b1e5bd9da84dbb3a5e0fbca83.php 第 115 行.
NOTIC: [8] Use of undefined constant avater_path - assumed 'avater_path' /www/users/H10044002/Application/Runtime/Cache/Home/8f3a251b1e5bd9da84dbb3a5e0fbca83.php 第 102 行.
NOTIC: [8] Undefined variable: selfadd /www/users/H10044002/Application/Runtime/Cache/Home/8f3a251b1e5bd9da84dbb3a5e0fbca83.php 第 115 行.
NOTIC: [8] Use of undefined constant avater_path - assumed 'avater_path' /www/users/H10044002/Application/Runtime/Cache/Home/8f3a251b1e5bd9da84dbb3a5e0fbca83.php 第 102 行.
NOTIC: [8] Undefined variable: selfadd /www/users/H10044002/Application/Runtime/Cache/Home/8f3a251b1e5bd9da84dbb3a5e0fbca83.php 第 115 行.
NOTIC: [8] Use of undefined constant avater_path - assumed 'avater_path' /www/users/H10044002/Application/Runtime/Cache/Home/8f3a251b1e5bd9da84dbb3a5e0fbca83.php 第 102 行.
NOTIC: [8] Undefined variable: selfadd /www/users/H10044002/Application/Runtime/Cache/Home/8f3a251b1e5bd9da84dbb3a5e0fbca83.php 第 115 行.
NOTIC: [8] Use of undefined constant avater_path - assumed 'avater_path' /www/users/H10044002/Application/Runtime/Cache/Home/8f3a251b1e5bd9da84dbb3a5e0fbca83.php 第 102 行.
NOTIC: [8] Undefined variable: selfadd /www/users/H10044002/Application/Runtime/Cache/Home/8f3a251b1e5bd9da84dbb3a5e0fbca83.php 第 115 行.
NOTIC: [8] Use of undefined constant avater_path - assumed 'avater_path' /www/users/H10044002/Application/Runtime/Cache/Home/8f3a251b1e5bd9da84dbb3a5e0fbca83.php 第 102 行.
NOTIC: [8] Undefined variable: selfadd /www/users/H10044002/Application/Runtime/Cache/Home/8f3a251b1e5bd9da84dbb3a5e0fbca83.php 第 115 行.
NOTIC: [8] Use of undefined constant avater_path - assumed 'avater_path' /www/users/H10044002/Application/Runtime/Cache/Home/8f3a251b1e5bd9da84dbb3a5e0fbca83.php 第 102 行.
NOTIC: [8] Undefined variable: selfadd /www/users/H10044002/Application/Runtime/Cache/Home/8f3a251b1e5bd9da84dbb3a5e0fbca83.php 第 115 行.
NOTIC: [8] Use of undefined constant avater_path - assumed 'avater_path' /www/users/H10044002/Application/Runtime/Cache/Home/8f3a251b1e5bd9da84dbb3a5e0fbca83.php 第 102 行.
NOTIC: [8] Undefined variable: selfadd /www/users/H10044002/Application/Runtime/Cache/Home/8f3a251b1e5bd9da84dbb3a5e0fbca83.php 第 115 行.
NOTIC: [8] Use of undefined constant blogpic - assumed 'blogpic' /www/users/H10044002/Application/Runtime/Cache/Home/8f3a251b1e5bd9da84dbb3a5e0fbca83.php 第 136 行.
NOTIC: [8] Use of undefined constant blogpic - assumed 'blogpic' /www/users/H10044002/Application/Runtime/Cache/Home/8f3a251b1e5bd9da84dbb3a5e0fbca83.php 第 136 行.
NOTIC: [8] Use of undefined constant blogpic - assumed 'blogpic' /www/users/H10044002/Application/Runtime/Cache/Home/8f3a251b1e5bd9da84dbb3a5e0fbca83.php 第 136 行.
NOTIC: [8] Use of undefined constant blogpic - assumed 'blogpic' /www/users/H10044002/Application/Runtime/Cache/Home/8f3a251b1e5bd9da84dbb3a5e0fbca83.php 第 136 行.
NOTIC: [8] Use of undefined constant blogpic - assumed 'blogpic' /www/users/H10044002/Application/Runtime/Cache/Home/8f3a251b1e5bd9da84dbb3a5e0fbca83.php 第 136 行.
NOTIC: [8] Use of undefined constant blogpic - assumed 'blogpic' /www/users/H10044002/Application/Runtime/Cache/Home/8f3a251b1e5bd9da84dbb3a5e0fbca83.php 第 136 行.
NOTIC: [8] Use of undefined constant blogpic - assumed 'blogpic' /www/users/H10044002/Application/Runtime/Cache/Home/8f3a251b1e5bd9da84dbb3a5e0fbca83.php 第 136 行.
INFO: Run Behavior\ParseTemplateBehavior [ RunTime:0.063377s ]
INFO: [ view_parse ] --END-- [ RunTime:0.063497s ]
INFO: [ view_filter ] --START--
INFO: Run Behavior\WriteHtmlCacheBehavior [ RunTime:0.000466s ]
INFO: Run Behavior\TokenBuildBehavior [ RunTime:0.001173s ]
INFO: [ view_filter ] --END-- [ RunTime:0.001803s ]
INFO: [ app_end ] --START--
INFO: Run Behavior\ShowPageTraceBehavior [ RunTime:0.000985s ]
INFO: [ app_end ] --END-- [ RunTime:0.001100s ]

[ 2016-04-15T08:40:57+08:00 ] 183.24.97.37 /index.php/Home/Blog/clickNum/id/13
INFO: [ app_init ] --START--
INFO: Run Behavior\BuildLiteBehavior [ RunTime:0.000035s ]
INFO: [ app_init ] --END-- [ RunTime:0.000671s ]
INFO: [ app_begin ] --START--
INFO: Run Behavior\ReadHtmlCacheBehavior [ RunTime:0.000834s ]
INFO: [ app_begin ] --END-- [ RunTime:0.000966s ]
SQL: SHOW COLUMNS FROM `p_blog` [ RunTime:0.0043s ]
SQL: SELECT `click` FROM `p_blog` WHERE `id` = 13 LIMIT 1   [ RunTime:0.0006s ]
SQL: UPDATE `p_blog` SET `click`=click+1 WHERE `id` = 13 [ RunTime:0.0879s ]
INFO: [ app_end ] --START--
INFO: Run Behavior\ShowPageTraceBehavior [ RunTime:0.000940s ]
INFO: [ app_end ] --END-- [ RunTime:0.001055s ]

[ 2016-04-15T12:36:09+08:00 ] 113.104.33.94 /
INFO: [ app_init ] --START--
INFO: Run Behavior\BuildLiteBehavior [ RunTime:0.000035s ]
INFO: [ app_init ] --END-- [ RunTime:0.000694s ]
INFO: [ app_begin ] --START--
INFO: Run Behavior\ReadHtmlCacheBehavior [ RunTime:0.000884s ]
INFO: [ app_begin ] --END-- [ RunTime:0.001061s ]
SQL: SHOW COLUMNS FROM `p_blog` [ RunTime:0.0144s ]
SQL: SELECT * FROM `p_blog` WHERE `del` = 0 ORDER BY good desc LIMIT 4   [ RunTime:0.0009s ]
SQL: SHOW COLUMNS FROM `p_blog` [ RunTime:0.0081s ]
SQL: SELECT `id`,`title`,`blogpic`,`content`,`time`,`click`,`cid`,`userid`,`saycount`,`username`,`good`,`bad` FROM `p_blog` WHERE `del` = 0 ORDER BY click desc LIMIT 3   [ RunTime:0.0008s ]
SQL: SHOW COLUMNS FROM `p_attr` [ RunTime:0.0077s ]
NOTIC: [8] Undefined index: mapping_order /www/users/H10044002/ThinkPHP/Library/Think/Model/RelationModel.class.php 第 186 行.
NOTIC: [8] Undefined index: mapping_limit /www/users/H10044002/ThinkPHP/Library/Think/Model/RelationModel.class.php 第 187 行.
SQL: SELECT b.* FROM p_blog_attr AS a, p_attr AS b WHERE a.aid = b.id AND a. bid='13' [ RunTime:0.0197s ]
SQL: SHOW COLUMNS FROM `p_cate` [ RunTime:0.0127s ]
SQL: SELECT `name` FROM `p_cate` WHERE ( 1=1 AND id='23' ) LIMIT 1   [ RunTime:0.0025s ]
NOTIC: [8] Undefined index: mapping_order /www/users/H10044002/ThinkPHP/Library/Think/Model/RelationModel.class.php 第 186 行.
NOTIC: [8] Undefined index: mapping_limit /www/users/H10044002/ThinkPHP/Library/Think/Model/RelationModel.class.php 第 187 行.
SQL: SELECT b.* FROM p_blog_attr AS a, p_attr AS b WHERE a.aid = b.id AND a. bid='1' [ RunTime:0.0011s ]
SQL: SELECT `name` FROM `p_cate` WHERE ( 1=1 AND id='23' ) LIMIT 1   [ RunTime:0.0001s ]
NOTIC: [8] Undefined index: mapping_order /www/users/H10044002/ThinkPHP/Library/Think/Model/RelationModel.class.php 第 186 行.
NOTIC: [8] Undefined index: mapping_limit /www/users/H10044002/ThinkPHP/Library/Think/Model/RelationModel.class.php 第 187 行.
SQL: SELECT b.* FROM p_blog_attr AS a, p_attr AS b WHERE a.aid = b.id AND a. bid='7' [ RunTime:0.0011s ]
SQL: SELECT `name` FROM `p_cate` WHERE ( 1=1 AND id='33' ) LIMIT 1   [ RunTime:0.0010s ]
SQL: SHOW COLUMNS FROM `p_exper` [ RunTime:0.0178s ]
SQL: SELECT * FROM `p_exper` WHERE `del` = 0 ORDER BY click desc LIMIT 3   [ RunTime:0.0008s ]
SQL: SHOW COLUMNS FROM `p_share` [ RunTime:0.0176s ]
SQL: SELECT * FROM `p_share` WHERE `sta` = 2 LIMIT 5   [ RunTime:0.0004s ]
INFO: [ view_parse ] --START--
INFO: [ template_filter ] --START--
INFO: Run Behavior\ContentReplaceBehavior [ RunTime:0.000288s ]
INFO: [ template_filter ] --END-- [ RunTime:0.000427s ]
NOTIC: [2] mb_substr() expects at most 4 parameters, 5 given /www/users/H10044002/Application/Runtime/Cache/Home/2a94b8bda04ff446dcedd42276fc99ee.php 第 109 行.
NOTIC: [2] mb_substr() expects at most 4 parameters, 5 given /www/users/H10044002/Application/Runtime/Cache/Home/2a94b8bda04ff446dcedd42276fc99ee.php 第 109 行.
NOTIC: [2] mb_substr() expects at most 4 parameters, 5 given /www/users/H10044002/Application/Runtime/Cache/Home/2a94b8bda04ff446dcedd42276fc99ee.php 第 109 行.
INFO: Run Behavior\ParseTemplateBehavior [ RunTime:0.061495s ]
INFO: [ view_parse ] --END-- [ RunTime:0.061610s ]
INFO: [ view_filter ] --START--
INFO: Run Behavior\WriteHtmlCacheBehavior [ RunTime:0.000445s ]
INFO: Run Behavior\TokenBuildBehavior [ RunTime:0.000917s ]
INFO: [ view_filter ] --END-- [ RunTime:0.001523s ]
INFO: [ app_end ] --START--
INFO: Run Behavior\ShowPageTraceBehavior [ RunTime:0.000851s ]
INFO: [ app_end ] --END-- [ RunTime:0.000956s ]

[ 2016-04-15T12:36:22+08:00 ] 113.104.33.94 /
INFO: [ app_init ] --START--
INFO: Run Behavior\BuildLiteBehavior [ RunTime:0.000033s ]
INFO: [ app_init ] --END-- [ RunTime:0.000670s ]
INFO: [ app_begin ] --START--
INFO: Run Behavior\ReadHtmlCacheBehavior [ RunTime:0.000845s ]
INFO: [ app_begin ] --END-- [ RunTime:0.000974s ]
SQL: SHOW COLUMNS FROM `p_blog` [ RunTime:0.0060s ]
SQL: SELECT * FROM `p_blog` WHERE `del` = 0 ORDER BY good desc LIMIT 4   [ RunTime:0.0003s ]
SQL: SHOW COLUMNS FROM `p_blog` [ RunTime:0.0039s ]
SQL: SELECT `id`,`title`,`blogpic`,`content`,`time`,`click`,`cid`,`userid`,`saycount`,`username`,`good`,`bad` FROM `p_blog` WHERE `del` = 0 ORDER BY click desc LIMIT 3   [ RunTime:0.0002s ]
SQL: SHOW COLUMNS FROM `p_attr` [ RunTime:0.0030s ]
NOTIC: [8] Undefined index: mapping_order /www/users/H10044002/ThinkPHP/Library/Think/Model/RelationModel.class.php 第 186 行.
NOTIC: [8] Undefined index: mapping_limit /www/users/H10044002/ThinkPHP/Library/Think/Model/RelationModel.class.php 第 187 行.
SQL: SELECT b.* FROM p_blog_attr AS a, p_attr AS b WHERE a.aid = b.id AND a. bid='13' [ RunTime:0.0001s ]
SQL: SHOW COLUMNS FROM `p_cate` [ RunTime:0.0029s ]
SQL: SELECT `name` FROM `p_cate` WHERE ( 1=1 AND id='23' ) LIMIT 1   [ RunTime:0.0001s ]
NOTIC: [8] Undefined index: mapping_order /www/users/H10044002/ThinkPHP/Library/Think/Model/RelationModel.class.php 第 186 行.
NOTIC: [8] Undefined index: mapping_limit /www/users/H10044002/ThinkPHP/Library/Think/Model/RelationModel.class.php 第 187 行.
SQL: SELECT b.* FROM p_blog_attr AS a, p_attr AS b WHERE a.aid = b.id AND a. bid='1' [ RunTime:0.0001s ]
SQL: SELECT `name` FROM `p_cate` WHERE ( 1=1 AND id='23' ) LIMIT 1   [ RunTime:0.0001s ]
NOTIC: [8] Undefined index: mapping_order /www/users/H10044002/ThinkPHP/Library/Think/Model/RelationModel.class.php 第 186 行.
NOTIC: [8] Undefined index: mapping_limit /www/users/H10044002/ThinkPHP/Library/Think/Model/RelationModel.class.php 第 187 行.
SQL: SELECT b.* FROM p_blog_attr AS a, p_attr AS b WHERE a.aid = b.id AND a. bid='7' [ RunTime:0.0001s ]
SQL: SELECT `name` FROM `p_cate` WHERE ( 1=1 AND id='33' ) LIMIT 1   [ RunTime:0.0001s ]
SQL: SHOW COLUMNS FROM `p_exper` [ RunTime:0.0038s ]
SQL: SELECT * FROM `p_exper` WHERE `del` = 0 ORDER BY click desc LIMIT 3   [ RunTime:0.0001s ]
SQL: SHOW COLUMNS FROM `p_share` [ RunTime:0.0032s ]
SQL: SELECT * FROM `p_share` WHERE `sta` = 2 LIMIT 5   [ RunTime:0.0001s ]
INFO: [ view_parse ] --START--
INFO: [ template_filter ] --START--
INFO: Run Behavior\ContentReplaceBehavior [ RunTime:0.000287s ]
INFO: [ template_filter ] --END-- [ RunTime:0.000433s ]
NOTIC: [2] mb_substr() expects at most 4 parameters, 5 given /www/users/H10044002/Application/Runtime/Cache/Home/2a94b8bda04ff446dcedd42276fc99ee.php 第 109 行.
NOTIC: [2] mb_substr() expects at most 4 parameters, 5 given /www/users/H10044002/Application/Runtime/Cache/Home/2a94b8bda04ff446dcedd42276fc99ee.php 第 109 行.
NOTIC: [2] mb_substr() expects at most 4 parameters, 5 given /www/users/H10044002/Application/Runtime/Cache/Home/2a94b8bda04ff446dcedd42276fc99ee.php 第 109 行.
INFO: Run Behavior\ParseTemplateBehavior [ RunTime:0.029294s ]
INFO: [ view_parse ] --END-- [ RunTime:0.029407s ]
INFO: [ view_filter ] --START--
INFO: Run Behavior\WriteHtmlCacheBehavior [ RunTime:0.000441s ]
INFO: Run Behavior\TokenBuildBehavior [ RunTime:0.000912s ]
INFO: [ view_filter ] --END-- [ RunTime:0.001514s ]
INFO: [ app_end ] --START--
INFO: Run Behavior\ShowPageTraceBehavior [ RunTime:0.000873s ]
INFO: [ app_end ] --END-- [ RunTime:0.000986s ]

[ 2016-04-15T12:39:16+08:00 ] 113.104.33.94 /
INFO: [ app_init ] --START--
INFO: Run Behavior\BuildLiteBehavior [ RunTime:0.000034s ]
INFO: [ app_init ] --END-- [ RunTime:0.000665s ]
INFO: [ app_begin ] --START--
INFO: Run Behavior\ReadHtmlCacheBehavior [ RunTime:0.000871s ]
INFO: [ app_begin ] --END-- [ RunTime:0.000998s ]
SQL: SHOW COLUMNS FROM `p_blog` [ RunTime:0.0591s ]
SQL: SELECT * FROM `p_blog` WHERE `del` = 0 ORDER BY good desc LIMIT 4   [ RunTime:0.0004s ]
SQL: SHOW COLUMNS FROM `p_blog` [ RunTime:0.0049s ]
SQL: SELECT `id`,`title`,`blogpic`,`content`,`time`,`click`,`cid`,`userid`,`saycount`,`username`,`good`,`bad` FROM `p_blog` WHERE `del` = 0 ORDER BY click desc LIMIT 3   [ RunTime:0.0002s ]
SQL: SHOW COLUMNS FROM `p_attr` [ RunTime:0.0051s ]
NOTIC: [8] Undefined index: mapping_order /www/users/H10044002/ThinkPHP/Library/Think/Model/RelationModel.class.php 第 186 行.
NOTIC: [8] Undefined index: mapping_limit /www/users/H10044002/ThinkPHP/Library/Think/Model/RelationModel.class.php 第 187 行.
SQL: SELECT b.* FROM p_blog_attr AS a, p_attr AS b WHERE a.aid = b.id AND a. bid='13' [ RunTime:0.0002s ]
SQL: SHOW COLUMNS FROM `p_cate` [ RunTime:0.0088s ]
SQL: SELECT `name` FROM `p_cate` WHERE ( 1=1 AND id='23' ) LIMIT 1   [ RunTime:0.0001s ]
NOTIC: [8] Undefined index: mapping_order /www/users/H10044002/ThinkPHP/Library/Think/Model/RelationModel.class.php 第 186 行.
NOTIC: [8] Undefined index: mapping_limit /www/users/H10044002/ThinkPHP/Library/Think/Model/RelationModel.class.php 第 187 行.
SQL: SELECT b.* FROM p_blog_attr AS a, p_attr AS b WHERE a.aid = b.id AND a. bid='1' [ RunTime:0.0001s ]
SQL: SELECT `name` FROM `p_cate` WHERE ( 1=1 AND id='23' ) LIMIT 1   [ RunTime:0.0001s ]
NOTIC: [8] Undefined index: mapping_order /www/users/H10044002/ThinkPHP/Library/Think/Model/RelationModel.class.php 第 186 行.
NOTIC: [8] Undefined index: mapping_limit /www/users/H10044002/ThinkPHP/Library/Think/Model/RelationModel.class.php 第 187 行.
SQL: SELECT b.* FROM p_blog_attr AS a, p_attr AS b WHERE a.aid = b.id AND a. bid='7' [ RunTime:0.0001s ]
SQL: SELECT `name` FROM `p_cate` WHERE ( 1=1 AND id='33' ) LIMIT 1   [ RunTime:0.0001s ]
SQL: SHOW COLUMNS FROM `p_exper` [ RunTime:0.0043s ]
SQL: SELECT * FROM `p_exper` WHERE `del` = 0 ORDER BY click desc LIMIT 3   [ RunTime:0.0001s ]
SQL: SHOW COLUMNS FROM `p_share` [ RunTime:0.0033s ]
SQL: SELECT * FROM `p_share` WHERE `sta` = 2 LIMIT 5   [ RunTime:0.0001s ]
INFO: [ view_parse ] --START--
INFO: [ template_filter ] --START--
INFO: Run Behavior\ContentReplaceBehavior [ RunTime:0.000280s ]
INFO: [ template_filter ] --END-- [ RunTime:0.000406s ]
NOTIC: [2] mb_substr() expects at most 4 parameters, 5 given /www/users/H10044002/Application/Runtime/Cache/Home/2a94b8bda04ff446dcedd42276fc99ee.php 第 109 行.
NOTIC: [2] mb_substr() expects at most 4 parameters, 5 given /www/users/H10044002/Application/Runtime/Cache/Home/2a94b8bda04ff446dcedd42276fc99ee.php 第 109 行.
NOTIC: [2] mb_substr() expects at most 4 parameters, 5 given /www/users/H10044002/Application/Runtime/Cache/Home/2a94b8bda04ff446dcedd42276fc99ee.php 第 109 行.
INFO: Run Behavior\ParseTemplateBehavior [ RunTime:0.051049s ]
INFO: [ view_parse ] --END-- [ RunTime:0.051171s ]
INFO: [ view_filter ] --START--
INFO: Run Behavior\WriteHtmlCacheBehavior [ RunTime:0.000426s ]
INFO: Run Behavior\TokenBuildBehavior [ RunTime:0.000890s ]
INFO: [ view_filter ] --END-- [ RunTime:0.001475s ]
INFO: [ app_end ] --START--
INFO: Run Behavior\ShowPageTraceBehavior [ RunTime:0.000838s ]
INFO: [ app_end ] --END-- [ RunTime:0.000947s ]

[ 2016-04-15T19:52:02+08:00 ] 183.24.97.163 /
INFO: [ app_init ] --START--
INFO: Run Behavior\BuildLiteBehavior [ RunTime:0.000036s ]
INFO: [ app_init ] --END-- [ RunTime:0.000711s ]
INFO: [ app_begin ] --START--
INFO: Run Behavior\ReadHtmlCacheBehavior [ RunTime:0.000856s ]
INFO: [ app_begin ] --END-- [ RunTime:0.000996s ]
SQL: SHOW COLUMNS FROM `p_blog` [ RunTime:1.8508s ]
SQL: SELECT * FROM `p_blog` WHERE `del` = 0 ORDER BY good desc LIMIT 4   [ RunTime:0.0258s ]
SQL: SHOW COLUMNS FROM `p_blog` [ RunTime:0.0039s ]
SQL: SELECT `id`,`title`,`blogpic`,`content`,`time`,`click`,`cid`,`userid`,`saycount`,`username`,`good`,`bad` FROM `p_blog` WHERE `del` = 0 ORDER BY click desc LIMIT 3   [ RunTime:0.0012s ]
SQL: SHOW COLUMNS FROM `p_attr` [ RunTime:0.0134s ]
NOTIC: [8] Undefined index: mapping_order /www/users/H10044002/ThinkPHP/Library/Think/Model/RelationModel.class.php 第 186 行.
NOTIC: [8] Undefined index: mapping_limit /www/users/H10044002/ThinkPHP/Library/Think/Model/RelationModel.class.php 第 187 行.
SQL: SELECT b.* FROM p_blog_attr AS a, p_attr AS b WHERE a.aid = b.id AND a. bid='13' [ RunTime:0.0035s ]
SQL: SHOW COLUMNS FROM `p_cate` [ RunTime:0.0050s ]
SQL: SELECT `name` FROM `p_cate` WHERE ( 1=1 AND id='23' ) LIMIT 1   [ RunTime:0.0015s ]
NOTIC: [8] Undefined index: mapping_order /www/users/H10044002/ThinkPHP/Library/Think/Model/RelationModel.class.php 第 186 行.
NOTIC: [8] Undefined index: mapping_limit /www/users/H10044002/ThinkPHP/Library/Think/Model/RelationModel.class.php 第 187 行.
SQL: SELECT b.* FROM p_blog_attr AS a, p_attr AS b WHERE a.aid = b.id AND a. bid='1' [ RunTime:0.0004s ]
SQL: SELECT `name` FROM `p_cate` WHERE ( 1=1 AND id='23' ) LIMIT 1   [ RunTime:0.0002s ]
NOTIC: [8] Undefined index: mapping_order /www/users/H10044002/ThinkPHP/Library/Think/Model/RelationModel.class.php 第 186 行.
NOTIC: [8] Undefined index: mapping_limit /www/users/H10044002/ThinkPHP/Library/Think/Model/RelationModel.class.php 第 187 行.
SQL: SELECT b.* FROM p_blog_attr AS a, p_attr AS b WHERE a.aid = b.id AND a. bid='7' [ RunTime:0.0003s ]
SQL: SELECT `name` FROM `p_cate` WHERE ( 1=1 AND id='33' ) LIMIT 1   [ RunTime:0.0002s ]
SQL: SHOW COLUMNS FROM `p_exper` [ RunTime:0.0057s ]
SQL: SELECT * FROM `p_exper` WHERE `del` = 0 ORDER BY click desc LIMIT 3   [ RunTime:0.0005s ]
SQL: SHOW COLUMNS FROM `p_share` [ RunTime:0.0037s ]
SQL: SELECT * FROM `p_share` WHERE `sta` = 2 LIMIT 5   [ RunTime:0.0005s ]
INFO: [ view_parse ] --START--
INFO: [ template_filter ] --START--
INFO: Run Behavior\ContentReplaceBehavior [ RunTime:0.000289s ]
INFO: [ template_filter ] --END-- [ RunTime:0.000411s ]
NOTIC: [2] mb_substr() expects at most 4 parameters, 5 given /www/users/H10044002/Application/Runtime/Cache/Home/2a94b8bda04ff446dcedd42276fc99ee.php 第 109 行.
NOTIC: [2] mb_substr() expects at most 4 parameters, 5 given /www/users/H10044002/Application/Runtime/Cache/Home/2a94b8bda04ff446dcedd42276fc99ee.php 第 109 行.
NOTIC: [2] mb_substr() expects at most 4 parameters, 5 given /www/users/H10044002/Application/Runtime/Cache/Home/2a94b8bda04ff446dcedd42276fc99ee.php 第 109 行.
INFO: Run Behavior\ParseTemplateBehavior [ RunTime:0.029254s ]
INFO: [ view_parse ] --END-- [ RunTime:0.029365s ]
INFO: [ view_filter ] --START--
INFO: Run Behavior\WriteHtmlCacheBehavior [ RunTime:0.000436s ]
INFO: Run Behavior\TokenBuildBehavior [ RunTime:0.000899s ]
INFO: [ view_filter ] --END-- [ RunTime:0.001497s ]
INFO: [ app_end ] --START--
INFO: Run Behavior\ShowPageTraceBehavior [ RunTime:0.000853s ]
INFO: [ app_end ] --END-- [ RunTime:0.000960s ]

