[ 2016-04-26T07:47:14+08:00 ] 101.226.167.236 /robots.txt
INFO: [ app_init ] --START--
INFO: Run Behavior\BuildLiteBehavior [ RunTime:0.000034s ]
INFO: [ app_init ] --END-- [ RunTime:0.000700s ]
ERR: 无法加载模块:Robots

[ 2016-04-26T10:38:11+08:00 ] 171.117.122.87 /Public/Index/Index/fonts/fontawesome-webfont.woff?v=4.2.0
INFO: [ app_init ] --START--
INFO: Run Behavior\BuildLiteBehavior [ RunTime:0.000043s ]
INFO: [ app_init ] --END-- [ RunTime:0.000679s ]
ERR: 无法加载模块:Public

[ 2016-04-26T10:38:11+08:00 ] 171.117.122.87 /Public/Index/common/images/logo.png
INFO: [ app_init ] --START--
INFO: Run Behavior\BuildLiteBehavior [ RunTime:0.000034s ]
INFO: [ app_init ] --END-- [ RunTime:0.000668s ]
ERR: 无法加载模块:Public

[ 2016-04-26T10:38:35+08:00 ] 171.117.122.87 /Public/Index/common/fonts/fontawesome-webfont.woff?v=4.2.0
INFO: [ app_init ] --START--
INFO: Run Behavior\BuildLiteBehavior [ RunTime:0.000032s ]
INFO: [ app_init ] --END-- [ RunTime:0.000661s ]
ERR: 无法加载模块:Public

[ 2016-04-26T10:38:36+08:00 ] 171.117.122.87 /Public/Index/common/images/logo.png
INFO: [ app_init ] --START--
INFO: Run Behavior\BuildLiteBehavior [ RunTime:0.000031s ]
INFO: [ app_init ] --END-- [ RunTime:0.000666s ]
ERR: 无法加载模块:Public

[ 2016-04-26T10:38:37+08:00 ] 171.117.122.87 /Public/Index/Index/fonts/fontawesome-webfont.woff?v=4.2.0
INFO: [ app_init ] --START--
INFO: Run Behavior\BuildLiteBehavior [ RunTime:0.000037s ]
INFO: [ app_init ] --END-- [ RunTime:0.000730s ]
ERR: 无法加载模块:Public

[ 2016-04-26T10:38:39+08:00 ] 171.117.122.87 /Public/Index/common/images/logo.png
INFO: [ app_init ] --START--
INFO: Run Behavior\BuildLiteBehavior [ RunTime:0.000031s ]
INFO: [ app_init ] --END-- [ RunTime:0.000703s ]
ERR: 无法加载模块:Public

[ 2016-04-26T10:38:39+08:00 ] 171.117.122.87 /Public/Index/common/fonts/fontawesome-webfont.woff?v=4.2.0
INFO: [ app_init ] --START--
INFO: Run Behavior\BuildLiteBehavior [ RunTime:0.000030s ]
INFO: [ app_init ] --END-- [ RunTime:0.000652s ]
ERR: 无法加载模块:Public

[ 2016-04-26T10:38:55+08:00 ] 171.117.122.87 /Public/Index/common/images/logo.png
INFO: [ app_init ] --START--
INFO: Run Behavior\BuildLiteBehavior [ RunTime:0.000035s ]
INFO: [ app_init ] --END-- [ RunTime:0.000679s ]
ERR: 无法加载模块:Public

[ 2016-04-26T10:38:55+08:00 ] 171.117.122.87 /Public/Index/common/fonts/fontawesome-webfont.woff?v=4.2.0
INFO: [ app_init ] --START--
INFO: Run Behavior\BuildLiteBehavior [ RunTime:0.000055s ]
INFO: [ app_init ] --END-- [ RunTime:0.000738s ]
ERR: 无法加载模块:Public

[ 2016-04-26T10:38:57+08:00 ] 171.117.122.87 /Public/Index/common/images/logo.png
INFO: [ app_init ] --START--
INFO: Run Behavior\BuildLiteBehavior [ RunTime:0.000038s ]
INFO: [ app_init ] --END-- [ RunTime:0.000708s ]
ERR: 无法加载模块:Public

[ 2016-04-26T10:39:47+08:00 ] 171.117.122.87 /Public/Index/common/fonts/fontawesome-webfont.woff?v=4.2.0
INFO: [ app_init ] --START--
INFO: Run Behavior\BuildLiteBehavior [ RunTime:0.000032s ]
INFO: [ app_init ] --END-- [ RunTime:0.000656s ]
ERR: 无法加载模块:Public

[ 2016-04-26T10:39:49+08:00 ] 171.117.122.87 /Public/Index/common/images/logo.png
INFO: [ app_init ] --START--
INFO: Run Behavior\BuildLiteBehavior [ RunTime:0.000023s ]
INFO: [ app_init ] --END-- [ RunTime:0.000410s ]
ERR: 无法加载模块:Public

[ 2016-04-26T10:39:50+08:00 ] 171.117.122.87 /Public/Index/common/fonts/fontawesome-webfont.woff?v=4.2.0
INFO: [ app_init ] --START--
INFO: Run Behavior\BuildLiteBehavior [ RunTime:0.000023s ]
INFO: [ app_init ] --END-- [ RunTime:0.000436s ]
ERR: 无法加载模块:Public

[ 2016-04-26T10:40:11+08:00 ] 171.117.122.87 /Public/Index/common/images/logo.png
INFO: [ app_init ] --START--
INFO: Run Behavior\BuildLiteBehavior [ RunTime:0.000035s ]
INFO: [ app_init ] --END-- [ RunTime:0.000698s ]
ERR: 无法加载模块:Public

[ 2016-04-26T10:40:11+08:00 ] 171.117.122.87 /Public/Index/common/fonts/fontawesome-webfont.woff?v=4.2.0
INFO: [ app_init ] --START--
INFO: Run Behavior\BuildLiteBehavior [ RunTime:0.000037s ]
INFO: [ app_init ] --END-- [ RunTime:0.000677s ]
ERR: 无法加载模块:Public

[ 2016-04-26T10:40:13+08:00 ] 171.117.122.87 /Public/Index/common/images/logo.png
INFO: [ app_init ] --START--
INFO: Run Behavior\BuildLiteBehavior [ RunTime:0.000034s ]
INFO: [ app_init ] --END-- [ RunTime:0.000679s ]
ERR: 无法加载模块:Public

[ 2016-04-26T10:40:14+08:00 ] 171.117.122.87 /Public/Index/common/fonts/fontawesome-webfont.woff?v=4.2.0
INFO: [ app_init ] --START--
INFO: Run Behavior\BuildLiteBehavior [ RunTime:0.000035s ]
INFO: [ app_init ] --END-- [ RunTime:0.000683s ]
ERR: 无法加载模块:Public

[ 2016-04-26T10:57:34+08:00 ] 171.117.122.87 /Public/Index/common/images/logo.png
INFO: [ app_init ] --START--
INFO: Run Behavior\BuildLiteBehavior [ RunTime:0.000034s ]
INFO: [ app_init ] --END-- [ RunTime:0.000692s ]
ERR: 无法加载模块:Public

[ 2016-04-26T10:57:35+08:00 ] 171.117.122.87 /Public/Index/Index/fonts/fontawesome-webfont.woff?v=4.2.0
INFO: [ app_init ] --START--
INFO: Run Behavior\BuildLiteBehavior [ RunTime:0.000035s ]
INFO: [ app_init ] --END-- [ RunTime:0.000682s ]
ERR: 无法加载模块:Public

[ 2016-04-26T10:57:50+08:00 ] 171.117.122.87 /Public/Index/common/images/logo.png
INFO: [ app_init ] --START--
INFO: Run Behavior\BuildLiteBehavior [ RunTime:0.000023s ]
INFO: [ app_init ] --END-- [ RunTime:0.000423s ]
ERR: 无法加载模块:Public

[ 2016-04-26T10:57:50+08:00 ] 171.117.122.87 /Public/Index/common/fonts/fontawesome-webfont.woff?v=4.2.0
INFO: [ app_init ] --START--
INFO: Run Behavior\BuildLiteBehavior [ RunTime:0.000024s ]
INFO: [ app_init ] --END-- [ RunTime:0.000430s ]
ERR: 无法加载模块:Public

[ 2016-04-26T11:04:18+08:00 ] 171.117.122.87 /Public/Index/Index/fonts/fontawesome-webfont.woff?v=4.2.0
INFO: [ app_init ] --START--
INFO: Run Behavior\BuildLiteBehavior [ RunTime:0.000029s ]
INFO: [ app_init ] --END-- [ RunTime:0.000528s ]
ERR: 无法加载模块:Public

[ 2016-04-26T11:04:18+08:00 ] 171.117.122.87 /Public/Index/common/images/logo.png
INFO: [ app_init ] --START--
INFO: Run Behavior\BuildLiteBehavior [ RunTime:0.000025s ]
INFO: [ app_init ] --END-- [ RunTime:0.000422s ]
ERR: 无法加载模块:Public

[ 2016-04-26T11:04:32+08:00 ] 171.117.122.87 /Public/Index/common/fonts/fontawesome-webfont.woff?v=4.2.0
INFO: [ app_init ] --START--
INFO: Run Behavior\BuildLiteBehavior [ RunTime:0.000032s ]
INFO: [ app_init ] --END-- [ RunTime:0.000680s ]
ERR: 无法加载模块:Public

[ 2016-04-26T11:05:58+08:00 ] 171.117.122.87 /Public/Index/Index/fonts/fontawesome-webfont.woff?v=4.2.0
INFO: [ app_init ] --START--
INFO: Run Behavior\BuildLiteBehavior [ RunTime:0.000028s ]
INFO: [ app_init ] --END-- [ RunTime:0.000563s ]
ERR: 无法加载模块:Public

[ 2016-04-26T11:08:01+08:00 ] 171.117.122.87 /Public/Index/Index/fonts/fontawesome-webfont.woff?v=4.2.0
INFO: [ app_init ] --START--
INFO: Run Behavior\BuildLiteBehavior [ RunTime:0.000034s ]
INFO: [ app_init ] --END-- [ RunTime:0.000622s ]
ERR: 无法加载模块:Public

[ 2016-04-26T11:14:23+08:00 ] 171.117.122.87 /Public/Index/common/images/logo.png
INFO: [ app_init ] --START--
INFO: Run Behavior\BuildLiteBehavior [ RunTime:0.000023s ]
INFO: [ app_init ] --END-- [ RunTime:0.000437s ]
ERR: 无法加载模块:Public

[ 2016-04-26T11:14:23+08:00 ] 171.117.122.87 /Public/Index/common/fonts/fontawesome-webfont.woff?v=4.2.0
INFO: [ app_init ] --START--
INFO: Run Behavior\BuildLiteBehavior [ RunTime:0.000024s ]
INFO: [ app_init ] --END-- [ RunTime:0.000428s ]
ERR: 无法加载模块:Public

[ 2016-04-26T14:56:00+08:00 ] 171.117.122.87 /Public/Index/common/images/logo.png
INFO: [ app_init ] --START--
INFO: Run Behavior\BuildLiteBehavior [ RunTime:0.000033s ]
INFO: [ app_init ] --END-- [ RunTime:0.000671s ]
ERR: 无法加载模块:Public

[ 2016-04-26T14:56:00+08:00 ] 171.117.122.87 /Public/Index/Index/fonts/fontawesome-webfont.woff?v=4.2.0
INFO: [ app_init ] --START--
INFO: Run Behavior\BuildLiteBehavior [ RunTime:0.000033s ]
INFO: [ app_init ] --END-- [ RunTime:0.000657s ]
ERR: 无法加载模块:Public

[ 2016-04-26T14:56:23+08:00 ] 171.117.122.87 /Public/Index/Index/fonts/fontawesome-webfont.woff?v=4.2.0
INFO: [ app_init ] --START--
INFO: Run Behavior\BuildLiteBehavior [ RunTime:0.000035s ]
INFO: [ app_init ] --END-- [ RunTime:0.000679s ]
ERR: 无法加载模块:Public

[ 2016-04-26T14:56:23+08:00 ] 171.117.122.87 /Public/Index/common/images/logo.png
INFO: [ app_init ] --START--
INFO: Run Behavior\BuildLiteBehavior [ RunTime:0.000035s ]
INFO: [ app_init ] --END-- [ RunTime:0.000697s ]
ERR: 无法加载模块:Public

[ 2016-04-26T14:57:06+08:00 ] 123.125.1.172 /favicon.ico
INFO: [ app_init ] --START--
INFO: Run Behavior\BuildLiteBehavior [ RunTime:0.000034s ]
INFO: [ app_init ] --END-- [ RunTime:0.000668s ]
ERR: 无法加载模块:Favicon

[ 2016-04-26T14:57:12+08:00 ] 123.125.1.172 /Public/Index/Index/fonts/fontawesome-webfont.woff?v=4.2.0
INFO: [ app_init ] --START--
INFO: Run Behavior\BuildLiteBehavior [ RunTime:0.000035s ]
INFO: [ app_init ] --END-- [ RunTime:0.000701s ]
ERR: 无法加载模块:Public

[ 2016-04-26T14:57:19+08:00 ] 123.125.1.172 /Public/Index/common/images/logo.png
INFO: [ app_init ] --START--
INFO: Run Behavior\BuildLiteBehavior [ RunTime:0.000039s ]
INFO: [ app_init ] --END-- [ RunTime:0.000694s ]
ERR: 无法加载模块:Public

[ 2016-04-26T14:58:03+08:00 ] 171.117.122.87 /favicon.ico
INFO: [ app_init ] --START--
INFO: Run Behavior\BuildLiteBehavior [ RunTime:0.000037s ]
INFO: [ app_init ] --END-- [ RunTime:0.000681s ]
ERR: 无法加载模块:Favicon

[ 2016-04-26T19:38:58+08:00 ] 221.204.65.152 /Public/Index/common/images/logo.png
INFO: [ app_init ] --START--
INFO: Run Behavior\BuildLiteBehavior [ RunTime:0.000034s ]
INFO: [ app_init ] --END-- [ RunTime:0.000683s ]
ERR: 无法加载模块:Public

[ 2016-04-26T19:38:58+08:00 ] 221.204.65.152 /Public/Index/Index/fonts/fontawesome-webfont.woff?v=4.2.0
INFO: [ app_init ] --START--
INFO: Run Behavior\BuildLiteBehavior [ RunTime:0.000032s ]
INFO: [ app_init ] --END-- [ RunTime:0.000652s ]
ERR: 无法加载模块:Public

[ 2016-04-26T22:59:25+08:00 ] 113.57.179.8 /Public/Index/Index/fonts/fontawesome-webfont.woff?v=4.2.0
INFO: [ app_init ] --START--
INFO: Run Behavior\BuildLiteBehavior [ RunTime:0.000032s ]
INFO: [ app_init ] --END-- [ RunTime:0.000655s ]
ERR: 无法加载模块:Public

[ 2016-04-26T22:59:26+08:00 ] 113.57.179.8 /Public/Index/common/images/logo.png
INFO: [ app_init ] --START--
INFO: Run Behavior\BuildLiteBehavior [ RunTime:0.000034s ]
INFO: [ app_init ] --END-- [ RunTime:0.000666s ]
ERR: 无法加载模块:Public

