[ 2016-04-27T14:51:02+08:00 ] 183.62.38.197 /Public/Index/common/images/logo.png
INFO: [ app_init ] --START--
INFO: Run Behavior\BuildLiteBehavior [ RunTime:0.000031s ]
INFO: [ app_init ] --END-- [ RunTime:0.000671s ]
ERR: 无法加载模块:Public

[ 2016-04-27T14:51:02+08:00 ] 183.62.38.197 /Public/Index/Index/fonts/fontawesome-webfont.woff?v=4.2.0
INFO: [ app_init ] --START--
INFO: Run Behavior\BuildLiteBehavior [ RunTime:0.000034s ]
INFO: [ app_init ] --END-- [ RunTime:0.000696s ]
ERR: 无法加载模块:Public

[ 2016-04-27T14:52:00+08:00 ] 183.24.97.120 /Public/Index/Index/fonts/fontawesome-webfont.woff?v=4.2.0
INFO: [ app_init ] --START--
INFO: Run Behavior\BuildLiteBehavior [ RunTime:0.000031s ]
INFO: [ app_init ] --END-- [ RunTime:0.000623s ]
ERR: 无法加载模块:Public

[ 2016-04-27T14:52:01+08:00 ] 183.24.97.120 /Public/Index/Index/fonts/fontawesome-webfont.woff?v=4.2.0
INFO: [ app_init ] --START--
INFO: Run Behavior\BuildLiteBehavior [ RunTime:0.000029s ]
INFO: [ app_init ] --END-- [ RunTime:0.000612s ]
ERR: 无法加载模块:Public

[ 2016-04-27T14:52:03+08:00 ] 183.24.97.120 /Public/Index/common/images/logo.png
INFO: [ app_init ] --START--
INFO: Run Behavior\BuildLiteBehavior [ RunTime:0.000031s ]
INFO: [ app_init ] --END-- [ RunTime:0.000662s ]
ERR: 无法加载模块:Public

[ 2016-04-27T14:52:10+08:00 ] 183.24.97.120 /Public/Index/common/images/logo.png
INFO: [ app_init ] --START--
INFO: Run Behavior\BuildLiteBehavior [ RunTime:0.000038s ]
INFO: [ app_init ] --END-- [ RunTime:0.000669s ]
ERR: 无法加载模块:Public

[ 2016-04-27T14:52:30+08:00 ] 183.24.97.120 /Public/Index/common/fonts/fontawesome-webfont.woff?v=4.2.0
INFO: [ app_init ] --START--
INFO: Run Behavior\BuildLiteBehavior [ RunTime:0.000033s ]
INFO: [ app_init ] --END-- [ RunTime:0.000722s ]
ERR: 无法加载模块:Public

[ 2016-04-27T14:53:14+08:00 ] 183.62.38.197 /Public/Index/Index/fonts/fontawesome-webfont.woff?v=4.2.0
INFO: [ app_init ] --START--
INFO: Run Behavior\BuildLiteBehavior [ RunTime:0.000035s ]
INFO: [ app_init ] --END-- [ RunTime:0.000680s ]
ERR: 无法加载模块:Public

[ 2016-04-27T14:53:14+08:00 ] 183.62.38.197 /Public/Index/common/images/logo.png
INFO: [ app_init ] --START--
INFO: Run Behavior\BuildLiteBehavior [ RunTime:0.000030s ]
INFO: [ app_init ] --END-- [ RunTime:0.000655s ]
ERR: 无法加载模块:Public

[ 2016-04-27T14:53:36+08:00 ] 183.62.38.199 /Public/Index/Index/fonts/fontawesome-webfont.woff?v=4.2.0
INFO: [ app_init ] --START--
INFO: Run Behavior\BuildLiteBehavior [ RunTime:0.000035s ]
INFO: [ app_init ] --END-- [ RunTime:0.000694s ]
ERR: 无法加载模块:Public

[ 2016-04-27T14:53:38+08:00 ] 183.62.38.199 /Public/Index/common/images/logo.png
INFO: [ app_init ] --START--
INFO: Run Behavior\BuildLiteBehavior [ RunTime:0.000036s ]
INFO: [ app_init ] --END-- [ RunTime:0.000687s ]
ERR: 无法加载模块:Public

[ 2016-04-27T14:53:53+08:00 ] 183.62.38.199 /Public/Index/common/fonts/fontawesome-webfont.woff?v=4.2.0
INFO: [ app_init ] --START--
INFO: Run Behavior\BuildLiteBehavior [ RunTime:0.000031s ]
INFO: [ app_init ] --END-- [ RunTime:0.000681s ]
ERR: 无法加载模块:Public

[ 2016-04-27T14:53:53+08:00 ] 183.62.38.199 /Public/Index/common/images/logo.png
INFO: [ app_init ] --START--
INFO: Run Behavior\BuildLiteBehavior [ RunTime:0.000033s ]
INFO: [ app_init ] --END-- [ RunTime:0.000676s ]
ERR: 无法加载模块:Public

[ 2016-04-27T14:54:01+08:00 ] 183.62.38.199 /Public/Index/common/images/logo.png
INFO: [ app_init ] --START--
INFO: Run Behavior\BuildLiteBehavior [ RunTime:0.000035s ]
INFO: [ app_init ] --END-- [ RunTime:0.000674s ]
ERR: 无法加载模块:Public

[ 2016-04-27T14:54:05+08:00 ] 183.62.38.199 /Public/Index/Index/fonts/fontawesome-webfont.woff?v=4.2.0
INFO: [ app_init ] --START--
INFO: Run Behavior\BuildLiteBehavior [ RunTime:0.000030s ]
INFO: [ app_init ] --END-- [ RunTime:0.000668s ]
ERR: 无法加载模块:Public

[ 2016-04-27T14:54:05+08:00 ] 183.62.38.199 /Public/Index/common/images/logo.png
INFO: [ app_init ] --START--
INFO: Run Behavior\BuildLiteBehavior [ RunTime:0.000033s ]
INFO: [ app_init ] --END-- [ RunTime:0.000692s ]
ERR: 无法加载模块:Public

[ 2016-04-27T14:54:17+08:00 ] 183.62.38.199 /Public/Index/common/images/logo.png
INFO: [ app_init ] --START--
INFO: Run Behavior\BuildLiteBehavior [ RunTime:0.000033s ]
INFO: [ app_init ] --END-- [ RunTime:0.000573s ]
ERR: 无法加载模块:Public

[ 2016-04-27T14:54:17+08:00 ] 183.62.38.199 /Public/Index/common/fonts/fontawesome-webfont.woff?v=4.2.0
INFO: [ app_init ] --START--
INFO: Run Behavior\BuildLiteBehavior [ RunTime:0.000031s ]
INFO: [ app_init ] --END-- [ RunTime:0.000578s ]
ERR: 无法加载模块:Public

[ 2016-04-27T14:54:23+08:00 ] 183.62.38.199 /Public/Index/common/images/logo.png
INFO: [ app_init ] --START--
INFO: Run Behavior\BuildLiteBehavior [ RunTime:0.000031s ]
INFO: [ app_init ] --END-- [ RunTime:0.000664s ]
ERR: 无法加载模块:Public

[ 2016-04-27T14:54:26+08:00 ] 183.62.38.199 /Public/Index/common/images/logo.png
INFO: [ app_init ] --START--
INFO: Run Behavior\BuildLiteBehavior [ RunTime:0.000030s ]
INFO: [ app_init ] --END-- [ RunTime:0.000624s ]
ERR: 无法加载模块:Public

[ 2016-04-27T14:54:26+08:00 ] 183.62.38.199 /Public/Index/common/fonts/fontawesome-webfont.woff?v=4.2.0
INFO: [ app_init ] --START--
INFO: Run Behavior\BuildLiteBehavior [ RunTime:0.000034s ]
INFO: [ app_init ] --END-- [ RunTime:0.000640s ]
ERR: 无法加载模块:Public

[ 2016-04-27T14:54:29+08:00 ] 183.62.38.199 /Public/Index/Index/fonts/fontawesome-webfont.woff?v=4.2.0
INFO: [ app_init ] --START--
INFO: Run Behavior\BuildLiteBehavior [ RunTime:0.000034s ]
INFO: [ app_init ] --END-- [ RunTime:0.000697s ]
ERR: 无法加载模块:Public

[ 2016-04-27T14:54:29+08:00 ] 183.62.38.199 /Public/Index/common/images/logo.png
INFO: [ app_init ] --START--
INFO: Run Behavior\BuildLiteBehavior [ RunTime:0.000030s ]
INFO: [ app_init ] --END-- [ RunTime:0.000705s ]
ERR: 无法加载模块:Public

[ 2016-04-27T14:54:30+08:00 ] 183.62.38.199 /Public/Index/common/images/logo.png
INFO: [ app_init ] --START--
INFO: Run Behavior\BuildLiteBehavior [ RunTime:0.000035s ]
INFO: [ app_init ] --END-- [ RunTime:0.000747s ]
ERR: 无法加载模块:Public

[ 2016-04-27T14:54:30+08:00 ] 183.62.38.199 /Public/Index/Index/fonts/fontawesome-webfont.woff?v=4.2.0
INFO: [ app_init ] --START--
INFO: Run Behavior\BuildLiteBehavior [ RunTime:0.000037s ]
INFO: [ app_init ] --END-- [ RunTime:0.000691s ]
ERR: 无法加载模块:Public

[ 2016-04-27T14:54:57+08:00 ] 183.62.38.199 /Public/Index/common/images/logo.png
INFO: [ app_init ] --START--
INFO: Run Behavior\BuildLiteBehavior [ RunTime:0.000030s ]
INFO: [ app_init ] --END-- [ RunTime:0.000701s ]
ERR: 无法加载模块:Public

[ 2016-04-27T14:55:01+08:00 ] 183.62.38.199 /Public/Index/common/images/logo.png
INFO: [ app_init ] --START--
INFO: Run Behavior\BuildLiteBehavior [ RunTime:0.000030s ]
INFO: [ app_init ] --END-- [ RunTime:0.000635s ]
ERR: 无法加载模块:Public

[ 2016-04-27T14:56:08+08:00 ] 183.62.38.199 /Public/Index/common/images/logo.png
INFO: [ app_init ] --START--
INFO: Run Behavior\BuildLiteBehavior [ RunTime:0.000035s ]
INFO: [ app_init ] --END-- [ RunTime:0.000683s ]
ERR: 无法加载模块:Public

[ 2016-04-27T14:56:08+08:00 ] 183.62.38.199 /Public/Index/Index/fonts/fontawesome-webfont.woff?v=4.2.0
INFO: [ app_init ] --START--
INFO: Run Behavior\BuildLiteBehavior [ RunTime:0.000037s ]
INFO: [ app_init ] --END-- [ RunTime:0.000752s ]
ERR: 无法加载模块:Public

[ 2016-04-27T14:57:47+08:00 ] 183.62.38.199 /Public/Index/common/images/logo.png
INFO: [ app_init ] --START--
INFO: Run Behavior\BuildLiteBehavior [ RunTime:0.000033s ]
INFO: [ app_init ] --END-- [ RunTime:0.000691s ]
ERR: 无法加载模块:Public

[ 2016-04-27T14:57:47+08:00 ] 183.62.38.199 /Public/Index/Index/fonts/fontawesome-webfont.woff?v=4.2.0
INFO: [ app_init ] --START--
INFO: Run Behavior\BuildLiteBehavior [ RunTime:0.000035s ]
INFO: [ app_init ] --END-- [ RunTime:0.000673s ]
ERR: 无法加载模块:Public

[ 2016-04-27T14:57:48+08:00 ] 183.62.38.199 /Public/Index/common/fonts/fontawesome-webfont.woff?v=4.2.0
INFO: [ app_init ] --START--
INFO: Run Behavior\BuildLiteBehavior [ RunTime:0.000034s ]
INFO: [ app_init ] --END-- [ RunTime:0.000687s ]
ERR: 无法加载模块:Public

[ 2016-04-27T14:57:48+08:00 ] 183.62.38.199 /Public/Index/common/images/logo.png
INFO: [ app_init ] --START--
INFO: Run Behavior\BuildLiteBehavior [ RunTime:0.000031s ]
INFO: [ app_init ] --END-- [ RunTime:0.000672s ]
ERR: 无法加载模块:Public

[ 2016-04-27T14:57:49+08:00 ] 183.62.38.199 /Public/Index/common/images/logo.png
INFO: [ app_init ] --START--
INFO: Run Behavior\BuildLiteBehavior [ RunTime:0.000031s ]
INFO: [ app_init ] --END-- [ RunTime:0.000618s ]
ERR: 无法加载模块:Public

[ 2016-04-27T14:57:49+08:00 ] 183.62.38.199 /Public/Index/common/fonts/fontawesome-webfont.woff?v=4.2.0
INFO: [ app_init ] --START--
INFO: Run Behavior\BuildLiteBehavior [ RunTime:0.000031s ]
INFO: [ app_init ] --END-- [ RunTime:0.000645s ]
ERR: 无法加载模块:Public

[ 2016-04-27T14:57:49+08:00 ] 183.62.38.199 /Public/Index/common/images/logo.png
INFO: [ app_init ] --START--
INFO: Run Behavior\BuildLiteBehavior [ RunTime:0.000034s ]
INFO: [ app_init ] --END-- [ RunTime:0.000697s ]
ERR: 无法加载模块:Public

[ 2016-04-27T14:57:49+08:00 ] 183.62.38.199 /Public/Index/Index/fonts/fontawesome-webfont.woff?v=4.2.0
INFO: [ app_init ] --START--
INFO: Run Behavior\BuildLiteBehavior [ RunTime:0.000031s ]
INFO: [ app_init ] --END-- [ RunTime:0.000692s ]
ERR: 无法加载模块:Public

[ 2016-04-27T14:57:50+08:00 ] 183.62.38.199 /Public/Index/common/fonts/fontawesome-webfont.woff?v=4.2.0
INFO: [ app_init ] --START--
INFO: Run Behavior\BuildLiteBehavior [ RunTime:0.000036s ]
INFO: [ app_init ] --END-- [ RunTime:0.000687s ]
ERR: 无法加载模块:Public

[ 2016-04-27T14:57:50+08:00 ] 183.62.38.199 /Public/Index/common/images/logo.png
INFO: [ app_init ] --START--
INFO: Run Behavior\BuildLiteBehavior [ RunTime:0.000034s ]
INFO: [ app_init ] --END-- [ RunTime:0.000673s ]
ERR: 无法加载模块:Public

[ 2016-04-27T14:57:50+08:00 ] 183.62.38.199 /Public/Index/common/fonts/fontawesome-webfont.woff?v=4.2.0
INFO: [ app_init ] --START--
INFO: Run Behavior\BuildLiteBehavior [ RunTime:0.000034s ]
INFO: [ app_init ] --END-- [ RunTime:0.000667s ]
ERR: 无法加载模块:Public

[ 2016-04-27T14:57:50+08:00 ] 183.62.38.199 /Public/Index/common/images/logo.png
INFO: [ app_init ] --START--
INFO: Run Behavior\BuildLiteBehavior [ RunTime:0.000035s ]
INFO: [ app_init ] --END-- [ RunTime:0.000671s ]
ERR: 无法加载模块:Public

[ 2016-04-27T14:57:51+08:00 ] 183.62.38.199 /Public/Index/common/images/logo.png
INFO: [ app_init ] --START--
INFO: Run Behavior\BuildLiteBehavior [ RunTime:0.000035s ]
INFO: [ app_init ] --END-- [ RunTime:0.000677s ]
ERR: 无法加载模块:Public

[ 2016-04-27T14:57:52+08:00 ] 183.62.38.199 /Public/Index/common/fonts/fontawesome-webfont.woff?v=4.2.0
INFO: [ app_init ] --START--
INFO: Run Behavior\BuildLiteBehavior [ RunTime:0.000034s ]
INFO: [ app_init ] --END-- [ RunTime:0.000673s ]
ERR: 无法加载模块:Public

[ 2016-04-27T14:57:55+08:00 ] 183.62.38.199 /Public/Index/common/fonts/fontawesome-webfont.woff?v=4.2.0
INFO: [ app_init ] --START--
INFO: Run Behavior\BuildLiteBehavior [ RunTime:0.000030s ]
INFO: [ app_init ] --END-- [ RunTime:0.000655s ]
ERR: 无法加载模块:Public

[ 2016-04-27T14:57:56+08:00 ] 183.62.38.199 /Public/Index/common/images/logo.png
INFO: [ app_init ] --START--
INFO: Run Behavior\BuildLiteBehavior [ RunTime:0.000032s ]
INFO: [ app_init ] --END-- [ RunTime:0.000667s ]
ERR: 无法加载模块:Public

[ 2016-04-27T14:58:07+08:00 ] 183.62.38.199 /Public/Index/common/fonts/fontawesome-webfont.woff?v=4.2.0
INFO: [ app_init ] --START--
INFO: Run Behavior\BuildLiteBehavior [ RunTime:0.000034s ]
INFO: [ app_init ] --END-- [ RunTime:0.000690s ]
ERR: 无法加载模块:Public

[ 2016-04-27T14:58:07+08:00 ] 183.62.38.199 /Public/Index/common/images/logo.png
INFO: [ app_init ] --START--
INFO: Run Behavior\BuildLiteBehavior [ RunTime:0.000036s ]
INFO: [ app_init ] --END-- [ RunTime:0.000784s ]
ERR: 无法加载模块:Public

[ 2016-04-27T14:58:19+08:00 ] 183.62.38.199 /Public/Index/common/images/logo.png
INFO: [ app_init ] --START--
INFO: Run Behavior\BuildLiteBehavior [ RunTime:0.000034s ]
INFO: [ app_init ] --END-- [ RunTime:0.000668s ]
ERR: 无法加载模块:Public

[ 2016-04-27T14:58:19+08:00 ] 183.62.38.199 /Public/Index/common/fonts/fontawesome-webfont.woff?v=4.2.0
INFO: [ app_init ] --START--
INFO: Run Behavior\BuildLiteBehavior [ RunTime:0.000033s ]
INFO: [ app_init ] --END-- [ RunTime:0.000668s ]
ERR: 无法加载模块:Public

[ 2016-04-27T14:58:25+08:00 ] 183.62.38.199 /Public/Index/common/images/logo.png
INFO: [ app_init ] --START--
INFO: Run Behavior\BuildLiteBehavior [ RunTime:0.000030s ]
INFO: [ app_init ] --END-- [ RunTime:0.000654s ]
ERR: 无法加载模块:Public

[ 2016-04-27T14:58:25+08:00 ] 183.62.38.199 /Public/Index/common/fonts/fontawesome-webfont.woff?v=4.2.0
INFO: [ app_init ] --START--
INFO: Run Behavior\BuildLiteBehavior [ RunTime:0.000030s ]
INFO: [ app_init ] --END-- [ RunTime:0.000648s ]
ERR: 无法加载模块:Public

[ 2016-04-27T14:58:27+08:00 ] 183.62.38.199 /Public/Index/common/fonts/fontawesome-webfont.woff?v=4.2.0
INFO: [ app_init ] --START--
INFO: Run Behavior\BuildLiteBehavior [ RunTime:0.000024s ]
INFO: [ app_init ] --END-- [ RunTime:0.000423s ]
ERR: 无法加载模块:Public

[ 2016-04-27T14:58:27+08:00 ] 183.62.38.199 /Public/Index/common/images/logo.png
INFO: [ app_init ] --START--
INFO: Run Behavior\BuildLiteBehavior [ RunTime:0.000025s ]
INFO: [ app_init ] --END-- [ RunTime:0.000443s ]
ERR: 无法加载模块:Public

[ 2016-04-27T14:58:29+08:00 ] 183.62.38.199 /Public/Index/common/images/logo.png
INFO: [ app_init ] --START--
INFO: Run Behavior\BuildLiteBehavior [ RunTime:0.000031s ]
INFO: [ app_init ] --END-- [ RunTime:0.000663s ]
ERR: 无法加载模块:Public

[ 2016-04-27T14:58:29+08:00 ] 183.62.38.199 /Public/Index/common/fonts/fontawesome-webfont.woff?v=4.2.0
INFO: [ app_init ] --START--
INFO: Run Behavior\BuildLiteBehavior [ RunTime:0.000033s ]
INFO: [ app_init ] --END-- [ RunTime:0.000677s ]
ERR: 无法加载模块:Public

[ 2016-04-27T14:58:32+08:00 ] 183.62.38.199 /Public/Index/common/images/logo.png
INFO: [ app_init ] --START--
INFO: Run Behavior\BuildLiteBehavior [ RunTime:0.000034s ]
INFO: [ app_init ] --END-- [ RunTime:0.000670s ]
ERR: 无法加载模块:Public

[ 2016-04-27T14:58:32+08:00 ] 183.62.38.199 /Public/Index/common/fonts/fontawesome-webfont.woff?v=4.2.0
INFO: [ app_init ] --START--
INFO: Run Behavior\BuildLiteBehavior [ RunTime:0.000035s ]
INFO: [ app_init ] --END-- [ RunTime:0.000775s ]
ERR: 无法加载模块:Public

[ 2016-04-27T14:58:50+08:00 ] 183.62.38.199 /Public/Index/common/images/logo.png
INFO: [ app_init ] --START--
INFO: Run Behavior\BuildLiteBehavior [ RunTime:0.000031s ]
INFO: [ app_init ] --END-- [ RunTime:0.000673s ]
ERR: 无法加载模块:Public

[ 2016-04-27T14:58:50+08:00 ] 183.62.38.199 /Public/Index/Index/fonts/fontawesome-webfont.woff?v=4.2.0
INFO: [ app_init ] --START--
INFO: Run Behavior\BuildLiteBehavior [ RunTime:0.000033s ]
INFO: [ app_init ] --END-- [ RunTime:0.000664s ]
ERR: 无法加载模块:Public

[ 2016-04-27T14:58:51+08:00 ] 183.62.38.199 /Public/Index/common/images/logo.png
INFO: [ app_init ] --START--
INFO: Run Behavior\BuildLiteBehavior [ RunTime:0.000039s ]
INFO: [ app_init ] --END-- [ RunTime:0.000682s ]
ERR: 无法加载模块:Public

[ 2016-04-27T14:58:51+08:00 ] 183.62.38.199 /Public/Index/Index/fonts/fontawesome-webfont.woff?v=4.2.0
INFO: [ app_init ] --START--
INFO: Run Behavior\BuildLiteBehavior [ RunTime:0.000034s ]
INFO: [ app_init ] --END-- [ RunTime:0.000709s ]
ERR: 无法加载模块:Public

[ 2016-04-27T14:58:56+08:00 ] 183.62.38.199 /Public/Index/common/images/logo.png
INFO: [ app_init ] --START--
INFO: Run Behavior\BuildLiteBehavior [ RunTime:0.000033s ]
INFO: [ app_init ] --END-- [ RunTime:0.000669s ]
ERR: 无法加载模块:Public

[ 2016-04-27T14:59:22+08:00 ] 183.62.38.199 /Public/Index/common/images/logo.png
INFO: [ app_init ] --START--
INFO: Run Behavior\BuildLiteBehavior [ RunTime:0.000035s ]
INFO: [ app_init ] --END-- [ RunTime:0.000675s ]
ERR: 无法加载模块:Public

[ 2016-04-27T14:59:27+08:00 ] 183.62.38.199 /favicon.ico
INFO: [ app_init ] --START--
INFO: Run Behavior\BuildLiteBehavior [ RunTime:0.000030s ]
INFO: [ app_init ] --END-- [ RunTime:0.000662s ]
ERR: 无法加载模块:Favicon

[ 2016-04-27T14:59:35+08:00 ] 183.24.97.120 /Public/Index/common/fonts/fontawesome-webfont.woff?v=4.2.0
INFO: [ app_init ] --START--
INFO: Run Behavior\BuildLiteBehavior [ RunTime:0.000030s ]
INFO: [ app_init ] --END-- [ RunTime:0.000683s ]
ERR: 无法加载模块:Public

[ 2016-04-27T20:25:10+08:00 ] 27.47.157.57 /Public/Index/Index/fonts/fontawesome-webfont.woff?v=4.2.0
INFO: [ app_init ] --START--
INFO: Run Behavior\BuildLiteBehavior [ RunTime:0.000031s ]
INFO: [ app_init ] --END-- [ RunTime:0.000690s ]
ERR: 无法加载模块:Public

[ 2016-04-27T20:25:11+08:00 ] 27.47.157.57 /Public/Index/common/images/logo.png
INFO: [ app_init ] --START--
INFO: Run Behavior\BuildLiteBehavior [ RunTime:0.000035s ]
INFO: [ app_init ] --END-- [ RunTime:0.000675s ]
ERR: 无法加载模块:Public

[ 2016-04-27T20:25:34+08:00 ] 27.47.157.57 /Public/Index/common/fonts/fontawesome-webfont.woff?v=4.2.0
INFO: [ app_init ] --START--
INFO: Run Behavior\BuildLiteBehavior [ RunTime:0.000033s ]
INFO: [ app_init ] --END-- [ RunTime:0.000666s ]
ERR: 无法加载模块:Public

[ 2016-04-27T23:00:29+08:00 ] 113.71.24.27 /Public/Index/Index/fonts/fontawesome-webfont.woff?v=4.2.0
INFO: [ app_init ] --START--
INFO: Run Behavior\BuildLiteBehavior [ RunTime:0.000018s ]
INFO: [ app_init ] --END-- [ RunTime:0.000392s ]
ERR: 无法加载模块:Public

[ 2016-04-27T23:00:29+08:00 ] 113.71.24.27 /Public/Index/common/images/logo.png
INFO: [ app_init ] --START--
INFO: Run Behavior\BuildLiteBehavior [ RunTime:0.000021s ]
INFO: [ app_init ] --END-- [ RunTime:0.000399s ]
ERR: 无法加载模块:Public

