[ 2016-03-29T18:04:46+08:00 ] ::1 /Hit/index.php/Admin/public/login
INFO: [ app_init ] --START--
INFO: Run Behavior\BuildLiteBehavior [ RunTime:0.000021s ]
INFO: [ app_init ] --END-- [ RunTime:0.000352s ]
INFO: [ app_begin ] --START--
INFO: Run Behavior\ReadHtmlCacheBehavior [ RunTime:0.000676s ]
INFO: [ app_begin ] --END-- [ RunTime:0.000811s ]
INFO: [ view_parse ] --START--
INFO: [ template_filter ] --START--
INFO: Run Behavior\ContentReplaceBehavior [ RunTime:0.000120s ]
INFO: [ template_filter ] --END-- [ RunTime:0.000230s ]
INFO: Run Behavior\ParseTemplateBehavior [ RunTime:0.017199s ]
INFO: [ view_parse ] --END-- [ RunTime:0.017299s ]
INFO: [ view_filter ] --START--
INFO: Run Behavior\WriteHtmlCacheBehavior [ RunTime:0.000371s ]
INFO: [ view_filter ] --END-- [ RunTime:0.000445s ]
INFO: [ app_end ] --START--
INFO: Run Behavior\ShowPageTraceBehavior [ RunTime:0.000622s ]
INFO: [ app_end ] --END-- [ RunTime:0.000702s ]

[ 2016-03-29T18:04:54+08:00 ] ::1 /Hit/index.php/Admin/User/dologin
INFO: [ app_init ] --START--
INFO: Run Behavior\BuildLiteBehavior [ RunTime:0.000022s ]
INFO: [ app_init ] --END-- [ RunTime:0.000362s ]
INFO: [ app_begin ] --START--
INFO: Run Behavior\ReadHtmlCacheBehavior [ RunTime:0.000527s ]
INFO: [ app_begin ] --END-- [ RunTime:0.000633s ]
SQL: SHOW COLUMNS FROM `p_admin` [ RunTime:0.0231s ]
SQL: SELECT `id` FROM `p_admin` WHERE `username` = 'admin' AND `password` = '21232f297a57a5a743894a0e4a801fc3' LIMIT 1   [ RunTime:0.0010s ]
SQL: UPDATE `p_admin` SET `last_login`='1459245894',`last_ip`='0.0.0.0' WHERE ( id=1 ) [ RunTime:0.0588s ]
INFO: [ view_parse ] --START--
INFO: [ template_filter ] --START--
INFO: Run Behavior\ContentReplaceBehavior [ RunTime:0.000161s ]
INFO: [ template_filter ] --END-- [ RunTime:0.000460s ]
INFO: Run Behavior\ParseTemplateBehavior [ RunTime:0.032096s ]
INFO: [ view_parse ] --END-- [ RunTime:0.032416s ]
INFO: [ view_filter ] --START--
INFO: Run Behavior\WriteHtmlCacheBehavior [ RunTime:0.001235s ]
INFO: [ view_filter ] --END-- [ RunTime:0.001481s ]
INFO: [ app_end ] --START--
INFO: Run Behavior\ShowPageTraceBehavior [ RunTime:0.001985s ]
INFO: [ app_end ] --END-- [ RunTime:0.002260s ]

[ 2016-03-29T18:04:56+08:00 ] ::1 /Hit/index.php/Admin/Index/index.html
INFO: [ app_init ] --START--
INFO: Run Behavior\BuildLiteBehavior [ RunTime:0.000033s ]
INFO: [ app_init ] --END-- [ RunTime:0.000571s ]
INFO: [ app_begin ] --START--
INFO: Run Behavior\ReadHtmlCacheBehavior [ RunTime:0.001422s ]
INFO: [ app_begin ] --END-- [ RunTime:0.001609s ]
SQL: SHOW COLUMNS FROM `p_auth_group_access` [ RunTime:0.0420s ]
SQL: SELECT `uid`,`group_id`,`title`,`rules` FROM p_auth_group_access a INNER JOIN p_auth_group g on a.group_id=g.id  WHERE ( a.uid='1' and g.status='1' )  [ RunTime:0.0014s ]
SQL: SHOW COLUMNS FROM `p_auth_rule` [ RunTime:0.0231s ]
SQL: SELECT `condition`,`name` FROM `p_auth_rule` WHERE `id` IN ('1') AND `type` = 1 AND `status` = 1  [ RunTime:0.0007s ]
INFO: [ view_parse ] --START--
INFO: [ template_filter ] --START--
INFO: Run Behavior\ContentReplaceBehavior [ RunTime:0.000123s ]
INFO: [ template_filter ] --END-- [ RunTime:0.000290s ]
INFO: Run Behavior\ParseTemplateBehavior [ RunTime:0.027877s ]
INFO: [ view_parse ] --END-- [ RunTime:0.028065s ]
INFO: [ view_filter ] --START--
INFO: Run Behavior\WriteHtmlCacheBehavior [ RunTime:0.000763s ]
INFO: [ view_filter ] --END-- [ RunTime:0.000946s ]
INFO: [ app_end ] --START--
INFO: Run Behavior\ShowPageTraceBehavior [ RunTime:0.001846s ]
INFO: [ app_end ] --END-- [ RunTime:0.002058s ]

[ 2016-03-29T18:04:58+08:00 ] ::1 /Hit/index.php/Admin/Role/index.html
INFO: [ app_init ] --START--
INFO: Run Behavior\BuildLiteBehavior [ RunTime:0.000062s ]
INFO: [ app_init ] --END-- [ RunTime:0.000871s ]
INFO: [ app_begin ] --START--
INFO: Run Behavior\ReadHtmlCacheBehavior [ RunTime:0.000791s ]
INFO: [ app_begin ] --END-- [ RunTime:0.000929s ]
SQL: SHOW COLUMNS FROM `p_admin` [ RunTime:0.0080s ]
SQL: SELECT * FROM `p_admin`  [ RunTime:0.0003s ]
INFO: [ view_parse ] --START--
INFO: [ template_filter ] --START--
INFO: Run Behavior\ContentReplaceBehavior [ RunTime:0.000120s ]
INFO: [ template_filter ] --END-- [ RunTime:0.000313s ]
INFO: Run Behavior\ParseTemplateBehavior [ RunTime:0.022920s ]
INFO: [ view_parse ] --END-- [ RunTime:0.023416s ]
INFO: [ view_filter ] --START--
INFO: Run Behavior\WriteHtmlCacheBehavior [ RunTime:0.001126s ]
INFO: [ view_filter ] --END-- [ RunTime:0.001518s ]
INFO: [ app_end ] --START--
INFO: Run Behavior\ShowPageTraceBehavior [ RunTime:0.000731s ]
INFO: [ app_end ] --END-- [ RunTime:0.000825s ]

[ 2016-03-29T18:04:59+08:00 ] ::1 /Hit/index.php/Admin/Node/index.html
INFO: [ app_init ] --START--
INFO: Run Behavior\BuildLiteBehavior [ RunTime:0.000030s ]
INFO: [ app_init ] --END-- [ RunTime:0.000530s ]
INFO: [ app_begin ] --START--
INFO: Run Behavior\ReadHtmlCacheBehavior [ RunTime:0.000754s ]
INFO: [ app_begin ] --END-- [ RunTime:0.000894s ]
INFO: [ app_end ] --START--
INFO: Run Behavior\ShowPageTraceBehavior [ RunTime:0.000929s ]
INFO: [ app_end ] --END-- [ RunTime:0.001092s ]

[ 2016-03-29T18:05:00+08:00 ] ::1 /Hit/index.php/Admin/Role/index.html
INFO: [ app_init ] --START--
INFO: Run Behavior\BuildLiteBehavior [ RunTime:0.000022s ]
INFO: [ app_init ] --END-- [ RunTime:0.000365s ]
INFO: [ app_begin ] --START--
INFO: Run Behavior\ReadHtmlCacheBehavior [ RunTime:0.000459s ]
INFO: [ app_begin ] --END-- [ RunTime:0.000549s ]
SQL: SHOW COLUMNS FROM `p_admin` [ RunTime:0.0042s ]
SQL: SELECT * FROM `p_admin`  [ RunTime:0.0002s ]
INFO: [ view_parse ] --START--
INFO: [ template_filter ] --START--
INFO: Run Behavior\ContentReplaceBehavior [ RunTime:0.000080s ]
INFO: [ template_filter ] --END-- [ RunTime:0.000197s ]
INFO: Run Behavior\ParseTemplateBehavior [ RunTime:0.010477s ]
INFO: [ view_parse ] --END-- [ RunTime:0.010584s ]
INFO: [ view_filter ] --START--
INFO: Run Behavior\WriteHtmlCacheBehavior [ RunTime:0.000438s ]
INFO: [ view_filter ] --END-- [ RunTime:0.000522s ]
INFO: [ app_end ] --START--
INFO: Run Behavior\ShowPageTraceBehavior [ RunTime:0.000717s ]
INFO: [ app_end ] --END-- [ RunTime:0.000807s ]

[ 2016-03-29T18:05:01+08:00 ] ::1 /Hit/index.php/Admin/User/index.html
INFO: [ app_init ] --START--
INFO: Run Behavior\BuildLiteBehavior [ RunTime:0.000033s ]
INFO: [ app_init ] --END-- [ RunTime:0.000564s ]
INFO: [ app_begin ] --START--
INFO: Run Behavior\ReadHtmlCacheBehavior [ RunTime:0.000490s ]
INFO: [ app_begin ] --END-- [ RunTime:0.000585s ]
SQL: SHOW COLUMNS FROM `p_user` [ RunTime:0.0065s ]
SQL: SELECT COUNT(*) AS tp_count FROM `p_user` LIMIT 1   [ RunTime:0.0004s ]
SQL: SELECT `id`,`username`,`truename`,`reg_date`,`last_login`,`last_ip` FROM `p_user` LIMIT 0,10   [ RunTime:0.0004s ]
INFO: [ view_parse ] --START--
INFO: [ template_filter ] --START--
INFO: Run Behavior\ContentReplaceBehavior [ RunTime:0.000067s ]
INFO: [ template_filter ] --END-- [ RunTime:0.000165s ]
INFO: Run Behavior\ParseTemplateBehavior [ RunTime:0.025498s ]
INFO: [ view_parse ] --END-- [ RunTime:0.025707s ]
INFO: [ view_filter ] --START--
INFO: Run Behavior\WriteHtmlCacheBehavior [ RunTime:0.000722s ]
INFO: [ view_filter ] --END-- [ RunTime:0.000861s ]
INFO: [ app_end ] --START--
INFO: Run Behavior\ShowPageTraceBehavior [ RunTime:0.000670s ]
INFO: [ app_end ] --END-- [ RunTime:0.000770s ]

[ 2016-03-29T18:05:02+08:00 ] ::1 /Hit/index.php/Admin/Attribute/index.html
INFO: [ app_init ] --START--
INFO: Run Behavior\BuildLiteBehavior [ RunTime:0.000026s ]
INFO: [ app_init ] --END-- [ RunTime:0.000468s ]
INFO: [ app_begin ] --START--
INFO: Run Behavior\ReadHtmlCacheBehavior [ RunTime:0.001285s ]
INFO: [ app_begin ] --END-- [ RunTime:0.001657s ]
SQL: SHOW COLUMNS FROM `p_attr` [ RunTime:0.0049s ]
SQL: SELECT * FROM `p_attr`  [ RunTime:0.0003s ]
INFO: [ view_parse ] --START--
INFO: [ template_filter ] --START--
INFO: Run Behavior\ContentReplaceBehavior [ RunTime:0.000075s ]
INFO: [ template_filter ] --END-- [ RunTime:0.000185s ]
INFO: Run Behavior\ParseTemplateBehavior [ RunTime:0.019530s ]
INFO: [ view_parse ] --END-- [ RunTime:0.019692s ]
INFO: [ view_filter ] --START--
INFO: Run Behavior\WriteHtmlCacheBehavior [ RunTime:0.000428s ]
INFO: [ view_filter ] --END-- [ RunTime:0.000501s ]
INFO: [ app_end ] --START--
INFO: Run Behavior\ShowPageTraceBehavior [ RunTime:0.000634s ]
INFO: [ app_end ] --END-- [ RunTime:0.000711s ]

[ 2016-03-29T18:05:05+08:00 ] ::1 /Hit/index.php/Admin/Category/index.html
INFO: [ app_init ] --START--
INFO: Run Behavior\BuildLiteBehavior [ RunTime:0.000047s ]
INFO: [ app_init ] --END-- [ RunTime:0.001587s ]
INFO: [ app_begin ] --START--
INFO: Run Behavior\ReadHtmlCacheBehavior [ RunTime:0.002714s ]
INFO: [ app_begin ] --END-- [ RunTime:0.003105s ]
SQL: SHOW COLUMNS FROM `p_cate` [ RunTime:0.0047s ]
SQL: SELECT * FROM `p_cate` ORDER BY sort ASC  [ RunTime:0.0005s ]
INFO: [ view_parse ] --START--
INFO: [ template_filter ] --START--
INFO: Run Behavior\ContentReplaceBehavior [ RunTime:0.000068s ]
INFO: [ template_filter ] --END-- [ RunTime:0.000162s ]
INFO: Run Behavior\ParseTemplateBehavior [ RunTime:0.021144s ]
INFO: [ view_parse ] --END-- [ RunTime:0.021274s ]
INFO: [ view_filter ] --START--
INFO: Run Behavior\WriteHtmlCacheBehavior [ RunTime:0.000460s ]
INFO: [ view_filter ] --END-- [ RunTime:0.000534s ]
INFO: [ app_end ] --START--
INFO: Run Behavior\ShowPageTraceBehavior [ RunTime:0.000924s ]
INFO: [ app_end ] --END-- [ RunTime:0.001040s ]

[ 2016-03-29T18:05:06+08:00 ] ::1 /Hit/index.php/Admin/Blog/index.html
INFO: [ app_init ] --START--
INFO: Run Behavior\BuildLiteBehavior [ RunTime:0.000028s ]
INFO: [ app_init ] --END-- [ RunTime:0.000445s ]
INFO: [ app_begin ] --START--
INFO: Run Behavior\ReadHtmlCacheBehavior [ RunTime:0.000624s ]
INFO: [ app_begin ] --END-- [ RunTime:0.000753s ]
SQL: SHOW COLUMNS FROM `p_blog` [ RunTime:0.0040s ]
SQL: SELECT `id`,`title`,`blogpic`,`content`,`time`,`click`,`cid`,`userid`,`saycount`,`username`,`good`,`bad` FROM `p_blog` WHERE `del` = 0  [ RunTime:0.0014s ]
SQL: SHOW COLUMNS FROM `p_attr` [ RunTime:0.0033s ]
NOTIC: [8] Undefined index: mapping_order D:\wamp\www\Hit\ThinkPHP\Library\Think\Model\RelationModel.class.php 第 186 行.
NOTIC: [8] Undefined index: mapping_limit D:\wamp\www\Hit\ThinkPHP\Library\Think\Model\RelationModel.class.php 第 187 行.
SQL: SELECT b.* FROM p_blog_attr AS a, p_attr AS b WHERE a.aid = b.id AND a. bid='1' [ RunTime:0.0003s ]
SQL: SHOW COLUMNS FROM `p_cate` [ RunTime:0.0046s ]
SQL: SELECT `name` FROM `p_cate` WHERE ( 1=1 AND id='23' ) LIMIT 1   [ RunTime:0.0003s ]
NOTIC: [8] Undefined index: mapping_order D:\wamp\www\Hit\ThinkPHP\Library\Think\Model\RelationModel.class.php 第 186 行.
NOTIC: [8] Undefined index: mapping_limit D:\wamp\www\Hit\ThinkPHP\Library\Think\Model\RelationModel.class.php 第 187 行.
SQL: SELECT b.* FROM p_blog_attr AS a, p_attr AS b WHERE a.aid = b.id AND a. bid='2' [ RunTime:0.0003s ]
SQL: SELECT `name` FROM `p_cate` WHERE ( 1=1 AND id='23' ) LIMIT 1   [ RunTime:0.0002s ]
NOTIC: [8] Undefined index: mapping_order D:\wamp\www\Hit\ThinkPHP\Library\Think\Model\RelationModel.class.php 第 186 行.
NOTIC: [8] Undefined index: mapping_limit D:\wamp\www\Hit\ThinkPHP\Library\Think\Model\RelationModel.class.php 第 187 行.
SQL: SELECT b.* FROM p_blog_attr AS a, p_attr AS b WHERE a.aid = b.id AND a. bid='4' [ RunTime:0.0002s ]
SQL: SELECT `name` FROM `p_cate` WHERE ( 1=1 AND id='24' ) LIMIT 1   [ RunTime:0.0002s ]
NOTIC: [8] Undefined index: mapping_order D:\wamp\www\Hit\ThinkPHP\Library\Think\Model\RelationModel.class.php 第 186 行.
NOTIC: [8] Undefined index: mapping_limit D:\wamp\www\Hit\ThinkPHP\Library\Think\Model\RelationModel.class.php 第 187 行.
SQL: SELECT b.* FROM p_blog_attr AS a, p_attr AS b WHERE a.aid = b.id AND a. bid='5' [ RunTime:0.0002s ]
SQL: SELECT `name` FROM `p_cate` WHERE ( 1=1 AND id='26' ) LIMIT 1   [ RunTime:0.0002s ]
NOTIC: [8] Undefined index: mapping_order D:\wamp\www\Hit\ThinkPHP\Library\Think\Model\RelationModel.class.php 第 186 行.
NOTIC: [8] Undefined index: mapping_limit D:\wamp\www\Hit\ThinkPHP\Library\Think\Model\RelationModel.class.php 第 187 行.
SQL: SELECT b.* FROM p_blog_attr AS a, p_attr AS b WHERE a.aid = b.id AND a. bid='6' [ RunTime:0.0003s ]
SQL: SELECT `name` FROM `p_cate` WHERE ( 1=1 AND id='28' ) LIMIT 1   [ RunTime:0.0005s ]
SQL: SELECT `id`,`title`,`blogpic`,`content`,`time`,`click`,`cid`,`userid`,`saycount`,`username`,`good`,`bad` FROM `p_blog` WHERE `del` = 0  [ RunTime:0.0013s ]
NOTIC: [8] Undefined index: mapping_order D:\wamp\www\Hit\ThinkPHP\Library\Think\Model\RelationModel.class.php 第 186 行.
NOTIC: [8] Undefined index: mapping_limit D:\wamp\www\Hit\ThinkPHP\Library\Think\Model\RelationModel.class.php 第 187 行.
SQL: SELECT b.* FROM p_blog_attr AS a, p_attr AS b WHERE a.aid = b.id AND a. bid='1' [ RunTime:0.0003s ]
SQL: SELECT `name` FROM `p_cate` WHERE ( 1=1 AND id='23' ) LIMIT 1   [ RunTime:0.0002s ]
NOTIC: [8] Undefined index: mapping_order D:\wamp\www\Hit\ThinkPHP\Library\Think\Model\RelationModel.class.php 第 186 行.
NOTIC: [8] Undefined index: mapping_limit D:\wamp\www\Hit\ThinkPHP\Library\Think\Model\RelationModel.class.php 第 187 行.
SQL: SELECT b.* FROM p_blog_attr AS a, p_attr AS b WHERE a.aid = b.id AND a. bid='2' [ RunTime:0.0003s ]
SQL: SELECT `name` FROM `p_cate` WHERE ( 1=1 AND id='23' ) LIMIT 1   [ RunTime:0.0002s ]
NOTIC: [8] Undefined index: mapping_order D:\wamp\www\Hit\ThinkPHP\Library\Think\Model\RelationModel.class.php 第 186 行.
NOTIC: [8] Undefined index: mapping_limit D:\wamp\www\Hit\ThinkPHP\Library\Think\Model\RelationModel.class.php 第 187 行.
SQL: SELECT b.* FROM p_blog_attr AS a, p_attr AS b WHERE a.aid = b.id AND a. bid='4' [ RunTime:0.0003s ]
SQL: SELECT `name` FROM `p_cate` WHERE ( 1=1 AND id='24' ) LIMIT 1   [ RunTime:0.0002s ]
NOTIC: [8] Undefined index: mapping_order D:\wamp\www\Hit\ThinkPHP\Library\Think\Model\RelationModel.class.php 第 186 行.
NOTIC: [8] Undefined index: mapping_limit D:\wamp\www\Hit\ThinkPHP\Library\Think\Model\RelationModel.class.php 第 187 行.
SQL: SELECT b.* FROM p_blog_attr AS a, p_attr AS b WHERE a.aid = b.id AND a. bid='5' [ RunTime:0.0003s ]
SQL: SELECT `name` FROM `p_cate` WHERE ( 1=1 AND id='26' ) LIMIT 1   [ RunTime:0.0002s ]
NOTIC: [8] Undefined index: mapping_order D:\wamp\www\Hit\ThinkPHP\Library\Think\Model\RelationModel.class.php 第 186 行.
NOTIC: [8] Undefined index: mapping_limit D:\wamp\www\Hit\ThinkPHP\Library\Think\Model\RelationModel.class.php 第 187 行.
SQL: SELECT b.* FROM p_blog_attr AS a, p_attr AS b WHERE a.aid = b.id AND a. bid='6' [ RunTime:0.0002s ]
SQL: SELECT `name` FROM `p_cate` WHERE ( 1=1 AND id='28' ) LIMIT 1   [ RunTime:0.0002s ]
INFO: [ view_parse ] --START--
INFO: [ template_filter ] --START--
INFO: Run Behavior\ContentReplaceBehavior [ RunTime:0.000068s ]
INFO: [ template_filter ] --END-- [ RunTime:0.000163s ]
NOTIC: [8] Undefined variable: count D:\wamp\www\Hit\Application\Runtime\Cache\Admin\89e99d0d2b381951e18954c1486fc18f.php 第 77 行.
NOTIC: [8] Undefined variable: page D:\wamp\www\Hit\Application\Runtime\Cache\Admin\89e99d0d2b381951e18954c1486fc18f.php 第 77 行.
INFO: Run Behavior\ParseTemplateBehavior [ RunTime:0.027380s ]
INFO: [ view_parse ] --END-- [ RunTime:0.027472s ]
INFO: [ view_filter ] --START--
INFO: Run Behavior\WriteHtmlCacheBehavior [ RunTime:0.000392s ]
INFO: [ view_filter ] --END-- [ RunTime:0.000465s ]
INFO: [ app_end ] --START--
INFO: Run Behavior\ShowPageTraceBehavior [ RunTime:0.000646s ]
INFO: [ app_end ] --END-- [ RunTime:0.000722s ]

[ 2016-03-29T18:05:07+08:00 ] ::1 /Hit/index.php/Admin/Exper/index.html
INFO: [ app_init ] --START--
INFO: Run Behavior\BuildLiteBehavior [ RunTime:0.000027s ]
INFO: [ app_init ] --END-- [ RunTime:0.000435s ]
INFO: [ app_begin ] --START--
INFO: Run Behavior\ReadHtmlCacheBehavior [ RunTime:0.000519s ]
INFO: [ app_begin ] --END-- [ RunTime:0.000611s ]
SQL: SHOW COLUMNS FROM `p_exper` [ RunTime:0.0055s ]
SQL: SELECT * FROM `p_exper` WHERE `del` = 0  [ RunTime:0.0007s ]
INFO: [ view_parse ] --START--
INFO: [ template_filter ] --START--
INFO: Run Behavior\ContentReplaceBehavior [ RunTime:0.000072s ]
INFO: [ template_filter ] --END-- [ RunTime:0.000186s ]
INFO: Run Behavior\ParseTemplateBehavior [ RunTime:0.023359s ]
INFO: [ view_parse ] --END-- [ RunTime:0.023504s ]
INFO: [ view_filter ] --START--
INFO: Run Behavior\WriteHtmlCacheBehavior [ RunTime:0.000417s ]
INFO: [ view_filter ] --END-- [ RunTime:0.000491s ]
INFO: [ app_end ] --START--
INFO: Run Behavior\ShowPageTraceBehavior [ RunTime:0.000591s ]
INFO: [ app_end ] --END-- [ RunTime:0.000669s ]

[ 2016-03-29T18:05:07+08:00 ] ::1 /Hit/index.php/Admin/Blog/trach.html
INFO: [ app_init ] --START--
INFO: Run Behavior\BuildLiteBehavior [ RunTime:0.000034s ]
INFO: [ app_init ] --END-- [ RunTime:0.000434s ]
INFO: [ app_begin ] --START--
INFO: Run Behavior\ReadHtmlCacheBehavior [ RunTime:0.001130s ]
INFO: [ app_begin ] --END-- [ RunTime:0.001297s ]
SQL: SHOW COLUMNS FROM `p_blog` [ RunTime:0.0048s ]
SQL: SELECT `id`,`title`,`blogpic`,`content`,`time`,`click`,`cid`,`userid`,`saycount`,`username`,`good`,`bad` FROM `p_blog` WHERE `del` = 1  [ RunTime:0.0005s ]
SQL: SHOW COLUMNS FROM `p_attr` [ RunTime:0.0044s ]
NOTIC: [8] Undefined index: mapping_order D:\wamp\www\Hit\ThinkPHP\Library\Think\Model\RelationModel.class.php 第 186 行.
NOTIC: [8] Undefined index: mapping_limit D:\wamp\www\Hit\ThinkPHP\Library\Think\Model\RelationModel.class.php 第 187 行.
SQL: SELECT b.* FROM p_blog_attr AS a, p_attr AS b WHERE a.aid = b.id AND a. bid='3' [ RunTime:0.0003s ]
SQL: SHOW COLUMNS FROM `p_cate` [ RunTime:0.0034s ]
SQL: SELECT `name` FROM `p_cate` WHERE ( 1=1 AND id='34' ) LIMIT 1   [ RunTime:0.0002s ]
INFO: [ view_parse ] --START--
INFO: [ template_filter ] --START--
INFO: Run Behavior\ContentReplaceBehavior [ RunTime:0.000066s ]
INFO: [ template_filter ] --END-- [ RunTime:0.000154s ]
NOTIC: [8] Undefined variable: count D:\wamp\www\Hit\Application\Runtime\Cache\Admin\89e99d0d2b381951e18954c1486fc18f.php 第 77 行.
NOTIC: [8] Undefined variable: page D:\wamp\www\Hit\Application\Runtime\Cache\Admin\89e99d0d2b381951e18954c1486fc18f.php 第 77 行.
INFO: Run Behavior\ParseTemplateBehavior [ RunTime:0.013452s ]
INFO: [ view_parse ] --END-- [ RunTime:0.013552s ]
INFO: [ view_filter ] --START--
INFO: Run Behavior\WriteHtmlCacheBehavior [ RunTime:0.000376s ]
INFO: [ view_filter ] --END-- [ RunTime:0.000458s ]
INFO: [ app_end ] --START--
INFO: Run Behavior\ShowPageTraceBehavior [ RunTime:0.000612s ]
INFO: [ app_end ] --END-- [ RunTime:0.000688s ]

[ 2016-03-29T18:05:08+08:00 ] ::1 /Hit/index.php/Admin/Blog/index.html
INFO: [ app_init ] --START--
INFO: Run Behavior\BuildLiteBehavior [ RunTime:0.000062s ]
INFO: [ app_init ] --END-- [ RunTime:0.000893s ]
INFO: [ app_begin ] --START--
INFO: Run Behavior\ReadHtmlCacheBehavior [ RunTime:0.001108s ]
INFO: [ app_begin ] --END-- [ RunTime:0.001352s ]
SQL: SHOW COLUMNS FROM `p_blog` [ RunTime:0.0051s ]
SQL: SELECT `id`,`title`,`blogpic`,`content`,`time`,`click`,`cid`,`userid`,`saycount`,`username`,`good`,`bad` FROM `p_blog` WHERE `del` = 0  [ RunTime:0.0014s ]
SQL: SHOW COLUMNS FROM `p_attr` [ RunTime:0.0037s ]
NOTIC: [8] Undefined index: mapping_order D:\wamp\www\Hit\ThinkPHP\Library\Think\Model\RelationModel.class.php 第 186 行.
NOTIC: [8] Undefined index: mapping_limit D:\wamp\www\Hit\ThinkPHP\Library\Think\Model\RelationModel.class.php 第 187 行.
SQL: SELECT b.* FROM p_blog_attr AS a, p_attr AS b WHERE a.aid = b.id AND a. bid='1' [ RunTime:0.0003s ]
SQL: SHOW COLUMNS FROM `p_cate` [ RunTime:0.0039s ]
SQL: SELECT `name` FROM `p_cate` WHERE ( 1=1 AND id='23' ) LIMIT 1   [ RunTime:0.0002s ]
NOTIC: [8] Undefined index: mapping_order D:\wamp\www\Hit\ThinkPHP\Library\Think\Model\RelationModel.class.php 第 186 行.
NOTIC: [8] Undefined index: mapping_limit D:\wamp\www\Hit\ThinkPHP\Library\Think\Model\RelationModel.class.php 第 187 行.
SQL: SELECT b.* FROM p_blog_attr AS a, p_attr AS b WHERE a.aid = b.id AND a. bid='2' [ RunTime:0.0002s ]
SQL: SELECT `name` FROM `p_cate` WHERE ( 1=1 AND id='23' ) LIMIT 1   [ RunTime:0.0001s ]
NOTIC: [8] Undefined index: mapping_order D:\wamp\www\Hit\ThinkPHP\Library\Think\Model\RelationModel.class.php 第 186 行.
NOTIC: [8] Undefined index: mapping_limit D:\wamp\www\Hit\ThinkPHP\Library\Think\Model\RelationModel.class.php 第 187 行.
SQL: SELECT b.* FROM p_blog_attr AS a, p_attr AS b WHERE a.aid = b.id AND a. bid='4' [ RunTime:0.0002s ]
SQL: SELECT `name` FROM `p_cate` WHERE ( 1=1 AND id='24' ) LIMIT 1   [ RunTime:0.0001s ]
NOTIC: [8] Undefined index: mapping_order D:\wamp\www\Hit\ThinkPHP\Library\Think\Model\RelationModel.class.php 第 186 行.
NOTIC: [8] Undefined index: mapping_limit D:\wamp\www\Hit\ThinkPHP\Library\Think\Model\RelationModel.class.php 第 187 行.
SQL: SELECT b.* FROM p_blog_attr AS a, p_attr AS b WHERE a.aid = b.id AND a. bid='5' [ RunTime:0.0001s ]
SQL: SELECT `name` FROM `p_cate` WHERE ( 1=1 AND id='26' ) LIMIT 1   [ RunTime:0.0001s ]
NOTIC: [8] Undefined index: mapping_order D:\wamp\www\Hit\ThinkPHP\Library\Think\Model\RelationModel.class.php 第 186 行.
NOTIC: [8] Undefined index: mapping_limit D:\wamp\www\Hit\ThinkPHP\Library\Think\Model\RelationModel.class.php 第 187 行.
SQL: SELECT b.* FROM p_blog_attr AS a, p_attr AS b WHERE a.aid = b.id AND a. bid='6' [ RunTime:0.0001s ]
SQL: SELECT `name` FROM `p_cate` WHERE ( 1=1 AND id='28' ) LIMIT 1   [ RunTime:0.0002s ]
SQL: SELECT `id`,`title`,`blogpic`,`content`,`time`,`click`,`cid`,`userid`,`saycount`,`username`,`good`,`bad` FROM `p_blog` WHERE `del` = 0  [ RunTime:0.0007s ]
NOTIC: [8] Undefined index: mapping_order D:\wamp\www\Hit\ThinkPHP\Library\Think\Model\RelationModel.class.php 第 186 行.
NOTIC: [8] Undefined index: mapping_limit D:\wamp\www\Hit\ThinkPHP\Library\Think\Model\RelationModel.class.php 第 187 行.
SQL: SELECT b.* FROM p_blog_attr AS a, p_attr AS b WHERE a.aid = b.id AND a. bid='1' [ RunTime:0.0012s ]
SQL: SELECT `name` FROM `p_cate` WHERE ( 1=1 AND id='23' ) LIMIT 1   [ RunTime:0.0002s ]
NOTIC: [8] Undefined index: mapping_order D:\wamp\www\Hit\ThinkPHP\Library\Think\Model\RelationModel.class.php 第 186 行.
NOTIC: [8] Undefined index: mapping_limit D:\wamp\www\Hit\ThinkPHP\Library\Think\Model\RelationModel.class.php 第 187 行.
SQL: SELECT b.* FROM p_blog_attr AS a, p_attr AS b WHERE a.aid = b.id AND a. bid='2' [ RunTime:0.0002s ]
SQL: SELECT `name` FROM `p_cate` WHERE ( 1=1 AND id='23' ) LIMIT 1   [ RunTime:0.0002s ]
NOTIC: [8] Undefined index: mapping_order D:\wamp\www\Hit\ThinkPHP\Library\Think\Model\RelationModel.class.php 第 186 行.
NOTIC: [8] Undefined index: mapping_limit D:\wamp\www\Hit\ThinkPHP\Library\Think\Model\RelationModel.class.php 第 187 行.
SQL: SELECT b.* FROM p_blog_attr AS a, p_attr AS b WHERE a.aid = b.id AND a. bid='4' [ RunTime:0.0002s ]
SQL: SELECT `name` FROM `p_cate` WHERE ( 1=1 AND id='24' ) LIMIT 1   [ RunTime:0.0001s ]
NOTIC: [8] Undefined index: mapping_order D:\wamp\www\Hit\ThinkPHP\Library\Think\Model\RelationModel.class.php 第 186 行.
NOTIC: [8] Undefined index: mapping_limit D:\wamp\www\Hit\ThinkPHP\Library\Think\Model\RelationModel.class.php 第 187 行.
SQL: SELECT b.* FROM p_blog_attr AS a, p_attr AS b WHERE a.aid = b.id AND a. bid='5' [ RunTime:0.0002s ]
SQL: SELECT `name` FROM `p_cate` WHERE ( 1=1 AND id='26' ) LIMIT 1   [ RunTime:0.0001s ]
NOTIC: [8] Undefined index: mapping_order D:\wamp\www\Hit\ThinkPHP\Library\Think\Model\RelationModel.class.php 第 186 行.
NOTIC: [8] Undefined index: mapping_limit D:\wamp\www\Hit\ThinkPHP\Library\Think\Model\RelationModel.class.php 第 187 行.
SQL: SELECT b.* FROM p_blog_attr AS a, p_attr AS b WHERE a.aid = b.id AND a. bid='6' [ RunTime:0.0001s ]
SQL: SELECT `name` FROM `p_cate` WHERE ( 1=1 AND id='28' ) LIMIT 1   [ RunTime:0.0001s ]
INFO: [ view_parse ] --START--
INFO: [ template_filter ] --START--
INFO: Run Behavior\ContentReplaceBehavior [ RunTime:0.000073s ]
INFO: [ template_filter ] --END-- [ RunTime:0.000168s ]
NOTIC: [8] Undefined variable: count D:\wamp\www\Hit\Application\Runtime\Cache\Admin\89e99d0d2b381951e18954c1486fc18f.php 第 77 行.
NOTIC: [8] Undefined variable: page D:\wamp\www\Hit\Application\Runtime\Cache\Admin\89e99d0d2b381951e18954c1486fc18f.php 第 77 行.
INFO: Run Behavior\ParseTemplateBehavior [ RunTime:0.012397s ]
INFO: [ view_parse ] --END-- [ RunTime:0.012513s ]
INFO: [ view_filter ] --START--
INFO: Run Behavior\WriteHtmlCacheBehavior [ RunTime:0.000582s ]
INFO: [ view_filter ] --END-- [ RunTime:0.000687s ]
INFO: [ app_end ] --START--
INFO: Run Behavior\ShowPageTraceBehavior [ RunTime:0.000684s ]
INFO: [ app_end ] --END-- [ RunTime:0.000771s ]

[ 2016-03-29T18:07:53+08:00 ] ::1 /Hit/index.php/Admin/User/logout
INFO: [ app_init ] --START--
INFO: Run Behavior\BuildLiteBehavior [ RunTime:0.000022s ]
INFO: [ app_init ] --END-- [ RunTime:0.000403s ]
INFO: [ app_begin ] --START--
INFO: Run Behavior\ReadHtmlCacheBehavior [ RunTime:0.000709s ]
INFO: [ app_begin ] --END-- [ RunTime:0.000800s ]
INFO: [ view_parse ] --START--
INFO: [ template_filter ] --START--
INFO: Run Behavior\ContentReplaceBehavior [ RunTime:0.000067s ]
INFO: [ template_filter ] --END-- [ RunTime:0.000192s ]
INFO: Run Behavior\ParseTemplateBehavior [ RunTime:0.007086s ]
INFO: [ view_parse ] --END-- [ RunTime:0.007198s ]
INFO: [ view_filter ] --START--
INFO: Run Behavior\WriteHtmlCacheBehavior [ RunTime:0.000457s ]
INFO: [ view_filter ] --END-- [ RunTime:0.000530s ]
INFO: [ app_end ] --START--
INFO: Run Behavior\ShowPageTraceBehavior [ RunTime:0.000685s ]
INFO: [ app_end ] --END-- [ RunTime:0.000762s ]

